[2025-05-06T23:34:59.139-0400] {processor.py:161} INFO - Started process (PID=91792) to work on /Users/asritabobba/Desktop/Mlops-project/MLOPs-Project/airflow310/lib/python3.10/site-packages/airflow/example_dags/plugins/event_listener.py
[2025-05-06T23:34:59.140-0400] {processor.py:830} INFO - Processing file /Users/asritabobba/Desktop/Mlops-project/MLOPs-Project/airflow310/lib/python3.10/site-packages/airflow/example_dags/plugins/event_listener.py for tasks to queue
[2025-05-06T23:34:59.140-0400] {logging_mixin.py:188} INFO - [2025-05-06T23:34:59.140-0400] {dagbag.py:538} INFO - Filling up the DagBag from /Users/asritabobba/Desktop/Mlops-project/MLOPs-Project/airflow310/lib/python3.10/site-packages/airflow/example_dags/plugins/event_listener.py
[2025-05-06T23:34:59.140-0400] {processor.py:842} WARNING - No viable dags retrieved from /Users/asritabobba/Desktop/Mlops-project/MLOPs-Project/airflow310/lib/python3.10/site-packages/airflow/example_dags/plugins/event_listener.py
[2025-05-06T23:34:59.184-0400] {processor.py:183} INFO - Processing /Users/asritabobba/Desktop/Mlops-project/MLOPs-Project/airflow310/lib/python3.10/site-packages/airflow/example_dags/plugins/event_listener.py took 0.045 seconds
[2025-05-06T23:36:24.000-0400] {processor.py:161} INFO - Started process (PID=91876) to work on /Users/asritabobba/Desktop/Mlops-project/MLOPs-Project/airflow310/lib/python3.10/site-packages/airflow/example_dags/plugins/event_listener.py
[2025-05-06T23:36:24.001-0400] {processor.py:830} INFO - Processing file /Users/asritabobba/Desktop/Mlops-project/MLOPs-Project/airflow310/lib/python3.10/site-packages/airflow/example_dags/plugins/event_listener.py for tasks to queue
[2025-05-06T23:36:24.001-0400] {logging_mixin.py:188} INFO - [2025-05-06T23:36:24.001-0400] {dagbag.py:538} INFO - Filling up the DagBag from /Users/asritabobba/Desktop/Mlops-project/MLOPs-Project/airflow310/lib/python3.10/site-packages/airflow/example_dags/plugins/event_listener.py
[2025-05-06T23:36:24.002-0400] {processor.py:842} WARNING - No viable dags retrieved from /Users/asritabobba/Desktop/Mlops-project/MLOPs-Project/airflow310/lib/python3.10/site-packages/airflow/example_dags/plugins/event_listener.py
[2025-05-06T23:36:24.045-0400] {processor.py:183} INFO - Processing /Users/asritabobba/Desktop/Mlops-project/MLOPs-Project/airflow310/lib/python3.10/site-packages/airflow/example_dags/plugins/event_listener.py took 0.045 seconds
[2025-05-06T23:37:16.794-0400] {processor.py:161} INFO - Started process (PID=91935) to work on /Users/asritabobba/Desktop/Mlops-project/MLOPs-Project/airflow310/lib/python3.10/site-packages/airflow/example_dags/plugins/event_listener.py
[2025-05-06T23:37:16.794-0400] {processor.py:830} INFO - Processing file /Users/asritabobba/Desktop/Mlops-project/MLOPs-Project/airflow310/lib/python3.10/site-packages/airflow/example_dags/plugins/event_listener.py for tasks to queue
[2025-05-06T23:37:16.795-0400] {logging_mixin.py:188} INFO - [2025-05-06T23:37:16.795-0400] {dagbag.py:538} INFO - Filling up the DagBag from /Users/asritabobba/Desktop/Mlops-project/MLOPs-Project/airflow310/lib/python3.10/site-packages/airflow/example_dags/plugins/event_listener.py
[2025-05-06T23:37:16.795-0400] {processor.py:842} WARNING - No viable dags retrieved from /Users/asritabobba/Desktop/Mlops-project/MLOPs-Project/airflow310/lib/python3.10/site-packages/airflow/example_dags/plugins/event_listener.py
[2025-05-06T23:37:16.839-0400] {processor.py:183} INFO - Processing /Users/asritabobba/Desktop/Mlops-project/MLOPs-Project/airflow310/lib/python3.10/site-packages/airflow/example_dags/plugins/event_listener.py took 0.045 seconds
[2025-05-06T23:38:03.907-0400] {processor.py:161} INFO - Started process (PID=91984) to work on /Users/asritabobba/Desktop/Mlops-project/MLOPs-Project/airflow310/lib/python3.10/site-packages/airflow/example_dags/plugins/event_listener.py
[2025-05-06T23:38:03.908-0400] {processor.py:830} INFO - Processing file /Users/asritabobba/Desktop/Mlops-project/MLOPs-Project/airflow310/lib/python3.10/site-packages/airflow/example_dags/plugins/event_listener.py for tasks to queue
[2025-05-06T23:38:03.908-0400] {logging_mixin.py:188} INFO - [2025-05-06T23:38:03.908-0400] {dagbag.py:538} INFO - Filling up the DagBag from /Users/asritabobba/Desktop/Mlops-project/MLOPs-Project/airflow310/lib/python3.10/site-packages/airflow/example_dags/plugins/event_listener.py
[2025-05-06T23:38:03.908-0400] {processor.py:842} WARNING - No viable dags retrieved from /Users/asritabobba/Desktop/Mlops-project/MLOPs-Project/airflow310/lib/python3.10/site-packages/airflow/example_dags/plugins/event_listener.py
[2025-05-06T23:38:03.954-0400] {processor.py:183} INFO - Processing /Users/asritabobba/Desktop/Mlops-project/MLOPs-Project/airflow310/lib/python3.10/site-packages/airflow/example_dags/plugins/event_listener.py took 0.047 seconds
[2025-05-06T23:38:53.059-0400] {processor.py:161} INFO - Started process (PID=92020) to work on /Users/asritabobba/Desktop/Mlops-project/MLOPs-Project/airflow310/lib/python3.10/site-packages/airflow/example_dags/plugins/event_listener.py
[2025-05-06T23:38:53.060-0400] {processor.py:830} INFO - Processing file /Users/asritabobba/Desktop/Mlops-project/MLOPs-Project/airflow310/lib/python3.10/site-packages/airflow/example_dags/plugins/event_listener.py for tasks to queue
[2025-05-06T23:38:53.060-0400] {logging_mixin.py:188} INFO - [2025-05-06T23:38:53.060-0400] {dagbag.py:538} INFO - Filling up the DagBag from /Users/asritabobba/Desktop/Mlops-project/MLOPs-Project/airflow310/lib/python3.10/site-packages/airflow/example_dags/plugins/event_listener.py
[2025-05-06T23:38:53.061-0400] {processor.py:842} WARNING - No viable dags retrieved from /Users/asritabobba/Desktop/Mlops-project/MLOPs-Project/airflow310/lib/python3.10/site-packages/airflow/example_dags/plugins/event_listener.py
[2025-05-06T23:38:53.106-0400] {processor.py:183} INFO - Processing /Users/asritabobba/Desktop/Mlops-project/MLOPs-Project/airflow310/lib/python3.10/site-packages/airflow/example_dags/plugins/event_listener.py took 0.047 seconds
[2025-05-06T23:39:40.942-0400] {processor.py:161} INFO - Started process (PID=92057) to work on /Users/asritabobba/Desktop/Mlops-project/MLOPs-Project/airflow310/lib/python3.10/site-packages/airflow/example_dags/plugins/event_listener.py
[2025-05-06T23:39:40.943-0400] {processor.py:830} INFO - Processing file /Users/asritabobba/Desktop/Mlops-project/MLOPs-Project/airflow310/lib/python3.10/site-packages/airflow/example_dags/plugins/event_listener.py for tasks to queue
[2025-05-06T23:39:40.943-0400] {logging_mixin.py:188} INFO - [2025-05-06T23:39:40.943-0400] {dagbag.py:538} INFO - Filling up the DagBag from /Users/asritabobba/Desktop/Mlops-project/MLOPs-Project/airflow310/lib/python3.10/site-packages/airflow/example_dags/plugins/event_listener.py
[2025-05-06T23:39:40.943-0400] {processor.py:842} WARNING - No viable dags retrieved from /Users/asritabobba/Desktop/Mlops-project/MLOPs-Project/airflow310/lib/python3.10/site-packages/airflow/example_dags/plugins/event_listener.py
[2025-05-06T23:39:40.986-0400] {processor.py:183} INFO - Processing /Users/asritabobba/Desktop/Mlops-project/MLOPs-Project/airflow310/lib/python3.10/site-packages/airflow/example_dags/plugins/event_listener.py took 0.044 seconds
[2025-05-06T23:40:26.827-0400] {processor.py:161} INFO - Started process (PID=92102) to work on /Users/asritabobba/Desktop/Mlops-project/MLOPs-Project/airflow310/lib/python3.10/site-packages/airflow/example_dags/plugins/event_listener.py
[2025-05-06T23:40:26.828-0400] {processor.py:830} INFO - Processing file /Users/asritabobba/Desktop/Mlops-project/MLOPs-Project/airflow310/lib/python3.10/site-packages/airflow/example_dags/plugins/event_listener.py for tasks to queue
[2025-05-06T23:40:26.828-0400] {logging_mixin.py:188} INFO - [2025-05-06T23:40:26.828-0400] {dagbag.py:538} INFO - Filling up the DagBag from /Users/asritabobba/Desktop/Mlops-project/MLOPs-Project/airflow310/lib/python3.10/site-packages/airflow/example_dags/plugins/event_listener.py
[2025-05-06T23:40:26.829-0400] {processor.py:842} WARNING - No viable dags retrieved from /Users/asritabobba/Desktop/Mlops-project/MLOPs-Project/airflow310/lib/python3.10/site-packages/airflow/example_dags/plugins/event_listener.py
[2025-05-06T23:40:26.872-0400] {processor.py:183} INFO - Processing /Users/asritabobba/Desktop/Mlops-project/MLOPs-Project/airflow310/lib/python3.10/site-packages/airflow/example_dags/plugins/event_listener.py took 0.045 seconds
[2025-05-06T23:41:15.289-0400] {processor.py:161} INFO - Started process (PID=92214) to work on /Users/asritabobba/Desktop/Mlops-project/MLOPs-Project/airflow310/lib/python3.10/site-packages/airflow/example_dags/plugins/event_listener.py
[2025-05-06T23:41:15.290-0400] {processor.py:830} INFO - Processing file /Users/asritabobba/Desktop/Mlops-project/MLOPs-Project/airflow310/lib/python3.10/site-packages/airflow/example_dags/plugins/event_listener.py for tasks to queue
[2025-05-06T23:41:15.291-0400] {logging_mixin.py:188} INFO - [2025-05-06T23:41:15.290-0400] {dagbag.py:538} INFO - Filling up the DagBag from /Users/asritabobba/Desktop/Mlops-project/MLOPs-Project/airflow310/lib/python3.10/site-packages/airflow/example_dags/plugins/event_listener.py
[2025-05-06T23:41:15.291-0400] {processor.py:842} WARNING - No viable dags retrieved from /Users/asritabobba/Desktop/Mlops-project/MLOPs-Project/airflow310/lib/python3.10/site-packages/airflow/example_dags/plugins/event_listener.py
[2025-05-06T23:41:15.335-0400] {processor.py:183} INFO - Processing /Users/asritabobba/Desktop/Mlops-project/MLOPs-Project/airflow310/lib/python3.10/site-packages/airflow/example_dags/plugins/event_listener.py took 0.046 seconds
[2025-05-06T23:42:08.418-0400] {processor.py:161} INFO - Started process (PID=92254) to work on /Users/asritabobba/Desktop/Mlops-project/MLOPs-Project/airflow310/lib/python3.10/site-packages/airflow/example_dags/plugins/event_listener.py
[2025-05-06T23:42:08.419-0400] {processor.py:830} INFO - Processing file /Users/asritabobba/Desktop/Mlops-project/MLOPs-Project/airflow310/lib/python3.10/site-packages/airflow/example_dags/plugins/event_listener.py for tasks to queue
[2025-05-06T23:42:08.419-0400] {logging_mixin.py:188} INFO - [2025-05-06T23:42:08.419-0400] {dagbag.py:538} INFO - Filling up the DagBag from /Users/asritabobba/Desktop/Mlops-project/MLOPs-Project/airflow310/lib/python3.10/site-packages/airflow/example_dags/plugins/event_listener.py
[2025-05-06T23:42:08.419-0400] {processor.py:842} WARNING - No viable dags retrieved from /Users/asritabobba/Desktop/Mlops-project/MLOPs-Project/airflow310/lib/python3.10/site-packages/airflow/example_dags/plugins/event_listener.py
[2025-05-06T23:42:08.468-0400] {processor.py:183} INFO - Processing /Users/asritabobba/Desktop/Mlops-project/MLOPs-Project/airflow310/lib/python3.10/site-packages/airflow/example_dags/plugins/event_listener.py took 0.050 seconds
