[2025-05-06T23:34:57.482-0400] {processor.py:161} INFO - Started process (PID=91791) to work on /Users/asritabobba/Desktop/Mlops-project/MLOPs-Project/airflow310/lib/python3.10/site-packages/airflow/example_dags/plugins/listener_plugin.py
[2025-05-06T23:34:57.483-0400] {processor.py:830} INFO - Processing file /Users/asritabobba/Desktop/Mlops-project/MLOPs-Project/airflow310/lib/python3.10/site-packages/airflow/example_dags/plugins/listener_plugin.py for tasks to queue
[2025-05-06T23:34:57.483-0400] {logging_mixin.py:188} INFO - [2025-05-06T23:34:57.483-0400] {dagbag.py:538} INFO - Filling up the DagBag from /Users/asritabobba/Desktop/Mlops-project/MLOPs-Project/airflow310/lib/python3.10/site-packages/airflow/example_dags/plugins/listener_plugin.py
[2025-05-06T23:34:57.483-0400] {processor.py:842} WARNING - No viable dags retrieved from /Users/asritabobba/Desktop/Mlops-project/MLOPs-Project/airflow310/lib/python3.10/site-packages/airflow/example_dags/plugins/listener_plugin.py
[2025-05-06T23:34:57.527-0400] {processor.py:183} INFO - Processing /Users/asritabobba/Desktop/Mlops-project/MLOPs-Project/airflow310/lib/python3.10/site-packages/airflow/example_dags/plugins/listener_plugin.py took 0.045 seconds
[2025-05-06T23:36:22.330-0400] {processor.py:161} INFO - Started process (PID=91874) to work on /Users/asritabobba/Desktop/Mlops-project/MLOPs-Project/airflow310/lib/python3.10/site-packages/airflow/example_dags/plugins/listener_plugin.py
[2025-05-06T23:36:22.330-0400] {processor.py:830} INFO - Processing file /Users/asritabobba/Desktop/Mlops-project/MLOPs-Project/airflow310/lib/python3.10/site-packages/airflow/example_dags/plugins/listener_plugin.py for tasks to queue
[2025-05-06T23:36:22.331-0400] {logging_mixin.py:188} INFO - [2025-05-06T23:36:22.330-0400] {dagbag.py:538} INFO - Filling up the DagBag from /Users/asritabobba/Desktop/Mlops-project/MLOPs-Project/airflow310/lib/python3.10/site-packages/airflow/example_dags/plugins/listener_plugin.py
[2025-05-06T23:36:22.331-0400] {processor.py:842} WARNING - No viable dags retrieved from /Users/asritabobba/Desktop/Mlops-project/MLOPs-Project/airflow310/lib/python3.10/site-packages/airflow/example_dags/plugins/listener_plugin.py
[2025-05-06T23:36:22.375-0400] {processor.py:183} INFO - Processing /Users/asritabobba/Desktop/Mlops-project/MLOPs-Project/airflow310/lib/python3.10/site-packages/airflow/example_dags/plugins/listener_plugin.py took 0.046 seconds
[2025-05-06T23:37:15.147-0400] {processor.py:161} INFO - Started process (PID=91934) to work on /Users/asritabobba/Desktop/Mlops-project/MLOPs-Project/airflow310/lib/python3.10/site-packages/airflow/example_dags/plugins/listener_plugin.py
[2025-05-06T23:37:15.148-0400] {processor.py:830} INFO - Processing file /Users/asritabobba/Desktop/Mlops-project/MLOPs-Project/airflow310/lib/python3.10/site-packages/airflow/example_dags/plugins/listener_plugin.py for tasks to queue
[2025-05-06T23:37:15.148-0400] {logging_mixin.py:188} INFO - [2025-05-06T23:37:15.148-0400] {dagbag.py:538} INFO - Filling up the DagBag from /Users/asritabobba/Desktop/Mlops-project/MLOPs-Project/airflow310/lib/python3.10/site-packages/airflow/example_dags/plugins/listener_plugin.py
[2025-05-06T23:37:15.149-0400] {processor.py:842} WARNING - No viable dags retrieved from /Users/asritabobba/Desktop/Mlops-project/MLOPs-Project/airflow310/lib/python3.10/site-packages/airflow/example_dags/plugins/listener_plugin.py
[2025-05-06T23:37:15.192-0400] {processor.py:183} INFO - Processing /Users/asritabobba/Desktop/Mlops-project/MLOPs-Project/airflow310/lib/python3.10/site-packages/airflow/example_dags/plugins/listener_plugin.py took 0.045 seconds
[2025-05-06T23:38:02.258-0400] {processor.py:161} INFO - Started process (PID=91981) to work on /Users/asritabobba/Desktop/Mlops-project/MLOPs-Project/airflow310/lib/python3.10/site-packages/airflow/example_dags/plugins/listener_plugin.py
[2025-05-06T23:38:02.261-0400] {processor.py:830} INFO - Processing file /Users/asritabobba/Desktop/Mlops-project/MLOPs-Project/airflow310/lib/python3.10/site-packages/airflow/example_dags/plugins/listener_plugin.py for tasks to queue
[2025-05-06T23:38:02.261-0400] {logging_mixin.py:188} INFO - [2025-05-06T23:38:02.261-0400] {dagbag.py:538} INFO - Filling up the DagBag from /Users/asritabobba/Desktop/Mlops-project/MLOPs-Project/airflow310/lib/python3.10/site-packages/airflow/example_dags/plugins/listener_plugin.py
[2025-05-06T23:38:02.262-0400] {processor.py:842} WARNING - No viable dags retrieved from /Users/asritabobba/Desktop/Mlops-project/MLOPs-Project/airflow310/lib/python3.10/site-packages/airflow/example_dags/plugins/listener_plugin.py
[2025-05-06T23:38:02.306-0400] {processor.py:183} INFO - Processing /Users/asritabobba/Desktop/Mlops-project/MLOPs-Project/airflow310/lib/python3.10/site-packages/airflow/example_dags/plugins/listener_plugin.py took 0.048 seconds
[2025-05-06T23:38:51.403-0400] {processor.py:161} INFO - Started process (PID=92019) to work on /Users/asritabobba/Desktop/Mlops-project/MLOPs-Project/airflow310/lib/python3.10/site-packages/airflow/example_dags/plugins/listener_plugin.py
[2025-05-06T23:38:51.404-0400] {processor.py:830} INFO - Processing file /Users/asritabobba/Desktop/Mlops-project/MLOPs-Project/airflow310/lib/python3.10/site-packages/airflow/example_dags/plugins/listener_plugin.py for tasks to queue
[2025-05-06T23:38:51.404-0400] {logging_mixin.py:188} INFO - [2025-05-06T23:38:51.404-0400] {dagbag.py:538} INFO - Filling up the DagBag from /Users/asritabobba/Desktop/Mlops-project/MLOPs-Project/airflow310/lib/python3.10/site-packages/airflow/example_dags/plugins/listener_plugin.py
[2025-05-06T23:38:51.406-0400] {processor.py:842} WARNING - No viable dags retrieved from /Users/asritabobba/Desktop/Mlops-project/MLOPs-Project/airflow310/lib/python3.10/site-packages/airflow/example_dags/plugins/listener_plugin.py
[2025-05-06T23:38:51.450-0400] {processor.py:183} INFO - Processing /Users/asritabobba/Desktop/Mlops-project/MLOPs-Project/airflow310/lib/python3.10/site-packages/airflow/example_dags/plugins/listener_plugin.py took 0.047 seconds
[2025-05-06T23:39:39.263-0400] {processor.py:161} INFO - Started process (PID=92055) to work on /Users/asritabobba/Desktop/Mlops-project/MLOPs-Project/airflow310/lib/python3.10/site-packages/airflow/example_dags/plugins/listener_plugin.py
[2025-05-06T23:39:39.266-0400] {processor.py:830} INFO - Processing file /Users/asritabobba/Desktop/Mlops-project/MLOPs-Project/airflow310/lib/python3.10/site-packages/airflow/example_dags/plugins/listener_plugin.py for tasks to queue
[2025-05-06T23:39:39.266-0400] {logging_mixin.py:188} INFO - [2025-05-06T23:39:39.266-0400] {dagbag.py:538} INFO - Filling up the DagBag from /Users/asritabobba/Desktop/Mlops-project/MLOPs-Project/airflow310/lib/python3.10/site-packages/airflow/example_dags/plugins/listener_plugin.py
[2025-05-06T23:39:39.267-0400] {processor.py:842} WARNING - No viable dags retrieved from /Users/asritabobba/Desktop/Mlops-project/MLOPs-Project/airflow310/lib/python3.10/site-packages/airflow/example_dags/plugins/listener_plugin.py
[2025-05-06T23:39:39.311-0400] {processor.py:183} INFO - Processing /Users/asritabobba/Desktop/Mlops-project/MLOPs-Project/airflow310/lib/python3.10/site-packages/airflow/example_dags/plugins/listener_plugin.py took 0.048 seconds
[2025-05-06T23:40:25.138-0400] {processor.py:161} INFO - Started process (PID=92100) to work on /Users/asritabobba/Desktop/Mlops-project/MLOPs-Project/airflow310/lib/python3.10/site-packages/airflow/example_dags/plugins/listener_plugin.py
[2025-05-06T23:40:25.139-0400] {processor.py:830} INFO - Processing file /Users/asritabobba/Desktop/Mlops-project/MLOPs-Project/airflow310/lib/python3.10/site-packages/airflow/example_dags/plugins/listener_plugin.py for tasks to queue
[2025-05-06T23:40:25.140-0400] {logging_mixin.py:188} INFO - [2025-05-06T23:40:25.139-0400] {dagbag.py:538} INFO - Filling up the DagBag from /Users/asritabobba/Desktop/Mlops-project/MLOPs-Project/airflow310/lib/python3.10/site-packages/airflow/example_dags/plugins/listener_plugin.py
[2025-05-06T23:40:25.140-0400] {processor.py:842} WARNING - No viable dags retrieved from /Users/asritabobba/Desktop/Mlops-project/MLOPs-Project/airflow310/lib/python3.10/site-packages/airflow/example_dags/plugins/listener_plugin.py
[2025-05-06T23:40:25.185-0400] {processor.py:183} INFO - Processing /Users/asritabobba/Desktop/Mlops-project/MLOPs-Project/airflow310/lib/python3.10/site-packages/airflow/example_dags/plugins/listener_plugin.py took 0.047 seconds
[2025-05-06T23:41:13.627-0400] {processor.py:161} INFO - Started process (PID=92211) to work on /Users/asritabobba/Desktop/Mlops-project/MLOPs-Project/airflow310/lib/python3.10/site-packages/airflow/example_dags/plugins/listener_plugin.py
[2025-05-06T23:41:13.628-0400] {processor.py:830} INFO - Processing file /Users/asritabobba/Desktop/Mlops-project/MLOPs-Project/airflow310/lib/python3.10/site-packages/airflow/example_dags/plugins/listener_plugin.py for tasks to queue
[2025-05-06T23:41:13.628-0400] {logging_mixin.py:188} INFO - [2025-05-06T23:41:13.628-0400] {dagbag.py:538} INFO - Filling up the DagBag from /Users/asritabobba/Desktop/Mlops-project/MLOPs-Project/airflow310/lib/python3.10/site-packages/airflow/example_dags/plugins/listener_plugin.py
[2025-05-06T23:41:13.629-0400] {processor.py:842} WARNING - No viable dags retrieved from /Users/asritabobba/Desktop/Mlops-project/MLOPs-Project/airflow310/lib/python3.10/site-packages/airflow/example_dags/plugins/listener_plugin.py
[2025-05-06T23:41:13.675-0400] {processor.py:183} INFO - Processing /Users/asritabobba/Desktop/Mlops-project/MLOPs-Project/airflow310/lib/python3.10/site-packages/airflow/example_dags/plugins/listener_plugin.py took 0.049 seconds
[2025-05-06T23:42:06.741-0400] {processor.py:161} INFO - Started process (PID=92253) to work on /Users/asritabobba/Desktop/Mlops-project/MLOPs-Project/airflow310/lib/python3.10/site-packages/airflow/example_dags/plugins/listener_plugin.py
[2025-05-06T23:42:06.742-0400] {processor.py:830} INFO - Processing file /Users/asritabobba/Desktop/Mlops-project/MLOPs-Project/airflow310/lib/python3.10/site-packages/airflow/example_dags/plugins/listener_plugin.py for tasks to queue
[2025-05-06T23:42:06.742-0400] {logging_mixin.py:188} INFO - [2025-05-06T23:42:06.742-0400] {dagbag.py:538} INFO - Filling up the DagBag from /Users/asritabobba/Desktop/Mlops-project/MLOPs-Project/airflow310/lib/python3.10/site-packages/airflow/example_dags/plugins/listener_plugin.py
[2025-05-06T23:42:06.743-0400] {processor.py:842} WARNING - No viable dags retrieved from /Users/asritabobba/Desktop/Mlops-project/MLOPs-Project/airflow310/lib/python3.10/site-packages/airflow/example_dags/plugins/listener_plugin.py
[2025-05-06T23:42:06.788-0400] {processor.py:183} INFO - Processing /Users/asritabobba/Desktop/Mlops-project/MLOPs-Project/airflow310/lib/python3.10/site-packages/airflow/example_dags/plugins/listener_plugin.py took 0.047 seconds
