[2025-05-06T23:34:55.693-0400] {processor.py:161} INFO - Started process (PID=91790) to work on /Users/asritabobba/Desktop/Mlops-project/MLOPs-Project/airflow310/lib/python3.10/site-packages/airflow/example_dags/plugins/workday.py
[2025-05-06T23:34:55.693-0400] {processor.py:830} INFO - Processing file /Users/asritabobba/Desktop/Mlops-project/MLOPs-Project/airflow310/lib/python3.10/site-packages/airflow/example_dags/plugins/workday.py for tasks to queue
[2025-05-06T23:34:55.693-0400] {logging_mixin.py:188} INFO - [2025-05-06T23:34:55.693-0400] {dagbag.py:538} INFO - Filling up the DagBag from /Users/asritabobba/Desktop/Mlops-project/MLOPs-Project/airflow310/lib/python3.10/site-packages/airflow/example_dags/plugins/workday.py
[2025-05-06T23:34:55.822-0400] {processor.py:842} WARNING - No viable dags retrieved from /Users/asritabobba/Desktop/Mlops-project/MLOPs-Project/airflow310/lib/python3.10/site-packages/airflow/example_dags/plugins/workday.py
[2025-05-06T23:34:55.847-0400] {processor.py:183} INFO - Processing /Users/asritabobba/Desktop/Mlops-project/MLOPs-Project/airflow310/lib/python3.10/site-packages/airflow/example_dags/plugins/workday.py took 0.155 seconds
[2025-05-06T23:36:20.822-0400] {processor.py:161} INFO - Started process (PID=91873) to work on /Users/asritabobba/Desktop/Mlops-project/MLOPs-Project/airflow310/lib/python3.10/site-packages/airflow/example_dags/plugins/workday.py
[2025-05-06T23:36:20.823-0400] {processor.py:830} INFO - Processing file /Users/asritabobba/Desktop/Mlops-project/MLOPs-Project/airflow310/lib/python3.10/site-packages/airflow/example_dags/plugins/workday.py for tasks to queue
[2025-05-06T23:36:20.823-0400] {logging_mixin.py:188} INFO - [2025-05-06T23:36:20.823-0400] {dagbag.py:538} INFO - Filling up the DagBag from /Users/asritabobba/Desktop/Mlops-project/MLOPs-Project/airflow310/lib/python3.10/site-packages/airflow/example_dags/plugins/workday.py
[2025-05-06T23:36:20.954-0400] {processor.py:842} WARNING - No viable dags retrieved from /Users/asritabobba/Desktop/Mlops-project/MLOPs-Project/airflow310/lib/python3.10/site-packages/airflow/example_dags/plugins/workday.py
[2025-05-06T23:36:20.979-0400] {processor.py:183} INFO - Processing /Users/asritabobba/Desktop/Mlops-project/MLOPs-Project/airflow310/lib/python3.10/site-packages/airflow/example_dags/plugins/workday.py took 0.157 seconds
[2025-05-06T23:37:13.376-0400] {processor.py:161} INFO - Started process (PID=91931) to work on /Users/asritabobba/Desktop/Mlops-project/MLOPs-Project/airflow310/lib/python3.10/site-packages/airflow/example_dags/plugins/workday.py
[2025-05-06T23:37:13.376-0400] {processor.py:830} INFO - Processing file /Users/asritabobba/Desktop/Mlops-project/MLOPs-Project/airflow310/lib/python3.10/site-packages/airflow/example_dags/plugins/workday.py for tasks to queue
[2025-05-06T23:37:13.376-0400] {logging_mixin.py:188} INFO - [2025-05-06T23:37:13.376-0400] {dagbag.py:538} INFO - Filling up the DagBag from /Users/asritabobba/Desktop/Mlops-project/MLOPs-Project/airflow310/lib/python3.10/site-packages/airflow/example_dags/plugins/workday.py
[2025-05-06T23:37:13.502-0400] {processor.py:842} WARNING - No viable dags retrieved from /Users/asritabobba/Desktop/Mlops-project/MLOPs-Project/airflow310/lib/python3.10/site-packages/airflow/example_dags/plugins/workday.py
[2025-05-06T23:37:13.528-0400] {processor.py:183} INFO - Processing /Users/asritabobba/Desktop/Mlops-project/MLOPs-Project/airflow310/lib/python3.10/site-packages/airflow/example_dags/plugins/workday.py took 0.152 seconds
[2025-05-06T23:38:00.480-0400] {processor.py:161} INFO - Started process (PID=91980) to work on /Users/asritabobba/Desktop/Mlops-project/MLOPs-Project/airflow310/lib/python3.10/site-packages/airflow/example_dags/plugins/workday.py
[2025-05-06T23:38:00.481-0400] {processor.py:830} INFO - Processing file /Users/asritabobba/Desktop/Mlops-project/MLOPs-Project/airflow310/lib/python3.10/site-packages/airflow/example_dags/plugins/workday.py for tasks to queue
[2025-05-06T23:38:00.482-0400] {logging_mixin.py:188} INFO - [2025-05-06T23:38:00.482-0400] {dagbag.py:538} INFO - Filling up the DagBag from /Users/asritabobba/Desktop/Mlops-project/MLOPs-Project/airflow310/lib/python3.10/site-packages/airflow/example_dags/plugins/workday.py
[2025-05-06T23:38:00.616-0400] {processor.py:842} WARNING - No viable dags retrieved from /Users/asritabobba/Desktop/Mlops-project/MLOPs-Project/airflow310/lib/python3.10/site-packages/airflow/example_dags/plugins/workday.py
[2025-05-06T23:38:00.640-0400] {processor.py:183} INFO - Processing /Users/asritabobba/Desktop/Mlops-project/MLOPs-Project/airflow310/lib/python3.10/site-packages/airflow/example_dags/plugins/workday.py took 0.160 seconds
[2025-05-06T23:38:49.841-0400] {processor.py:161} INFO - Started process (PID=92018) to work on /Users/asritabobba/Desktop/Mlops-project/MLOPs-Project/airflow310/lib/python3.10/site-packages/airflow/example_dags/plugins/workday.py
[2025-05-06T23:38:49.842-0400] {processor.py:830} INFO - Processing file /Users/asritabobba/Desktop/Mlops-project/MLOPs-Project/airflow310/lib/python3.10/site-packages/airflow/example_dags/plugins/workday.py for tasks to queue
[2025-05-06T23:38:49.842-0400] {logging_mixin.py:188} INFO - [2025-05-06T23:38:49.842-0400] {dagbag.py:538} INFO - Filling up the DagBag from /Users/asritabobba/Desktop/Mlops-project/MLOPs-Project/airflow310/lib/python3.10/site-packages/airflow/example_dags/plugins/workday.py
[2025-05-06T23:38:50.010-0400] {processor.py:842} WARNING - No viable dags retrieved from /Users/asritabobba/Desktop/Mlops-project/MLOPs-Project/airflow310/lib/python3.10/site-packages/airflow/example_dags/plugins/workday.py
[2025-05-06T23:38:50.038-0400] {processor.py:183} INFO - Processing /Users/asritabobba/Desktop/Mlops-project/MLOPs-Project/airflow310/lib/python3.10/site-packages/airflow/example_dags/plugins/workday.py took 0.198 seconds
[2025-05-06T23:39:37.492-0400] {processor.py:161} INFO - Started process (PID=92054) to work on /Users/asritabobba/Desktop/Mlops-project/MLOPs-Project/airflow310/lib/python3.10/site-packages/airflow/example_dags/plugins/workday.py
[2025-05-06T23:39:37.493-0400] {processor.py:830} INFO - Processing file /Users/asritabobba/Desktop/Mlops-project/MLOPs-Project/airflow310/lib/python3.10/site-packages/airflow/example_dags/plugins/workday.py for tasks to queue
[2025-05-06T23:39:37.493-0400] {logging_mixin.py:188} INFO - [2025-05-06T23:39:37.493-0400] {dagbag.py:538} INFO - Filling up the DagBag from /Users/asritabobba/Desktop/Mlops-project/MLOPs-Project/airflow310/lib/python3.10/site-packages/airflow/example_dags/plugins/workday.py
[2025-05-06T23:39:37.624-0400] {processor.py:842} WARNING - No viable dags retrieved from /Users/asritabobba/Desktop/Mlops-project/MLOPs-Project/airflow310/lib/python3.10/site-packages/airflow/example_dags/plugins/workday.py
[2025-05-06T23:39:37.649-0400] {processor.py:183} INFO - Processing /Users/asritabobba/Desktop/Mlops-project/MLOPs-Project/airflow310/lib/python3.10/site-packages/airflow/example_dags/plugins/workday.py took 0.157 seconds
[2025-05-06T23:40:23.330-0400] {processor.py:161} INFO - Started process (PID=92099) to work on /Users/asritabobba/Desktop/Mlops-project/MLOPs-Project/airflow310/lib/python3.10/site-packages/airflow/example_dags/plugins/workday.py
[2025-05-06T23:40:23.330-0400] {processor.py:830} INFO - Processing file /Users/asritabobba/Desktop/Mlops-project/MLOPs-Project/airflow310/lib/python3.10/site-packages/airflow/example_dags/plugins/workday.py for tasks to queue
[2025-05-06T23:40:23.331-0400] {logging_mixin.py:188} INFO - [2025-05-06T23:40:23.330-0400] {dagbag.py:538} INFO - Filling up the DagBag from /Users/asritabobba/Desktop/Mlops-project/MLOPs-Project/airflow310/lib/python3.10/site-packages/airflow/example_dags/plugins/workday.py
[2025-05-06T23:40:23.458-0400] {processor.py:842} WARNING - No viable dags retrieved from /Users/asritabobba/Desktop/Mlops-project/MLOPs-Project/airflow310/lib/python3.10/site-packages/airflow/example_dags/plugins/workday.py
[2025-05-06T23:40:23.484-0400] {processor.py:183} INFO - Processing /Users/asritabobba/Desktop/Mlops-project/MLOPs-Project/airflow310/lib/python3.10/site-packages/airflow/example_dags/plugins/workday.py took 0.154 seconds
[2025-05-06T23:41:11.813-0400] {processor.py:161} INFO - Started process (PID=92210) to work on /Users/asritabobba/Desktop/Mlops-project/MLOPs-Project/airflow310/lib/python3.10/site-packages/airflow/example_dags/plugins/workday.py
[2025-05-06T23:41:11.814-0400] {processor.py:830} INFO - Processing file /Users/asritabobba/Desktop/Mlops-project/MLOPs-Project/airflow310/lib/python3.10/site-packages/airflow/example_dags/plugins/workday.py for tasks to queue
[2025-05-06T23:41:11.815-0400] {logging_mixin.py:188} INFO - [2025-05-06T23:41:11.815-0400] {dagbag.py:538} INFO - Filling up the DagBag from /Users/asritabobba/Desktop/Mlops-project/MLOPs-Project/airflow310/lib/python3.10/site-packages/airflow/example_dags/plugins/workday.py
[2025-05-06T23:41:11.950-0400] {processor.py:842} WARNING - No viable dags retrieved from /Users/asritabobba/Desktop/Mlops-project/MLOPs-Project/airflow310/lib/python3.10/site-packages/airflow/example_dags/plugins/workday.py
[2025-05-06T23:41:11.975-0400] {processor.py:183} INFO - Processing /Users/asritabobba/Desktop/Mlops-project/MLOPs-Project/airflow310/lib/python3.10/site-packages/airflow/example_dags/plugins/workday.py took 0.162 seconds
[2025-05-06T23:42:04.897-0400] {processor.py:161} INFO - Started process (PID=92252) to work on /Users/asritabobba/Desktop/Mlops-project/MLOPs-Project/airflow310/lib/python3.10/site-packages/airflow/example_dags/plugins/workday.py
[2025-05-06T23:42:04.897-0400] {processor.py:830} INFO - Processing file /Users/asritabobba/Desktop/Mlops-project/MLOPs-Project/airflow310/lib/python3.10/site-packages/airflow/example_dags/plugins/workday.py for tasks to queue
[2025-05-06T23:42:04.898-0400] {logging_mixin.py:188} INFO - [2025-05-06T23:42:04.898-0400] {dagbag.py:538} INFO - Filling up the DagBag from /Users/asritabobba/Desktop/Mlops-project/MLOPs-Project/airflow310/lib/python3.10/site-packages/airflow/example_dags/plugins/workday.py
[2025-05-06T23:42:05.025-0400] {processor.py:842} WARNING - No viable dags retrieved from /Users/asritabobba/Desktop/Mlops-project/MLOPs-Project/airflow310/lib/python3.10/site-packages/airflow/example_dags/plugins/workday.py
[2025-05-06T23:42:05.051-0400] {processor.py:183} INFO - Processing /Users/asritabobba/Desktop/Mlops-project/MLOPs-Project/airflow310/lib/python3.10/site-packages/airflow/example_dags/plugins/workday.py took 0.154 seconds
