[2025-05-06T23:35:30.460-0400] {processor.py:161} INFO - Started process (PID=91816) to work on /Users/asritabobba/Desktop/Mlops-project/MLOPs-Project/airflow310/lib/python3.10/site-packages/airflow/example_dags/example_setup_teardown_taskflow.py
[2025-05-06T23:35:30.460-0400] {processor.py:830} INFO - Processing file /Users/asritabobba/Desktop/Mlops-project/MLOPs-Project/airflow310/lib/python3.10/site-packages/airflow/example_dags/example_setup_teardown_taskflow.py for tasks to queue
[2025-05-06T23:35:30.460-0400] {logging_mixin.py:188} INFO - [2025-05-06T23:35:30.460-0400] {dagbag.py:538} INFO - Filling up the DagBag from /Users/asritabobba/Desktop/Mlops-project/MLOPs-Project/airflow310/lib/python3.10/site-packages/airflow/example_dags/example_setup_teardown_taskflow.py
[2025-05-06T23:35:30.490-0400] {processor.py:840} INFO - DAG(s) 'example_setup_teardown_taskflow' retrieved from /Users/asritabobba/Desktop/Mlops-project/MLOPs-Project/airflow310/lib/python3.10/site-packages/airflow/example_dags/example_setup_teardown_taskflow.py
[2025-05-06T23:35:30.544-0400] {logging_mixin.py:188} INFO - [2025-05-06T23:35:30.544-0400] {dag.py:3036} INFO - Sync 1 DAGs
[2025-05-06T23:35:30.549-0400] {logging_mixin.py:188} INFO - [2025-05-06T23:35:30.549-0400] {dag.py:3823} INFO - Setting next_dagrun for example_setup_teardown_taskflow to 2025-05-06 00:00:00+00:00, run_after=2025-05-07 00:00:00+00:00
[2025-05-06T23:35:30.554-0400] {processor.py:183} INFO - Processing /Users/asritabobba/Desktop/Mlops-project/MLOPs-Project/airflow310/lib/python3.10/site-packages/airflow/example_dags/example_setup_teardown_taskflow.py took 0.095 seconds
[2025-05-06T23:36:53.085-0400] {processor.py:161} INFO - Started process (PID=91909) to work on /Users/asritabobba/Desktop/Mlops-project/MLOPs-Project/airflow310/lib/python3.10/site-packages/airflow/example_dags/example_setup_teardown_taskflow.py
[2025-05-06T23:36:53.086-0400] {processor.py:830} INFO - Processing file /Users/asritabobba/Desktop/Mlops-project/MLOPs-Project/airflow310/lib/python3.10/site-packages/airflow/example_dags/example_setup_teardown_taskflow.py for tasks to queue
[2025-05-06T23:36:53.086-0400] {logging_mixin.py:188} INFO - [2025-05-06T23:36:53.086-0400] {dagbag.py:538} INFO - Filling up the DagBag from /Users/asritabobba/Desktop/Mlops-project/MLOPs-Project/airflow310/lib/python3.10/site-packages/airflow/example_dags/example_setup_teardown_taskflow.py
[2025-05-06T23:36:53.115-0400] {processor.py:840} INFO - DAG(s) 'example_setup_teardown_taskflow' retrieved from /Users/asritabobba/Desktop/Mlops-project/MLOPs-Project/airflow310/lib/python3.10/site-packages/airflow/example_dags/example_setup_teardown_taskflow.py
[2025-05-06T23:36:53.145-0400] {logging_mixin.py:188} INFO - [2025-05-06T23:36:53.145-0400] {dag.py:3036} INFO - Sync 1 DAGs
[2025-05-06T23:36:53.150-0400] {logging_mixin.py:188} INFO - [2025-05-06T23:36:53.150-0400] {dag.py:3823} INFO - Setting next_dagrun for example_setup_teardown_taskflow to 2025-05-06 00:00:00+00:00, run_after=2025-05-07 00:00:00+00:00
[2025-05-06T23:36:53.156-0400] {processor.py:183} INFO - Processing /Users/asritabobba/Desktop/Mlops-project/MLOPs-Project/airflow310/lib/python3.10/site-packages/airflow/example_dags/example_setup_teardown_taskflow.py took 0.071 seconds
[2025-05-06T23:38:29.312-0400] {processor.py:161} INFO - Started process (PID=92005) to work on /Users/asritabobba/Desktop/Mlops-project/MLOPs-Project/airflow310/lib/python3.10/site-packages/airflow/example_dags/example_setup_teardown_taskflow.py
[2025-05-06T23:38:29.313-0400] {processor.py:830} INFO - Processing file /Users/asritabobba/Desktop/Mlops-project/MLOPs-Project/airflow310/lib/python3.10/site-packages/airflow/example_dags/example_setup_teardown_taskflow.py for tasks to queue
[2025-05-06T23:38:29.313-0400] {logging_mixin.py:188} INFO - [2025-05-06T23:38:29.313-0400] {dagbag.py:538} INFO - Filling up the DagBag from /Users/asritabobba/Desktop/Mlops-project/MLOPs-Project/airflow310/lib/python3.10/site-packages/airflow/example_dags/example_setup_teardown_taskflow.py
[2025-05-06T23:38:29.342-0400] {processor.py:840} INFO - DAG(s) 'example_setup_teardown_taskflow' retrieved from /Users/asritabobba/Desktop/Mlops-project/MLOPs-Project/airflow310/lib/python3.10/site-packages/airflow/example_dags/example_setup_teardown_taskflow.py
[2025-05-06T23:38:29.372-0400] {logging_mixin.py:188} INFO - [2025-05-06T23:38:29.372-0400] {dag.py:3036} INFO - Sync 1 DAGs
[2025-05-06T23:38:29.377-0400] {logging_mixin.py:188} INFO - [2025-05-06T23:38:29.377-0400] {dag.py:3823} INFO - Setting next_dagrun for example_setup_teardown_taskflow to 2025-05-06 00:00:00+00:00, run_after=2025-05-07 00:00:00+00:00
[2025-05-06T23:38:29.382-0400] {processor.py:183} INFO - Processing /Users/asritabobba/Desktop/Mlops-project/MLOPs-Project/airflow310/lib/python3.10/site-packages/airflow/example_dags/example_setup_teardown_taskflow.py took 0.071 seconds
[2025-05-06T23:40:05.011-0400] {processor.py:161} INFO - Started process (PID=92086) to work on /Users/asritabobba/Desktop/Mlops-project/MLOPs-Project/airflow310/lib/python3.10/site-packages/airflow/example_dags/example_setup_teardown_taskflow.py
[2025-05-06T23:40:05.011-0400] {processor.py:830} INFO - Processing file /Users/asritabobba/Desktop/Mlops-project/MLOPs-Project/airflow310/lib/python3.10/site-packages/airflow/example_dags/example_setup_teardown_taskflow.py for tasks to queue
[2025-05-06T23:40:05.012-0400] {logging_mixin.py:188} INFO - [2025-05-06T23:40:05.012-0400] {dagbag.py:538} INFO - Filling up the DagBag from /Users/asritabobba/Desktop/Mlops-project/MLOPs-Project/airflow310/lib/python3.10/site-packages/airflow/example_dags/example_setup_teardown_taskflow.py
[2025-05-06T23:40:05.041-0400] {processor.py:840} INFO - DAG(s) 'example_setup_teardown_taskflow' retrieved from /Users/asritabobba/Desktop/Mlops-project/MLOPs-Project/airflow310/lib/python3.10/site-packages/airflow/example_dags/example_setup_teardown_taskflow.py
[2025-05-06T23:40:05.071-0400] {logging_mixin.py:188} INFO - [2025-05-06T23:40:05.071-0400] {dag.py:3036} INFO - Sync 1 DAGs
[2025-05-06T23:40:05.076-0400] {logging_mixin.py:188} INFO - [2025-05-06T23:40:05.076-0400] {dag.py:3823} INFO - Setting next_dagrun for example_setup_teardown_taskflow to 2025-05-06 00:00:00+00:00, run_after=2025-05-07 00:00:00+00:00
[2025-05-06T23:40:05.082-0400] {processor.py:183} INFO - Processing /Users/asritabobba/Desktop/Mlops-project/MLOPs-Project/airflow310/lib/python3.10/site-packages/airflow/example_dags/example_setup_teardown_taskflow.py took 0.071 seconds
[2025-05-06T23:41:44.245-0400] {processor.py:161} INFO - Started process (PID=92239) to work on /Users/asritabobba/Desktop/Mlops-project/MLOPs-Project/airflow310/lib/python3.10/site-packages/airflow/example_dags/example_setup_teardown_taskflow.py
[2025-05-06T23:41:44.245-0400] {processor.py:830} INFO - Processing file /Users/asritabobba/Desktop/Mlops-project/MLOPs-Project/airflow310/lib/python3.10/site-packages/airflow/example_dags/example_setup_teardown_taskflow.py for tasks to queue
[2025-05-06T23:41:44.245-0400] {logging_mixin.py:188} INFO - [2025-05-06T23:41:44.245-0400] {dagbag.py:538} INFO - Filling up the DagBag from /Users/asritabobba/Desktop/Mlops-project/MLOPs-Project/airflow310/lib/python3.10/site-packages/airflow/example_dags/example_setup_teardown_taskflow.py
[2025-05-06T23:41:44.276-0400] {processor.py:840} INFO - DAG(s) 'example_setup_teardown_taskflow' retrieved from /Users/asritabobba/Desktop/Mlops-project/MLOPs-Project/airflow310/lib/python3.10/site-packages/airflow/example_dags/example_setup_teardown_taskflow.py
[2025-05-06T23:41:44.306-0400] {logging_mixin.py:188} INFO - [2025-05-06T23:41:44.306-0400] {dag.py:3036} INFO - Sync 1 DAGs
[2025-05-06T23:41:44.311-0400] {logging_mixin.py:188} INFO - [2025-05-06T23:41:44.311-0400] {dag.py:3823} INFO - Setting next_dagrun for example_setup_teardown_taskflow to 2025-05-06 00:00:00+00:00, run_after=2025-05-07 00:00:00+00:00
[2025-05-06T23:41:44.316-0400] {processor.py:183} INFO - Processing /Users/asritabobba/Desktop/Mlops-project/MLOPs-Project/airflow310/lib/python3.10/site-packages/airflow/example_dags/example_setup_teardown_taskflow.py took 0.072 seconds
