[2025-05-06T23:35:21.865-0400] {processor.py:161} INFO - Started process (PID=91806) to work on /Users/asritabobba/Desktop/Mlops-project/MLOPs-Project/airflow310/lib/python3.10/site-packages/airflow/example_dags/example_subdag_operator.py
[2025-05-06T23:35:21.866-0400] {processor.py:830} INFO - Processing file /Users/asritabobba/Desktop/Mlops-project/MLOPs-Project/airflow310/lib/python3.10/site-packages/airflow/example_dags/example_subdag_operator.py for tasks to queue
[2025-05-06T23:35:21.866-0400] {logging_mixin.py:188} INFO - [2025-05-06T23:35:21.866-0400] {dagbag.py:538} INFO - Filling up the DagBag from /Users/asritabobba/Desktop/Mlops-project/MLOPs-Project/airflow310/lib/python3.10/site-packages/airflow/example_dags/example_subdag_operator.py
[2025-05-06T23:35:21.914-0400] {processor.py:840} INFO - DAG(s) 'example_subdag_operator.section-1', 'example_subdag_operator.section-2', 'example_subdag_operator' retrieved from /Users/asritabobba/Desktop/Mlops-project/MLOPs-Project/airflow310/lib/python3.10/site-packages/airflow/example_dags/example_subdag_operator.py
[2025-05-06T23:35:21.950-0400] {logging_mixin.py:188} INFO - [2025-05-06T23:35:21.950-0400] {dag.py:3036} INFO - Sync 3 DAGs
[2025-05-06T23:35:21.955-0400] {logging_mixin.py:188} INFO - [2025-05-06T23:35:21.955-0400] {dag.py:3823} INFO - Setting next_dagrun for example_subdag_operator to 2022-01-01 00:00:00+00:00, run_after=2022-01-01 00:00:00+00:00
[2025-05-06T23:35:21.956-0400] {logging_mixin.py:188} INFO - [2025-05-06T23:35:21.956-0400] {dag.py:3823} INFO - Setting next_dagrun for example_subdag_operator.section-1 to None, run_after=None
[2025-05-06T23:35:21.956-0400] {logging_mixin.py:188} INFO - [2025-05-06T23:35:21.956-0400] {dag.py:3823} INFO - Setting next_dagrun for example_subdag_operator.section-2 to None, run_after=None
[2025-05-06T23:35:21.959-0400] {logging_mixin.py:188} INFO - [2025-05-06T23:35:21.959-0400] {dag.py:3036} INFO - Sync 2 DAGs
[2025-05-06T23:35:21.960-0400] {logging_mixin.py:188} INFO - [2025-05-06T23:35:21.960-0400] {dag.py:3823} INFO - Setting next_dagrun for example_subdag_operator.section-1 to None, run_after=None
[2025-05-06T23:35:21.960-0400] {logging_mixin.py:188} INFO - [2025-05-06T23:35:21.960-0400] {dag.py:3823} INFO - Setting next_dagrun for example_subdag_operator.section-2 to None, run_after=None
[2025-05-06T23:35:21.964-0400] {processor.py:183} INFO - Processing /Users/asritabobba/Desktop/Mlops-project/MLOPs-Project/airflow310/lib/python3.10/site-packages/airflow/example_dags/example_subdag_operator.py took 0.099 seconds
[2025-05-06T23:36:45.752-0400] {processor.py:161} INFO - Started process (PID=91902) to work on /Users/asritabobba/Desktop/Mlops-project/MLOPs-Project/airflow310/lib/python3.10/site-packages/airflow/example_dags/example_subdag_operator.py
[2025-05-06T23:36:45.753-0400] {processor.py:830} INFO - Processing file /Users/asritabobba/Desktop/Mlops-project/MLOPs-Project/airflow310/lib/python3.10/site-packages/airflow/example_dags/example_subdag_operator.py for tasks to queue
[2025-05-06T23:36:45.753-0400] {logging_mixin.py:188} INFO - [2025-05-06T23:36:45.753-0400] {dagbag.py:538} INFO - Filling up the DagBag from /Users/asritabobba/Desktop/Mlops-project/MLOPs-Project/airflow310/lib/python3.10/site-packages/airflow/example_dags/example_subdag_operator.py
[2025-05-06T23:36:45.799-0400] {processor.py:840} INFO - DAG(s) 'example_subdag_operator.section-1', 'example_subdag_operator.section-2', 'example_subdag_operator' retrieved from /Users/asritabobba/Desktop/Mlops-project/MLOPs-Project/airflow310/lib/python3.10/site-packages/airflow/example_dags/example_subdag_operator.py
[2025-05-06T23:36:45.810-0400] {logging_mixin.py:188} INFO - [2025-05-06T23:36:45.810-0400] {dag.py:3036} INFO - Sync 3 DAGs
[2025-05-06T23:36:45.814-0400] {logging_mixin.py:188} INFO - [2025-05-06T23:36:45.814-0400] {dag.py:3823} INFO - Setting next_dagrun for example_subdag_operator to 2022-01-01 00:00:00+00:00, run_after=2022-01-01 00:00:00+00:00
[2025-05-06T23:36:45.815-0400] {logging_mixin.py:188} INFO - [2025-05-06T23:36:45.815-0400] {dag.py:3823} INFO - Setting next_dagrun for example_subdag_operator.section-1 to None, run_after=None
[2025-05-06T23:36:45.815-0400] {logging_mixin.py:188} INFO - [2025-05-06T23:36:45.815-0400] {dag.py:3823} INFO - Setting next_dagrun for example_subdag_operator.section-2 to None, run_after=None
[2025-05-06T23:36:45.817-0400] {logging_mixin.py:188} INFO - [2025-05-06T23:36:45.817-0400] {dag.py:3036} INFO - Sync 2 DAGs
[2025-05-06T23:36:45.818-0400] {logging_mixin.py:188} INFO - [2025-05-06T23:36:45.818-0400] {dag.py:3823} INFO - Setting next_dagrun for example_subdag_operator.section-1 to None, run_after=None
[2025-05-06T23:36:45.818-0400] {logging_mixin.py:188} INFO - [2025-05-06T23:36:45.818-0400] {dag.py:3823} INFO - Setting next_dagrun for example_subdag_operator.section-2 to None, run_after=None
[2025-05-06T23:36:45.822-0400] {processor.py:183} INFO - Processing /Users/asritabobba/Desktop/Mlops-project/MLOPs-Project/airflow310/lib/python3.10/site-packages/airflow/example_dags/example_subdag_operator.py took 0.070 seconds
[2025-05-06T23:38:20.745-0400] {processor.py:161} INFO - Started process (PID=91999) to work on /Users/asritabobba/Desktop/Mlops-project/MLOPs-Project/airflow310/lib/python3.10/site-packages/airflow/example_dags/example_subdag_operator.py
[2025-05-06T23:38:20.745-0400] {processor.py:830} INFO - Processing file /Users/asritabobba/Desktop/Mlops-project/MLOPs-Project/airflow310/lib/python3.10/site-packages/airflow/example_dags/example_subdag_operator.py for tasks to queue
[2025-05-06T23:38:20.746-0400] {logging_mixin.py:188} INFO - [2025-05-06T23:38:20.746-0400] {dagbag.py:538} INFO - Filling up the DagBag from /Users/asritabobba/Desktop/Mlops-project/MLOPs-Project/airflow310/lib/python3.10/site-packages/airflow/example_dags/example_subdag_operator.py
[2025-05-06T23:38:20.800-0400] {processor.py:840} INFO - DAG(s) 'example_subdag_operator.section-1', 'example_subdag_operator.section-2', 'example_subdag_operator' retrieved from /Users/asritabobba/Desktop/Mlops-project/MLOPs-Project/airflow310/lib/python3.10/site-packages/airflow/example_dags/example_subdag_operator.py
[2025-05-06T23:38:20.811-0400] {logging_mixin.py:188} INFO - [2025-05-06T23:38:20.811-0400] {dag.py:3036} INFO - Sync 3 DAGs
[2025-05-06T23:38:20.816-0400] {logging_mixin.py:188} INFO - [2025-05-06T23:38:20.816-0400] {dag.py:3823} INFO - Setting next_dagrun for example_subdag_operator to 2022-01-01 00:00:00+00:00, run_after=2022-01-01 00:00:00+00:00
[2025-05-06T23:38:20.817-0400] {logging_mixin.py:188} INFO - [2025-05-06T23:38:20.817-0400] {dag.py:3823} INFO - Setting next_dagrun for example_subdag_operator.section-1 to None, run_after=None
[2025-05-06T23:38:20.817-0400] {logging_mixin.py:188} INFO - [2025-05-06T23:38:20.817-0400] {dag.py:3823} INFO - Setting next_dagrun for example_subdag_operator.section-2 to None, run_after=None
[2025-05-06T23:38:20.819-0400] {logging_mixin.py:188} INFO - [2025-05-06T23:38:20.819-0400] {dag.py:3036} INFO - Sync 2 DAGs
[2025-05-06T23:38:20.820-0400] {logging_mixin.py:188} INFO - [2025-05-06T23:38:20.820-0400] {dag.py:3823} INFO - Setting next_dagrun for example_subdag_operator.section-1 to None, run_after=None
[2025-05-06T23:38:20.820-0400] {logging_mixin.py:188} INFO - [2025-05-06T23:38:20.820-0400] {dag.py:3823} INFO - Setting next_dagrun for example_subdag_operator.section-2 to None, run_after=None
[2025-05-06T23:38:20.824-0400] {processor.py:183} INFO - Processing /Users/asritabobba/Desktop/Mlops-project/MLOPs-Project/airflow310/lib/python3.10/site-packages/airflow/example_dags/example_subdag_operator.py took 0.080 seconds
[2025-05-06T23:39:58.146-0400] {processor.py:161} INFO - Started process (PID=92079) to work on /Users/asritabobba/Desktop/Mlops-project/MLOPs-Project/airflow310/lib/python3.10/site-packages/airflow/example_dags/example_subdag_operator.py
[2025-05-06T23:39:58.148-0400] {processor.py:830} INFO - Processing file /Users/asritabobba/Desktop/Mlops-project/MLOPs-Project/airflow310/lib/python3.10/site-packages/airflow/example_dags/example_subdag_operator.py for tasks to queue
[2025-05-06T23:39:58.148-0400] {logging_mixin.py:188} INFO - [2025-05-06T23:39:58.148-0400] {dagbag.py:538} INFO - Filling up the DagBag from /Users/asritabobba/Desktop/Mlops-project/MLOPs-Project/airflow310/lib/python3.10/site-packages/airflow/example_dags/example_subdag_operator.py
[2025-05-06T23:39:58.195-0400] {processor.py:840} INFO - DAG(s) 'example_subdag_operator.section-1', 'example_subdag_operator.section-2', 'example_subdag_operator' retrieved from /Users/asritabobba/Desktop/Mlops-project/MLOPs-Project/airflow310/lib/python3.10/site-packages/airflow/example_dags/example_subdag_operator.py
[2025-05-06T23:39:58.206-0400] {logging_mixin.py:188} INFO - [2025-05-06T23:39:58.206-0400] {dag.py:3036} INFO - Sync 3 DAGs
[2025-05-06T23:39:58.211-0400] {logging_mixin.py:188} INFO - [2025-05-06T23:39:58.211-0400] {dag.py:3823} INFO - Setting next_dagrun for example_subdag_operator to 2022-01-01 00:00:00+00:00, run_after=2022-01-01 00:00:00+00:00
[2025-05-06T23:39:58.212-0400] {logging_mixin.py:188} INFO - [2025-05-06T23:39:58.212-0400] {dag.py:3823} INFO - Setting next_dagrun for example_subdag_operator.section-1 to None, run_after=None
[2025-05-06T23:39:58.212-0400] {logging_mixin.py:188} INFO - [2025-05-06T23:39:58.212-0400] {dag.py:3823} INFO - Setting next_dagrun for example_subdag_operator.section-2 to None, run_after=None
[2025-05-06T23:39:58.214-0400] {logging_mixin.py:188} INFO - [2025-05-06T23:39:58.214-0400] {dag.py:3036} INFO - Sync 2 DAGs
[2025-05-06T23:39:58.215-0400] {logging_mixin.py:188} INFO - [2025-05-06T23:39:58.215-0400] {dag.py:3823} INFO - Setting next_dagrun for example_subdag_operator.section-1 to None, run_after=None
[2025-05-06T23:39:58.215-0400] {logging_mixin.py:188} INFO - [2025-05-06T23:39:58.215-0400] {dag.py:3823} INFO - Setting next_dagrun for example_subdag_operator.section-2 to None, run_after=None
[2025-05-06T23:39:58.219-0400] {processor.py:183} INFO - Processing /Users/asritabobba/Desktop/Mlops-project/MLOPs-Project/airflow310/lib/python3.10/site-packages/airflow/example_dags/example_subdag_operator.py took 0.073 seconds
[2025-05-06T23:41:35.701-0400] {processor.py:161} INFO - Started process (PID=92233) to work on /Users/asritabobba/Desktop/Mlops-project/MLOPs-Project/airflow310/lib/python3.10/site-packages/airflow/example_dags/example_subdag_operator.py
[2025-05-06T23:41:35.702-0400] {processor.py:830} INFO - Processing file /Users/asritabobba/Desktop/Mlops-project/MLOPs-Project/airflow310/lib/python3.10/site-packages/airflow/example_dags/example_subdag_operator.py for tasks to queue
[2025-05-06T23:41:35.702-0400] {logging_mixin.py:188} INFO - [2025-05-06T23:41:35.702-0400] {dagbag.py:538} INFO - Filling up the DagBag from /Users/asritabobba/Desktop/Mlops-project/MLOPs-Project/airflow310/lib/python3.10/site-packages/airflow/example_dags/example_subdag_operator.py
[2025-05-06T23:41:35.749-0400] {processor.py:840} INFO - DAG(s) 'example_subdag_operator.section-1', 'example_subdag_operator.section-2', 'example_subdag_operator' retrieved from /Users/asritabobba/Desktop/Mlops-project/MLOPs-Project/airflow310/lib/python3.10/site-packages/airflow/example_dags/example_subdag_operator.py
[2025-05-06T23:41:35.759-0400] {logging_mixin.py:188} INFO - [2025-05-06T23:41:35.759-0400] {dag.py:3036} INFO - Sync 3 DAGs
[2025-05-06T23:41:35.764-0400] {logging_mixin.py:188} INFO - [2025-05-06T23:41:35.764-0400] {dag.py:3823} INFO - Setting next_dagrun for example_subdag_operator to 2022-01-01 00:00:00+00:00, run_after=2022-01-01 00:00:00+00:00
[2025-05-06T23:41:35.765-0400] {logging_mixin.py:188} INFO - [2025-05-06T23:41:35.765-0400] {dag.py:3823} INFO - Setting next_dagrun for example_subdag_operator.section-1 to None, run_after=None
[2025-05-06T23:41:35.765-0400] {logging_mixin.py:188} INFO - [2025-05-06T23:41:35.765-0400] {dag.py:3823} INFO - Setting next_dagrun for example_subdag_operator.section-2 to None, run_after=None
[2025-05-06T23:41:35.767-0400] {logging_mixin.py:188} INFO - [2025-05-06T23:41:35.766-0400] {dag.py:3036} INFO - Sync 2 DAGs
[2025-05-06T23:41:35.768-0400] {logging_mixin.py:188} INFO - [2025-05-06T23:41:35.767-0400] {dag.py:3823} INFO - Setting next_dagrun for example_subdag_operator.section-1 to None, run_after=None
[2025-05-06T23:41:35.768-0400] {logging_mixin.py:188} INFO - [2025-05-06T23:41:35.768-0400] {dag.py:3823} INFO - Setting next_dagrun for example_subdag_operator.section-2 to None, run_after=None
[2025-05-06T23:41:35.771-0400] {processor.py:183} INFO - Processing /Users/asritabobba/Desktop/Mlops-project/MLOPs-Project/airflow310/lib/python3.10/site-packages/airflow/example_dags/example_subdag_operator.py took 0.070 seconds
