[2025-05-06T23:36:03.185-0400] {processor.py:161} INFO - Started process (PID=91850) to work on /Users/asritabobba/Desktop/Mlops-project/MLOPs-Project/airflow310/lib/python3.10/site-packages/airflow/example_dags/example_complex.py
[2025-05-06T23:36:03.185-0400] {processor.py:830} INFO - Processing file /Users/asritabobba/Desktop/Mlops-project/MLOPs-Project/airflow310/lib/python3.10/site-packages/airflow/example_dags/example_complex.py for tasks to queue
[2025-05-06T23:36:03.185-0400] {logging_mixin.py:188} INFO - [2025-05-06T23:36:03.185-0400] {dagbag.py:538} INFO - Filling up the DagBag from /Users/asritabobba/Desktop/Mlops-project/MLOPs-Project/airflow310/lib/python3.10/site-packages/airflow/example_dags/example_complex.py
[2025-05-06T23:36:03.209-0400] {processor.py:840} INFO - DAG(s) 'example_complex' retrieved from /Users/asritabobba/Desktop/Mlops-project/MLOPs-Project/airflow310/lib/python3.10/site-packages/airflow/example_dags/example_complex.py
[2025-05-06T23:36:03.270-0400] {logging_mixin.py:188} INFO - [2025-05-06T23:36:03.270-0400] {dag.py:3036} INFO - Sync 1 DAGs
[2025-05-06T23:36:03.273-0400] {logging_mixin.py:188} INFO - [2025-05-06T23:36:03.273-0400] {dag.py:3823} INFO - Setting next_dagrun for example_complex to None, run_after=None
[2025-05-06T23:36:03.279-0400] {processor.py:183} INFO - Processing /Users/asritabobba/Desktop/Mlops-project/MLOPs-Project/airflow310/lib/python3.10/site-packages/airflow/example_dags/example_complex.py took 0.095 seconds
[2025-05-06T23:37:44.616-0400] {processor.py:161} INFO - Started process (PID=91963) to work on /Users/asritabobba/Desktop/Mlops-project/MLOPs-Project/airflow310/lib/python3.10/site-packages/airflow/example_dags/example_complex.py
[2025-05-06T23:37:44.618-0400] {processor.py:830} INFO - Processing file /Users/asritabobba/Desktop/Mlops-project/MLOPs-Project/airflow310/lib/python3.10/site-packages/airflow/example_dags/example_complex.py for tasks to queue
[2025-05-06T23:37:44.618-0400] {logging_mixin.py:188} INFO - [2025-05-06T23:37:44.618-0400] {dagbag.py:538} INFO - Filling up the DagBag from /Users/asritabobba/Desktop/Mlops-project/MLOPs-Project/airflow310/lib/python3.10/site-packages/airflow/example_dags/example_complex.py
[2025-05-06T23:37:44.640-0400] {processor.py:840} INFO - DAG(s) 'example_complex' retrieved from /Users/asritabobba/Desktop/Mlops-project/MLOPs-Project/airflow310/lib/python3.10/site-packages/airflow/example_dags/example_complex.py
[2025-05-06T23:37:44.673-0400] {logging_mixin.py:188} INFO - [2025-05-06T23:37:44.673-0400] {dag.py:3036} INFO - Sync 1 DAGs
[2025-05-06T23:37:44.675-0400] {logging_mixin.py:188} INFO - [2025-05-06T23:37:44.675-0400] {dag.py:3823} INFO - Setting next_dagrun for example_complex to None, run_after=None
[2025-05-06T23:37:44.681-0400] {processor.py:183} INFO - Processing /Users/asritabobba/Desktop/Mlops-project/MLOPs-Project/airflow310/lib/python3.10/site-packages/airflow/example_dags/example_complex.py took 0.065 seconds
[2025-05-06T23:39:21.753-0400] {processor.py:161} INFO - Started process (PID=92043) to work on /Users/asritabobba/Desktop/Mlops-project/MLOPs-Project/airflow310/lib/python3.10/site-packages/airflow/example_dags/example_complex.py
[2025-05-06T23:39:21.754-0400] {processor.py:830} INFO - Processing file /Users/asritabobba/Desktop/Mlops-project/MLOPs-Project/airflow310/lib/python3.10/site-packages/airflow/example_dags/example_complex.py for tasks to queue
[2025-05-06T23:39:21.754-0400] {logging_mixin.py:188} INFO - [2025-05-06T23:39:21.754-0400] {dagbag.py:538} INFO - Filling up the DagBag from /Users/asritabobba/Desktop/Mlops-project/MLOPs-Project/airflow310/lib/python3.10/site-packages/airflow/example_dags/example_complex.py
[2025-05-06T23:39:21.782-0400] {processor.py:840} INFO - DAG(s) 'example_complex' retrieved from /Users/asritabobba/Desktop/Mlops-project/MLOPs-Project/airflow310/lib/python3.10/site-packages/airflow/example_dags/example_complex.py
[2025-05-06T23:39:21.817-0400] {logging_mixin.py:188} INFO - [2025-05-06T23:39:21.817-0400] {dag.py:3036} INFO - Sync 1 DAGs
[2025-05-06T23:39:21.820-0400] {logging_mixin.py:188} INFO - [2025-05-06T23:39:21.820-0400] {dag.py:3823} INFO - Setting next_dagrun for example_complex to None, run_after=None
[2025-05-06T23:39:21.825-0400] {processor.py:183} INFO - Processing /Users/asritabobba/Desktop/Mlops-project/MLOPs-Project/airflow310/lib/python3.10/site-packages/airflow/example_dags/example_complex.py took 0.072 seconds
[2025-05-06T23:40:54.657-0400] {processor.py:161} INFO - Started process (PID=92169) to work on /Users/asritabobba/Desktop/Mlops-project/MLOPs-Project/airflow310/lib/python3.10/site-packages/airflow/example_dags/example_complex.py
[2025-05-06T23:40:54.658-0400] {processor.py:830} INFO - Processing file /Users/asritabobba/Desktop/Mlops-project/MLOPs-Project/airflow310/lib/python3.10/site-packages/airflow/example_dags/example_complex.py for tasks to queue
[2025-05-06T23:40:54.658-0400] {logging_mixin.py:188} INFO - [2025-05-06T23:40:54.658-0400] {dagbag.py:538} INFO - Filling up the DagBag from /Users/asritabobba/Desktop/Mlops-project/MLOPs-Project/airflow310/lib/python3.10/site-packages/airflow/example_dags/example_complex.py
[2025-05-06T23:40:54.681-0400] {processor.py:840} INFO - DAG(s) 'example_complex' retrieved from /Users/asritabobba/Desktop/Mlops-project/MLOPs-Project/airflow310/lib/python3.10/site-packages/airflow/example_dags/example_complex.py
[2025-05-06T23:40:54.714-0400] {logging_mixin.py:188} INFO - [2025-05-06T23:40:54.714-0400] {dag.py:3036} INFO - Sync 1 DAGs
[2025-05-06T23:40:54.717-0400] {logging_mixin.py:188} INFO - [2025-05-06T23:40:54.717-0400] {dag.py:3823} INFO - Setting next_dagrun for example_complex to None, run_after=None
[2025-05-06T23:40:54.723-0400] {processor.py:183} INFO - Processing /Users/asritabobba/Desktop/Mlops-project/MLOPs-Project/airflow310/lib/python3.10/site-packages/airflow/example_dags/example_complex.py took 0.066 seconds
