[2025-05-06T23:35:20.101-0400] {processor.py:161} INFO - Started process (PID=91805) to work on /Users/asritabobba/Desktop/Mlops-project/MLOPs-Project/airflow310/lib/python3.10/site-packages/airflow/example_dags/example_task_group.py
[2025-05-06T23:35:20.101-0400] {processor.py:830} INFO - Processing file /Users/asritabobba/Desktop/Mlops-project/MLOPs-Project/airflow310/lib/python3.10/site-packages/airflow/example_dags/example_task_group.py for tasks to queue
[2025-05-06T23:35:20.102-0400] {logging_mixin.py:188} INFO - [2025-05-06T23:35:20.102-0400] {dagbag.py:538} INFO - Filling up the DagBag from /Users/asritabobba/Desktop/Mlops-project/MLOPs-Project/airflow310/lib/python3.10/site-packages/airflow/example_dags/example_task_group.py
[2025-05-06T23:35:20.129-0400] {processor.py:840} INFO - DAG(s) 'example_task_group' retrieved from /Users/asritabobba/Desktop/Mlops-project/MLOPs-Project/airflow310/lib/python3.10/site-packages/airflow/example_dags/example_task_group.py
[2025-05-06T23:35:20.189-0400] {logging_mixin.py:188} INFO - [2025-05-06T23:35:20.189-0400] {dag.py:3036} INFO - Sync 1 DAGs
[2025-05-06T23:35:20.194-0400] {logging_mixin.py:188} INFO - [2025-05-06T23:35:20.194-0400] {dag.py:3823} INFO - Setting next_dagrun for example_task_group to 2025-05-06 00:00:00+00:00, run_after=2025-05-07 00:00:00+00:00
[2025-05-06T23:35:20.200-0400] {processor.py:183} INFO - Processing /Users/asritabobba/Desktop/Mlops-project/MLOPs-Project/airflow310/lib/python3.10/site-packages/airflow/example_dags/example_task_group.py took 0.099 seconds
[2025-05-06T23:36:44.097-0400] {processor.py:161} INFO - Started process (PID=91899) to work on /Users/asritabobba/Desktop/Mlops-project/MLOPs-Project/airflow310/lib/python3.10/site-packages/airflow/example_dags/example_task_group.py
[2025-05-06T23:36:44.098-0400] {processor.py:830} INFO - Processing file /Users/asritabobba/Desktop/Mlops-project/MLOPs-Project/airflow310/lib/python3.10/site-packages/airflow/example_dags/example_task_group.py for tasks to queue
[2025-05-06T23:36:44.098-0400] {logging_mixin.py:188} INFO - [2025-05-06T23:36:44.098-0400] {dagbag.py:538} INFO - Filling up the DagBag from /Users/asritabobba/Desktop/Mlops-project/MLOPs-Project/airflow310/lib/python3.10/site-packages/airflow/example_dags/example_task_group.py
[2025-05-06T23:36:44.119-0400] {processor.py:840} INFO - DAG(s) 'example_task_group' retrieved from /Users/asritabobba/Desktop/Mlops-project/MLOPs-Project/airflow310/lib/python3.10/site-packages/airflow/example_dags/example_task_group.py
[2025-05-06T23:36:44.148-0400] {logging_mixin.py:188} INFO - [2025-05-06T23:36:44.148-0400] {dag.py:3036} INFO - Sync 1 DAGs
[2025-05-06T23:36:44.153-0400] {logging_mixin.py:188} INFO - [2025-05-06T23:36:44.153-0400] {dag.py:3823} INFO - Setting next_dagrun for example_task_group to 2025-05-06 00:00:00+00:00, run_after=2025-05-07 00:00:00+00:00
[2025-05-06T23:36:44.159-0400] {processor.py:183} INFO - Processing /Users/asritabobba/Desktop/Mlops-project/MLOPs-Project/airflow310/lib/python3.10/site-packages/airflow/example_dags/example_task_group.py took 0.062 seconds
[2025-05-06T23:38:19.064-0400] {processor.py:161} INFO - Started process (PID=91998) to work on /Users/asritabobba/Desktop/Mlops-project/MLOPs-Project/airflow310/lib/python3.10/site-packages/airflow/example_dags/example_task_group.py
[2025-05-06T23:38:19.064-0400] {processor.py:830} INFO - Processing file /Users/asritabobba/Desktop/Mlops-project/MLOPs-Project/airflow310/lib/python3.10/site-packages/airflow/example_dags/example_task_group.py for tasks to queue
[2025-05-06T23:38:19.065-0400] {logging_mixin.py:188} INFO - [2025-05-06T23:38:19.064-0400] {dagbag.py:538} INFO - Filling up the DagBag from /Users/asritabobba/Desktop/Mlops-project/MLOPs-Project/airflow310/lib/python3.10/site-packages/airflow/example_dags/example_task_group.py
[2025-05-06T23:38:19.087-0400] {processor.py:840} INFO - DAG(s) 'example_task_group' retrieved from /Users/asritabobba/Desktop/Mlops-project/MLOPs-Project/airflow310/lib/python3.10/site-packages/airflow/example_dags/example_task_group.py
[2025-05-06T23:38:19.118-0400] {logging_mixin.py:188} INFO - [2025-05-06T23:38:19.118-0400] {dag.py:3036} INFO - Sync 1 DAGs
[2025-05-06T23:38:19.123-0400] {logging_mixin.py:188} INFO - [2025-05-06T23:38:19.123-0400] {dag.py:3823} INFO - Setting next_dagrun for example_task_group to 2025-05-06 00:00:00+00:00, run_after=2025-05-07 00:00:00+00:00
[2025-05-06T23:38:19.129-0400] {processor.py:183} INFO - Processing /Users/asritabobba/Desktop/Mlops-project/MLOPs-Project/airflow310/lib/python3.10/site-packages/airflow/example_dags/example_task_group.py took 0.066 seconds
[2025-05-06T23:39:56.429-0400] {processor.py:161} INFO - Started process (PID=92078) to work on /Users/asritabobba/Desktop/Mlops-project/MLOPs-Project/airflow310/lib/python3.10/site-packages/airflow/example_dags/example_task_group.py
[2025-05-06T23:39:56.430-0400] {processor.py:830} INFO - Processing file /Users/asritabobba/Desktop/Mlops-project/MLOPs-Project/airflow310/lib/python3.10/site-packages/airflow/example_dags/example_task_group.py for tasks to queue
[2025-05-06T23:39:56.430-0400] {logging_mixin.py:188} INFO - [2025-05-06T23:39:56.430-0400] {dagbag.py:538} INFO - Filling up the DagBag from /Users/asritabobba/Desktop/Mlops-project/MLOPs-Project/airflow310/lib/python3.10/site-packages/airflow/example_dags/example_task_group.py
[2025-05-06T23:39:56.455-0400] {processor.py:840} INFO - DAG(s) 'example_task_group' retrieved from /Users/asritabobba/Desktop/Mlops-project/MLOPs-Project/airflow310/lib/python3.10/site-packages/airflow/example_dags/example_task_group.py
[2025-05-06T23:39:56.488-0400] {logging_mixin.py:188} INFO - [2025-05-06T23:39:56.488-0400] {dag.py:3036} INFO - Sync 1 DAGs
[2025-05-06T23:39:56.494-0400] {logging_mixin.py:188} INFO - [2025-05-06T23:39:56.493-0400] {dag.py:3823} INFO - Setting next_dagrun for example_task_group to 2025-05-06 00:00:00+00:00, run_after=2025-05-07 00:00:00+00:00
[2025-05-06T23:39:56.499-0400] {processor.py:183} INFO - Processing /Users/asritabobba/Desktop/Mlops-project/MLOPs-Project/airflow310/lib/python3.10/site-packages/airflow/example_dags/example_task_group.py took 0.071 seconds
[2025-05-06T23:41:34.016-0400] {processor.py:161} INFO - Started process (PID=92232) to work on /Users/asritabobba/Desktop/Mlops-project/MLOPs-Project/airflow310/lib/python3.10/site-packages/airflow/example_dags/example_task_group.py
[2025-05-06T23:41:34.019-0400] {processor.py:830} INFO - Processing file /Users/asritabobba/Desktop/Mlops-project/MLOPs-Project/airflow310/lib/python3.10/site-packages/airflow/example_dags/example_task_group.py for tasks to queue
[2025-05-06T23:41:34.019-0400] {logging_mixin.py:188} INFO - [2025-05-06T23:41:34.019-0400] {dagbag.py:538} INFO - Filling up the DagBag from /Users/asritabobba/Desktop/Mlops-project/MLOPs-Project/airflow310/lib/python3.10/site-packages/airflow/example_dags/example_task_group.py
[2025-05-06T23:41:34.045-0400] {processor.py:840} INFO - DAG(s) 'example_task_group' retrieved from /Users/asritabobba/Desktop/Mlops-project/MLOPs-Project/airflow310/lib/python3.10/site-packages/airflow/example_dags/example_task_group.py
[2025-05-06T23:41:34.079-0400] {logging_mixin.py:188} INFO - [2025-05-06T23:41:34.079-0400] {dag.py:3036} INFO - Sync 1 DAGs
[2025-05-06T23:41:34.084-0400] {logging_mixin.py:188} INFO - [2025-05-06T23:41:34.084-0400] {dag.py:3823} INFO - Setting next_dagrun for example_task_group to 2025-05-06 00:00:00+00:00, run_after=2025-05-07 00:00:00+00:00
[2025-05-06T23:41:34.089-0400] {processor.py:183} INFO - Processing /Users/asritabobba/Desktop/Mlops-project/MLOPs-Project/airflow310/lib/python3.10/site-packages/airflow/example_dags/example_task_group.py took 0.073 seconds
