[2025-05-06T23:36:01.408-0400] {processor.py:161} INFO - Started process (PID=91849) to work on /Users/asritabobba/Desktop/Mlops-project/MLOPs-Project/airflow310/lib/python3.10/site-packages/airflow/example_dags/example_dag_decorator.py
[2025-05-06T23:36:01.409-0400] {processor.py:830} INFO - Processing file /Users/asritabobba/Desktop/Mlops-project/MLOPs-Project/airflow310/lib/python3.10/site-packages/airflow/example_dags/example_dag_decorator.py for tasks to queue
[2025-05-06T23:36:01.409-0400] {logging_mixin.py:188} INFO - [2025-05-06T23:36:01.409-0400] {dagbag.py:538} INFO - Filling up the DagBag from /Users/asritabobba/Desktop/Mlops-project/MLOPs-Project/airflow310/lib/python3.10/site-packages/airflow/example_dags/example_dag_decorator.py
[2025-05-06T23:36:01.479-0400] {processor.py:840} INFO - DAG(s) 'example_dag_decorator' retrieved from /Users/asritabobba/Desktop/Mlops-project/MLOPs-Project/airflow310/lib/python3.10/site-packages/airflow/example_dags/example_dag_decorator.py
[2025-05-06T23:36:01.535-0400] {logging_mixin.py:188} INFO - [2025-05-06T23:36:01.535-0400] {dag.py:3036} INFO - Sync 1 DAGs
[2025-05-06T23:36:01.538-0400] {logging_mixin.py:188} INFO - [2025-05-06T23:36:01.538-0400] {dag.py:3823} INFO - Setting next_dagrun for example_dag_decorator to None, run_after=None
[2025-05-06T23:36:01.544-0400] {processor.py:183} INFO - Processing /Users/asritabobba/Desktop/Mlops-project/MLOPs-Project/airflow310/lib/python3.10/site-packages/airflow/example_dags/example_dag_decorator.py took 0.136 seconds
[2025-05-06T23:37:42.821-0400] {processor.py:161} INFO - Started process (PID=91960) to work on /Users/asritabobba/Desktop/Mlops-project/MLOPs-Project/airflow310/lib/python3.10/site-packages/airflow/example_dags/example_dag_decorator.py
[2025-05-06T23:37:42.822-0400] {processor.py:830} INFO - Processing file /Users/asritabobba/Desktop/Mlops-project/MLOPs-Project/airflow310/lib/python3.10/site-packages/airflow/example_dags/example_dag_decorator.py for tasks to queue
[2025-05-06T23:37:42.823-0400] {logging_mixin.py:188} INFO - [2025-05-06T23:37:42.823-0400] {dagbag.py:538} INFO - Filling up the DagBag from /Users/asritabobba/Desktop/Mlops-project/MLOPs-Project/airflow310/lib/python3.10/site-packages/airflow/example_dags/example_dag_decorator.py
[2025-05-06T23:37:42.892-0400] {processor.py:840} INFO - DAG(s) 'example_dag_decorator' retrieved from /Users/asritabobba/Desktop/Mlops-project/MLOPs-Project/airflow310/lib/python3.10/site-packages/airflow/example_dags/example_dag_decorator.py
[2025-05-06T23:37:42.945-0400] {logging_mixin.py:188} INFO - [2025-05-06T23:37:42.945-0400] {dag.py:3036} INFO - Sync 1 DAGs
[2025-05-06T23:37:42.947-0400] {logging_mixin.py:188} INFO - [2025-05-06T23:37:42.947-0400] {dag.py:3823} INFO - Setting next_dagrun for example_dag_decorator to None, run_after=None
[2025-05-06T23:37:42.953-0400] {processor.py:183} INFO - Processing /Users/asritabobba/Desktop/Mlops-project/MLOPs-Project/airflow310/lib/python3.10/site-packages/airflow/example_dags/example_dag_decorator.py took 0.132 seconds
[2025-05-06T23:39:19.917-0400] {processor.py:161} INFO - Started process (PID=92042) to work on /Users/asritabobba/Desktop/Mlops-project/MLOPs-Project/airflow310/lib/python3.10/site-packages/airflow/example_dags/example_dag_decorator.py
[2025-05-06T23:39:19.917-0400] {processor.py:830} INFO - Processing file /Users/asritabobba/Desktop/Mlops-project/MLOPs-Project/airflow310/lib/python3.10/site-packages/airflow/example_dags/example_dag_decorator.py for tasks to queue
[2025-05-06T23:39:19.918-0400] {logging_mixin.py:188} INFO - [2025-05-06T23:39:19.918-0400] {dagbag.py:538} INFO - Filling up the DagBag from /Users/asritabobba/Desktop/Mlops-project/MLOPs-Project/airflow310/lib/python3.10/site-packages/airflow/example_dags/example_dag_decorator.py
[2025-05-06T23:39:20.005-0400] {processor.py:840} INFO - DAG(s) 'example_dag_decorator' retrieved from /Users/asritabobba/Desktop/Mlops-project/MLOPs-Project/airflow310/lib/python3.10/site-packages/airflow/example_dags/example_dag_decorator.py
[2025-05-06T23:39:20.079-0400] {logging_mixin.py:188} INFO - [2025-05-06T23:39:20.078-0400] {dag.py:3036} INFO - Sync 1 DAGs
[2025-05-06T23:39:20.082-0400] {logging_mixin.py:188} INFO - [2025-05-06T23:39:20.081-0400] {dag.py:3823} INFO - Setting next_dagrun for example_dag_decorator to None, run_after=None
[2025-05-06T23:39:20.090-0400] {processor.py:183} INFO - Processing /Users/asritabobba/Desktop/Mlops-project/MLOPs-Project/airflow310/lib/python3.10/site-packages/airflow/example_dags/example_dag_decorator.py took 0.173 seconds
[2025-05-06T23:40:53.792-0400] {processor.py:161} INFO - Started process (PID=92168) to work on /Users/asritabobba/Desktop/Mlops-project/MLOPs-Project/airflow310/lib/python3.10/site-packages/airflow/example_dags/example_dag_decorator.py
[2025-05-06T23:40:53.793-0400] {processor.py:830} INFO - Processing file /Users/asritabobba/Desktop/Mlops-project/MLOPs-Project/airflow310/lib/python3.10/site-packages/airflow/example_dags/example_dag_decorator.py for tasks to queue
[2025-05-06T23:40:53.793-0400] {logging_mixin.py:188} INFO - [2025-05-06T23:40:53.793-0400] {dagbag.py:538} INFO - Filling up the DagBag from /Users/asritabobba/Desktop/Mlops-project/MLOPs-Project/airflow310/lib/python3.10/site-packages/airflow/example_dags/example_dag_decorator.py
[2025-05-06T23:40:53.871-0400] {processor.py:840} INFO - DAG(s) 'example_dag_decorator' retrieved from /Users/asritabobba/Desktop/Mlops-project/MLOPs-Project/airflow310/lib/python3.10/site-packages/airflow/example_dags/example_dag_decorator.py
[2025-05-06T23:40:53.926-0400] {logging_mixin.py:188} INFO - [2025-05-06T23:40:53.926-0400] {dag.py:3036} INFO - Sync 1 DAGs
[2025-05-06T23:40:53.929-0400] {logging_mixin.py:188} INFO - [2025-05-06T23:40:53.929-0400] {dag.py:3823} INFO - Setting next_dagrun for example_dag_decorator to None, run_after=None
[2025-05-06T23:40:53.934-0400] {processor.py:183} INFO - Processing /Users/asritabobba/Desktop/Mlops-project/MLOPs-Project/airflow310/lib/python3.10/site-packages/airflow/example_dags/example_dag_decorator.py took 0.143 seconds
