[2025-05-06T23:35:51.056-0400] {processor.py:161} INFO - Started process (PID=91838) to work on /Users/asritabobba/Desktop/Mlops-project/MLOPs-Project/airflow310/lib/python3.10/site-packages/airflow/example_dags/example_latest_only.py
[2025-05-06T23:35:51.057-0400] {processor.py:830} INFO - Processing file /Users/asritabobba/Desktop/Mlops-project/MLOPs-Project/airflow310/lib/python3.10/site-packages/airflow/example_dags/example_latest_only.py for tasks to queue
[2025-05-06T23:35:51.057-0400] {logging_mixin.py:188} INFO - [2025-05-06T23:35:51.057-0400] {dagbag.py:538} INFO - Filling up the DagBag from /Users/asritabobba/Desktop/Mlops-project/MLOPs-Project/airflow310/lib/python3.10/site-packages/airflow/example_dags/example_latest_only.py
[2025-05-06T23:35:51.080-0400] {processor.py:840} INFO - DAG(s) 'latest_only' retrieved from /Users/asritabobba/Desktop/Mlops-project/MLOPs-Project/airflow310/lib/python3.10/site-packages/airflow/example_dags/example_latest_only.py
[2025-05-06T23:35:51.137-0400] {logging_mixin.py:188} INFO - [2025-05-06T23:35:51.136-0400] {dag.py:3036} INFO - Sync 1 DAGs
[2025-05-06T23:35:51.142-0400] {logging_mixin.py:188} INFO - [2025-05-06T23:35:51.142-0400] {dag.py:3823} INFO - Setting next_dagrun for latest_only to 2025-05-06 20:00:00+00:00, run_after=2025-05-07 00:00:00+00:00
[2025-05-06T23:35:51.148-0400] {processor.py:183} INFO - Processing /Users/asritabobba/Desktop/Mlops-project/MLOPs-Project/airflow310/lib/python3.10/site-packages/airflow/example_dags/example_latest_only.py took 0.092 seconds
[2025-05-06T23:37:34.520-0400] {processor.py:161} INFO - Started process (PID=91952) to work on /Users/asritabobba/Desktop/Mlops-project/MLOPs-Project/airflow310/lib/python3.10/site-packages/airflow/example_dags/example_latest_only.py
[2025-05-06T23:37:34.521-0400] {processor.py:830} INFO - Processing file /Users/asritabobba/Desktop/Mlops-project/MLOPs-Project/airflow310/lib/python3.10/site-packages/airflow/example_dags/example_latest_only.py for tasks to queue
[2025-05-06T23:37:34.521-0400] {logging_mixin.py:188} INFO - [2025-05-06T23:37:34.521-0400] {dagbag.py:538} INFO - Filling up the DagBag from /Users/asritabobba/Desktop/Mlops-project/MLOPs-Project/airflow310/lib/python3.10/site-packages/airflow/example_dags/example_latest_only.py
[2025-05-06T23:37:34.542-0400] {processor.py:840} INFO - DAG(s) 'latest_only' retrieved from /Users/asritabobba/Desktop/Mlops-project/MLOPs-Project/airflow310/lib/python3.10/site-packages/airflow/example_dags/example_latest_only.py
[2025-05-06T23:37:34.571-0400] {logging_mixin.py:188} INFO - [2025-05-06T23:37:34.571-0400] {dag.py:3036} INFO - Sync 1 DAGs
[2025-05-06T23:37:34.576-0400] {logging_mixin.py:188} INFO - [2025-05-06T23:37:34.576-0400] {dag.py:3823} INFO - Setting next_dagrun for latest_only to 2025-05-06 20:00:00+00:00, run_after=2025-05-07 00:00:00+00:00
[2025-05-06T23:37:34.582-0400] {processor.py:183} INFO - Processing /Users/asritabobba/Desktop/Mlops-project/MLOPs-Project/airflow310/lib/python3.10/site-packages/airflow/example_dags/example_latest_only.py took 0.062 seconds
[2025-05-06T23:39:10.856-0400] {processor.py:161} INFO - Started process (PID=92035) to work on /Users/asritabobba/Desktop/Mlops-project/MLOPs-Project/airflow310/lib/python3.10/site-packages/airflow/example_dags/example_latest_only.py
[2025-05-06T23:39:10.857-0400] {processor.py:830} INFO - Processing file /Users/asritabobba/Desktop/Mlops-project/MLOPs-Project/airflow310/lib/python3.10/site-packages/airflow/example_dags/example_latest_only.py for tasks to queue
[2025-05-06T23:39:10.857-0400] {logging_mixin.py:188} INFO - [2025-05-06T23:39:10.857-0400] {dagbag.py:538} INFO - Filling up the DagBag from /Users/asritabobba/Desktop/Mlops-project/MLOPs-Project/airflow310/lib/python3.10/site-packages/airflow/example_dags/example_latest_only.py
[2025-05-06T23:39:10.878-0400] {processor.py:840} INFO - DAG(s) 'latest_only' retrieved from /Users/asritabobba/Desktop/Mlops-project/MLOPs-Project/airflow310/lib/python3.10/site-packages/airflow/example_dags/example_latest_only.py
[2025-05-06T23:39:10.908-0400] {logging_mixin.py:188} INFO - [2025-05-06T23:39:10.908-0400] {dag.py:3036} INFO - Sync 1 DAGs
[2025-05-06T23:39:10.912-0400] {logging_mixin.py:188} INFO - [2025-05-06T23:39:10.912-0400] {dag.py:3823} INFO - Setting next_dagrun for latest_only to 2025-05-06 20:00:00+00:00, run_after=2025-05-07 00:00:00+00:00
[2025-05-06T23:39:10.918-0400] {processor.py:183} INFO - Processing /Users/asritabobba/Desktop/Mlops-project/MLOPs-Project/airflow310/lib/python3.10/site-packages/airflow/example_dags/example_latest_only.py took 0.063 seconds
[2025-05-06T23:40:43.846-0400] {processor.py:161} INFO - Started process (PID=92139) to work on /Users/asritabobba/Desktop/Mlops-project/MLOPs-Project/airflow310/lib/python3.10/site-packages/airflow/example_dags/example_latest_only.py
[2025-05-06T23:40:43.846-0400] {processor.py:830} INFO - Processing file /Users/asritabobba/Desktop/Mlops-project/MLOPs-Project/airflow310/lib/python3.10/site-packages/airflow/example_dags/example_latest_only.py for tasks to queue
[2025-05-06T23:40:43.847-0400] {logging_mixin.py:188} INFO - [2025-05-06T23:40:43.847-0400] {dagbag.py:538} INFO - Filling up the DagBag from /Users/asritabobba/Desktop/Mlops-project/MLOPs-Project/airflow310/lib/python3.10/site-packages/airflow/example_dags/example_latest_only.py
[2025-05-06T23:40:43.871-0400] {processor.py:840} INFO - DAG(s) 'latest_only' retrieved from /Users/asritabobba/Desktop/Mlops-project/MLOPs-Project/airflow310/lib/python3.10/site-packages/airflow/example_dags/example_latest_only.py
[2025-05-06T23:40:43.902-0400] {logging_mixin.py:188} INFO - [2025-05-06T23:40:43.902-0400] {dag.py:3036} INFO - Sync 1 DAGs
[2025-05-06T23:40:43.907-0400] {logging_mixin.py:188} INFO - [2025-05-06T23:40:43.907-0400] {dag.py:3823} INFO - Setting next_dagrun for latest_only to 2025-05-06 20:00:00+00:00, run_after=2025-05-07 00:00:00+00:00
[2025-05-06T23:40:43.914-0400] {processor.py:183} INFO - Processing /Users/asritabobba/Desktop/Mlops-project/MLOPs-Project/airflow310/lib/python3.10/site-packages/airflow/example_dags/example_latest_only.py took 0.069 seconds
