[2025-05-06T23:35:59.683-0400] {processor.py:161} INFO - Started process (PID=91848) to work on /Users/asritabobba/Desktop/Mlops-project/MLOPs-Project/airflow310/lib/python3.10/site-packages/airflow/example_dags/example_datasets.py
[2025-05-06T23:35:59.683-0400] {processor.py:830} INFO - Processing file /Users/asritabobba/Desktop/Mlops-project/MLOPs-Project/airflow310/lib/python3.10/site-packages/airflow/example_dags/example_datasets.py for tasks to queue
[2025-05-06T23:35:59.683-0400] {logging_mixin.py:188} INFO - [2025-05-06T23:35:59.683-0400] {dagbag.py:538} INFO - Filling up the DagBag from /Users/asritabobba/Desktop/Mlops-project/MLOPs-Project/airflow310/lib/python3.10/site-packages/airflow/example_dags/example_datasets.py
[2025-05-06T23:35:59.707-0400] {processor.py:840} INFO - DAG(s) 'dataset_consumes_unknown_never_scheduled', 'dataset_produces_2', 'dataset_consumes_1_never_scheduled', 'dataset_consumes_1_and_2', 'dataset_produces_1', 'dataset_consumes_1' retrieved from /Users/asritabobba/Desktop/Mlops-project/MLOPs-Project/airflow310/lib/python3.10/site-packages/airflow/example_dags/example_datasets.py
[2025-05-06T23:35:59.771-0400] {logging_mixin.py:188} INFO - [2025-05-06T23:35:59.771-0400] {dag.py:3036} INFO - Sync 6 DAGs
[2025-05-06T23:35:59.776-0400] {logging_mixin.py:188} INFO - [2025-05-06T23:35:59.776-0400] {dag.py:3823} INFO - Setting next_dagrun for dataset_consumes_1 to None, run_after=None
[2025-05-06T23:35:59.777-0400] {logging_mixin.py:188} INFO - [2025-05-06T23:35:59.777-0400] {dag.py:3823} INFO - Setting next_dagrun for dataset_consumes_1_and_2 to None, run_after=None
[2025-05-06T23:35:59.777-0400] {logging_mixin.py:188} INFO - [2025-05-06T23:35:59.777-0400] {dag.py:3823} INFO - Setting next_dagrun for dataset_consumes_1_never_scheduled to None, run_after=None
[2025-05-06T23:35:59.777-0400] {logging_mixin.py:188} INFO - [2025-05-06T23:35:59.777-0400] {dag.py:3823} INFO - Setting next_dagrun for dataset_consumes_unknown_never_scheduled to None, run_after=None
[2025-05-06T23:35:59.778-0400] {logging_mixin.py:188} INFO - [2025-05-06T23:35:59.778-0400] {dag.py:3823} INFO - Setting next_dagrun for dataset_produces_1 to 2025-05-06 00:00:00+00:00, run_after=2025-05-07 00:00:00+00:00
[2025-05-06T23:35:59.778-0400] {logging_mixin.py:188} INFO - [2025-05-06T23:35:59.778-0400] {dag.py:3823} INFO - Setting next_dagrun for dataset_produces_2 to None, run_after=None
[2025-05-06T23:35:59.786-0400] {processor.py:183} INFO - Processing /Users/asritabobba/Desktop/Mlops-project/MLOPs-Project/airflow310/lib/python3.10/site-packages/airflow/example_dags/example_datasets.py took 0.104 seconds
[2025-05-06T23:37:41.180-0400] {processor.py:161} INFO - Started process (PID=91959) to work on /Users/asritabobba/Desktop/Mlops-project/MLOPs-Project/airflow310/lib/python3.10/site-packages/airflow/example_dags/example_datasets.py
[2025-05-06T23:37:41.181-0400] {processor.py:830} INFO - Processing file /Users/asritabobba/Desktop/Mlops-project/MLOPs-Project/airflow310/lib/python3.10/site-packages/airflow/example_dags/example_datasets.py for tasks to queue
[2025-05-06T23:37:41.181-0400] {logging_mixin.py:188} INFO - [2025-05-06T23:37:41.181-0400] {dagbag.py:538} INFO - Filling up the DagBag from /Users/asritabobba/Desktop/Mlops-project/MLOPs-Project/airflow310/lib/python3.10/site-packages/airflow/example_dags/example_datasets.py
[2025-05-06T23:37:41.205-0400] {processor.py:840} INFO - DAG(s) 'dataset_consumes_1', 'dataset_consumes_1_and_2', 'dataset_produces_1', 'dataset_consumes_unknown_never_scheduled', 'dataset_consumes_1_never_scheduled', 'dataset_produces_2' retrieved from /Users/asritabobba/Desktop/Mlops-project/MLOPs-Project/airflow310/lib/python3.10/site-packages/airflow/example_dags/example_datasets.py
[2025-05-06T23:37:41.238-0400] {logging_mixin.py:188} INFO - [2025-05-06T23:37:41.238-0400] {dag.py:3036} INFO - Sync 6 DAGs
[2025-05-06T23:37:41.244-0400] {logging_mixin.py:188} INFO - [2025-05-06T23:37:41.244-0400] {dag.py:3823} INFO - Setting next_dagrun for dataset_consumes_1 to None, run_after=None
[2025-05-06T23:37:41.244-0400] {logging_mixin.py:188} INFO - [2025-05-06T23:37:41.244-0400] {dag.py:3823} INFO - Setting next_dagrun for dataset_consumes_1_and_2 to None, run_after=None
[2025-05-06T23:37:41.245-0400] {logging_mixin.py:188} INFO - [2025-05-06T23:37:41.245-0400] {dag.py:3823} INFO - Setting next_dagrun for dataset_consumes_1_never_scheduled to None, run_after=None
[2025-05-06T23:37:41.245-0400] {logging_mixin.py:188} INFO - [2025-05-06T23:37:41.245-0400] {dag.py:3823} INFO - Setting next_dagrun for dataset_consumes_unknown_never_scheduled to None, run_after=None
[2025-05-06T23:37:41.246-0400] {logging_mixin.py:188} INFO - [2025-05-06T23:37:41.246-0400] {dag.py:3823} INFO - Setting next_dagrun for dataset_produces_1 to 2025-05-06 00:00:00+00:00, run_after=2025-05-07 00:00:00+00:00
[2025-05-06T23:37:41.246-0400] {logging_mixin.py:188} INFO - [2025-05-06T23:37:41.246-0400] {dag.py:3823} INFO - Setting next_dagrun for dataset_produces_2 to None, run_after=None
[2025-05-06T23:37:41.254-0400] {processor.py:183} INFO - Processing /Users/asritabobba/Desktop/Mlops-project/MLOPs-Project/airflow310/lib/python3.10/site-packages/airflow/example_dags/example_datasets.py took 0.074 seconds
[2025-05-06T23:39:18.199-0400] {processor.py:161} INFO - Started process (PID=92040) to work on /Users/asritabobba/Desktop/Mlops-project/MLOPs-Project/airflow310/lib/python3.10/site-packages/airflow/example_dags/example_datasets.py
[2025-05-06T23:39:18.199-0400] {processor.py:830} INFO - Processing file /Users/asritabobba/Desktop/Mlops-project/MLOPs-Project/airflow310/lib/python3.10/site-packages/airflow/example_dags/example_datasets.py for tasks to queue
[2025-05-06T23:39:18.200-0400] {logging_mixin.py:188} INFO - [2025-05-06T23:39:18.200-0400] {dagbag.py:538} INFO - Filling up the DagBag from /Users/asritabobba/Desktop/Mlops-project/MLOPs-Project/airflow310/lib/python3.10/site-packages/airflow/example_dags/example_datasets.py
[2025-05-06T23:39:18.227-0400] {processor.py:840} INFO - DAG(s) 'dataset_consumes_1_and_2', 'dataset_consumes_unknown_never_scheduled', 'dataset_produces_1', 'dataset_consumes_1_never_scheduled', 'dataset_consumes_1', 'dataset_produces_2' retrieved from /Users/asritabobba/Desktop/Mlops-project/MLOPs-Project/airflow310/lib/python3.10/site-packages/airflow/example_dags/example_datasets.py
[2025-05-06T23:39:18.264-0400] {logging_mixin.py:188} INFO - [2025-05-06T23:39:18.263-0400] {dag.py:3036} INFO - Sync 6 DAGs
[2025-05-06T23:39:18.269-0400] {logging_mixin.py:188} INFO - [2025-05-06T23:39:18.269-0400] {dag.py:3823} INFO - Setting next_dagrun for dataset_consumes_1 to None, run_after=None
[2025-05-06T23:39:18.270-0400] {logging_mixin.py:188} INFO - [2025-05-06T23:39:18.270-0400] {dag.py:3823} INFO - Setting next_dagrun for dataset_consumes_1_and_2 to None, run_after=None
[2025-05-06T23:39:18.270-0400] {logging_mixin.py:188} INFO - [2025-05-06T23:39:18.270-0400] {dag.py:3823} INFO - Setting next_dagrun for dataset_consumes_1_never_scheduled to None, run_after=None
[2025-05-06T23:39:18.270-0400] {logging_mixin.py:188} INFO - [2025-05-06T23:39:18.270-0400] {dag.py:3823} INFO - Setting next_dagrun for dataset_consumes_unknown_never_scheduled to None, run_after=None
[2025-05-06T23:39:18.271-0400] {logging_mixin.py:188} INFO - [2025-05-06T23:39:18.271-0400] {dag.py:3823} INFO - Setting next_dagrun for dataset_produces_1 to 2025-05-06 00:00:00+00:00, run_after=2025-05-07 00:00:00+00:00
[2025-05-06T23:39:18.271-0400] {logging_mixin.py:188} INFO - [2025-05-06T23:39:18.271-0400] {dag.py:3823} INFO - Setting next_dagrun for dataset_produces_2 to None, run_after=None
[2025-05-06T23:39:18.280-0400] {processor.py:183} INFO - Processing /Users/asritabobba/Desktop/Mlops-project/MLOPs-Project/airflow310/lib/python3.10/site-packages/airflow/example_dags/example_datasets.py took 0.082 seconds
[2025-05-06T23:40:52.364-0400] {processor.py:161} INFO - Started process (PID=92167) to work on /Users/asritabobba/Desktop/Mlops-project/MLOPs-Project/airflow310/lib/python3.10/site-packages/airflow/example_dags/example_datasets.py
[2025-05-06T23:40:52.365-0400] {processor.py:830} INFO - Processing file /Users/asritabobba/Desktop/Mlops-project/MLOPs-Project/airflow310/lib/python3.10/site-packages/airflow/example_dags/example_datasets.py for tasks to queue
[2025-05-06T23:40:52.365-0400] {logging_mixin.py:188} INFO - [2025-05-06T23:40:52.365-0400] {dagbag.py:538} INFO - Filling up the DagBag from /Users/asritabobba/Desktop/Mlops-project/MLOPs-Project/airflow310/lib/python3.10/site-packages/airflow/example_dags/example_datasets.py
[2025-05-06T23:40:52.388-0400] {processor.py:840} INFO - DAG(s) 'dataset_consumes_unknown_never_scheduled', 'dataset_consumes_1_and_2', 'dataset_produces_1', 'dataset_consumes_1_never_scheduled', 'dataset_consumes_1', 'dataset_produces_2' retrieved from /Users/asritabobba/Desktop/Mlops-project/MLOPs-Project/airflow310/lib/python3.10/site-packages/airflow/example_dags/example_datasets.py
[2025-05-06T23:40:52.421-0400] {logging_mixin.py:188} INFO - [2025-05-06T23:40:52.421-0400] {dag.py:3036} INFO - Sync 6 DAGs
[2025-05-06T23:40:52.426-0400] {logging_mixin.py:188} INFO - [2025-05-06T23:40:52.426-0400] {dag.py:3823} INFO - Setting next_dagrun for dataset_consumes_1 to None, run_after=None
[2025-05-06T23:40:52.427-0400] {logging_mixin.py:188} INFO - [2025-05-06T23:40:52.427-0400] {dag.py:3823} INFO - Setting next_dagrun for dataset_consumes_1_and_2 to None, run_after=None
[2025-05-06T23:40:52.427-0400] {logging_mixin.py:188} INFO - [2025-05-06T23:40:52.427-0400] {dag.py:3823} INFO - Setting next_dagrun for dataset_consumes_1_never_scheduled to None, run_after=None
[2025-05-06T23:40:52.428-0400] {logging_mixin.py:188} INFO - [2025-05-06T23:40:52.428-0400] {dag.py:3823} INFO - Setting next_dagrun for dataset_consumes_unknown_never_scheduled to None, run_after=None
[2025-05-06T23:40:52.428-0400] {logging_mixin.py:188} INFO - [2025-05-06T23:40:52.428-0400] {dag.py:3823} INFO - Setting next_dagrun for dataset_produces_1 to 2025-05-06 00:00:00+00:00, run_after=2025-05-07 00:00:00+00:00
[2025-05-06T23:40:52.428-0400] {logging_mixin.py:188} INFO - [2025-05-06T23:40:52.428-0400] {dag.py:3823} INFO - Setting next_dagrun for dataset_produces_2 to None, run_after=None
[2025-05-06T23:40:52.436-0400] {processor.py:183} INFO - Processing /Users/asritabobba/Desktop/Mlops-project/MLOPs-Project/airflow310/lib/python3.10/site-packages/airflow/example_dags/example_datasets.py took 0.072 seconds
