[2025-05-06T23:35:54.528-0400] {processor.py:161} INFO - Started process (PID=91843) to work on /Users/asritabobba/Desktop/Mlops-project/MLOPs-Project/airflow310/lib/python3.10/site-packages/airflow/example_dags/example_external_task_marker_dag.py
[2025-05-06T23:35:54.529-0400] {processor.py:830} INFO - Processing file /Users/asritabobba/Desktop/Mlops-project/MLOPs-Project/airflow310/lib/python3.10/site-packages/airflow/example_dags/example_external_task_marker_dag.py for tasks to queue
[2025-05-06T23:35:54.529-0400] {logging_mixin.py:188} INFO - [2025-05-06T23:35:54.529-0400] {dagbag.py:538} INFO - Filling up the DagBag from /Users/asritabobba/Desktop/Mlops-project/MLOPs-Project/airflow310/lib/python3.10/site-packages/airflow/example_dags/example_external_task_marker_dag.py
[2025-05-06T23:35:54.552-0400] {processor.py:840} INFO - DAG(s) 'example_external_task_marker_parent', 'example_external_task_marker_child' retrieved from /Users/asritabobba/Desktop/Mlops-project/MLOPs-Project/airflow310/lib/python3.10/site-packages/airflow/example_dags/example_external_task_marker_dag.py
[2025-05-06T23:35:54.609-0400] {logging_mixin.py:188} INFO - [2025-05-06T23:35:54.609-0400] {dag.py:3036} INFO - Sync 2 DAGs
[2025-05-06T23:35:54.612-0400] {logging_mixin.py:188} INFO - [2025-05-06T23:35:54.612-0400] {dag.py:3823} INFO - Setting next_dagrun for example_external_task_marker_child to None, run_after=None
[2025-05-06T23:35:54.613-0400] {logging_mixin.py:188} INFO - [2025-05-06T23:35:54.613-0400] {dag.py:3823} INFO - Setting next_dagrun for example_external_task_marker_parent to None, run_after=None
[2025-05-06T23:35:54.619-0400] {processor.py:183} INFO - Processing /Users/asritabobba/Desktop/Mlops-project/MLOPs-Project/airflow310/lib/python3.10/site-packages/airflow/example_dags/example_external_task_marker_dag.py took 0.091 seconds
[2025-05-06T23:37:37.152-0400] {processor.py:161} INFO - Started process (PID=91954) to work on /Users/asritabobba/Desktop/Mlops-project/MLOPs-Project/airflow310/lib/python3.10/site-packages/airflow/example_dags/example_external_task_marker_dag.py
[2025-05-06T23:37:37.153-0400] {processor.py:830} INFO - Processing file /Users/asritabobba/Desktop/Mlops-project/MLOPs-Project/airflow310/lib/python3.10/site-packages/airflow/example_dags/example_external_task_marker_dag.py for tasks to queue
[2025-05-06T23:37:37.153-0400] {logging_mixin.py:188} INFO - [2025-05-06T23:37:37.153-0400] {dagbag.py:538} INFO - Filling up the DagBag from /Users/asritabobba/Desktop/Mlops-project/MLOPs-Project/airflow310/lib/python3.10/site-packages/airflow/example_dags/example_external_task_marker_dag.py
[2025-05-06T23:37:37.175-0400] {processor.py:840} INFO - DAG(s) 'example_external_task_marker_child', 'example_external_task_marker_parent' retrieved from /Users/asritabobba/Desktop/Mlops-project/MLOPs-Project/airflow310/lib/python3.10/site-packages/airflow/example_dags/example_external_task_marker_dag.py
[2025-05-06T23:37:37.207-0400] {logging_mixin.py:188} INFO - [2025-05-06T23:37:37.207-0400] {dag.py:3036} INFO - Sync 2 DAGs
[2025-05-06T23:37:37.209-0400] {logging_mixin.py:188} INFO - [2025-05-06T23:37:37.209-0400] {dag.py:3823} INFO - Setting next_dagrun for example_external_task_marker_child to None, run_after=None
[2025-05-06T23:37:37.210-0400] {logging_mixin.py:188} INFO - [2025-05-06T23:37:37.210-0400] {dag.py:3823} INFO - Setting next_dagrun for example_external_task_marker_parent to None, run_after=None
[2025-05-06T23:37:37.215-0400] {processor.py:183} INFO - Processing /Users/asritabobba/Desktop/Mlops-project/MLOPs-Project/airflow310/lib/python3.10/site-packages/airflow/example_dags/example_external_task_marker_dag.py took 0.064 seconds
[2025-05-06T23:39:14.018-0400] {processor.py:161} INFO - Started process (PID=92037) to work on /Users/asritabobba/Desktop/Mlops-project/MLOPs-Project/airflow310/lib/python3.10/site-packages/airflow/example_dags/example_external_task_marker_dag.py
[2025-05-06T23:39:14.019-0400] {processor.py:830} INFO - Processing file /Users/asritabobba/Desktop/Mlops-project/MLOPs-Project/airflow310/lib/python3.10/site-packages/airflow/example_dags/example_external_task_marker_dag.py for tasks to queue
[2025-05-06T23:39:14.019-0400] {logging_mixin.py:188} INFO - [2025-05-06T23:39:14.019-0400] {dagbag.py:538} INFO - Filling up the DagBag from /Users/asritabobba/Desktop/Mlops-project/MLOPs-Project/airflow310/lib/python3.10/site-packages/airflow/example_dags/example_external_task_marker_dag.py
[2025-05-06T23:39:14.051-0400] {processor.py:840} INFO - DAG(s) 'example_external_task_marker_parent', 'example_external_task_marker_child' retrieved from /Users/asritabobba/Desktop/Mlops-project/MLOPs-Project/airflow310/lib/python3.10/site-packages/airflow/example_dags/example_external_task_marker_dag.py
[2025-05-06T23:39:14.089-0400] {logging_mixin.py:188} INFO - [2025-05-06T23:39:14.088-0400] {dag.py:3036} INFO - Sync 2 DAGs
[2025-05-06T23:39:14.092-0400] {logging_mixin.py:188} INFO - [2025-05-06T23:39:14.092-0400] {dag.py:3823} INFO - Setting next_dagrun for example_external_task_marker_child to None, run_after=None
[2025-05-06T23:39:14.093-0400] {logging_mixin.py:188} INFO - [2025-05-06T23:39:14.093-0400] {dag.py:3823} INFO - Setting next_dagrun for example_external_task_marker_parent to None, run_after=None
[2025-05-06T23:39:14.100-0400] {processor.py:183} INFO - Processing /Users/asritabobba/Desktop/Mlops-project/MLOPs-Project/airflow310/lib/python3.10/site-packages/airflow/example_dags/example_external_task_marker_dag.py took 0.082 seconds
[2025-05-06T23:40:47.309-0400] {processor.py:161} INFO - Started process (PID=92162) to work on /Users/asritabobba/Desktop/Mlops-project/MLOPs-Project/airflow310/lib/python3.10/site-packages/airflow/example_dags/example_external_task_marker_dag.py
[2025-05-06T23:40:47.310-0400] {processor.py:830} INFO - Processing file /Users/asritabobba/Desktop/Mlops-project/MLOPs-Project/airflow310/lib/python3.10/site-packages/airflow/example_dags/example_external_task_marker_dag.py for tasks to queue
[2025-05-06T23:40:47.310-0400] {logging_mixin.py:188} INFO - [2025-05-06T23:40:47.310-0400] {dagbag.py:538} INFO - Filling up the DagBag from /Users/asritabobba/Desktop/Mlops-project/MLOPs-Project/airflow310/lib/python3.10/site-packages/airflow/example_dags/example_external_task_marker_dag.py
[2025-05-06T23:40:47.334-0400] {processor.py:840} INFO - DAG(s) 'example_external_task_marker_child', 'example_external_task_marker_parent' retrieved from /Users/asritabobba/Desktop/Mlops-project/MLOPs-Project/airflow310/lib/python3.10/site-packages/airflow/example_dags/example_external_task_marker_dag.py
[2025-05-06T23:40:47.366-0400] {logging_mixin.py:188} INFO - [2025-05-06T23:40:47.366-0400] {dag.py:3036} INFO - Sync 2 DAGs
[2025-05-06T23:40:47.369-0400] {logging_mixin.py:188} INFO - [2025-05-06T23:40:47.369-0400] {dag.py:3823} INFO - Setting next_dagrun for example_external_task_marker_child to None, run_after=None
[2025-05-06T23:40:47.370-0400] {logging_mixin.py:188} INFO - [2025-05-06T23:40:47.370-0400] {dag.py:3823} INFO - Setting next_dagrun for example_external_task_marker_parent to None, run_after=None
[2025-05-06T23:40:47.375-0400] {processor.py:183} INFO - Processing /Users/asritabobba/Desktop/Mlops-project/MLOPs-Project/airflow310/lib/python3.10/site-packages/airflow/example_dags/example_external_task_marker_dag.py took 0.066 seconds
