[2025-05-06T23:35:23.609-0400] {processor.py:161} INFO - Started process (PID=91808) to work on /Users/asritabobba/Desktop/Mlops-project/MLOPs-Project/airflow310/lib/python3.10/site-packages/airflow/example_dags/example_sla_dag.py
[2025-05-06T23:35:23.609-0400] {processor.py:830} INFO - Processing file /Users/asritabobba/Desktop/Mlops-project/MLOPs-Project/airflow310/lib/python3.10/site-packages/airflow/example_dags/example_sla_dag.py for tasks to queue
[2025-05-06T23:35:23.609-0400] {logging_mixin.py:188} INFO - [2025-05-06T23:35:23.609-0400] {dagbag.py:538} INFO - Filling up the DagBag from /Users/asritabobba/Desktop/Mlops-project/MLOPs-Project/airflow310/lib/python3.10/site-packages/airflow/example_dags/example_sla_dag.py
[2025-05-06T23:35:23.640-0400] {processor.py:840} INFO - DAG(s) 'example_sla_dag' retrieved from /Users/asritabobba/Desktop/Mlops-project/MLOPs-Project/airflow310/lib/python3.10/site-packages/airflow/example_dags/example_sla_dag.py
[2025-05-06T23:35:23.693-0400] {logging_mixin.py:188} INFO - [2025-05-06T23:35:23.693-0400] {dag.py:3036} INFO - Sync 1 DAGs
[2025-05-06T23:35:23.699-0400] {logging_mixin.py:188} INFO - [2025-05-06T23:35:23.699-0400] {dag.py:3823} INFO - Setting next_dagrun for example_sla_dag to 2025-05-07 03:32:00+00:00, run_after=2025-05-07 03:34:00+00:00
[2025-05-06T23:35:23.705-0400] {processor.py:183} INFO - Processing /Users/asritabobba/Desktop/Mlops-project/MLOPs-Project/airflow310/lib/python3.10/site-packages/airflow/example_dags/example_sla_dag.py took 0.096 seconds
[2025-05-06T23:36:47.442-0400] {processor.py:161} INFO - Started process (PID=91903) to work on /Users/asritabobba/Desktop/Mlops-project/MLOPs-Project/airflow310/lib/python3.10/site-packages/airflow/example_dags/example_sla_dag.py
[2025-05-06T23:36:47.443-0400] {processor.py:830} INFO - Processing file /Users/asritabobba/Desktop/Mlops-project/MLOPs-Project/airflow310/lib/python3.10/site-packages/airflow/example_dags/example_sla_dag.py for tasks to queue
[2025-05-06T23:36:47.443-0400] {logging_mixin.py:188} INFO - [2025-05-06T23:36:47.443-0400] {dagbag.py:538} INFO - Filling up the DagBag from /Users/asritabobba/Desktop/Mlops-project/MLOPs-Project/airflow310/lib/python3.10/site-packages/airflow/example_dags/example_sla_dag.py
[2025-05-06T23:36:47.473-0400] {processor.py:840} INFO - DAG(s) 'example_sla_dag' retrieved from /Users/asritabobba/Desktop/Mlops-project/MLOPs-Project/airflow310/lib/python3.10/site-packages/airflow/example_dags/example_sla_dag.py
[2025-05-06T23:36:47.503-0400] {logging_mixin.py:188} INFO - [2025-05-06T23:36:47.503-0400] {dag.py:3036} INFO - Sync 1 DAGs
[2025-05-06T23:36:47.510-0400] {logging_mixin.py:188} INFO - [2025-05-06T23:36:47.510-0400] {dag.py:3823} INFO - Setting next_dagrun for example_sla_dag to 2025-05-07 03:34:00+00:00, run_after=2025-05-07 03:36:00+00:00
[2025-05-06T23:36:47.515-0400] {processor.py:183} INFO - Processing /Users/asritabobba/Desktop/Mlops-project/MLOPs-Project/airflow310/lib/python3.10/site-packages/airflow/example_dags/example_sla_dag.py took 0.073 seconds
[2025-05-06T23:38:22.571-0400] {processor.py:161} INFO - Started process (PID=92000) to work on /Users/asritabobba/Desktop/Mlops-project/MLOPs-Project/airflow310/lib/python3.10/site-packages/airflow/example_dags/example_sla_dag.py
[2025-05-06T23:38:22.572-0400] {processor.py:830} INFO - Processing file /Users/asritabobba/Desktop/Mlops-project/MLOPs-Project/airflow310/lib/python3.10/site-packages/airflow/example_dags/example_sla_dag.py for tasks to queue
[2025-05-06T23:38:22.573-0400] {logging_mixin.py:188} INFO - [2025-05-06T23:38:22.573-0400] {dagbag.py:538} INFO - Filling up the DagBag from /Users/asritabobba/Desktop/Mlops-project/MLOPs-Project/airflow310/lib/python3.10/site-packages/airflow/example_dags/example_sla_dag.py
[2025-05-06T23:38:22.611-0400] {processor.py:840} INFO - DAG(s) 'example_sla_dag' retrieved from /Users/asritabobba/Desktop/Mlops-project/MLOPs-Project/airflow310/lib/python3.10/site-packages/airflow/example_dags/example_sla_dag.py
[2025-05-06T23:38:22.640-0400] {logging_mixin.py:188} INFO - [2025-05-06T23:38:22.640-0400] {dag.py:3036} INFO - Sync 1 DAGs
[2025-05-06T23:38:22.647-0400] {logging_mixin.py:188} INFO - [2025-05-06T23:38:22.646-0400] {dag.py:3823} INFO - Setting next_dagrun for example_sla_dag to 2025-05-07 03:36:00+00:00, run_after=2025-05-07 03:38:00+00:00
[2025-05-06T23:38:22.652-0400] {processor.py:183} INFO - Processing /Users/asritabobba/Desktop/Mlops-project/MLOPs-Project/airflow310/lib/python3.10/site-packages/airflow/example_dags/example_sla_dag.py took 0.081 seconds
[2025-05-06T23:39:59.289-0400] {processor.py:161} INFO - Started process (PID=92080) to work on /Users/asritabobba/Desktop/Mlops-project/MLOPs-Project/airflow310/lib/python3.10/site-packages/airflow/example_dags/example_sla_dag.py
[2025-05-06T23:39:59.290-0400] {processor.py:830} INFO - Processing file /Users/asritabobba/Desktop/Mlops-project/MLOPs-Project/airflow310/lib/python3.10/site-packages/airflow/example_dags/example_sla_dag.py for tasks to queue
[2025-05-06T23:39:59.290-0400] {logging_mixin.py:188} INFO - [2025-05-06T23:39:59.290-0400] {dagbag.py:538} INFO - Filling up the DagBag from /Users/asritabobba/Desktop/Mlops-project/MLOPs-Project/airflow310/lib/python3.10/site-packages/airflow/example_dags/example_sla_dag.py
[2025-05-06T23:39:59.320-0400] {processor.py:840} INFO - DAG(s) 'example_sla_dag' retrieved from /Users/asritabobba/Desktop/Mlops-project/MLOPs-Project/airflow310/lib/python3.10/site-packages/airflow/example_dags/example_sla_dag.py
[2025-05-06T23:39:59.348-0400] {logging_mixin.py:188} INFO - [2025-05-06T23:39:59.348-0400] {dag.py:3036} INFO - Sync 1 DAGs
[2025-05-06T23:39:59.355-0400] {logging_mixin.py:188} INFO - [2025-05-06T23:39:59.355-0400] {dag.py:3823} INFO - Setting next_dagrun for example_sla_dag to 2025-05-07 03:36:00+00:00, run_after=2025-05-07 03:38:00+00:00
[2025-05-06T23:39:59.361-0400] {processor.py:183} INFO - Processing /Users/asritabobba/Desktop/Mlops-project/MLOPs-Project/airflow310/lib/python3.10/site-packages/airflow/example_dags/example_sla_dag.py took 0.072 seconds
[2025-05-06T23:41:37.395-0400] {processor.py:161} INFO - Started process (PID=92234) to work on /Users/asritabobba/Desktop/Mlops-project/MLOPs-Project/airflow310/lib/python3.10/site-packages/airflow/example_dags/example_sla_dag.py
[2025-05-06T23:41:37.396-0400] {processor.py:830} INFO - Processing file /Users/asritabobba/Desktop/Mlops-project/MLOPs-Project/airflow310/lib/python3.10/site-packages/airflow/example_dags/example_sla_dag.py for tasks to queue
[2025-05-06T23:41:37.396-0400] {logging_mixin.py:188} INFO - [2025-05-06T23:41:37.396-0400] {dagbag.py:538} INFO - Filling up the DagBag from /Users/asritabobba/Desktop/Mlops-project/MLOPs-Project/airflow310/lib/python3.10/site-packages/airflow/example_dags/example_sla_dag.py
[2025-05-06T23:41:37.427-0400] {processor.py:840} INFO - DAG(s) 'example_sla_dag' retrieved from /Users/asritabobba/Desktop/Mlops-project/MLOPs-Project/airflow310/lib/python3.10/site-packages/airflow/example_dags/example_sla_dag.py
[2025-05-06T23:41:37.456-0400] {logging_mixin.py:188} INFO - [2025-05-06T23:41:37.456-0400] {dag.py:3036} INFO - Sync 1 DAGs
[2025-05-06T23:41:37.462-0400] {logging_mixin.py:188} INFO - [2025-05-06T23:41:37.462-0400] {dag.py:3823} INFO - Setting next_dagrun for example_sla_dag to 2025-05-07 03:38:00+00:00, run_after=2025-05-07 03:40:00+00:00
[2025-05-06T23:41:37.467-0400] {processor.py:183} INFO - Processing /Users/asritabobba/Desktop/Mlops-project/MLOPs-Project/airflow310/lib/python3.10/site-packages/airflow/example_dags/example_sla_dag.py took 0.073 seconds
