[2025-05-06T23:35:33.860-0400] {processor.py:161} INFO - Started process (PID=91818) to work on /Users/asritabobba/Desktop/Mlops-project/MLOPs-Project/airflow310/lib/python3.10/site-packages/airflow/example_dags/example_sensors.py
[2025-05-06T23:35:33.860-0400] {processor.py:830} INFO - Processing file /Users/asritabobba/Desktop/Mlops-project/MLOPs-Project/airflow310/lib/python3.10/site-packages/airflow/example_dags/example_sensors.py for tasks to queue
[2025-05-06T23:35:33.861-0400] {logging_mixin.py:188} INFO - [2025-05-06T23:35:33.861-0400] {dagbag.py:538} INFO - Filling up the DagBag from /Users/asritabobba/Desktop/Mlops-project/MLOPs-Project/airflow310/lib/python3.10/site-packages/airflow/example_dags/example_sensors.py
[2025-05-06T23:35:33.884-0400] {processor.py:840} INFO - DAG(s) 'example_sensors' retrieved from /Users/asritabobba/Desktop/Mlops-project/MLOPs-Project/airflow310/lib/python3.10/site-packages/airflow/example_dags/example_sensors.py
[2025-05-06T23:35:33.944-0400] {logging_mixin.py:188} INFO - [2025-05-06T23:35:33.944-0400] {dag.py:3036} INFO - Sync 1 DAGs
[2025-05-06T23:35:33.947-0400] {logging_mixin.py:188} INFO - [2025-05-06T23:35:33.947-0400] {dag.py:3823} INFO - Setting next_dagrun for example_sensors to None, run_after=None
[2025-05-06T23:35:33.953-0400] {processor.py:183} INFO - Processing /Users/asritabobba/Desktop/Mlops-project/MLOPs-Project/airflow310/lib/python3.10/site-packages/airflow/example_dags/example_sensors.py took 0.093 seconds
[2025-05-06T23:36:56.425-0400] {processor.py:161} INFO - Started process (PID=91914) to work on /Users/asritabobba/Desktop/Mlops-project/MLOPs-Project/airflow310/lib/python3.10/site-packages/airflow/example_dags/example_sensors.py
[2025-05-06T23:36:56.426-0400] {processor.py:830} INFO - Processing file /Users/asritabobba/Desktop/Mlops-project/MLOPs-Project/airflow310/lib/python3.10/site-packages/airflow/example_dags/example_sensors.py for tasks to queue
[2025-05-06T23:36:56.427-0400] {logging_mixin.py:188} INFO - [2025-05-06T23:36:56.427-0400] {dagbag.py:538} INFO - Filling up the DagBag from /Users/asritabobba/Desktop/Mlops-project/MLOPs-Project/airflow310/lib/python3.10/site-packages/airflow/example_dags/example_sensors.py
[2025-05-06T23:36:56.449-0400] {processor.py:840} INFO - DAG(s) 'example_sensors' retrieved from /Users/asritabobba/Desktop/Mlops-project/MLOPs-Project/airflow310/lib/python3.10/site-packages/airflow/example_dags/example_sensors.py
[2025-05-06T23:36:56.484-0400] {logging_mixin.py:188} INFO - [2025-05-06T23:36:56.484-0400] {dag.py:3036} INFO - Sync 1 DAGs
[2025-05-06T23:36:56.488-0400] {logging_mixin.py:188} INFO - [2025-05-06T23:36:56.488-0400] {dag.py:3823} INFO - Setting next_dagrun for example_sensors to None, run_after=None
[2025-05-06T23:36:56.494-0400] {processor.py:183} INFO - Processing /Users/asritabobba/Desktop/Mlops-project/MLOPs-Project/airflow310/lib/python3.10/site-packages/airflow/example_dags/example_sensors.py took 0.069 seconds
[2025-05-06T23:38:32.656-0400] {processor.py:161} INFO - Started process (PID=92007) to work on /Users/asritabobba/Desktop/Mlops-project/MLOPs-Project/airflow310/lib/python3.10/site-packages/airflow/example_dags/example_sensors.py
[2025-05-06T23:38:32.657-0400] {processor.py:830} INFO - Processing file /Users/asritabobba/Desktop/Mlops-project/MLOPs-Project/airflow310/lib/python3.10/site-packages/airflow/example_dags/example_sensors.py for tasks to queue
[2025-05-06T23:38:32.657-0400] {logging_mixin.py:188} INFO - [2025-05-06T23:38:32.657-0400] {dagbag.py:538} INFO - Filling up the DagBag from /Users/asritabobba/Desktop/Mlops-project/MLOPs-Project/airflow310/lib/python3.10/site-packages/airflow/example_dags/example_sensors.py
[2025-05-06T23:38:32.680-0400] {processor.py:840} INFO - DAG(s) 'example_sensors' retrieved from /Users/asritabobba/Desktop/Mlops-project/MLOPs-Project/airflow310/lib/python3.10/site-packages/airflow/example_dags/example_sensors.py
[2025-05-06T23:38:32.714-0400] {logging_mixin.py:188} INFO - [2025-05-06T23:38:32.714-0400] {dag.py:3036} INFO - Sync 1 DAGs
[2025-05-06T23:38:32.717-0400] {logging_mixin.py:188} INFO - [2025-05-06T23:38:32.717-0400] {dag.py:3823} INFO - Setting next_dagrun for example_sensors to None, run_after=None
[2025-05-06T23:38:32.722-0400] {processor.py:183} INFO - Processing /Users/asritabobba/Desktop/Mlops-project/MLOPs-Project/airflow310/lib/python3.10/site-packages/airflow/example_dags/example_sensors.py took 0.067 seconds
[2025-05-06T23:40:08.429-0400] {processor.py:161} INFO - Started process (PID=92088) to work on /Users/asritabobba/Desktop/Mlops-project/MLOPs-Project/airflow310/lib/python3.10/site-packages/airflow/example_dags/example_sensors.py
[2025-05-06T23:40:08.429-0400] {processor.py:830} INFO - Processing file /Users/asritabobba/Desktop/Mlops-project/MLOPs-Project/airflow310/lib/python3.10/site-packages/airflow/example_dags/example_sensors.py for tasks to queue
[2025-05-06T23:40:08.430-0400] {logging_mixin.py:188} INFO - [2025-05-06T23:40:08.429-0400] {dagbag.py:538} INFO - Filling up the DagBag from /Users/asritabobba/Desktop/Mlops-project/MLOPs-Project/airflow310/lib/python3.10/site-packages/airflow/example_dags/example_sensors.py
[2025-05-06T23:40:08.455-0400] {processor.py:840} INFO - DAG(s) 'example_sensors' retrieved from /Users/asritabobba/Desktop/Mlops-project/MLOPs-Project/airflow310/lib/python3.10/site-packages/airflow/example_dags/example_sensors.py
[2025-05-06T23:40:08.491-0400] {logging_mixin.py:188} INFO - [2025-05-06T23:40:08.491-0400] {dag.py:3036} INFO - Sync 1 DAGs
[2025-05-06T23:40:08.494-0400] {logging_mixin.py:188} INFO - [2025-05-06T23:40:08.494-0400] {dag.py:3823} INFO - Setting next_dagrun for example_sensors to None, run_after=None
[2025-05-06T23:40:08.500-0400] {processor.py:183} INFO - Processing /Users/asritabobba/Desktop/Mlops-project/MLOPs-Project/airflow310/lib/python3.10/site-packages/airflow/example_dags/example_sensors.py took 0.071 seconds
[2025-05-06T23:41:47.615-0400] {processor.py:161} INFO - Started process (PID=92241) to work on /Users/asritabobba/Desktop/Mlops-project/MLOPs-Project/airflow310/lib/python3.10/site-packages/airflow/example_dags/example_sensors.py
[2025-05-06T23:41:47.616-0400] {processor.py:830} INFO - Processing file /Users/asritabobba/Desktop/Mlops-project/MLOPs-Project/airflow310/lib/python3.10/site-packages/airflow/example_dags/example_sensors.py for tasks to queue
[2025-05-06T23:41:47.617-0400] {logging_mixin.py:188} INFO - [2025-05-06T23:41:47.617-0400] {dagbag.py:538} INFO - Filling up the DagBag from /Users/asritabobba/Desktop/Mlops-project/MLOPs-Project/airflow310/lib/python3.10/site-packages/airflow/example_dags/example_sensors.py
[2025-05-06T23:41:47.640-0400] {processor.py:840} INFO - DAG(s) 'example_sensors' retrieved from /Users/asritabobba/Desktop/Mlops-project/MLOPs-Project/airflow310/lib/python3.10/site-packages/airflow/example_dags/example_sensors.py
[2025-05-06T23:41:47.675-0400] {logging_mixin.py:188} INFO - [2025-05-06T23:41:47.674-0400] {dag.py:3036} INFO - Sync 1 DAGs
[2025-05-06T23:41:47.677-0400] {logging_mixin.py:188} INFO - [2025-05-06T23:41:47.677-0400] {dag.py:3823} INFO - Setting next_dagrun for example_sensors to None, run_after=None
[2025-05-06T23:41:47.683-0400] {processor.py:183} INFO - Processing /Users/asritabobba/Desktop/Mlops-project/MLOPs-Project/airflow310/lib/python3.10/site-packages/airflow/example_dags/example_sensors.py took 0.068 seconds
