[2025-05-06T23:35:18.526-0400] {processor.py:161} INFO - Started process (PID=91804) to work on /Users/asritabobba/Desktop/Mlops-project/MLOPs-Project/airflow310/lib/python3.10/site-packages/airflow/example_dags/example_task_group_decorator.py
[2025-05-06T23:35:18.526-0400] {processor.py:830} INFO - Processing file /Users/asritabobba/Desktop/Mlops-project/MLOPs-Project/airflow310/lib/python3.10/site-packages/airflow/example_dags/example_task_group_decorator.py for tasks to queue
[2025-05-06T23:35:18.526-0400] {logging_mixin.py:188} INFO - [2025-05-06T23:35:18.526-0400] {dagbag.py:538} INFO - Filling up the DagBag from /Users/asritabobba/Desktop/Mlops-project/MLOPs-Project/airflow310/lib/python3.10/site-packages/airflow/example_dags/example_task_group_decorator.py
[2025-05-06T23:35:18.559-0400] {processor.py:840} INFO - DAG(s) 'example_task_group_decorator' retrieved from /Users/asritabobba/Desktop/Mlops-project/MLOPs-Project/airflow310/lib/python3.10/site-packages/airflow/example_dags/example_task_group_decorator.py
[2025-05-06T23:35:18.615-0400] {logging_mixin.py:188} INFO - [2025-05-06T23:35:18.615-0400] {dag.py:3036} INFO - Sync 1 DAGs
[2025-05-06T23:35:18.620-0400] {logging_mixin.py:188} INFO - [2025-05-06T23:35:18.620-0400] {dag.py:3823} INFO - Setting next_dagrun for example_task_group_decorator to 2025-05-06 00:00:00+00:00, run_after=2025-05-07 00:00:00+00:00
[2025-05-06T23:35:18.626-0400] {processor.py:183} INFO - Processing /Users/asritabobba/Desktop/Mlops-project/MLOPs-Project/airflow310/lib/python3.10/site-packages/airflow/example_dags/example_task_group_decorator.py took 0.101 seconds
[2025-05-06T23:36:42.425-0400] {processor.py:161} INFO - Started process (PID=91898) to work on /Users/asritabobba/Desktop/Mlops-project/MLOPs-Project/airflow310/lib/python3.10/site-packages/airflow/example_dags/example_task_group_decorator.py
[2025-05-06T23:36:42.426-0400] {processor.py:830} INFO - Processing file /Users/asritabobba/Desktop/Mlops-project/MLOPs-Project/airflow310/lib/python3.10/site-packages/airflow/example_dags/example_task_group_decorator.py for tasks to queue
[2025-05-06T23:36:42.426-0400] {logging_mixin.py:188} INFO - [2025-05-06T23:36:42.426-0400] {dagbag.py:538} INFO - Filling up the DagBag from /Users/asritabobba/Desktop/Mlops-project/MLOPs-Project/airflow310/lib/python3.10/site-packages/airflow/example_dags/example_task_group_decorator.py
[2025-05-06T23:36:42.457-0400] {processor.py:840} INFO - DAG(s) 'example_task_group_decorator' retrieved from /Users/asritabobba/Desktop/Mlops-project/MLOPs-Project/airflow310/lib/python3.10/site-packages/airflow/example_dags/example_task_group_decorator.py
[2025-05-06T23:36:42.487-0400] {logging_mixin.py:188} INFO - [2025-05-06T23:36:42.487-0400] {dag.py:3036} INFO - Sync 1 DAGs
[2025-05-06T23:36:42.492-0400] {logging_mixin.py:188} INFO - [2025-05-06T23:36:42.492-0400] {dag.py:3823} INFO - Setting next_dagrun for example_task_group_decorator to 2025-05-06 00:00:00+00:00, run_after=2025-05-07 00:00:00+00:00
[2025-05-06T23:36:42.498-0400] {processor.py:183} INFO - Processing /Users/asritabobba/Desktop/Mlops-project/MLOPs-Project/airflow310/lib/python3.10/site-packages/airflow/example_dags/example_task_group_decorator.py took 0.073 seconds
[2025-05-06T23:38:17.373-0400] {processor.py:161} INFO - Started process (PID=91997) to work on /Users/asritabobba/Desktop/Mlops-project/MLOPs-Project/airflow310/lib/python3.10/site-packages/airflow/example_dags/example_task_group_decorator.py
[2025-05-06T23:38:17.374-0400] {processor.py:830} INFO - Processing file /Users/asritabobba/Desktop/Mlops-project/MLOPs-Project/airflow310/lib/python3.10/site-packages/airflow/example_dags/example_task_group_decorator.py for tasks to queue
[2025-05-06T23:38:17.374-0400] {logging_mixin.py:188} INFO - [2025-05-06T23:38:17.374-0400] {dagbag.py:538} INFO - Filling up the DagBag from /Users/asritabobba/Desktop/Mlops-project/MLOPs-Project/airflow310/lib/python3.10/site-packages/airflow/example_dags/example_task_group_decorator.py
[2025-05-06T23:38:17.408-0400] {processor.py:840} INFO - DAG(s) 'example_task_group_decorator' retrieved from /Users/asritabobba/Desktop/Mlops-project/MLOPs-Project/airflow310/lib/python3.10/site-packages/airflow/example_dags/example_task_group_decorator.py
[2025-05-06T23:38:17.441-0400] {logging_mixin.py:188} INFO - [2025-05-06T23:38:17.441-0400] {dag.py:3036} INFO - Sync 1 DAGs
[2025-05-06T23:38:17.446-0400] {logging_mixin.py:188} INFO - [2025-05-06T23:38:17.446-0400] {dag.py:3823} INFO - Setting next_dagrun for example_task_group_decorator to 2025-05-06 00:00:00+00:00, run_after=2025-05-07 00:00:00+00:00
[2025-05-06T23:38:17.452-0400] {processor.py:183} INFO - Processing /Users/asritabobba/Desktop/Mlops-project/MLOPs-Project/airflow310/lib/python3.10/site-packages/airflow/example_dags/example_task_group_decorator.py took 0.079 seconds
[2025-05-06T23:39:53.771-0400] {processor.py:161} INFO - Started process (PID=92070) to work on /Users/asritabobba/Desktop/Mlops-project/MLOPs-Project/airflow310/lib/python3.10/site-packages/airflow/example_dags/example_task_group_decorator.py
[2025-05-06T23:39:53.772-0400] {processor.py:830} INFO - Processing file /Users/asritabobba/Desktop/Mlops-project/MLOPs-Project/airflow310/lib/python3.10/site-packages/airflow/example_dags/example_task_group_decorator.py for tasks to queue
[2025-05-06T23:39:53.772-0400] {logging_mixin.py:188} INFO - [2025-05-06T23:39:53.772-0400] {dagbag.py:538} INFO - Filling up the DagBag from /Users/asritabobba/Desktop/Mlops-project/MLOPs-Project/airflow310/lib/python3.10/site-packages/airflow/example_dags/example_task_group_decorator.py
[2025-05-06T23:39:53.804-0400] {processor.py:840} INFO - DAG(s) 'example_task_group_decorator' retrieved from /Users/asritabobba/Desktop/Mlops-project/MLOPs-Project/airflow310/lib/python3.10/site-packages/airflow/example_dags/example_task_group_decorator.py
[2025-05-06T23:39:53.834-0400] {logging_mixin.py:188} INFO - [2025-05-06T23:39:53.834-0400] {dag.py:3036} INFO - Sync 1 DAGs
[2025-05-06T23:39:53.839-0400] {logging_mixin.py:188} INFO - [2025-05-06T23:39:53.839-0400] {dag.py:3823} INFO - Setting next_dagrun for example_task_group_decorator to 2025-05-06 00:00:00+00:00, run_after=2025-05-07 00:00:00+00:00
[2025-05-06T23:39:53.845-0400] {processor.py:183} INFO - Processing /Users/asritabobba/Desktop/Mlops-project/MLOPs-Project/airflow310/lib/python3.10/site-packages/airflow/example_dags/example_task_group_decorator.py took 0.075 seconds
[2025-05-06T23:41:32.344-0400] {processor.py:161} INFO - Started process (PID=92231) to work on /Users/asritabobba/Desktop/Mlops-project/MLOPs-Project/airflow310/lib/python3.10/site-packages/airflow/example_dags/example_task_group_decorator.py
[2025-05-06T23:41:32.345-0400] {processor.py:830} INFO - Processing file /Users/asritabobba/Desktop/Mlops-project/MLOPs-Project/airflow310/lib/python3.10/site-packages/airflow/example_dags/example_task_group_decorator.py for tasks to queue
[2025-05-06T23:41:32.345-0400] {logging_mixin.py:188} INFO - [2025-05-06T23:41:32.345-0400] {dagbag.py:538} INFO - Filling up the DagBag from /Users/asritabobba/Desktop/Mlops-project/MLOPs-Project/airflow310/lib/python3.10/site-packages/airflow/example_dags/example_task_group_decorator.py
[2025-05-06T23:41:32.376-0400] {processor.py:840} INFO - DAG(s) 'example_task_group_decorator' retrieved from /Users/asritabobba/Desktop/Mlops-project/MLOPs-Project/airflow310/lib/python3.10/site-packages/airflow/example_dags/example_task_group_decorator.py
[2025-05-06T23:41:32.406-0400] {logging_mixin.py:188} INFO - [2025-05-06T23:41:32.406-0400] {dag.py:3036} INFO - Sync 1 DAGs
[2025-05-06T23:41:32.411-0400] {logging_mixin.py:188} INFO - [2025-05-06T23:41:32.411-0400] {dag.py:3823} INFO - Setting next_dagrun for example_task_group_decorator to 2025-05-06 00:00:00+00:00, run_after=2025-05-07 00:00:00+00:00
[2025-05-06T23:41:32.416-0400] {processor.py:183} INFO - Processing /Users/asritabobba/Desktop/Mlops-project/MLOPs-Project/airflow310/lib/python3.10/site-packages/airflow/example_dags/example_task_group_decorator.py took 0.073 seconds
