[2025-05-06T23:35:35.561-0400] {processor.py:161} INFO - Started process (PID=91821) to work on /Users/asritabobba/Desktop/Mlops-project/MLOPs-Project/airflow310/lib/python3.10/site-packages/airflow/example_dags/example_sensor_decorator.py
[2025-05-06T23:35:35.562-0400] {processor.py:830} INFO - Processing file /Users/asritabobba/Desktop/Mlops-project/MLOPs-Project/airflow310/lib/python3.10/site-packages/airflow/example_dags/example_sensor_decorator.py for tasks to queue
[2025-05-06T23:35:35.562-0400] {logging_mixin.py:188} INFO - [2025-05-06T23:35:35.562-0400] {dagbag.py:538} INFO - Filling up the DagBag from /Users/asritabobba/Desktop/Mlops-project/MLOPs-Project/airflow310/lib/python3.10/site-packages/airflow/example_dags/example_sensor_decorator.py
[2025-05-06T23:35:35.592-0400] {processor.py:840} INFO - DAG(s) 'example_sensor_decorator' retrieved from /Users/asritabobba/Desktop/Mlops-project/MLOPs-Project/airflow310/lib/python3.10/site-packages/airflow/example_dags/example_sensor_decorator.py
[2025-05-06T23:35:35.649-0400] {logging_mixin.py:188} INFO - [2025-05-06T23:35:35.649-0400] {dag.py:3036} INFO - Sync 1 DAGs
[2025-05-06T23:35:35.652-0400] {logging_mixin.py:188} INFO - [2025-05-06T23:35:35.652-0400] {dag.py:3823} INFO - Setting next_dagrun for example_sensor_decorator to None, run_after=None
[2025-05-06T23:35:35.658-0400] {processor.py:183} INFO - Processing /Users/asritabobba/Desktop/Mlops-project/MLOPs-Project/airflow310/lib/python3.10/site-packages/airflow/example_dags/example_sensor_decorator.py took 0.097 seconds
[2025-05-06T23:36:58.094-0400] {processor.py:161} INFO - Started process (PID=91915) to work on /Users/asritabobba/Desktop/Mlops-project/MLOPs-Project/airflow310/lib/python3.10/site-packages/airflow/example_dags/example_sensor_decorator.py
[2025-05-06T23:36:58.095-0400] {processor.py:830} INFO - Processing file /Users/asritabobba/Desktop/Mlops-project/MLOPs-Project/airflow310/lib/python3.10/site-packages/airflow/example_dags/example_sensor_decorator.py for tasks to queue
[2025-05-06T23:36:58.095-0400] {logging_mixin.py:188} INFO - [2025-05-06T23:36:58.095-0400] {dagbag.py:538} INFO - Filling up the DagBag from /Users/asritabobba/Desktop/Mlops-project/MLOPs-Project/airflow310/lib/python3.10/site-packages/airflow/example_dags/example_sensor_decorator.py
[2025-05-06T23:36:58.124-0400] {processor.py:840} INFO - DAG(s) 'example_sensor_decorator' retrieved from /Users/asritabobba/Desktop/Mlops-project/MLOPs-Project/airflow310/lib/python3.10/site-packages/airflow/example_dags/example_sensor_decorator.py
[2025-05-06T23:36:58.156-0400] {logging_mixin.py:188} INFO - [2025-05-06T23:36:58.156-0400] {dag.py:3036} INFO - Sync 1 DAGs
[2025-05-06T23:36:58.159-0400] {logging_mixin.py:188} INFO - [2025-05-06T23:36:58.159-0400] {dag.py:3823} INFO - Setting next_dagrun for example_sensor_decorator to None, run_after=None
[2025-05-06T23:36:58.165-0400] {processor.py:183} INFO - Processing /Users/asritabobba/Desktop/Mlops-project/MLOPs-Project/airflow310/lib/python3.10/site-packages/airflow/example_dags/example_sensor_decorator.py took 0.072 seconds
[2025-05-06T23:38:34.334-0400] {processor.py:161} INFO - Started process (PID=92008) to work on /Users/asritabobba/Desktop/Mlops-project/MLOPs-Project/airflow310/lib/python3.10/site-packages/airflow/example_dags/example_sensor_decorator.py
[2025-05-06T23:38:34.335-0400] {processor.py:830} INFO - Processing file /Users/asritabobba/Desktop/Mlops-project/MLOPs-Project/airflow310/lib/python3.10/site-packages/airflow/example_dags/example_sensor_decorator.py for tasks to queue
[2025-05-06T23:38:34.335-0400] {logging_mixin.py:188} INFO - [2025-05-06T23:38:34.335-0400] {dagbag.py:538} INFO - Filling up the DagBag from /Users/asritabobba/Desktop/Mlops-project/MLOPs-Project/airflow310/lib/python3.10/site-packages/airflow/example_dags/example_sensor_decorator.py
[2025-05-06T23:38:34.365-0400] {processor.py:840} INFO - DAG(s) 'example_sensor_decorator' retrieved from /Users/asritabobba/Desktop/Mlops-project/MLOPs-Project/airflow310/lib/python3.10/site-packages/airflow/example_dags/example_sensor_decorator.py
[2025-05-06T23:38:34.397-0400] {logging_mixin.py:188} INFO - [2025-05-06T23:38:34.397-0400] {dag.py:3036} INFO - Sync 1 DAGs
[2025-05-06T23:38:34.400-0400] {logging_mixin.py:188} INFO - [2025-05-06T23:38:34.400-0400] {dag.py:3823} INFO - Setting next_dagrun for example_sensor_decorator to None, run_after=None
[2025-05-06T23:38:34.406-0400] {processor.py:183} INFO - Processing /Users/asritabobba/Desktop/Mlops-project/MLOPs-Project/airflow310/lib/python3.10/site-packages/airflow/example_dags/example_sensor_decorator.py took 0.072 seconds
[2025-05-06T23:40:10.168-0400] {processor.py:161} INFO - Started process (PID=92089) to work on /Users/asritabobba/Desktop/Mlops-project/MLOPs-Project/airflow310/lib/python3.10/site-packages/airflow/example_dags/example_sensor_decorator.py
[2025-05-06T23:40:10.169-0400] {processor.py:830} INFO - Processing file /Users/asritabobba/Desktop/Mlops-project/MLOPs-Project/airflow310/lib/python3.10/site-packages/airflow/example_dags/example_sensor_decorator.py for tasks to queue
[2025-05-06T23:40:10.169-0400] {logging_mixin.py:188} INFO - [2025-05-06T23:40:10.169-0400] {dagbag.py:538} INFO - Filling up the DagBag from /Users/asritabobba/Desktop/Mlops-project/MLOPs-Project/airflow310/lib/python3.10/site-packages/airflow/example_dags/example_sensor_decorator.py
[2025-05-06T23:40:10.203-0400] {processor.py:840} INFO - DAG(s) 'example_sensor_decorator' retrieved from /Users/asritabobba/Desktop/Mlops-project/MLOPs-Project/airflow310/lib/python3.10/site-packages/airflow/example_dags/example_sensor_decorator.py
[2025-05-06T23:40:10.238-0400] {logging_mixin.py:188} INFO - [2025-05-06T23:40:10.238-0400] {dag.py:3036} INFO - Sync 1 DAGs
[2025-05-06T23:40:10.241-0400] {logging_mixin.py:188} INFO - [2025-05-06T23:40:10.241-0400] {dag.py:3823} INFO - Setting next_dagrun for example_sensor_decorator to None, run_after=None
[2025-05-06T23:40:10.248-0400] {processor.py:183} INFO - Processing /Users/asritabobba/Desktop/Mlops-project/MLOPs-Project/airflow310/lib/python3.10/site-packages/airflow/example_dags/example_sensor_decorator.py took 0.081 seconds
[2025-05-06T23:41:49.298-0400] {processor.py:161} INFO - Started process (PID=92242) to work on /Users/asritabobba/Desktop/Mlops-project/MLOPs-Project/airflow310/lib/python3.10/site-packages/airflow/example_dags/example_sensor_decorator.py
[2025-05-06T23:41:49.299-0400] {processor.py:830} INFO - Processing file /Users/asritabobba/Desktop/Mlops-project/MLOPs-Project/airflow310/lib/python3.10/site-packages/airflow/example_dags/example_sensor_decorator.py for tasks to queue
[2025-05-06T23:41:49.299-0400] {logging_mixin.py:188} INFO - [2025-05-06T23:41:49.299-0400] {dagbag.py:538} INFO - Filling up the DagBag from /Users/asritabobba/Desktop/Mlops-project/MLOPs-Project/airflow310/lib/python3.10/site-packages/airflow/example_dags/example_sensor_decorator.py
[2025-05-06T23:41:49.329-0400] {processor.py:840} INFO - DAG(s) 'example_sensor_decorator' retrieved from /Users/asritabobba/Desktop/Mlops-project/MLOPs-Project/airflow310/lib/python3.10/site-packages/airflow/example_dags/example_sensor_decorator.py
[2025-05-06T23:41:49.361-0400] {logging_mixin.py:188} INFO - [2025-05-06T23:41:49.361-0400] {dag.py:3036} INFO - Sync 1 DAGs
[2025-05-06T23:41:49.363-0400] {logging_mixin.py:188} INFO - [2025-05-06T23:41:49.363-0400] {dag.py:3823} INFO - Setting next_dagrun for example_sensor_decorator to None, run_after=None
[2025-05-06T23:41:49.369-0400] {processor.py:183} INFO - Processing /Users/asritabobba/Desktop/Mlops-project/MLOPs-Project/airflow310/lib/python3.10/site-packages/airflow/example_dags/example_sensor_decorator.py took 0.072 seconds
