[2025-05-06T23:35:42.419-0400] {processor.py:161} INFO - Started process (PID=91828) to work on /Users/asritabobba/Desktop/Mlops-project/MLOPs-Project/airflow310/lib/python3.10/site-packages/airflow/example_dags/example_params_ui_tutorial.py
[2025-05-06T23:35:42.419-0400] {processor.py:830} INFO - Processing file /Users/asritabobba/Desktop/Mlops-project/MLOPs-Project/airflow310/lib/python3.10/site-packages/airflow/example_dags/example_params_ui_tutorial.py for tasks to queue
[2025-05-06T23:35:42.419-0400] {logging_mixin.py:188} INFO - [2025-05-06T23:35:42.419-0400] {dagbag.py:538} INFO - Filling up the DagBag from /Users/asritabobba/Desktop/Mlops-project/MLOPs-Project/airflow310/lib/python3.10/site-packages/airflow/example_dags/example_params_ui_tutorial.py
[2025-05-06T23:35:42.449-0400] {processor.py:840} INFO - DAG(s) 'example_params_ui_tutorial' retrieved from /Users/asritabobba/Desktop/Mlops-project/MLOPs-Project/airflow310/lib/python3.10/site-packages/airflow/example_dags/example_params_ui_tutorial.py
[2025-05-06T23:35:42.511-0400] {logging_mixin.py:188} INFO - [2025-05-06T23:35:42.511-0400] {dag.py:3036} INFO - Sync 1 DAGs
[2025-05-06T23:35:42.514-0400] {logging_mixin.py:188} INFO - [2025-05-06T23:35:42.514-0400] {dag.py:3823} INFO - Setting next_dagrun for example_params_ui_tutorial to None, run_after=None
[2025-05-06T23:35:42.520-0400] {processor.py:183} INFO - Processing /Users/asritabobba/Desktop/Mlops-project/MLOPs-Project/airflow310/lib/python3.10/site-packages/airflow/example_dags/example_params_ui_tutorial.py took 0.101 seconds
[2025-05-06T23:37:04.813-0400] {processor.py:161} INFO - Started process (PID=91923) to work on /Users/asritabobba/Desktop/Mlops-project/MLOPs-Project/airflow310/lib/python3.10/site-packages/airflow/example_dags/example_params_ui_tutorial.py
[2025-05-06T23:37:04.814-0400] {processor.py:830} INFO - Processing file /Users/asritabobba/Desktop/Mlops-project/MLOPs-Project/airflow310/lib/python3.10/site-packages/airflow/example_dags/example_params_ui_tutorial.py for tasks to queue
[2025-05-06T23:37:04.814-0400] {logging_mixin.py:188} INFO - [2025-05-06T23:37:04.814-0400] {dagbag.py:538} INFO - Filling up the DagBag from /Users/asritabobba/Desktop/Mlops-project/MLOPs-Project/airflow310/lib/python3.10/site-packages/airflow/example_dags/example_params_ui_tutorial.py
[2025-05-06T23:37:04.843-0400] {processor.py:840} INFO - DAG(s) 'example_params_ui_tutorial' retrieved from /Users/asritabobba/Desktop/Mlops-project/MLOPs-Project/airflow310/lib/python3.10/site-packages/airflow/example_dags/example_params_ui_tutorial.py
[2025-05-06T23:37:04.881-0400] {logging_mixin.py:188} INFO - [2025-05-06T23:37:04.880-0400] {dag.py:3036} INFO - Sync 1 DAGs
[2025-05-06T23:37:04.884-0400] {logging_mixin.py:188} INFO - [2025-05-06T23:37:04.884-0400] {dag.py:3823} INFO - Setting next_dagrun for example_params_ui_tutorial to None, run_after=None
[2025-05-06T23:37:04.889-0400] {processor.py:183} INFO - Processing /Users/asritabobba/Desktop/Mlops-project/MLOPs-Project/airflow310/lib/python3.10/site-packages/airflow/example_dags/example_params_ui_tutorial.py took 0.076 seconds
[2025-05-06T23:38:41.091-0400] {processor.py:161} INFO - Started process (PID=92013) to work on /Users/asritabobba/Desktop/Mlops-project/MLOPs-Project/airflow310/lib/python3.10/site-packages/airflow/example_dags/example_params_ui_tutorial.py
[2025-05-06T23:38:41.092-0400] {processor.py:830} INFO - Processing file /Users/asritabobba/Desktop/Mlops-project/MLOPs-Project/airflow310/lib/python3.10/site-packages/airflow/example_dags/example_params_ui_tutorial.py for tasks to queue
[2025-05-06T23:38:41.092-0400] {logging_mixin.py:188} INFO - [2025-05-06T23:38:41.092-0400] {dagbag.py:538} INFO - Filling up the DagBag from /Users/asritabobba/Desktop/Mlops-project/MLOPs-Project/airflow310/lib/python3.10/site-packages/airflow/example_dags/example_params_ui_tutorial.py
[2025-05-06T23:38:41.123-0400] {processor.py:840} INFO - DAG(s) 'example_params_ui_tutorial' retrieved from /Users/asritabobba/Desktop/Mlops-project/MLOPs-Project/airflow310/lib/python3.10/site-packages/airflow/example_dags/example_params_ui_tutorial.py
[2025-05-06T23:38:41.160-0400] {logging_mixin.py:188} INFO - [2025-05-06T23:38:41.160-0400] {dag.py:3036} INFO - Sync 1 DAGs
[2025-05-06T23:38:41.163-0400] {logging_mixin.py:188} INFO - [2025-05-06T23:38:41.163-0400] {dag.py:3823} INFO - Setting next_dagrun for example_params_ui_tutorial to None, run_after=None
[2025-05-06T23:38:41.168-0400] {processor.py:183} INFO - Processing /Users/asritabobba/Desktop/Mlops-project/MLOPs-Project/airflow310/lib/python3.10/site-packages/airflow/example_dags/example_params_ui_tutorial.py took 0.078 seconds
[2025-05-06T23:40:14.957-0400] {processor.py:161} INFO - Started process (PID=92094) to work on /Users/asritabobba/Desktop/Mlops-project/MLOPs-Project/airflow310/lib/python3.10/site-packages/airflow/example_dags/example_params_ui_tutorial.py
[2025-05-06T23:40:14.958-0400] {processor.py:830} INFO - Processing file /Users/asritabobba/Desktop/Mlops-project/MLOPs-Project/airflow310/lib/python3.10/site-packages/airflow/example_dags/example_params_ui_tutorial.py for tasks to queue
[2025-05-06T23:40:14.959-0400] {logging_mixin.py:188} INFO - [2025-05-06T23:40:14.959-0400] {dagbag.py:538} INFO - Filling up the DagBag from /Users/asritabobba/Desktop/Mlops-project/MLOPs-Project/airflow310/lib/python3.10/site-packages/airflow/example_dags/example_params_ui_tutorial.py
[2025-05-06T23:40:14.990-0400] {processor.py:840} INFO - DAG(s) 'example_params_ui_tutorial' retrieved from /Users/asritabobba/Desktop/Mlops-project/MLOPs-Project/airflow310/lib/python3.10/site-packages/airflow/example_dags/example_params_ui_tutorial.py
[2025-05-06T23:40:15.028-0400] {logging_mixin.py:188} INFO - [2025-05-06T23:40:15.028-0400] {dag.py:3036} INFO - Sync 1 DAGs
[2025-05-06T23:40:15.032-0400] {logging_mixin.py:188} INFO - [2025-05-06T23:40:15.032-0400] {dag.py:3823} INFO - Setting next_dagrun for example_params_ui_tutorial to None, run_after=None
[2025-05-06T23:40:15.037-0400] {processor.py:183} INFO - Processing /Users/asritabobba/Desktop/Mlops-project/MLOPs-Project/airflow310/lib/python3.10/site-packages/airflow/example_dags/example_params_ui_tutorial.py took 0.080 seconds
[2025-05-06T23:41:56.128-0400] {processor.py:161} INFO - Started process (PID=92246) to work on /Users/asritabobba/Desktop/Mlops-project/MLOPs-Project/airflow310/lib/python3.10/site-packages/airflow/example_dags/example_params_ui_tutorial.py
[2025-05-06T23:41:56.129-0400] {processor.py:830} INFO - Processing file /Users/asritabobba/Desktop/Mlops-project/MLOPs-Project/airflow310/lib/python3.10/site-packages/airflow/example_dags/example_params_ui_tutorial.py for tasks to queue
[2025-05-06T23:41:56.129-0400] {logging_mixin.py:188} INFO - [2025-05-06T23:41:56.129-0400] {dagbag.py:538} INFO - Filling up the DagBag from /Users/asritabobba/Desktop/Mlops-project/MLOPs-Project/airflow310/lib/python3.10/site-packages/airflow/example_dags/example_params_ui_tutorial.py
[2025-05-06T23:41:56.160-0400] {processor.py:840} INFO - DAG(s) 'example_params_ui_tutorial' retrieved from /Users/asritabobba/Desktop/Mlops-project/MLOPs-Project/airflow310/lib/python3.10/site-packages/airflow/example_dags/example_params_ui_tutorial.py
[2025-05-06T23:41:56.197-0400] {logging_mixin.py:188} INFO - [2025-05-06T23:41:56.197-0400] {dag.py:3036} INFO - Sync 1 DAGs
[2025-05-06T23:41:56.200-0400] {logging_mixin.py:188} INFO - [2025-05-06T23:41:56.200-0400] {dag.py:3823} INFO - Setting next_dagrun for example_params_ui_tutorial to None, run_after=None
[2025-05-06T23:41:56.206-0400] {processor.py:183} INFO - Processing /Users/asritabobba/Desktop/Mlops-project/MLOPs-Project/airflow310/lib/python3.10/site-packages/airflow/example_dags/example_params_ui_tutorial.py took 0.078 seconds
