[2025-05-06T23:35:57.978-0400] {processor.py:161} INFO - Started process (PID=91845) to work on /Users/asritabobba/Desktop/Mlops-project/MLOPs-Project/airflow310/lib/python3.10/site-packages/airflow/example_dags/example_dynamic_task_mapping.py
[2025-05-06T23:35:57.978-0400] {processor.py:830} INFO - Processing file /Users/asritabobba/Desktop/Mlops-project/MLOPs-Project/airflow310/lib/python3.10/site-packages/airflow/example_dags/example_dynamic_task_mapping.py for tasks to queue
[2025-05-06T23:35:57.979-0400] {logging_mixin.py:188} INFO - [2025-05-06T23:35:57.979-0400] {dagbag.py:538} INFO - Filling up the DagBag from /Users/asritabobba/Desktop/Mlops-project/MLOPs-Project/airflow310/lib/python3.10/site-packages/airflow/example_dags/example_dynamic_task_mapping.py
[2025-05-06T23:35:58.010-0400] {processor.py:840} INFO - DAG(s) 'example_dynamic_task_mapping' retrieved from /Users/asritabobba/Desktop/Mlops-project/MLOPs-Project/airflow310/lib/python3.10/site-packages/airflow/example_dags/example_dynamic_task_mapping.py
[2025-05-06T23:35:58.066-0400] {logging_mixin.py:188} INFO - [2025-05-06T23:35:58.066-0400] {dag.py:3036} INFO - Sync 1 DAGs
[2025-05-06T23:35:58.071-0400] {logging_mixin.py:188} INFO - [2025-05-06T23:35:58.071-0400] {dag.py:3823} INFO - Setting next_dagrun for example_dynamic_task_mapping to 2022-03-04 00:00:00+00:00, run_after=2022-03-05 00:00:00+00:00
[2025-05-06T23:35:58.077-0400] {processor.py:183} INFO - Processing /Users/asritabobba/Desktop/Mlops-project/MLOPs-Project/airflow310/lib/python3.10/site-packages/airflow/example_dags/example_dynamic_task_mapping.py took 0.099 seconds
[2025-05-06T23:37:39.486-0400] {processor.py:161} INFO - Started process (PID=91958) to work on /Users/asritabobba/Desktop/Mlops-project/MLOPs-Project/airflow310/lib/python3.10/site-packages/airflow/example_dags/example_dynamic_task_mapping.py
[2025-05-06T23:37:39.487-0400] {processor.py:830} INFO - Processing file /Users/asritabobba/Desktop/Mlops-project/MLOPs-Project/airflow310/lib/python3.10/site-packages/airflow/example_dags/example_dynamic_task_mapping.py for tasks to queue
[2025-05-06T23:37:39.487-0400] {logging_mixin.py:188} INFO - [2025-05-06T23:37:39.487-0400] {dagbag.py:538} INFO - Filling up the DagBag from /Users/asritabobba/Desktop/Mlops-project/MLOPs-Project/airflow310/lib/python3.10/site-packages/airflow/example_dags/example_dynamic_task_mapping.py
[2025-05-06T23:37:39.515-0400] {processor.py:840} INFO - DAG(s) 'example_dynamic_task_mapping' retrieved from /Users/asritabobba/Desktop/Mlops-project/MLOPs-Project/airflow310/lib/python3.10/site-packages/airflow/example_dags/example_dynamic_task_mapping.py
[2025-05-06T23:37:39.544-0400] {logging_mixin.py:188} INFO - [2025-05-06T23:37:39.544-0400] {dag.py:3036} INFO - Sync 1 DAGs
[2025-05-06T23:37:39.549-0400] {logging_mixin.py:188} INFO - [2025-05-06T23:37:39.549-0400] {dag.py:3823} INFO - Setting next_dagrun for example_dynamic_task_mapping to 2022-03-04 00:00:00+00:00, run_after=2022-03-05 00:00:00+00:00
[2025-05-06T23:37:39.555-0400] {processor.py:183} INFO - Processing /Users/asritabobba/Desktop/Mlops-project/MLOPs-Project/airflow310/lib/python3.10/site-packages/airflow/example_dags/example_dynamic_task_mapping.py took 0.069 seconds
[2025-05-06T23:39:17.464-0400] {processor.py:161} INFO - Started process (PID=92039) to work on /Users/asritabobba/Desktop/Mlops-project/MLOPs-Project/airflow310/lib/python3.10/site-packages/airflow/example_dags/example_dynamic_task_mapping.py
[2025-05-06T23:39:17.464-0400] {processor.py:830} INFO - Processing file /Users/asritabobba/Desktop/Mlops-project/MLOPs-Project/airflow310/lib/python3.10/site-packages/airflow/example_dags/example_dynamic_task_mapping.py for tasks to queue
[2025-05-06T23:39:17.465-0400] {logging_mixin.py:188} INFO - [2025-05-06T23:39:17.465-0400] {dagbag.py:538} INFO - Filling up the DagBag from /Users/asritabobba/Desktop/Mlops-project/MLOPs-Project/airflow310/lib/python3.10/site-packages/airflow/example_dags/example_dynamic_task_mapping.py
[2025-05-06T23:39:17.495-0400] {processor.py:840} INFO - DAG(s) 'example_dynamic_task_mapping' retrieved from /Users/asritabobba/Desktop/Mlops-project/MLOPs-Project/airflow310/lib/python3.10/site-packages/airflow/example_dags/example_dynamic_task_mapping.py
[2025-05-06T23:39:17.526-0400] {logging_mixin.py:188} INFO - [2025-05-06T23:39:17.526-0400] {dag.py:3036} INFO - Sync 1 DAGs
[2025-05-06T23:39:17.532-0400] {logging_mixin.py:188} INFO - [2025-05-06T23:39:17.532-0400] {dag.py:3823} INFO - Setting next_dagrun for example_dynamic_task_mapping to 2022-03-04 00:00:00+00:00, run_after=2022-03-05 00:00:00+00:00
[2025-05-06T23:39:17.537-0400] {processor.py:183} INFO - Processing /Users/asritabobba/Desktop/Mlops-project/MLOPs-Project/airflow310/lib/python3.10/site-packages/airflow/example_dags/example_dynamic_task_mapping.py took 0.074 seconds
[2025-05-06T23:40:50.674-0400] {processor.py:161} INFO - Started process (PID=92166) to work on /Users/asritabobba/Desktop/Mlops-project/MLOPs-Project/airflow310/lib/python3.10/site-packages/airflow/example_dags/example_dynamic_task_mapping.py
[2025-05-06T23:40:50.674-0400] {processor.py:830} INFO - Processing file /Users/asritabobba/Desktop/Mlops-project/MLOPs-Project/airflow310/lib/python3.10/site-packages/airflow/example_dags/example_dynamic_task_mapping.py for tasks to queue
[2025-05-06T23:40:50.675-0400] {logging_mixin.py:188} INFO - [2025-05-06T23:40:50.675-0400] {dagbag.py:538} INFO - Filling up the DagBag from /Users/asritabobba/Desktop/Mlops-project/MLOPs-Project/airflow310/lib/python3.10/site-packages/airflow/example_dags/example_dynamic_task_mapping.py
[2025-05-06T23:40:50.705-0400] {processor.py:840} INFO - DAG(s) 'example_dynamic_task_mapping' retrieved from /Users/asritabobba/Desktop/Mlops-project/MLOPs-Project/airflow310/lib/python3.10/site-packages/airflow/example_dags/example_dynamic_task_mapping.py
[2025-05-06T23:40:50.733-0400] {logging_mixin.py:188} INFO - [2025-05-06T23:40:50.733-0400] {dag.py:3036} INFO - Sync 1 DAGs
[2025-05-06T23:40:50.739-0400] {logging_mixin.py:188} INFO - [2025-05-06T23:40:50.738-0400] {dag.py:3823} INFO - Setting next_dagrun for example_dynamic_task_mapping to 2022-03-04 00:00:00+00:00, run_after=2022-03-05 00:00:00+00:00
[2025-05-06T23:40:50.744-0400] {processor.py:183} INFO - Processing /Users/asritabobba/Desktop/Mlops-project/MLOPs-Project/airflow310/lib/python3.10/site-packages/airflow/example_dags/example_dynamic_task_mapping.py took 0.070 seconds
