[2025-05-06T23:35:13.297-0400] {processor.py:161} INFO - Started process (PID=91801) to work on /Users/asritabobba/Desktop/Mlops-project/MLOPs-Project/airflow310/lib/python3.10/site-packages/airflow/example_dags/example_trigger_target_dag.py
[2025-05-06T23:35:13.297-0400] {processor.py:830} INFO - Processing file /Users/asritabobba/Desktop/Mlops-project/MLOPs-Project/airflow310/lib/python3.10/site-packages/airflow/example_dags/example_trigger_target_dag.py for tasks to queue
[2025-05-06T23:35:13.297-0400] {logging_mixin.py:188} INFO - [2025-05-06T23:35:13.297-0400] {dagbag.py:538} INFO - Filling up the DagBag from /Users/asritabobba/Desktop/Mlops-project/MLOPs-Project/airflow310/lib/python3.10/site-packages/airflow/example_dags/example_trigger_target_dag.py
[2025-05-06T23:35:13.342-0400] {processor.py:840} INFO - DAG(s) 'example_trigger_target_dag' retrieved from /Users/asritabobba/Desktop/Mlops-project/MLOPs-Project/airflow310/lib/python3.10/site-packages/airflow/example_dags/example_trigger_target_dag.py
[2025-05-06T23:35:13.409-0400] {logging_mixin.py:188} INFO - [2025-05-06T23:35:13.409-0400] {dag.py:3036} INFO - Sync 1 DAGs
[2025-05-06T23:35:13.412-0400] {logging_mixin.py:188} INFO - [2025-05-06T23:35:13.412-0400] {dag.py:3823} INFO - Setting next_dagrun for example_trigger_target_dag to None, run_after=None
[2025-05-06T23:35:13.419-0400] {processor.py:183} INFO - Processing /Users/asritabobba/Desktop/Mlops-project/MLOPs-Project/airflow310/lib/python3.10/site-packages/airflow/example_dags/example_trigger_target_dag.py took 0.123 seconds
[2025-05-06T23:36:37.411-0400] {processor.py:161} INFO - Started process (PID=91892) to work on /Users/asritabobba/Desktop/Mlops-project/MLOPs-Project/airflow310/lib/python3.10/site-packages/airflow/example_dags/example_trigger_target_dag.py
[2025-05-06T23:36:37.412-0400] {processor.py:830} INFO - Processing file /Users/asritabobba/Desktop/Mlops-project/MLOPs-Project/airflow310/lib/python3.10/site-packages/airflow/example_dags/example_trigger_target_dag.py for tasks to queue
[2025-05-06T23:36:37.412-0400] {logging_mixin.py:188} INFO - [2025-05-06T23:36:37.412-0400] {dagbag.py:538} INFO - Filling up the DagBag from /Users/asritabobba/Desktop/Mlops-project/MLOPs-Project/airflow310/lib/python3.10/site-packages/airflow/example_dags/example_trigger_target_dag.py
[2025-05-06T23:36:37.440-0400] {processor.py:840} INFO - DAG(s) 'example_trigger_target_dag' retrieved from /Users/asritabobba/Desktop/Mlops-project/MLOPs-Project/airflow310/lib/python3.10/site-packages/airflow/example_dags/example_trigger_target_dag.py
[2025-05-06T23:36:37.469-0400] {logging_mixin.py:188} INFO - [2025-05-06T23:36:37.469-0400] {dag.py:3036} INFO - Sync 1 DAGs
[2025-05-06T23:36:37.471-0400] {logging_mixin.py:188} INFO - [2025-05-06T23:36:37.471-0400] {dag.py:3823} INFO - Setting next_dagrun for example_trigger_target_dag to None, run_after=None
[2025-05-06T23:36:37.477-0400] {processor.py:183} INFO - Processing /Users/asritabobba/Desktop/Mlops-project/MLOPs-Project/airflow310/lib/python3.10/site-packages/airflow/example_dags/example_trigger_target_dag.py took 0.067 seconds
[2025-05-06T23:37:28.159-0400] {processor.py:161} INFO - Started process (PID=91948) to work on /Users/asritabobba/Desktop/Mlops-project/MLOPs-Project/airflow310/lib/python3.10/site-packages/airflow/example_dags/example_trigger_target_dag.py
[2025-05-06T23:37:28.159-0400] {processor.py:830} INFO - Processing file /Users/asritabobba/Desktop/Mlops-project/MLOPs-Project/airflow310/lib/python3.10/site-packages/airflow/example_dags/example_trigger_target_dag.py for tasks to queue
[2025-05-06T23:37:28.160-0400] {logging_mixin.py:188} INFO - [2025-05-06T23:37:28.160-0400] {dagbag.py:538} INFO - Filling up the DagBag from /Users/asritabobba/Desktop/Mlops-project/MLOPs-Project/airflow310/lib/python3.10/site-packages/airflow/example_dags/example_trigger_target_dag.py
[2025-05-06T23:37:28.189-0400] {processor.py:840} INFO - DAG(s) 'example_trigger_target_dag' retrieved from /Users/asritabobba/Desktop/Mlops-project/MLOPs-Project/airflow310/lib/python3.10/site-packages/airflow/example_dags/example_trigger_target_dag.py
[2025-05-06T23:37:28.219-0400] {logging_mixin.py:188} INFO - [2025-05-06T23:37:28.219-0400] {dag.py:3036} INFO - Sync 1 DAGs
[2025-05-06T23:37:28.222-0400] {logging_mixin.py:188} INFO - [2025-05-06T23:37:28.222-0400] {dag.py:3823} INFO - Setting next_dagrun for example_trigger_target_dag to None, run_after=None
[2025-05-06T23:37:28.228-0400] {processor.py:183} INFO - Processing /Users/asritabobba/Desktop/Mlops-project/MLOPs-Project/airflow310/lib/python3.10/site-packages/airflow/example_dags/example_trigger_target_dag.py took 0.069 seconds
[2025-05-06T23:39:04.900-0400] {processor.py:161} INFO - Started process (PID=92030) to work on /Users/asritabobba/Desktop/Mlops-project/MLOPs-Project/airflow310/lib/python3.10/site-packages/airflow/example_dags/example_trigger_target_dag.py
[2025-05-06T23:39:04.901-0400] {processor.py:830} INFO - Processing file /Users/asritabobba/Desktop/Mlops-project/MLOPs-Project/airflow310/lib/python3.10/site-packages/airflow/example_dags/example_trigger_target_dag.py for tasks to queue
[2025-05-06T23:39:04.901-0400] {logging_mixin.py:188} INFO - [2025-05-06T23:39:04.901-0400] {dagbag.py:538} INFO - Filling up the DagBag from /Users/asritabobba/Desktop/Mlops-project/MLOPs-Project/airflow310/lib/python3.10/site-packages/airflow/example_dags/example_trigger_target_dag.py
[2025-05-06T23:39:04.930-0400] {processor.py:840} INFO - DAG(s) 'example_trigger_target_dag' retrieved from /Users/asritabobba/Desktop/Mlops-project/MLOPs-Project/airflow310/lib/python3.10/site-packages/airflow/example_dags/example_trigger_target_dag.py
[2025-05-06T23:39:04.959-0400] {logging_mixin.py:188} INFO - [2025-05-06T23:39:04.958-0400] {dag.py:3036} INFO - Sync 1 DAGs
[2025-05-06T23:39:04.961-0400] {logging_mixin.py:188} INFO - [2025-05-06T23:39:04.961-0400] {dag.py:3823} INFO - Setting next_dagrun for example_trigger_target_dag to None, run_after=None
[2025-05-06T23:39:04.967-0400] {processor.py:183} INFO - Processing /Users/asritabobba/Desktop/Mlops-project/MLOPs-Project/airflow310/lib/python3.10/site-packages/airflow/example_dags/example_trigger_target_dag.py took 0.067 seconds
[2025-05-06T23:40:36.949-0400] {processor.py:161} INFO - Started process (PID=92125) to work on /Users/asritabobba/Desktop/Mlops-project/MLOPs-Project/airflow310/lib/python3.10/site-packages/airflow/example_dags/example_trigger_target_dag.py
[2025-05-06T23:40:36.950-0400] {processor.py:830} INFO - Processing file /Users/asritabobba/Desktop/Mlops-project/MLOPs-Project/airflow310/lib/python3.10/site-packages/airflow/example_dags/example_trigger_target_dag.py for tasks to queue
[2025-05-06T23:40:36.950-0400] {logging_mixin.py:188} INFO - [2025-05-06T23:40:36.950-0400] {dagbag.py:538} INFO - Filling up the DagBag from /Users/asritabobba/Desktop/Mlops-project/MLOPs-Project/airflow310/lib/python3.10/site-packages/airflow/example_dags/example_trigger_target_dag.py
[2025-05-06T23:40:36.984-0400] {processor.py:840} INFO - DAG(s) 'example_trigger_target_dag' retrieved from /Users/asritabobba/Desktop/Mlops-project/MLOPs-Project/airflow310/lib/python3.10/site-packages/airflow/example_dags/example_trigger_target_dag.py
[2025-05-06T23:40:37.015-0400] {logging_mixin.py:188} INFO - [2025-05-06T23:40:37.015-0400] {dag.py:3036} INFO - Sync 1 DAGs
[2025-05-06T23:40:37.018-0400] {logging_mixin.py:188} INFO - [2025-05-06T23:40:37.018-0400] {dag.py:3823} INFO - Setting next_dagrun for example_trigger_target_dag to None, run_after=None
[2025-05-06T23:40:37.025-0400] {processor.py:183} INFO - Processing /Users/asritabobba/Desktop/Mlops-project/MLOPs-Project/airflow310/lib/python3.10/site-packages/airflow/example_dags/example_trigger_target_dag.py took 0.077 seconds
[2025-05-06T23:41:28.910-0400] {processor.py:161} INFO - Started process (PID=92229) to work on /Users/asritabobba/Desktop/Mlops-project/MLOPs-Project/airflow310/lib/python3.10/site-packages/airflow/example_dags/example_trigger_target_dag.py
[2025-05-06T23:41:28.910-0400] {processor.py:830} INFO - Processing file /Users/asritabobba/Desktop/Mlops-project/MLOPs-Project/airflow310/lib/python3.10/site-packages/airflow/example_dags/example_trigger_target_dag.py for tasks to queue
[2025-05-06T23:41:28.910-0400] {logging_mixin.py:188} INFO - [2025-05-06T23:41:28.910-0400] {dagbag.py:538} INFO - Filling up the DagBag from /Users/asritabobba/Desktop/Mlops-project/MLOPs-Project/airflow310/lib/python3.10/site-packages/airflow/example_dags/example_trigger_target_dag.py
[2025-05-06T23:41:28.939-0400] {processor.py:840} INFO - DAG(s) 'example_trigger_target_dag' retrieved from /Users/asritabobba/Desktop/Mlops-project/MLOPs-Project/airflow310/lib/python3.10/site-packages/airflow/example_dags/example_trigger_target_dag.py
[2025-05-06T23:41:28.967-0400] {logging_mixin.py:188} INFO - [2025-05-06T23:41:28.967-0400] {dag.py:3036} INFO - Sync 1 DAGs
[2025-05-06T23:41:28.970-0400] {logging_mixin.py:188} INFO - [2025-05-06T23:41:28.970-0400] {dag.py:3823} INFO - Setting next_dagrun for example_trigger_target_dag to None, run_after=None
[2025-05-06T23:41:28.976-0400] {processor.py:183} INFO - Processing /Users/asritabobba/Desktop/Mlops-project/MLOPs-Project/airflow310/lib/python3.10/site-packages/airflow/example_dags/example_trigger_target_dag.py took 0.067 seconds
[2025-05-06T23:42:21.941-0400] {processor.py:161} INFO - Started process (PID=92264) to work on /Users/asritabobba/Desktop/Mlops-project/MLOPs-Project/airflow310/lib/python3.10/site-packages/airflow/example_dags/example_trigger_target_dag.py
[2025-05-06T23:42:21.941-0400] {processor.py:830} INFO - Processing file /Users/asritabobba/Desktop/Mlops-project/MLOPs-Project/airflow310/lib/python3.10/site-packages/airflow/example_dags/example_trigger_target_dag.py for tasks to queue
[2025-05-06T23:42:21.941-0400] {logging_mixin.py:188} INFO - [2025-05-06T23:42:21.941-0400] {dagbag.py:538} INFO - Filling up the DagBag from /Users/asritabobba/Desktop/Mlops-project/MLOPs-Project/airflow310/lib/python3.10/site-packages/airflow/example_dags/example_trigger_target_dag.py
[2025-05-06T23:42:21.975-0400] {processor.py:840} INFO - DAG(s) 'example_trigger_target_dag' retrieved from /Users/asritabobba/Desktop/Mlops-project/MLOPs-Project/airflow310/lib/python3.10/site-packages/airflow/example_dags/example_trigger_target_dag.py
[2025-05-06T23:42:22.006-0400] {logging_mixin.py:188} INFO - [2025-05-06T23:42:22.006-0400] {dag.py:3036} INFO - Sync 1 DAGs
[2025-05-06T23:42:22.008-0400] {logging_mixin.py:188} INFO - [2025-05-06T23:42:22.008-0400] {dag.py:3823} INFO - Setting next_dagrun for example_trigger_target_dag to None, run_after=None
[2025-05-06T23:42:22.015-0400] {processor.py:183} INFO - Processing /Users/asritabobba/Desktop/Mlops-project/MLOPs-Project/airflow310/lib/python3.10/site-packages/airflow/example_dags/example_trigger_target_dag.py took 0.075 seconds
