[2025-05-06T23:35:44.116-0400] {processor.py:161} INFO - Started process (PID=91831) to work on /Users/asritabobba/Desktop/Mlops-project/MLOPs-Project/airflow310/lib/python3.10/site-packages/airflow/example_dags/example_params_trigger_ui.py
[2025-05-06T23:35:44.116-0400] {processor.py:830} INFO - Processing file /Users/asritabobba/Desktop/Mlops-project/MLOPs-Project/airflow310/lib/python3.10/site-packages/airflow/example_dags/example_params_trigger_ui.py for tasks to queue
[2025-05-06T23:35:44.116-0400] {logging_mixin.py:188} INFO - [2025-05-06T23:35:44.116-0400] {dagbag.py:538} INFO - Filling up the DagBag from /Users/asritabobba/Desktop/Mlops-project/MLOPs-Project/airflow310/lib/python3.10/site-packages/airflow/example_dags/example_params_trigger_ui.py
[2025-05-06T23:35:44.147-0400] {processor.py:840} INFO - DAG(s) 'example_params_trigger_ui' retrieved from /Users/asritabobba/Desktop/Mlops-project/MLOPs-Project/airflow310/lib/python3.10/site-packages/airflow/example_dags/example_params_trigger_ui.py
[2025-05-06T23:35:44.208-0400] {logging_mixin.py:188} INFO - [2025-05-06T23:35:44.208-0400] {dag.py:3036} INFO - Sync 1 DAGs
[2025-05-06T23:35:44.210-0400] {logging_mixin.py:188} INFO - [2025-05-06T23:35:44.210-0400] {dag.py:3823} INFO - Setting next_dagrun for example_params_trigger_ui to None, run_after=None
[2025-05-06T23:35:44.216-0400] {processor.py:183} INFO - Processing /Users/asritabobba/Desktop/Mlops-project/MLOPs-Project/airflow310/lib/python3.10/site-packages/airflow/example_dags/example_params_trigger_ui.py took 0.101 seconds
[2025-05-06T23:37:06.496-0400] {processor.py:161} INFO - Started process (PID=91924) to work on /Users/asritabobba/Desktop/Mlops-project/MLOPs-Project/airflow310/lib/python3.10/site-packages/airflow/example_dags/example_params_trigger_ui.py
[2025-05-06T23:37:06.497-0400] {processor.py:830} INFO - Processing file /Users/asritabobba/Desktop/Mlops-project/MLOPs-Project/airflow310/lib/python3.10/site-packages/airflow/example_dags/example_params_trigger_ui.py for tasks to queue
[2025-05-06T23:37:06.497-0400] {logging_mixin.py:188} INFO - [2025-05-06T23:37:06.497-0400] {dagbag.py:538} INFO - Filling up the DagBag from /Users/asritabobba/Desktop/Mlops-project/MLOPs-Project/airflow310/lib/python3.10/site-packages/airflow/example_dags/example_params_trigger_ui.py
[2025-05-06T23:37:06.527-0400] {processor.py:840} INFO - DAG(s) 'example_params_trigger_ui' retrieved from /Users/asritabobba/Desktop/Mlops-project/MLOPs-Project/airflow310/lib/python3.10/site-packages/airflow/example_dags/example_params_trigger_ui.py
[2025-05-06T23:37:06.563-0400] {logging_mixin.py:188} INFO - [2025-05-06T23:37:06.563-0400] {dag.py:3036} INFO - Sync 1 DAGs
[2025-05-06T23:37:06.566-0400] {logging_mixin.py:188} INFO - [2025-05-06T23:37:06.566-0400] {dag.py:3823} INFO - Setting next_dagrun for example_params_trigger_ui to None, run_after=None
[2025-05-06T23:37:06.572-0400] {processor.py:183} INFO - Processing /Users/asritabobba/Desktop/Mlops-project/MLOPs-Project/airflow310/lib/python3.10/site-packages/airflow/example_dags/example_params_trigger_ui.py took 0.076 seconds
[2025-05-06T23:38:42.762-0400] {processor.py:161} INFO - Started process (PID=92014) to work on /Users/asritabobba/Desktop/Mlops-project/MLOPs-Project/airflow310/lib/python3.10/site-packages/airflow/example_dags/example_params_trigger_ui.py
[2025-05-06T23:38:42.763-0400] {processor.py:830} INFO - Processing file /Users/asritabobba/Desktop/Mlops-project/MLOPs-Project/airflow310/lib/python3.10/site-packages/airflow/example_dags/example_params_trigger_ui.py for tasks to queue
[2025-05-06T23:38:42.764-0400] {logging_mixin.py:188} INFO - [2025-05-06T23:38:42.764-0400] {dagbag.py:538} INFO - Filling up the DagBag from /Users/asritabobba/Desktop/Mlops-project/MLOPs-Project/airflow310/lib/python3.10/site-packages/airflow/example_dags/example_params_trigger_ui.py
[2025-05-06T23:38:42.801-0400] {processor.py:840} INFO - DAG(s) 'example_params_trigger_ui' retrieved from /Users/asritabobba/Desktop/Mlops-project/MLOPs-Project/airflow310/lib/python3.10/site-packages/airflow/example_dags/example_params_trigger_ui.py
[2025-05-06T23:38:42.842-0400] {logging_mixin.py:188} INFO - [2025-05-06T23:38:42.841-0400] {dag.py:3036} INFO - Sync 1 DAGs
[2025-05-06T23:38:42.845-0400] {logging_mixin.py:188} INFO - [2025-05-06T23:38:42.845-0400] {dag.py:3823} INFO - Setting next_dagrun for example_params_trigger_ui to None, run_after=None
[2025-05-06T23:38:42.853-0400] {processor.py:183} INFO - Processing /Users/asritabobba/Desktop/Mlops-project/MLOPs-Project/airflow310/lib/python3.10/site-packages/airflow/example_dags/example_params_trigger_ui.py took 0.091 seconds
[2025-05-06T23:40:16.628-0400] {processor.py:161} INFO - Started process (PID=92095) to work on /Users/asritabobba/Desktop/Mlops-project/MLOPs-Project/airflow310/lib/python3.10/site-packages/airflow/example_dags/example_params_trigger_ui.py
[2025-05-06T23:40:16.629-0400] {processor.py:830} INFO - Processing file /Users/asritabobba/Desktop/Mlops-project/MLOPs-Project/airflow310/lib/python3.10/site-packages/airflow/example_dags/example_params_trigger_ui.py for tasks to queue
[2025-05-06T23:40:16.629-0400] {logging_mixin.py:188} INFO - [2025-05-06T23:40:16.629-0400] {dagbag.py:538} INFO - Filling up the DagBag from /Users/asritabobba/Desktop/Mlops-project/MLOPs-Project/airflow310/lib/python3.10/site-packages/airflow/example_dags/example_params_trigger_ui.py
[2025-05-06T23:40:16.662-0400] {processor.py:840} INFO - DAG(s) 'example_params_trigger_ui' retrieved from /Users/asritabobba/Desktop/Mlops-project/MLOPs-Project/airflow310/lib/python3.10/site-packages/airflow/example_dags/example_params_trigger_ui.py
[2025-05-06T23:40:16.700-0400] {logging_mixin.py:188} INFO - [2025-05-06T23:40:16.699-0400] {dag.py:3036} INFO - Sync 1 DAGs
[2025-05-06T23:40:16.703-0400] {logging_mixin.py:188} INFO - [2025-05-06T23:40:16.703-0400] {dag.py:3823} INFO - Setting next_dagrun for example_params_trigger_ui to None, run_after=None
[2025-05-06T23:40:16.709-0400] {processor.py:183} INFO - Processing /Users/asritabobba/Desktop/Mlops-project/MLOPs-Project/airflow310/lib/python3.10/site-packages/airflow/example_dags/example_params_trigger_ui.py took 0.081 seconds
[2025-05-06T23:41:57.916-0400] {processor.py:161} INFO - Started process (PID=92248) to work on /Users/asritabobba/Desktop/Mlops-project/MLOPs-Project/airflow310/lib/python3.10/site-packages/airflow/example_dags/example_params_trigger_ui.py
[2025-05-06T23:41:57.917-0400] {processor.py:830} INFO - Processing file /Users/asritabobba/Desktop/Mlops-project/MLOPs-Project/airflow310/lib/python3.10/site-packages/airflow/example_dags/example_params_trigger_ui.py for tasks to queue
[2025-05-06T23:41:57.917-0400] {logging_mixin.py:188} INFO - [2025-05-06T23:41:57.917-0400] {dagbag.py:538} INFO - Filling up the DagBag from /Users/asritabobba/Desktop/Mlops-project/MLOPs-Project/airflow310/lib/python3.10/site-packages/airflow/example_dags/example_params_trigger_ui.py
[2025-05-06T23:41:57.950-0400] {processor.py:840} INFO - DAG(s) 'example_params_trigger_ui' retrieved from /Users/asritabobba/Desktop/Mlops-project/MLOPs-Project/airflow310/lib/python3.10/site-packages/airflow/example_dags/example_params_trigger_ui.py
[2025-05-06T23:41:57.988-0400] {logging_mixin.py:188} INFO - [2025-05-06T23:41:57.987-0400] {dag.py:3036} INFO - Sync 1 DAGs
[2025-05-06T23:41:57.991-0400] {logging_mixin.py:188} INFO - [2025-05-06T23:41:57.991-0400] {dag.py:3823} INFO - Setting next_dagrun for example_params_trigger_ui to None, run_after=None
[2025-05-06T23:41:57.997-0400] {processor.py:183} INFO - Processing /Users/asritabobba/Desktop/Mlops-project/MLOPs-Project/airflow310/lib/python3.10/site-packages/airflow/example_dags/example_params_trigger_ui.py took 0.081 seconds
