[2025-05-06T23:35:28.742-0400] {processor.py:161} INFO - Started process (PID=91813) to work on /Users/asritabobba/Desktop/Mlops-project/MLOPs-Project/airflow310/lib/python3.10/site-packages/airflow/example_dags/example_short_circuit_decorator.py
[2025-05-06T23:35:28.742-0400] {processor.py:830} INFO - Processing file /Users/asritabobba/Desktop/Mlops-project/MLOPs-Project/airflow310/lib/python3.10/site-packages/airflow/example_dags/example_short_circuit_decorator.py for tasks to queue
[2025-05-06T23:35:28.742-0400] {logging_mixin.py:188} INFO - [2025-05-06T23:35:28.742-0400] {dagbag.py:538} INFO - Filling up the DagBag from /Users/asritabobba/Desktop/Mlops-project/MLOPs-Project/airflow310/lib/python3.10/site-packages/airflow/example_dags/example_short_circuit_decorator.py
[2025-05-06T23:35:28.773-0400] {processor.py:840} INFO - DAG(s) 'example_short_circuit_decorator' retrieved from /Users/asritabobba/Desktop/Mlops-project/MLOPs-Project/airflow310/lib/python3.10/site-packages/airflow/example_dags/example_short_circuit_decorator.py
[2025-05-06T23:35:28.829-0400] {logging_mixin.py:188} INFO - [2025-05-06T23:35:28.829-0400] {dag.py:3036} INFO - Sync 1 DAGs
[2025-05-06T23:35:28.834-0400] {logging_mixin.py:188} INFO - [2025-05-06T23:35:28.834-0400] {dag.py:3823} INFO - Setting next_dagrun for example_short_circuit_decorator to 2025-05-06 00:00:00+00:00, run_after=2025-05-07 00:00:00+00:00
[2025-05-06T23:35:28.840-0400] {processor.py:183} INFO - Processing /Users/asritabobba/Desktop/Mlops-project/MLOPs-Project/airflow310/lib/python3.10/site-packages/airflow/example_dags/example_short_circuit_decorator.py took 0.098 seconds
[2025-05-06T23:36:51.713-0400] {processor.py:161} INFO - Started process (PID=91908) to work on /Users/asritabobba/Desktop/Mlops-project/MLOPs-Project/airflow310/lib/python3.10/site-packages/airflow/example_dags/example_short_circuit_decorator.py
[2025-05-06T23:36:51.714-0400] {processor.py:830} INFO - Processing file /Users/asritabobba/Desktop/Mlops-project/MLOPs-Project/airflow310/lib/python3.10/site-packages/airflow/example_dags/example_short_circuit_decorator.py for tasks to queue
[2025-05-06T23:36:51.714-0400] {logging_mixin.py:188} INFO - [2025-05-06T23:36:51.714-0400] {dagbag.py:538} INFO - Filling up the DagBag from /Users/asritabobba/Desktop/Mlops-project/MLOPs-Project/airflow310/lib/python3.10/site-packages/airflow/example_dags/example_short_circuit_decorator.py
[2025-05-06T23:36:51.744-0400] {processor.py:840} INFO - DAG(s) 'example_short_circuit_decorator' retrieved from /Users/asritabobba/Desktop/Mlops-project/MLOPs-Project/airflow310/lib/python3.10/site-packages/airflow/example_dags/example_short_circuit_decorator.py
[2025-05-06T23:36:51.774-0400] {logging_mixin.py:188} INFO - [2025-05-06T23:36:51.774-0400] {dag.py:3036} INFO - Sync 1 DAGs
[2025-05-06T23:36:51.780-0400] {logging_mixin.py:188} INFO - [2025-05-06T23:36:51.780-0400] {dag.py:3823} INFO - Setting next_dagrun for example_short_circuit_decorator to 2025-05-06 00:00:00+00:00, run_after=2025-05-07 00:00:00+00:00
[2025-05-06T23:36:51.786-0400] {processor.py:183} INFO - Processing /Users/asritabobba/Desktop/Mlops-project/MLOPs-Project/airflow310/lib/python3.10/site-packages/airflow/example_dags/example_short_circuit_decorator.py took 0.073 seconds
[2025-05-06T23:38:27.629-0400] {processor.py:161} INFO - Started process (PID=92004) to work on /Users/asritabobba/Desktop/Mlops-project/MLOPs-Project/airflow310/lib/python3.10/site-packages/airflow/example_dags/example_short_circuit_decorator.py
[2025-05-06T23:38:27.630-0400] {processor.py:830} INFO - Processing file /Users/asritabobba/Desktop/Mlops-project/MLOPs-Project/airflow310/lib/python3.10/site-packages/airflow/example_dags/example_short_circuit_decorator.py for tasks to queue
[2025-05-06T23:38:27.630-0400] {logging_mixin.py:188} INFO - [2025-05-06T23:38:27.630-0400] {dagbag.py:538} INFO - Filling up the DagBag from /Users/asritabobba/Desktop/Mlops-project/MLOPs-Project/airflow310/lib/python3.10/site-packages/airflow/example_dags/example_short_circuit_decorator.py
[2025-05-06T23:38:27.660-0400] {processor.py:840} INFO - DAG(s) 'example_short_circuit_decorator' retrieved from /Users/asritabobba/Desktop/Mlops-project/MLOPs-Project/airflow310/lib/python3.10/site-packages/airflow/example_dags/example_short_circuit_decorator.py
[2025-05-06T23:38:27.691-0400] {logging_mixin.py:188} INFO - [2025-05-06T23:38:27.691-0400] {dag.py:3036} INFO - Sync 1 DAGs
[2025-05-06T23:38:27.696-0400] {logging_mixin.py:188} INFO - [2025-05-06T23:38:27.696-0400] {dag.py:3823} INFO - Setting next_dagrun for example_short_circuit_decorator to 2025-05-06 00:00:00+00:00, run_after=2025-05-07 00:00:00+00:00
[2025-05-06T23:38:27.702-0400] {processor.py:183} INFO - Processing /Users/asritabobba/Desktop/Mlops-project/MLOPs-Project/airflow310/lib/python3.10/site-packages/airflow/example_dags/example_short_circuit_decorator.py took 0.073 seconds
[2025-05-06T23:40:03.276-0400] {processor.py:161} INFO - Started process (PID=92085) to work on /Users/asritabobba/Desktop/Mlops-project/MLOPs-Project/airflow310/lib/python3.10/site-packages/airflow/example_dags/example_short_circuit_decorator.py
[2025-05-06T23:40:03.277-0400] {processor.py:830} INFO - Processing file /Users/asritabobba/Desktop/Mlops-project/MLOPs-Project/airflow310/lib/python3.10/site-packages/airflow/example_dags/example_short_circuit_decorator.py for tasks to queue
[2025-05-06T23:40:03.277-0400] {logging_mixin.py:188} INFO - [2025-05-06T23:40:03.277-0400] {dagbag.py:538} INFO - Filling up the DagBag from /Users/asritabobba/Desktop/Mlops-project/MLOPs-Project/airflow310/lib/python3.10/site-packages/airflow/example_dags/example_short_circuit_decorator.py
[2025-05-06T23:40:03.308-0400] {processor.py:840} INFO - DAG(s) 'example_short_circuit_decorator' retrieved from /Users/asritabobba/Desktop/Mlops-project/MLOPs-Project/airflow310/lib/python3.10/site-packages/airflow/example_dags/example_short_circuit_decorator.py
[2025-05-06T23:40:03.338-0400] {logging_mixin.py:188} INFO - [2025-05-06T23:40:03.338-0400] {dag.py:3036} INFO - Sync 1 DAGs
[2025-05-06T23:40:03.344-0400] {logging_mixin.py:188} INFO - [2025-05-06T23:40:03.344-0400] {dag.py:3823} INFO - Setting next_dagrun for example_short_circuit_decorator to 2025-05-06 00:00:00+00:00, run_after=2025-05-07 00:00:00+00:00
[2025-05-06T23:40:03.349-0400] {processor.py:183} INFO - Processing /Users/asritabobba/Desktop/Mlops-project/MLOPs-Project/airflow310/lib/python3.10/site-packages/airflow/example_dags/example_short_circuit_decorator.py took 0.074 seconds
[2025-05-06T23:41:42.550-0400] {processor.py:161} INFO - Started process (PID=92238) to work on /Users/asritabobba/Desktop/Mlops-project/MLOPs-Project/airflow310/lib/python3.10/site-packages/airflow/example_dags/example_short_circuit_decorator.py
[2025-05-06T23:41:42.551-0400] {processor.py:830} INFO - Processing file /Users/asritabobba/Desktop/Mlops-project/MLOPs-Project/airflow310/lib/python3.10/site-packages/airflow/example_dags/example_short_circuit_decorator.py for tasks to queue
[2025-05-06T23:41:42.551-0400] {logging_mixin.py:188} INFO - [2025-05-06T23:41:42.551-0400] {dagbag.py:538} INFO - Filling up the DagBag from /Users/asritabobba/Desktop/Mlops-project/MLOPs-Project/airflow310/lib/python3.10/site-packages/airflow/example_dags/example_short_circuit_decorator.py
[2025-05-06T23:41:42.581-0400] {processor.py:840} INFO - DAG(s) 'example_short_circuit_decorator' retrieved from /Users/asritabobba/Desktop/Mlops-project/MLOPs-Project/airflow310/lib/python3.10/site-packages/airflow/example_dags/example_short_circuit_decorator.py
[2025-05-06T23:41:42.611-0400] {logging_mixin.py:188} INFO - [2025-05-06T23:41:42.611-0400] {dag.py:3036} INFO - Sync 1 DAGs
[2025-05-06T23:41:42.617-0400] {logging_mixin.py:188} INFO - [2025-05-06T23:41:42.617-0400] {dag.py:3823} INFO - Setting next_dagrun for example_short_circuit_decorator to 2025-05-06 00:00:00+00:00, run_after=2025-05-07 00:00:00+00:00
[2025-05-06T23:41:42.623-0400] {processor.py:183} INFO - Processing /Users/asritabobba/Desktop/Mlops-project/MLOPs-Project/airflow310/lib/python3.10/site-packages/airflow/example_dags/example_short_circuit_decorator.py took 0.073 seconds
