[2025-05-06T23:35:49.313-0400] {processor.py:161} INFO - Started process (PID=91837) to work on /Users/asritabobba/Desktop/Mlops-project/MLOPs-Project/airflow310/lib/python3.10/site-packages/airflow/example_dags/example_latest_only_with_trigger.py
[2025-05-06T23:35:49.313-0400] {processor.py:830} INFO - Processing file /Users/asritabobba/Desktop/Mlops-project/MLOPs-Project/airflow310/lib/python3.10/site-packages/airflow/example_dags/example_latest_only_with_trigger.py for tasks to queue
[2025-05-06T23:35:49.313-0400] {logging_mixin.py:188} INFO - [2025-05-06T23:35:49.313-0400] {dagbag.py:538} INFO - Filling up the DagBag from /Users/asritabobba/Desktop/Mlops-project/MLOPs-Project/airflow310/lib/python3.10/site-packages/airflow/example_dags/example_latest_only_with_trigger.py
[2025-05-06T23:35:49.337-0400] {processor.py:840} INFO - DAG(s) 'latest_only_with_trigger' retrieved from /Users/asritabobba/Desktop/Mlops-project/MLOPs-Project/airflow310/lib/python3.10/site-packages/airflow/example_dags/example_latest_only_with_trigger.py
[2025-05-06T23:35:49.395-0400] {logging_mixin.py:188} INFO - [2025-05-06T23:35:49.395-0400] {dag.py:3036} INFO - Sync 1 DAGs
[2025-05-06T23:35:49.401-0400] {logging_mixin.py:188} INFO - [2025-05-06T23:35:49.401-0400] {dag.py:3823} INFO - Setting next_dagrun for latest_only_with_trigger to 2025-05-06 20:00:00+00:00, run_after=2025-05-07 00:00:00+00:00
[2025-05-06T23:35:49.408-0400] {processor.py:183} INFO - Processing /Users/asritabobba/Desktop/Mlops-project/MLOPs-Project/airflow310/lib/python3.10/site-packages/airflow/example_dags/example_latest_only_with_trigger.py took 0.095 seconds
[2025-05-06T23:37:33.138-0400] {processor.py:161} INFO - Started process (PID=91951) to work on /Users/asritabobba/Desktop/Mlops-project/MLOPs-Project/airflow310/lib/python3.10/site-packages/airflow/example_dags/example_latest_only_with_trigger.py
[2025-05-06T23:37:33.139-0400] {processor.py:830} INFO - Processing file /Users/asritabobba/Desktop/Mlops-project/MLOPs-Project/airflow310/lib/python3.10/site-packages/airflow/example_dags/example_latest_only_with_trigger.py for tasks to queue
[2025-05-06T23:37:33.139-0400] {logging_mixin.py:188} INFO - [2025-05-06T23:37:33.139-0400] {dagbag.py:538} INFO - Filling up the DagBag from /Users/asritabobba/Desktop/Mlops-project/MLOPs-Project/airflow310/lib/python3.10/site-packages/airflow/example_dags/example_latest_only_with_trigger.py
[2025-05-06T23:37:33.159-0400] {processor.py:840} INFO - DAG(s) 'latest_only_with_trigger' retrieved from /Users/asritabobba/Desktop/Mlops-project/MLOPs-Project/airflow310/lib/python3.10/site-packages/airflow/example_dags/example_latest_only_with_trigger.py
[2025-05-06T23:37:33.189-0400] {logging_mixin.py:188} INFO - [2025-05-06T23:37:33.189-0400] {dag.py:3036} INFO - Sync 1 DAGs
[2025-05-06T23:37:33.194-0400] {logging_mixin.py:188} INFO - [2025-05-06T23:37:33.194-0400] {dag.py:3823} INFO - Setting next_dagrun for latest_only_with_trigger to 2025-05-06 20:00:00+00:00, run_after=2025-05-07 00:00:00+00:00
[2025-05-06T23:37:33.199-0400] {processor.py:183} INFO - Processing /Users/asritabobba/Desktop/Mlops-project/MLOPs-Project/airflow310/lib/python3.10/site-packages/airflow/example_dags/example_latest_only_with_trigger.py took 0.061 seconds
[2025-05-06T23:39:09.196-0400] {processor.py:161} INFO - Started process (PID=92033) to work on /Users/asritabobba/Desktop/Mlops-project/MLOPs-Project/airflow310/lib/python3.10/site-packages/airflow/example_dags/example_latest_only_with_trigger.py
[2025-05-06T23:39:09.197-0400] {processor.py:830} INFO - Processing file /Users/asritabobba/Desktop/Mlops-project/MLOPs-Project/airflow310/lib/python3.10/site-packages/airflow/example_dags/example_latest_only_with_trigger.py for tasks to queue
[2025-05-06T23:39:09.197-0400] {logging_mixin.py:188} INFO - [2025-05-06T23:39:09.197-0400] {dagbag.py:538} INFO - Filling up the DagBag from /Users/asritabobba/Desktop/Mlops-project/MLOPs-Project/airflow310/lib/python3.10/site-packages/airflow/example_dags/example_latest_only_with_trigger.py
[2025-05-06T23:39:09.218-0400] {processor.py:840} INFO - DAG(s) 'latest_only_with_trigger' retrieved from /Users/asritabobba/Desktop/Mlops-project/MLOPs-Project/airflow310/lib/python3.10/site-packages/airflow/example_dags/example_latest_only_with_trigger.py
[2025-05-06T23:39:09.247-0400] {logging_mixin.py:188} INFO - [2025-05-06T23:39:09.247-0400] {dag.py:3036} INFO - Sync 1 DAGs
[2025-05-06T23:39:09.252-0400] {logging_mixin.py:188} INFO - [2025-05-06T23:39:09.252-0400] {dag.py:3823} INFO - Setting next_dagrun for latest_only_with_trigger to 2025-05-06 20:00:00+00:00, run_after=2025-05-07 00:00:00+00:00
[2025-05-06T23:39:09.258-0400] {processor.py:183} INFO - Processing /Users/asritabobba/Desktop/Mlops-project/MLOPs-Project/airflow310/lib/python3.10/site-packages/airflow/example_dags/example_latest_only_with_trigger.py took 0.062 seconds
[2025-05-06T23:40:42.081-0400] {processor.py:161} INFO - Started process (PID=92129) to work on /Users/asritabobba/Desktop/Mlops-project/MLOPs-Project/airflow310/lib/python3.10/site-packages/airflow/example_dags/example_latest_only_with_trigger.py
[2025-05-06T23:40:42.082-0400] {processor.py:830} INFO - Processing file /Users/asritabobba/Desktop/Mlops-project/MLOPs-Project/airflow310/lib/python3.10/site-packages/airflow/example_dags/example_latest_only_with_trigger.py for tasks to queue
[2025-05-06T23:40:42.082-0400] {logging_mixin.py:188} INFO - [2025-05-06T23:40:42.082-0400] {dagbag.py:538} INFO - Filling up the DagBag from /Users/asritabobba/Desktop/Mlops-project/MLOPs-Project/airflow310/lib/python3.10/site-packages/airflow/example_dags/example_latest_only_with_trigger.py
[2025-05-06T23:40:42.110-0400] {processor.py:840} INFO - DAG(s) 'latest_only_with_trigger' retrieved from /Users/asritabobba/Desktop/Mlops-project/MLOPs-Project/airflow310/lib/python3.10/site-packages/airflow/example_dags/example_latest_only_with_trigger.py
[2025-05-06T23:40:42.144-0400] {logging_mixin.py:188} INFO - [2025-05-06T23:40:42.144-0400] {dag.py:3036} INFO - Sync 1 DAGs
[2025-05-06T23:40:42.149-0400] {logging_mixin.py:188} INFO - [2025-05-06T23:40:42.149-0400] {dag.py:3823} INFO - Setting next_dagrun for latest_only_with_trigger to 2025-05-06 20:00:00+00:00, run_after=2025-05-07 00:00:00+00:00
[2025-05-06T23:40:42.156-0400] {processor.py:183} INFO - Processing /Users/asritabobba/Desktop/Mlops-project/MLOPs-Project/airflow310/lib/python3.10/site-packages/airflow/example_dags/example_latest_only_with_trigger.py took 0.075 seconds
[2025-05-06T23:42:28.776-0400] {processor.py:161} INFO - Started process (PID=92269) to work on /Users/asritabobba/Desktop/Mlops-project/MLOPs-Project/airflow310/lib/python3.10/site-packages/airflow/example_dags/example_latest_only_with_trigger.py
[2025-05-06T23:42:28.776-0400] {processor.py:830} INFO - Processing file /Users/asritabobba/Desktop/Mlops-project/MLOPs-Project/airflow310/lib/python3.10/site-packages/airflow/example_dags/example_latest_only_with_trigger.py for tasks to queue
[2025-05-06T23:42:28.776-0400] {logging_mixin.py:188} INFO - [2025-05-06T23:42:28.776-0400] {dagbag.py:538} INFO - Filling up the DagBag from /Users/asritabobba/Desktop/Mlops-project/MLOPs-Project/airflow310/lib/python3.10/site-packages/airflow/example_dags/example_latest_only_with_trigger.py
[2025-05-06T23:42:28.801-0400] {processor.py:840} INFO - DAG(s) 'latest_only_with_trigger' retrieved from /Users/asritabobba/Desktop/Mlops-project/MLOPs-Project/airflow310/lib/python3.10/site-packages/airflow/example_dags/example_latest_only_with_trigger.py
[2025-05-06T23:42:28.832-0400] {logging_mixin.py:188} INFO - [2025-05-06T23:42:28.832-0400] {dag.py:3036} INFO - Sync 1 DAGs
[2025-05-06T23:42:28.837-0400] {logging_mixin.py:188} INFO - [2025-05-06T23:42:28.837-0400] {dag.py:3823} INFO - Setting next_dagrun for latest_only_with_trigger to 2025-05-06 20:00:00+00:00, run_after=2025-05-07 00:00:00+00:00
[2025-05-06T23:42:28.843-0400] {processor.py:183} INFO - Processing /Users/asritabobba/Desktop/Mlops-project/MLOPs-Project/airflow310/lib/python3.10/site-packages/airflow/example_dags/example_latest_only_with_trigger.py took 0.068 seconds
