[2025-05-06T23:35:56.252-0400] {processor.py:161} INFO - Started process (PID=91844) to work on /Users/asritabobba/Desktop/Mlops-project/MLOPs-Project/airflow310/lib/python3.10/site-packages/airflow/example_dags/example_dynamic_task_mapping_with_no_taskflow_operators.py
[2025-05-06T23:35:56.252-0400] {processor.py:830} INFO - Processing file /Users/asritabobba/Desktop/Mlops-project/MLOPs-Project/airflow310/lib/python3.10/site-packages/airflow/example_dags/example_dynamic_task_mapping_with_no_taskflow_operators.py for tasks to queue
[2025-05-06T23:35:56.252-0400] {logging_mixin.py:188} INFO - [2025-05-06T23:35:56.252-0400] {dagbag.py:538} INFO - Filling up the DagBag from /Users/asritabobba/Desktop/Mlops-project/MLOPs-Project/airflow310/lib/python3.10/site-packages/airflow/example_dags/example_dynamic_task_mapping_with_no_taskflow_operators.py
[2025-05-06T23:35:56.273-0400] {processor.py:840} INFO - DAG(s) 'example_dynamic_task_mapping_with_no_taskflow_operators' retrieved from /Users/asritabobba/Desktop/Mlops-project/MLOPs-Project/airflow310/lib/python3.10/site-packages/airflow/example_dags/example_dynamic_task_mapping_with_no_taskflow_operators.py
[2025-05-06T23:35:56.326-0400] {logging_mixin.py:188} INFO - [2025-05-06T23:35:56.326-0400] {dag.py:3036} INFO - Sync 1 DAGs
[2025-05-06T23:35:56.331-0400] {logging_mixin.py:188} INFO - [2025-05-06T23:35:56.331-0400] {dag.py:3823} INFO - Setting next_dagrun for example_dynamic_task_mapping_with_no_taskflow_operators to 2025-05-06 00:00:00+00:00, run_after=2025-05-07 00:00:00+00:00
[2025-05-06T23:35:56.337-0400] {processor.py:183} INFO - Processing /Users/asritabobba/Desktop/Mlops-project/MLOPs-Project/airflow310/lib/python3.10/site-packages/airflow/example_dags/example_dynamic_task_mapping_with_no_taskflow_operators.py took 0.086 seconds
[2025-05-06T23:37:38.821-0400] {processor.py:161} INFO - Started process (PID=91955) to work on /Users/asritabobba/Desktop/Mlops-project/MLOPs-Project/airflow310/lib/python3.10/site-packages/airflow/example_dags/example_dynamic_task_mapping_with_no_taskflow_operators.py
[2025-05-06T23:37:38.821-0400] {processor.py:830} INFO - Processing file /Users/asritabobba/Desktop/Mlops-project/MLOPs-Project/airflow310/lib/python3.10/site-packages/airflow/example_dags/example_dynamic_task_mapping_with_no_taskflow_operators.py for tasks to queue
[2025-05-06T23:37:38.821-0400] {logging_mixin.py:188} INFO - [2025-05-06T23:37:38.821-0400] {dagbag.py:538} INFO - Filling up the DagBag from /Users/asritabobba/Desktop/Mlops-project/MLOPs-Project/airflow310/lib/python3.10/site-packages/airflow/example_dags/example_dynamic_task_mapping_with_no_taskflow_operators.py
[2025-05-06T23:37:38.843-0400] {processor.py:840} INFO - DAG(s) 'example_dynamic_task_mapping_with_no_taskflow_operators' retrieved from /Users/asritabobba/Desktop/Mlops-project/MLOPs-Project/airflow310/lib/python3.10/site-packages/airflow/example_dags/example_dynamic_task_mapping_with_no_taskflow_operators.py
[2025-05-06T23:37:38.872-0400] {logging_mixin.py:188} INFO - [2025-05-06T23:37:38.872-0400] {dag.py:3036} INFO - Sync 1 DAGs
[2025-05-06T23:37:38.877-0400] {logging_mixin.py:188} INFO - [2025-05-06T23:37:38.877-0400] {dag.py:3823} INFO - Setting next_dagrun for example_dynamic_task_mapping_with_no_taskflow_operators to 2025-05-06 00:00:00+00:00, run_after=2025-05-07 00:00:00+00:00
[2025-05-06T23:37:38.882-0400] {processor.py:183} INFO - Processing /Users/asritabobba/Desktop/Mlops-project/MLOPs-Project/airflow310/lib/python3.10/site-packages/airflow/example_dags/example_dynamic_task_mapping_with_no_taskflow_operators.py took 0.062 seconds
[2025-05-06T23:39:15.776-0400] {processor.py:161} INFO - Started process (PID=92038) to work on /Users/asritabobba/Desktop/Mlops-project/MLOPs-Project/airflow310/lib/python3.10/site-packages/airflow/example_dags/example_dynamic_task_mapping_with_no_taskflow_operators.py
[2025-05-06T23:39:15.776-0400] {processor.py:830} INFO - Processing file /Users/asritabobba/Desktop/Mlops-project/MLOPs-Project/airflow310/lib/python3.10/site-packages/airflow/example_dags/example_dynamic_task_mapping_with_no_taskflow_operators.py for tasks to queue
[2025-05-06T23:39:15.777-0400] {logging_mixin.py:188} INFO - [2025-05-06T23:39:15.776-0400] {dagbag.py:538} INFO - Filling up the DagBag from /Users/asritabobba/Desktop/Mlops-project/MLOPs-Project/airflow310/lib/python3.10/site-packages/airflow/example_dags/example_dynamic_task_mapping_with_no_taskflow_operators.py
[2025-05-06T23:39:15.800-0400] {processor.py:840} INFO - DAG(s) 'example_dynamic_task_mapping_with_no_taskflow_operators' retrieved from /Users/asritabobba/Desktop/Mlops-project/MLOPs-Project/airflow310/lib/python3.10/site-packages/airflow/example_dags/example_dynamic_task_mapping_with_no_taskflow_operators.py
[2025-05-06T23:39:15.831-0400] {logging_mixin.py:188} INFO - [2025-05-06T23:39:15.831-0400] {dag.py:3036} INFO - Sync 1 DAGs
[2025-05-06T23:39:15.836-0400] {logging_mixin.py:188} INFO - [2025-05-06T23:39:15.836-0400] {dag.py:3823} INFO - Setting next_dagrun for example_dynamic_task_mapping_with_no_taskflow_operators to 2025-05-06 00:00:00+00:00, run_after=2025-05-07 00:00:00+00:00
[2025-05-06T23:39:15.841-0400] {processor.py:183} INFO - Processing /Users/asritabobba/Desktop/Mlops-project/MLOPs-Project/airflow310/lib/python3.10/site-packages/airflow/example_dags/example_dynamic_task_mapping_with_no_taskflow_operators.py took 0.066 seconds
[2025-05-06T23:40:49.001-0400] {processor.py:161} INFO - Started process (PID=92165) to work on /Users/asritabobba/Desktop/Mlops-project/MLOPs-Project/airflow310/lib/python3.10/site-packages/airflow/example_dags/example_dynamic_task_mapping_with_no_taskflow_operators.py
[2025-05-06T23:40:49.002-0400] {processor.py:830} INFO - Processing file /Users/asritabobba/Desktop/Mlops-project/MLOPs-Project/airflow310/lib/python3.10/site-packages/airflow/example_dags/example_dynamic_task_mapping_with_no_taskflow_operators.py for tasks to queue
[2025-05-06T23:40:49.002-0400] {logging_mixin.py:188} INFO - [2025-05-06T23:40:49.002-0400] {dagbag.py:538} INFO - Filling up the DagBag from /Users/asritabobba/Desktop/Mlops-project/MLOPs-Project/airflow310/lib/python3.10/site-packages/airflow/example_dags/example_dynamic_task_mapping_with_no_taskflow_operators.py
[2025-05-06T23:40:49.023-0400] {processor.py:840} INFO - DAG(s) 'example_dynamic_task_mapping_with_no_taskflow_operators' retrieved from /Users/asritabobba/Desktop/Mlops-project/MLOPs-Project/airflow310/lib/python3.10/site-packages/airflow/example_dags/example_dynamic_task_mapping_with_no_taskflow_operators.py
[2025-05-06T23:40:49.052-0400] {logging_mixin.py:188} INFO - [2025-05-06T23:40:49.052-0400] {dag.py:3036} INFO - Sync 1 DAGs
[2025-05-06T23:40:49.057-0400] {logging_mixin.py:188} INFO - [2025-05-06T23:40:49.057-0400] {dag.py:3823} INFO - Setting next_dagrun for example_dynamic_task_mapping_with_no_taskflow_operators to 2025-05-06 00:00:00+00:00, run_after=2025-05-07 00:00:00+00:00
[2025-05-06T23:40:49.063-0400] {processor.py:183} INFO - Processing /Users/asritabobba/Desktop/Mlops-project/MLOPs-Project/airflow310/lib/python3.10/site-packages/airflow/example_dags/example_dynamic_task_mapping_with_no_taskflow_operators.py took 0.062 seconds
