[2025-05-06T23:35:45.833-0400] {processor.py:161} INFO - Started process (PID=91833) to work on /Users/asritabobba/Desktop/Mlops-project/MLOPs-Project/airflow310/lib/python3.10/site-packages/airflow/example_dags/example_nested_branch_dag.py
[2025-05-06T23:35:45.834-0400] {processor.py:830} INFO - Processing file /Users/asritabobba/Desktop/Mlops-project/MLOPs-Project/airflow310/lib/python3.10/site-packages/airflow/example_dags/example_nested_branch_dag.py for tasks to queue
[2025-05-06T23:35:45.834-0400] {logging_mixin.py:188} INFO - [2025-05-06T23:35:45.834-0400] {dagbag.py:538} INFO - Filling up the DagBag from /Users/asritabobba/Desktop/Mlops-project/MLOPs-Project/airflow310/lib/python3.10/site-packages/airflow/example_dags/example_nested_branch_dag.py
[2025-05-06T23:35:45.864-0400] {processor.py:840} INFO - DAG(s) 'example_nested_branch_dag' retrieved from /Users/asritabobba/Desktop/Mlops-project/MLOPs-Project/airflow310/lib/python3.10/site-packages/airflow/example_dags/example_nested_branch_dag.py
[2025-05-06T23:35:45.919-0400] {logging_mixin.py:188} INFO - [2025-05-06T23:35:45.919-0400] {dag.py:3036} INFO - Sync 1 DAGs
[2025-05-06T23:35:45.924-0400] {logging_mixin.py:188} INFO - [2025-05-06T23:35:45.924-0400] {dag.py:3823} INFO - Setting next_dagrun for example_nested_branch_dag to 2025-05-06 00:00:00+00:00, run_after=2025-05-07 00:00:00+00:00
[2025-05-06T23:35:45.930-0400] {processor.py:183} INFO - Processing /Users/asritabobba/Desktop/Mlops-project/MLOPs-Project/airflow310/lib/python3.10/site-packages/airflow/example_dags/example_nested_branch_dag.py took 0.097 seconds
[2025-05-06T23:37:08.179-0400] {processor.py:161} INFO - Started process (PID=91925) to work on /Users/asritabobba/Desktop/Mlops-project/MLOPs-Project/airflow310/lib/python3.10/site-packages/airflow/example_dags/example_nested_branch_dag.py
[2025-05-06T23:37:08.180-0400] {processor.py:830} INFO - Processing file /Users/asritabobba/Desktop/Mlops-project/MLOPs-Project/airflow310/lib/python3.10/site-packages/airflow/example_dags/example_nested_branch_dag.py for tasks to queue
[2025-05-06T23:37:08.180-0400] {logging_mixin.py:188} INFO - [2025-05-06T23:37:08.180-0400] {dagbag.py:538} INFO - Filling up the DagBag from /Users/asritabobba/Desktop/Mlops-project/MLOPs-Project/airflow310/lib/python3.10/site-packages/airflow/example_dags/example_nested_branch_dag.py
[2025-05-06T23:37:08.209-0400] {processor.py:840} INFO - DAG(s) 'example_nested_branch_dag' retrieved from /Users/asritabobba/Desktop/Mlops-project/MLOPs-Project/airflow310/lib/python3.10/site-packages/airflow/example_dags/example_nested_branch_dag.py
[2025-05-06T23:37:08.238-0400] {logging_mixin.py:188} INFO - [2025-05-06T23:37:08.238-0400] {dag.py:3036} INFO - Sync 1 DAGs
[2025-05-06T23:37:08.244-0400] {logging_mixin.py:188} INFO - [2025-05-06T23:37:08.244-0400] {dag.py:3823} INFO - Setting next_dagrun for example_nested_branch_dag to 2025-05-06 00:00:00+00:00, run_after=2025-05-07 00:00:00+00:00
[2025-05-06T23:37:08.249-0400] {processor.py:183} INFO - Processing /Users/asritabobba/Desktop/Mlops-project/MLOPs-Project/airflow310/lib/python3.10/site-packages/airflow/example_dags/example_nested_branch_dag.py took 0.071 seconds
[2025-05-06T23:38:44.506-0400] {processor.py:161} INFO - Started process (PID=92015) to work on /Users/asritabobba/Desktop/Mlops-project/MLOPs-Project/airflow310/lib/python3.10/site-packages/airflow/example_dags/example_nested_branch_dag.py
[2025-05-06T23:38:44.507-0400] {processor.py:830} INFO - Processing file /Users/asritabobba/Desktop/Mlops-project/MLOPs-Project/airflow310/lib/python3.10/site-packages/airflow/example_dags/example_nested_branch_dag.py for tasks to queue
[2025-05-06T23:38:44.507-0400] {logging_mixin.py:188} INFO - [2025-05-06T23:38:44.507-0400] {dagbag.py:538} INFO - Filling up the DagBag from /Users/asritabobba/Desktop/Mlops-project/MLOPs-Project/airflow310/lib/python3.10/site-packages/airflow/example_dags/example_nested_branch_dag.py
[2025-05-06T23:38:44.539-0400] {processor.py:840} INFO - DAG(s) 'example_nested_branch_dag' retrieved from /Users/asritabobba/Desktop/Mlops-project/MLOPs-Project/airflow310/lib/python3.10/site-packages/airflow/example_dags/example_nested_branch_dag.py
[2025-05-06T23:38:44.569-0400] {logging_mixin.py:188} INFO - [2025-05-06T23:38:44.569-0400] {dag.py:3036} INFO - Sync 1 DAGs
[2025-05-06T23:38:44.574-0400] {logging_mixin.py:188} INFO - [2025-05-06T23:38:44.574-0400] {dag.py:3823} INFO - Setting next_dagrun for example_nested_branch_dag to 2025-05-06 00:00:00+00:00, run_after=2025-05-07 00:00:00+00:00
[2025-05-06T23:38:44.580-0400] {processor.py:183} INFO - Processing /Users/asritabobba/Desktop/Mlops-project/MLOPs-Project/airflow310/lib/python3.10/site-packages/airflow/example_dags/example_nested_branch_dag.py took 0.074 seconds
[2025-05-06T23:40:18.153-0400] {processor.py:161} INFO - Started process (PID=92096) to work on /Users/asritabobba/Desktop/Mlops-project/MLOPs-Project/airflow310/lib/python3.10/site-packages/airflow/example_dags/example_nested_branch_dag.py
[2025-05-06T23:40:18.155-0400] {processor.py:830} INFO - Processing file /Users/asritabobba/Desktop/Mlops-project/MLOPs-Project/airflow310/lib/python3.10/site-packages/airflow/example_dags/example_nested_branch_dag.py for tasks to queue
[2025-05-06T23:40:18.155-0400] {logging_mixin.py:188} INFO - [2025-05-06T23:40:18.155-0400] {dagbag.py:538} INFO - Filling up the DagBag from /Users/asritabobba/Desktop/Mlops-project/MLOPs-Project/airflow310/lib/python3.10/site-packages/airflow/example_dags/example_nested_branch_dag.py
[2025-05-06T23:40:18.187-0400] {processor.py:840} INFO - DAG(s) 'example_nested_branch_dag' retrieved from /Users/asritabobba/Desktop/Mlops-project/MLOPs-Project/airflow310/lib/python3.10/site-packages/airflow/example_dags/example_nested_branch_dag.py
[2025-05-06T23:40:18.217-0400] {logging_mixin.py:188} INFO - [2025-05-06T23:40:18.217-0400] {dag.py:3036} INFO - Sync 1 DAGs
[2025-05-06T23:40:18.222-0400] {logging_mixin.py:188} INFO - [2025-05-06T23:40:18.222-0400] {dag.py:3823} INFO - Setting next_dagrun for example_nested_branch_dag to 2025-05-06 00:00:00+00:00, run_after=2025-05-07 00:00:00+00:00
[2025-05-06T23:40:18.228-0400] {processor.py:183} INFO - Processing /Users/asritabobba/Desktop/Mlops-project/MLOPs-Project/airflow310/lib/python3.10/site-packages/airflow/example_dags/example_nested_branch_dag.py took 0.075 seconds
[2025-05-06T23:41:59.625-0400] {processor.py:161} INFO - Started process (PID=92249) to work on /Users/asritabobba/Desktop/Mlops-project/MLOPs-Project/airflow310/lib/python3.10/site-packages/airflow/example_dags/example_nested_branch_dag.py
[2025-05-06T23:41:59.626-0400] {processor.py:830} INFO - Processing file /Users/asritabobba/Desktop/Mlops-project/MLOPs-Project/airflow310/lib/python3.10/site-packages/airflow/example_dags/example_nested_branch_dag.py for tasks to queue
[2025-05-06T23:41:59.626-0400] {logging_mixin.py:188} INFO - [2025-05-06T23:41:59.626-0400] {dagbag.py:538} INFO - Filling up the DagBag from /Users/asritabobba/Desktop/Mlops-project/MLOPs-Project/airflow310/lib/python3.10/site-packages/airflow/example_dags/example_nested_branch_dag.py
[2025-05-06T23:41:59.659-0400] {processor.py:840} INFO - DAG(s) 'example_nested_branch_dag' retrieved from /Users/asritabobba/Desktop/Mlops-project/MLOPs-Project/airflow310/lib/python3.10/site-packages/airflow/example_dags/example_nested_branch_dag.py
[2025-05-06T23:41:59.689-0400] {logging_mixin.py:188} INFO - [2025-05-06T23:41:59.689-0400] {dag.py:3036} INFO - Sync 1 DAGs
[2025-05-06T23:41:59.695-0400] {logging_mixin.py:188} INFO - [2025-05-06T23:41:59.695-0400] {dag.py:3823} INFO - Setting next_dagrun for example_nested_branch_dag to 2025-05-06 00:00:00+00:00, run_after=2025-05-07 00:00:00+00:00
[2025-05-06T23:41:59.700-0400] {processor.py:183} INFO - Processing /Users/asritabobba/Desktop/Mlops-project/MLOPs-Project/airflow310/lib/python3.10/site-packages/airflow/example_dags/example_nested_branch_dag.py took 0.076 seconds
