[2025-05-06T23:35:37.267-0400] {processor.py:161} INFO - Started process (PID=91822) to work on /Users/asritabobba/Desktop/Mlops-project/MLOPs-Project/airflow310/lib/python3.10/site-packages/airflow/example_dags/example_python_operator.py
[2025-05-06T23:35:37.267-0400] {processor.py:830} INFO - Processing file /Users/asritabobba/Desktop/Mlops-project/MLOPs-Project/airflow310/lib/python3.10/site-packages/airflow/example_dags/example_python_operator.py for tasks to queue
[2025-05-06T23:35:37.268-0400] {logging_mixin.py:188} INFO - [2025-05-06T23:35:37.268-0400] {dagbag.py:538} INFO - Filling up the DagBag from /Users/asritabobba/Desktop/Mlops-project/MLOPs-Project/airflow310/lib/python3.10/site-packages/airflow/example_dags/example_python_operator.py
[2025-05-06T23:35:37.293-0400] {logging_mixin.py:188} INFO - [2025-05-06T23:35:37.293-0400] {example_python_operator.py:88} WARNING - The virtalenv_python example task requires virtualenv, please install it.
[2025-05-06T23:35:37.294-0400] {processor.py:840} INFO - DAG(s) 'example_python_operator' retrieved from /Users/asritabobba/Desktop/Mlops-project/MLOPs-Project/airflow310/lib/python3.10/site-packages/airflow/example_dags/example_python_operator.py
[2025-05-06T23:35:37.349-0400] {logging_mixin.py:188} INFO - [2025-05-06T23:35:37.349-0400] {dag.py:3036} INFO - Sync 1 DAGs
[2025-05-06T23:35:37.352-0400] {logging_mixin.py:188} INFO - [2025-05-06T23:35:37.352-0400] {dag.py:3823} INFO - Setting next_dagrun for example_python_operator to None, run_after=None
[2025-05-06T23:35:37.358-0400] {processor.py:183} INFO - Processing /Users/asritabobba/Desktop/Mlops-project/MLOPs-Project/airflow310/lib/python3.10/site-packages/airflow/example_dags/example_python_operator.py took 0.091 seconds
[2025-05-06T23:36:59.775-0400] {processor.py:161} INFO - Started process (PID=91918) to work on /Users/asritabobba/Desktop/Mlops-project/MLOPs-Project/airflow310/lib/python3.10/site-packages/airflow/example_dags/example_python_operator.py
[2025-05-06T23:36:59.776-0400] {processor.py:830} INFO - Processing file /Users/asritabobba/Desktop/Mlops-project/MLOPs-Project/airflow310/lib/python3.10/site-packages/airflow/example_dags/example_python_operator.py for tasks to queue
[2025-05-06T23:36:59.776-0400] {logging_mixin.py:188} INFO - [2025-05-06T23:36:59.776-0400] {dagbag.py:538} INFO - Filling up the DagBag from /Users/asritabobba/Desktop/Mlops-project/MLOPs-Project/airflow310/lib/python3.10/site-packages/airflow/example_dags/example_python_operator.py
[2025-05-06T23:36:59.801-0400] {logging_mixin.py:188} INFO - [2025-05-06T23:36:59.801-0400] {example_python_operator.py:88} WARNING - The virtalenv_python example task requires virtualenv, please install it.
[2025-05-06T23:36:59.802-0400] {processor.py:840} INFO - DAG(s) 'example_python_operator' retrieved from /Users/asritabobba/Desktop/Mlops-project/MLOPs-Project/airflow310/lib/python3.10/site-packages/airflow/example_dags/example_python_operator.py
[2025-05-06T23:36:59.831-0400] {logging_mixin.py:188} INFO - [2025-05-06T23:36:59.831-0400] {dag.py:3036} INFO - Sync 1 DAGs
[2025-05-06T23:36:59.834-0400] {logging_mixin.py:188} INFO - [2025-05-06T23:36:59.834-0400] {dag.py:3823} INFO - Setting next_dagrun for example_python_operator to None, run_after=None
[2025-05-06T23:36:59.839-0400] {processor.py:183} INFO - Processing /Users/asritabobba/Desktop/Mlops-project/MLOPs-Project/airflow310/lib/python3.10/site-packages/airflow/example_dags/example_python_operator.py took 0.065 seconds
[2025-05-06T23:38:36.015-0400] {processor.py:161} INFO - Started process (PID=92009) to work on /Users/asritabobba/Desktop/Mlops-project/MLOPs-Project/airflow310/lib/python3.10/site-packages/airflow/example_dags/example_python_operator.py
[2025-05-06T23:38:36.016-0400] {processor.py:830} INFO - Processing file /Users/asritabobba/Desktop/Mlops-project/MLOPs-Project/airflow310/lib/python3.10/site-packages/airflow/example_dags/example_python_operator.py for tasks to queue
[2025-05-06T23:38:36.016-0400] {logging_mixin.py:188} INFO - [2025-05-06T23:38:36.016-0400] {dagbag.py:538} INFO - Filling up the DagBag from /Users/asritabobba/Desktop/Mlops-project/MLOPs-Project/airflow310/lib/python3.10/site-packages/airflow/example_dags/example_python_operator.py
[2025-05-06T23:38:36.043-0400] {logging_mixin.py:188} INFO - [2025-05-06T23:38:36.042-0400] {example_python_operator.py:88} WARNING - The virtalenv_python example task requires virtualenv, please install it.
[2025-05-06T23:38:36.044-0400] {processor.py:840} INFO - DAG(s) 'example_python_operator' retrieved from /Users/asritabobba/Desktop/Mlops-project/MLOPs-Project/airflow310/lib/python3.10/site-packages/airflow/example_dags/example_python_operator.py
[2025-05-06T23:38:36.074-0400] {logging_mixin.py:188} INFO - [2025-05-06T23:38:36.074-0400] {dag.py:3036} INFO - Sync 1 DAGs
[2025-05-06T23:38:36.076-0400] {logging_mixin.py:188} INFO - [2025-05-06T23:38:36.076-0400] {dag.py:3823} INFO - Setting next_dagrun for example_python_operator to None, run_after=None
[2025-05-06T23:38:36.082-0400] {processor.py:183} INFO - Processing /Users/asritabobba/Desktop/Mlops-project/MLOPs-Project/airflow310/lib/python3.10/site-packages/airflow/example_dags/example_python_operator.py took 0.067 seconds
[2025-05-06T23:40:10.977-0400] {processor.py:161} INFO - Started process (PID=92091) to work on /Users/asritabobba/Desktop/Mlops-project/MLOPs-Project/airflow310/lib/python3.10/site-packages/airflow/example_dags/example_python_operator.py
[2025-05-06T23:40:10.978-0400] {processor.py:830} INFO - Processing file /Users/asritabobba/Desktop/Mlops-project/MLOPs-Project/airflow310/lib/python3.10/site-packages/airflow/example_dags/example_python_operator.py for tasks to queue
[2025-05-06T23:40:10.978-0400] {logging_mixin.py:188} INFO - [2025-05-06T23:40:10.978-0400] {dagbag.py:538} INFO - Filling up the DagBag from /Users/asritabobba/Desktop/Mlops-project/MLOPs-Project/airflow310/lib/python3.10/site-packages/airflow/example_dags/example_python_operator.py
[2025-05-06T23:40:11.004-0400] {logging_mixin.py:188} INFO - [2025-05-06T23:40:11.004-0400] {example_python_operator.py:88} WARNING - The virtalenv_python example task requires virtualenv, please install it.
[2025-05-06T23:40:11.005-0400] {processor.py:840} INFO - DAG(s) 'example_python_operator' retrieved from /Users/asritabobba/Desktop/Mlops-project/MLOPs-Project/airflow310/lib/python3.10/site-packages/airflow/example_dags/example_python_operator.py
[2025-05-06T23:40:11.034-0400] {logging_mixin.py:188} INFO - [2025-05-06T23:40:11.034-0400] {dag.py:3036} INFO - Sync 1 DAGs
[2025-05-06T23:40:11.037-0400] {logging_mixin.py:188} INFO - [2025-05-06T23:40:11.037-0400] {dag.py:3823} INFO - Setting next_dagrun for example_python_operator to None, run_after=None
[2025-05-06T23:40:11.043-0400] {processor.py:183} INFO - Processing /Users/asritabobba/Desktop/Mlops-project/MLOPs-Project/airflow310/lib/python3.10/site-packages/airflow/example_dags/example_python_operator.py took 0.067 seconds
[2025-05-06T23:41:51.006-0400] {processor.py:161} INFO - Started process (PID=92243) to work on /Users/asritabobba/Desktop/Mlops-project/MLOPs-Project/airflow310/lib/python3.10/site-packages/airflow/example_dags/example_python_operator.py
[2025-05-06T23:41:51.006-0400] {processor.py:830} INFO - Processing file /Users/asritabobba/Desktop/Mlops-project/MLOPs-Project/airflow310/lib/python3.10/site-packages/airflow/example_dags/example_python_operator.py for tasks to queue
[2025-05-06T23:41:51.006-0400] {logging_mixin.py:188} INFO - [2025-05-06T23:41:51.006-0400] {dagbag.py:538} INFO - Filling up the DagBag from /Users/asritabobba/Desktop/Mlops-project/MLOPs-Project/airflow310/lib/python3.10/site-packages/airflow/example_dags/example_python_operator.py
[2025-05-06T23:41:51.032-0400] {logging_mixin.py:188} INFO - [2025-05-06T23:41:51.032-0400] {example_python_operator.py:88} WARNING - The virtalenv_python example task requires virtualenv, please install it.
[2025-05-06T23:41:51.034-0400] {processor.py:840} INFO - DAG(s) 'example_python_operator' retrieved from /Users/asritabobba/Desktop/Mlops-project/MLOPs-Project/airflow310/lib/python3.10/site-packages/airflow/example_dags/example_python_operator.py
[2025-05-06T23:41:51.063-0400] {logging_mixin.py:188} INFO - [2025-05-06T23:41:51.063-0400] {dag.py:3036} INFO - Sync 1 DAGs
[2025-05-06T23:41:51.065-0400] {logging_mixin.py:188} INFO - [2025-05-06T23:41:51.065-0400] {dag.py:3823} INFO - Setting next_dagrun for example_python_operator to None, run_after=None
[2025-05-06T23:41:51.071-0400] {processor.py:183} INFO - Processing /Users/asritabobba/Desktop/Mlops-project/MLOPs-Project/airflow310/lib/python3.10/site-packages/airflow/example_dags/example_python_operator.py took 0.066 seconds
