[2025-05-06T23:36:11.707-0400] {processor.py:161} INFO - Started process (PID=91860) to work on /Users/asritabobba/Desktop/Mlops-project/MLOPs-Project/airflow310/lib/python3.10/site-packages/airflow/example_dags/example_branch_day_of_week_operator.py
[2025-05-06T23:36:11.707-0400] {processor.py:830} INFO - Processing file /Users/asritabobba/Desktop/Mlops-project/MLOPs-Project/airflow310/lib/python3.10/site-packages/airflow/example_dags/example_branch_day_of_week_operator.py for tasks to queue
[2025-05-06T23:36:11.707-0400] {logging_mixin.py:188} INFO - [2025-05-06T23:36:11.707-0400] {dagbag.py:538} INFO - Filling up the DagBag from /Users/asritabobba/Desktop/Mlops-project/MLOPs-Project/airflow310/lib/python3.10/site-packages/airflow/example_dags/example_branch_day_of_week_operator.py
[2025-05-06T23:36:11.729-0400] {processor.py:840} INFO - DAG(s) 'example_weekday_branch_operator' retrieved from /Users/asritabobba/Desktop/Mlops-project/MLOPs-Project/airflow310/lib/python3.10/site-packages/airflow/example_dags/example_branch_day_of_week_operator.py
[2025-05-06T23:36:11.787-0400] {logging_mixin.py:188} INFO - [2025-05-06T23:36:11.787-0400] {dag.py:3036} INFO - Sync 1 DAGs
[2025-05-06T23:36:11.793-0400] {logging_mixin.py:188} INFO - [2025-05-06T23:36:11.793-0400] {dag.py:3823} INFO - Setting next_dagrun for example_weekday_branch_operator to 2025-05-06 00:00:00+00:00, run_after=2025-05-07 00:00:00+00:00
[2025-05-06T23:36:11.799-0400] {processor.py:183} INFO - Processing /Users/asritabobba/Desktop/Mlops-project/MLOPs-Project/airflow310/lib/python3.10/site-packages/airflow/example_dags/example_branch_day_of_week_operator.py took 0.092 seconds
[2025-05-06T23:37:52.425-0400] {processor.py:161} INFO - Started process (PID=91970) to work on /Users/asritabobba/Desktop/Mlops-project/MLOPs-Project/airflow310/lib/python3.10/site-packages/airflow/example_dags/example_branch_day_of_week_operator.py
[2025-05-06T23:37:52.426-0400] {processor.py:830} INFO - Processing file /Users/asritabobba/Desktop/Mlops-project/MLOPs-Project/airflow310/lib/python3.10/site-packages/airflow/example_dags/example_branch_day_of_week_operator.py for tasks to queue
[2025-05-06T23:37:52.426-0400] {logging_mixin.py:188} INFO - [2025-05-06T23:37:52.426-0400] {dagbag.py:538} INFO - Filling up the DagBag from /Users/asritabobba/Desktop/Mlops-project/MLOPs-Project/airflow310/lib/python3.10/site-packages/airflow/example_dags/example_branch_day_of_week_operator.py
[2025-05-06T23:37:52.450-0400] {processor.py:840} INFO - DAG(s) 'example_weekday_branch_operator' retrieved from /Users/asritabobba/Desktop/Mlops-project/MLOPs-Project/airflow310/lib/python3.10/site-packages/airflow/example_dags/example_branch_day_of_week_operator.py
[2025-05-06T23:37:52.479-0400] {logging_mixin.py:188} INFO - [2025-05-06T23:37:52.479-0400] {dag.py:3036} INFO - Sync 1 DAGs
[2025-05-06T23:37:52.484-0400] {logging_mixin.py:188} INFO - [2025-05-06T23:37:52.484-0400] {dag.py:3823} INFO - Setting next_dagrun for example_weekday_branch_operator to 2025-05-06 00:00:00+00:00, run_after=2025-05-07 00:00:00+00:00
[2025-05-06T23:37:52.490-0400] {processor.py:183} INFO - Processing /Users/asritabobba/Desktop/Mlops-project/MLOPs-Project/airflow310/lib/python3.10/site-packages/airflow/example_dags/example_branch_day_of_week_operator.py took 0.065 seconds
[2025-05-06T23:39:28.905-0400] {processor.py:161} INFO - Started process (PID=92049) to work on /Users/asritabobba/Desktop/Mlops-project/MLOPs-Project/airflow310/lib/python3.10/site-packages/airflow/example_dags/example_branch_day_of_week_operator.py
[2025-05-06T23:39:28.908-0400] {processor.py:830} INFO - Processing file /Users/asritabobba/Desktop/Mlops-project/MLOPs-Project/airflow310/lib/python3.10/site-packages/airflow/example_dags/example_branch_day_of_week_operator.py for tasks to queue
[2025-05-06T23:39:28.908-0400] {logging_mixin.py:188} INFO - [2025-05-06T23:39:28.908-0400] {dagbag.py:538} INFO - Filling up the DagBag from /Users/asritabobba/Desktop/Mlops-project/MLOPs-Project/airflow310/lib/python3.10/site-packages/airflow/example_dags/example_branch_day_of_week_operator.py
[2025-05-06T23:39:28.931-0400] {processor.py:840} INFO - DAG(s) 'example_weekday_branch_operator' retrieved from /Users/asritabobba/Desktop/Mlops-project/MLOPs-Project/airflow310/lib/python3.10/site-packages/airflow/example_dags/example_branch_day_of_week_operator.py
[2025-05-06T23:39:28.961-0400] {logging_mixin.py:188} INFO - [2025-05-06T23:39:28.961-0400] {dag.py:3036} INFO - Sync 1 DAGs
[2025-05-06T23:39:28.967-0400] {logging_mixin.py:188} INFO - [2025-05-06T23:39:28.966-0400] {dag.py:3823} INFO - Setting next_dagrun for example_weekday_branch_operator to 2025-05-06 00:00:00+00:00, run_after=2025-05-07 00:00:00+00:00
[2025-05-06T23:39:28.972-0400] {processor.py:183} INFO - Processing /Users/asritabobba/Desktop/Mlops-project/MLOPs-Project/airflow310/lib/python3.10/site-packages/airflow/example_dags/example_branch_day_of_week_operator.py took 0.068 seconds
[2025-05-06T23:41:03.085-0400] {processor.py:161} INFO - Started process (PID=92195) to work on /Users/asritabobba/Desktop/Mlops-project/MLOPs-Project/airflow310/lib/python3.10/site-packages/airflow/example_dags/example_branch_day_of_week_operator.py
[2025-05-06T23:41:03.085-0400] {processor.py:830} INFO - Processing file /Users/asritabobba/Desktop/Mlops-project/MLOPs-Project/airflow310/lib/python3.10/site-packages/airflow/example_dags/example_branch_day_of_week_operator.py for tasks to queue
[2025-05-06T23:41:03.085-0400] {logging_mixin.py:188} INFO - [2025-05-06T23:41:03.085-0400] {dagbag.py:538} INFO - Filling up the DagBag from /Users/asritabobba/Desktop/Mlops-project/MLOPs-Project/airflow310/lib/python3.10/site-packages/airflow/example_dags/example_branch_day_of_week_operator.py
[2025-05-06T23:41:03.111-0400] {processor.py:840} INFO - DAG(s) 'example_weekday_branch_operator' retrieved from /Users/asritabobba/Desktop/Mlops-project/MLOPs-Project/airflow310/lib/python3.10/site-packages/airflow/example_dags/example_branch_day_of_week_operator.py
[2025-05-06T23:41:03.143-0400] {logging_mixin.py:188} INFO - [2025-05-06T23:41:03.143-0400] {dag.py:3036} INFO - Sync 1 DAGs
[2025-05-06T23:41:03.149-0400] {logging_mixin.py:188} INFO - [2025-05-06T23:41:03.148-0400] {dag.py:3823} INFO - Setting next_dagrun for example_weekday_branch_operator to 2025-05-06 00:00:00+00:00, run_after=2025-05-07 00:00:00+00:00
[2025-05-06T23:41:03.154-0400] {processor.py:183} INFO - Processing /Users/asritabobba/Desktop/Mlops-project/MLOPs-Project/airflow310/lib/python3.10/site-packages/airflow/example_dags/example_branch_day_of_week_operator.py took 0.070 seconds
