[2025-05-06T23:35:32.156-0400] {processor.py:161} INFO - Started process (PID=91817) to work on /Users/asritabobba/Desktop/Mlops-project/MLOPs-Project/airflow310/lib/python3.10/site-packages/airflow/example_dags/example_setup_teardown.py
[2025-05-06T23:35:32.156-0400] {processor.py:830} INFO - Processing file /Users/asritabobba/Desktop/Mlops-project/MLOPs-Project/airflow310/lib/python3.10/site-packages/airflow/example_dags/example_setup_teardown.py for tasks to queue
[2025-05-06T23:35:32.156-0400] {logging_mixin.py:188} INFO - [2025-05-06T23:35:32.156-0400] {dagbag.py:538} INFO - Filling up the DagBag from /Users/asritabobba/Desktop/Mlops-project/MLOPs-Project/airflow310/lib/python3.10/site-packages/airflow/example_dags/example_setup_teardown.py
[2025-05-06T23:35:32.177-0400] {processor.py:840} INFO - DAG(s) 'example_setup_teardown' retrieved from /Users/asritabobba/Desktop/Mlops-project/MLOPs-Project/airflow310/lib/python3.10/site-packages/airflow/example_dags/example_setup_teardown.py
[2025-05-06T23:35:32.231-0400] {logging_mixin.py:188} INFO - [2025-05-06T23:35:32.231-0400] {dag.py:3036} INFO - Sync 1 DAGs
[2025-05-06T23:35:32.236-0400] {logging_mixin.py:188} INFO - [2025-05-06T23:35:32.236-0400] {dag.py:3823} INFO - Setting next_dagrun for example_setup_teardown to 2025-05-06 00:00:00+00:00, run_after=2025-05-07 00:00:00+00:00
[2025-05-06T23:35:32.242-0400] {processor.py:183} INFO - Processing /Users/asritabobba/Desktop/Mlops-project/MLOPs-Project/airflow310/lib/python3.10/site-packages/airflow/example_dags/example_setup_teardown.py took 0.087 seconds
[2025-05-06T23:36:54.761-0400] {processor.py:161} INFO - Started process (PID=91913) to work on /Users/asritabobba/Desktop/Mlops-project/MLOPs-Project/airflow310/lib/python3.10/site-packages/airflow/example_dags/example_setup_teardown.py
[2025-05-06T23:36:54.762-0400] {processor.py:830} INFO - Processing file /Users/asritabobba/Desktop/Mlops-project/MLOPs-Project/airflow310/lib/python3.10/site-packages/airflow/example_dags/example_setup_teardown.py for tasks to queue
[2025-05-06T23:36:54.762-0400] {logging_mixin.py:188} INFO - [2025-05-06T23:36:54.762-0400] {dagbag.py:538} INFO - Filling up the DagBag from /Users/asritabobba/Desktop/Mlops-project/MLOPs-Project/airflow310/lib/python3.10/site-packages/airflow/example_dags/example_setup_teardown.py
[2025-05-06T23:36:54.783-0400] {processor.py:840} INFO - DAG(s) 'example_setup_teardown' retrieved from /Users/asritabobba/Desktop/Mlops-project/MLOPs-Project/airflow310/lib/python3.10/site-packages/airflow/example_dags/example_setup_teardown.py
[2025-05-06T23:36:54.813-0400] {logging_mixin.py:188} INFO - [2025-05-06T23:36:54.813-0400] {dag.py:3036} INFO - Sync 1 DAGs
[2025-05-06T23:36:54.817-0400] {logging_mixin.py:188} INFO - [2025-05-06T23:36:54.817-0400] {dag.py:3823} INFO - Setting next_dagrun for example_setup_teardown to 2025-05-06 00:00:00+00:00, run_after=2025-05-07 00:00:00+00:00
[2025-05-06T23:36:54.823-0400] {processor.py:183} INFO - Processing /Users/asritabobba/Desktop/Mlops-project/MLOPs-Project/airflow310/lib/python3.10/site-packages/airflow/example_dags/example_setup_teardown.py took 0.062 seconds
[2025-05-06T23:38:30.999-0400] {processor.py:161} INFO - Started process (PID=92006) to work on /Users/asritabobba/Desktop/Mlops-project/MLOPs-Project/airflow310/lib/python3.10/site-packages/airflow/example_dags/example_setup_teardown.py
[2025-05-06T23:38:31.000-0400] {processor.py:830} INFO - Processing file /Users/asritabobba/Desktop/Mlops-project/MLOPs-Project/airflow310/lib/python3.10/site-packages/airflow/example_dags/example_setup_teardown.py for tasks to queue
[2025-05-06T23:38:31.000-0400] {logging_mixin.py:188} INFO - [2025-05-06T23:38:31.000-0400] {dagbag.py:538} INFO - Filling up the DagBag from /Users/asritabobba/Desktop/Mlops-project/MLOPs-Project/airflow310/lib/python3.10/site-packages/airflow/example_dags/example_setup_teardown.py
[2025-05-06T23:38:31.021-0400] {processor.py:840} INFO - DAG(s) 'example_setup_teardown' retrieved from /Users/asritabobba/Desktop/Mlops-project/MLOPs-Project/airflow310/lib/python3.10/site-packages/airflow/example_dags/example_setup_teardown.py
[2025-05-06T23:38:31.050-0400] {logging_mixin.py:188} INFO - [2025-05-06T23:38:31.050-0400] {dag.py:3036} INFO - Sync 1 DAGs
[2025-05-06T23:38:31.055-0400] {logging_mixin.py:188} INFO - [2025-05-06T23:38:31.055-0400] {dag.py:3823} INFO - Setting next_dagrun for example_setup_teardown to 2025-05-06 00:00:00+00:00, run_after=2025-05-07 00:00:00+00:00
[2025-05-06T23:38:31.060-0400] {processor.py:183} INFO - Processing /Users/asritabobba/Desktop/Mlops-project/MLOPs-Project/airflow310/lib/python3.10/site-packages/airflow/example_dags/example_setup_teardown.py took 0.062 seconds
[2025-05-06T23:40:06.735-0400] {processor.py:161} INFO - Started process (PID=92087) to work on /Users/asritabobba/Desktop/Mlops-project/MLOPs-Project/airflow310/lib/python3.10/site-packages/airflow/example_dags/example_setup_teardown.py
[2025-05-06T23:40:06.737-0400] {processor.py:830} INFO - Processing file /Users/asritabobba/Desktop/Mlops-project/MLOPs-Project/airflow310/lib/python3.10/site-packages/airflow/example_dags/example_setup_teardown.py for tasks to queue
[2025-05-06T23:40:06.738-0400] {logging_mixin.py:188} INFO - [2025-05-06T23:40:06.738-0400] {dagbag.py:538} INFO - Filling up the DagBag from /Users/asritabobba/Desktop/Mlops-project/MLOPs-Project/airflow310/lib/python3.10/site-packages/airflow/example_dags/example_setup_teardown.py
[2025-05-06T23:40:06.758-0400] {processor.py:840} INFO - DAG(s) 'example_setup_teardown' retrieved from /Users/asritabobba/Desktop/Mlops-project/MLOPs-Project/airflow310/lib/python3.10/site-packages/airflow/example_dags/example_setup_teardown.py
[2025-05-06T23:40:06.788-0400] {logging_mixin.py:188} INFO - [2025-05-06T23:40:06.788-0400] {dag.py:3036} INFO - Sync 1 DAGs
[2025-05-06T23:40:06.793-0400] {logging_mixin.py:188} INFO - [2025-05-06T23:40:06.793-0400] {dag.py:3823} INFO - Setting next_dagrun for example_setup_teardown to 2025-05-06 00:00:00+00:00, run_after=2025-05-07 00:00:00+00:00
[2025-05-06T23:40:06.799-0400] {processor.py:183} INFO - Processing /Users/asritabobba/Desktop/Mlops-project/MLOPs-Project/airflow310/lib/python3.10/site-packages/airflow/example_dags/example_setup_teardown.py took 0.064 seconds
[2025-05-06T23:41:45.945-0400] {processor.py:161} INFO - Started process (PID=92240) to work on /Users/asritabobba/Desktop/Mlops-project/MLOPs-Project/airflow310/lib/python3.10/site-packages/airflow/example_dags/example_setup_teardown.py
[2025-05-06T23:41:45.946-0400] {processor.py:830} INFO - Processing file /Users/asritabobba/Desktop/Mlops-project/MLOPs-Project/airflow310/lib/python3.10/site-packages/airflow/example_dags/example_setup_teardown.py for tasks to queue
[2025-05-06T23:41:45.946-0400] {logging_mixin.py:188} INFO - [2025-05-06T23:41:45.946-0400] {dagbag.py:538} INFO - Filling up the DagBag from /Users/asritabobba/Desktop/Mlops-project/MLOPs-Project/airflow310/lib/python3.10/site-packages/airflow/example_dags/example_setup_teardown.py
[2025-05-06T23:41:45.969-0400] {processor.py:840} INFO - DAG(s) 'example_setup_teardown' retrieved from /Users/asritabobba/Desktop/Mlops-project/MLOPs-Project/airflow310/lib/python3.10/site-packages/airflow/example_dags/example_setup_teardown.py
[2025-05-06T23:41:45.999-0400] {logging_mixin.py:188} INFO - [2025-05-06T23:41:45.999-0400] {dag.py:3036} INFO - Sync 1 DAGs
[2025-05-06T23:41:46.004-0400] {logging_mixin.py:188} INFO - [2025-05-06T23:41:46.004-0400] {dag.py:3823} INFO - Setting next_dagrun for example_setup_teardown to 2025-05-06 00:00:00+00:00, run_after=2025-05-07 00:00:00+00:00
[2025-05-06T23:41:46.010-0400] {processor.py:183} INFO - Processing /Users/asritabobba/Desktop/Mlops-project/MLOPs-Project/airflow310/lib/python3.10/site-packages/airflow/example_dags/example_setup_teardown.py took 0.065 seconds
