[2025-05-06T23:35:15.107-0400] {processor.py:161} INFO - Started process (PID=91802) to work on /Users/asritabobba/Desktop/Mlops-project/MLOPs-Project/airflow310/lib/python3.10/site-packages/airflow/example_dags/example_trigger_controller_dag.py
[2025-05-06T23:35:15.108-0400] {processor.py:830} INFO - Processing file /Users/asritabobba/Desktop/Mlops-project/MLOPs-Project/airflow310/lib/python3.10/site-packages/airflow/example_dags/example_trigger_controller_dag.py for tasks to queue
[2025-05-06T23:35:15.108-0400] {logging_mixin.py:188} INFO - [2025-05-06T23:35:15.108-0400] {dagbag.py:538} INFO - Filling up the DagBag from /Users/asritabobba/Desktop/Mlops-project/MLOPs-Project/airflow310/lib/python3.10/site-packages/airflow/example_dags/example_trigger_controller_dag.py
[2025-05-06T23:35:15.130-0400] {processor.py:840} INFO - DAG(s) 'example_trigger_controller_dag' retrieved from /Users/asritabobba/Desktop/Mlops-project/MLOPs-Project/airflow310/lib/python3.10/site-packages/airflow/example_dags/example_trigger_controller_dag.py
[2025-05-06T23:35:15.185-0400] {logging_mixin.py:188} INFO - [2025-05-06T23:35:15.184-0400] {dag.py:3036} INFO - Sync 1 DAGs
[2025-05-06T23:35:15.190-0400] {logging_mixin.py:188} INFO - [2025-05-06T23:35:15.190-0400] {dag.py:3823} INFO - Setting next_dagrun for example_trigger_controller_dag to 2021-01-01 00:00:00+00:00, run_after=2021-01-01 00:00:00+00:00
[2025-05-06T23:35:15.196-0400] {processor.py:183} INFO - Processing /Users/asritabobba/Desktop/Mlops-project/MLOPs-Project/airflow310/lib/python3.10/site-packages/airflow/example_dags/example_trigger_controller_dag.py took 0.089 seconds
[2025-05-06T23:36:39.088-0400] {processor.py:161} INFO - Started process (PID=91894) to work on /Users/asritabobba/Desktop/Mlops-project/MLOPs-Project/airflow310/lib/python3.10/site-packages/airflow/example_dags/example_trigger_controller_dag.py
[2025-05-06T23:36:39.088-0400] {processor.py:830} INFO - Processing file /Users/asritabobba/Desktop/Mlops-project/MLOPs-Project/airflow310/lib/python3.10/site-packages/airflow/example_dags/example_trigger_controller_dag.py for tasks to queue
[2025-05-06T23:36:39.089-0400] {logging_mixin.py:188} INFO - [2025-05-06T23:36:39.088-0400] {dagbag.py:538} INFO - Filling up the DagBag from /Users/asritabobba/Desktop/Mlops-project/MLOPs-Project/airflow310/lib/python3.10/site-packages/airflow/example_dags/example_trigger_controller_dag.py
[2025-05-06T23:36:39.111-0400] {processor.py:840} INFO - DAG(s) 'example_trigger_controller_dag' retrieved from /Users/asritabobba/Desktop/Mlops-project/MLOPs-Project/airflow310/lib/python3.10/site-packages/airflow/example_dags/example_trigger_controller_dag.py
[2025-05-06T23:36:39.139-0400] {logging_mixin.py:188} INFO - [2025-05-06T23:36:39.139-0400] {dag.py:3036} INFO - Sync 1 DAGs
[2025-05-06T23:36:39.144-0400] {logging_mixin.py:188} INFO - [2025-05-06T23:36:39.144-0400] {dag.py:3823} INFO - Setting next_dagrun for example_trigger_controller_dag to 2021-01-01 00:00:00+00:00, run_after=2021-01-01 00:00:00+00:00
[2025-05-06T23:36:39.149-0400] {processor.py:183} INFO - Processing /Users/asritabobba/Desktop/Mlops-project/MLOPs-Project/airflow310/lib/python3.10/site-packages/airflow/example_dags/example_trigger_controller_dag.py took 0.062 seconds
[2025-05-06T23:37:29.838-0400] {processor.py:161} INFO - Started process (PID=91949) to work on /Users/asritabobba/Desktop/Mlops-project/MLOPs-Project/airflow310/lib/python3.10/site-packages/airflow/example_dags/example_trigger_controller_dag.py
[2025-05-06T23:37:29.838-0400] {processor.py:830} INFO - Processing file /Users/asritabobba/Desktop/Mlops-project/MLOPs-Project/airflow310/lib/python3.10/site-packages/airflow/example_dags/example_trigger_controller_dag.py for tasks to queue
[2025-05-06T23:37:29.839-0400] {logging_mixin.py:188} INFO - [2025-05-06T23:37:29.839-0400] {dagbag.py:538} INFO - Filling up the DagBag from /Users/asritabobba/Desktop/Mlops-project/MLOPs-Project/airflow310/lib/python3.10/site-packages/airflow/example_dags/example_trigger_controller_dag.py
[2025-05-06T23:37:29.860-0400] {processor.py:840} INFO - DAG(s) 'example_trigger_controller_dag' retrieved from /Users/asritabobba/Desktop/Mlops-project/MLOPs-Project/airflow310/lib/python3.10/site-packages/airflow/example_dags/example_trigger_controller_dag.py
[2025-05-06T23:37:29.887-0400] {logging_mixin.py:188} INFO - [2025-05-06T23:37:29.887-0400] {dag.py:3036} INFO - Sync 1 DAGs
[2025-05-06T23:37:29.892-0400] {logging_mixin.py:188} INFO - [2025-05-06T23:37:29.892-0400] {dag.py:3823} INFO - Setting next_dagrun for example_trigger_controller_dag to 2021-01-01 00:00:00+00:00, run_after=2021-01-01 00:00:00+00:00
[2025-05-06T23:37:29.898-0400] {processor.py:183} INFO - Processing /Users/asritabobba/Desktop/Mlops-project/MLOPs-Project/airflow310/lib/python3.10/site-packages/airflow/example_dags/example_trigger_controller_dag.py took 0.060 seconds
[2025-05-06T23:39:06.589-0400] {processor.py:161} INFO - Started process (PID=92031) to work on /Users/asritabobba/Desktop/Mlops-project/MLOPs-Project/airflow310/lib/python3.10/site-packages/airflow/example_dags/example_trigger_controller_dag.py
[2025-05-06T23:39:06.591-0400] {processor.py:830} INFO - Processing file /Users/asritabobba/Desktop/Mlops-project/MLOPs-Project/airflow310/lib/python3.10/site-packages/airflow/example_dags/example_trigger_controller_dag.py for tasks to queue
[2025-05-06T23:39:06.591-0400] {logging_mixin.py:188} INFO - [2025-05-06T23:39:06.591-0400] {dagbag.py:538} INFO - Filling up the DagBag from /Users/asritabobba/Desktop/Mlops-project/MLOPs-Project/airflow310/lib/python3.10/site-packages/airflow/example_dags/example_trigger_controller_dag.py
[2025-05-06T23:39:06.612-0400] {processor.py:840} INFO - DAG(s) 'example_trigger_controller_dag' retrieved from /Users/asritabobba/Desktop/Mlops-project/MLOPs-Project/airflow310/lib/python3.10/site-packages/airflow/example_dags/example_trigger_controller_dag.py
[2025-05-06T23:39:06.640-0400] {logging_mixin.py:188} INFO - [2025-05-06T23:39:06.640-0400] {dag.py:3036} INFO - Sync 1 DAGs
[2025-05-06T23:39:06.645-0400] {logging_mixin.py:188} INFO - [2025-05-06T23:39:06.645-0400] {dag.py:3823} INFO - Setting next_dagrun for example_trigger_controller_dag to 2021-01-01 00:00:00+00:00, run_after=2021-01-01 00:00:00+00:00
[2025-05-06T23:39:06.650-0400] {processor.py:183} INFO - Processing /Users/asritabobba/Desktop/Mlops-project/MLOPs-Project/airflow310/lib/python3.10/site-packages/airflow/example_dags/example_trigger_controller_dag.py took 0.061 seconds
[2025-05-06T23:40:38.682-0400] {processor.py:161} INFO - Started process (PID=92126) to work on /Users/asritabobba/Desktop/Mlops-project/MLOPs-Project/airflow310/lib/python3.10/site-packages/airflow/example_dags/example_trigger_controller_dag.py
[2025-05-06T23:40:38.683-0400] {processor.py:830} INFO - Processing file /Users/asritabobba/Desktop/Mlops-project/MLOPs-Project/airflow310/lib/python3.10/site-packages/airflow/example_dags/example_trigger_controller_dag.py for tasks to queue
[2025-05-06T23:40:38.684-0400] {logging_mixin.py:188} INFO - [2025-05-06T23:40:38.684-0400] {dagbag.py:538} INFO - Filling up the DagBag from /Users/asritabobba/Desktop/Mlops-project/MLOPs-Project/airflow310/lib/python3.10/site-packages/airflow/example_dags/example_trigger_controller_dag.py
[2025-05-06T23:40:38.706-0400] {processor.py:840} INFO - DAG(s) 'example_trigger_controller_dag' retrieved from /Users/asritabobba/Desktop/Mlops-project/MLOPs-Project/airflow310/lib/python3.10/site-packages/airflow/example_dags/example_trigger_controller_dag.py
[2025-05-06T23:40:38.734-0400] {logging_mixin.py:188} INFO - [2025-05-06T23:40:38.734-0400] {dag.py:3036} INFO - Sync 1 DAGs
[2025-05-06T23:40:38.739-0400] {logging_mixin.py:188} INFO - [2025-05-06T23:40:38.739-0400] {dag.py:3823} INFO - Setting next_dagrun for example_trigger_controller_dag to 2021-01-01 00:00:00+00:00, run_after=2021-01-01 00:00:00+00:00
[2025-05-06T23:40:38.745-0400] {processor.py:183} INFO - Processing /Users/asritabobba/Desktop/Mlops-project/MLOPs-Project/airflow310/lib/python3.10/site-packages/airflow/example_dags/example_trigger_controller_dag.py took 0.063 seconds
[2025-05-06T23:42:23.648-0400] {processor.py:161} INFO - Started process (PID=92265) to work on /Users/asritabobba/Desktop/Mlops-project/MLOPs-Project/airflow310/lib/python3.10/site-packages/airflow/example_dags/example_trigger_controller_dag.py
[2025-05-06T23:42:23.649-0400] {processor.py:830} INFO - Processing file /Users/asritabobba/Desktop/Mlops-project/MLOPs-Project/airflow310/lib/python3.10/site-packages/airflow/example_dags/example_trigger_controller_dag.py for tasks to queue
[2025-05-06T23:42:23.649-0400] {logging_mixin.py:188} INFO - [2025-05-06T23:42:23.649-0400] {dagbag.py:538} INFO - Filling up the DagBag from /Users/asritabobba/Desktop/Mlops-project/MLOPs-Project/airflow310/lib/python3.10/site-packages/airflow/example_dags/example_trigger_controller_dag.py
[2025-05-06T23:42:23.672-0400] {processor.py:840} INFO - DAG(s) 'example_trigger_controller_dag' retrieved from /Users/asritabobba/Desktop/Mlops-project/MLOPs-Project/airflow310/lib/python3.10/site-packages/airflow/example_dags/example_trigger_controller_dag.py
[2025-05-06T23:42:23.700-0400] {logging_mixin.py:188} INFO - [2025-05-06T23:42:23.699-0400] {dag.py:3036} INFO - Sync 1 DAGs
[2025-05-06T23:42:23.704-0400] {logging_mixin.py:188} INFO - [2025-05-06T23:42:23.704-0400] {dag.py:3823} INFO - Setting next_dagrun for example_trigger_controller_dag to 2021-01-01 00:00:00+00:00, run_after=2021-01-01 00:00:00+00:00
[2025-05-06T23:42:23.710-0400] {processor.py:183} INFO - Processing /Users/asritabobba/Desktop/Mlops-project/MLOPs-Project/airflow310/lib/python3.10/site-packages/airflow/example_dags/example_trigger_controller_dag.py took 0.061 seconds
