[2025-05-06T23:36:13.547-0400] {processor.py:161} INFO - Started process (PID=91861) to work on /Users/asritabobba/Desktop/Mlops-project/MLOPs-Project/airflow310/lib/python3.10/site-packages/airflow/example_dags/example_branch_datetime_operator.py
[2025-05-06T23:36:13.548-0400] {processor.py:830} INFO - Processing file /Users/asritabobba/Desktop/Mlops-project/MLOPs-Project/airflow310/lib/python3.10/site-packages/airflow/example_dags/example_branch_datetime_operator.py for tasks to queue
[2025-05-06T23:36:13.548-0400] {logging_mixin.py:188} INFO - [2025-05-06T23:36:13.548-0400] {dagbag.py:538} INFO - Filling up the DagBag from /Users/asritabobba/Desktop/Mlops-project/MLOPs-Project/airflow310/lib/python3.10/site-packages/airflow/example_dags/example_branch_datetime_operator.py
[2025-05-06T23:36:13.574-0400] {processor.py:840} INFO - DAG(s) 'example_branch_datetime_operator_2', 'example_branch_datetime_operator', 'example_branch_datetime_operator_3' retrieved from /Users/asritabobba/Desktop/Mlops-project/MLOPs-Project/airflow310/lib/python3.10/site-packages/airflow/example_dags/example_branch_datetime_operator.py
[2025-05-06T23:36:13.638-0400] {logging_mixin.py:188} INFO - [2025-05-06T23:36:13.637-0400] {dag.py:3036} INFO - Sync 3 DAGs
[2025-05-06T23:36:13.644-0400] {logging_mixin.py:188} INFO - [2025-05-06T23:36:13.644-0400] {dag.py:3823} INFO - Setting next_dagrun for example_branch_datetime_operator to 2025-05-06 00:00:00+00:00, run_after=2025-05-07 00:00:00+00:00
[2025-05-06T23:36:13.646-0400] {logging_mixin.py:188} INFO - [2025-05-06T23:36:13.646-0400] {dag.py:3823} INFO - Setting next_dagrun for example_branch_datetime_operator_2 to 2025-05-06 00:00:00+00:00, run_after=2025-05-07 00:00:00+00:00
[2025-05-06T23:36:13.646-0400] {logging_mixin.py:188} INFO - [2025-05-06T23:36:13.646-0400] {dag.py:3823} INFO - Setting next_dagrun for example_branch_datetime_operator_3 to 2025-05-06 00:00:00+00:00, run_after=2025-05-07 00:00:00+00:00
[2025-05-06T23:36:13.652-0400] {processor.py:183} INFO - Processing /Users/asritabobba/Desktop/Mlops-project/MLOPs-Project/airflow310/lib/python3.10/site-packages/airflow/example_dags/example_branch_datetime_operator.py took 0.106 seconds
[2025-05-06T23:37:53.687-0400] {processor.py:161} INFO - Started process (PID=91973) to work on /Users/asritabobba/Desktop/Mlops-project/MLOPs-Project/airflow310/lib/python3.10/site-packages/airflow/example_dags/example_branch_datetime_operator.py
[2025-05-06T23:37:53.687-0400] {processor.py:830} INFO - Processing file /Users/asritabobba/Desktop/Mlops-project/MLOPs-Project/airflow310/lib/python3.10/site-packages/airflow/example_dags/example_branch_datetime_operator.py for tasks to queue
[2025-05-06T23:37:53.687-0400] {logging_mixin.py:188} INFO - [2025-05-06T23:37:53.687-0400] {dagbag.py:538} INFO - Filling up the DagBag from /Users/asritabobba/Desktop/Mlops-project/MLOPs-Project/airflow310/lib/python3.10/site-packages/airflow/example_dags/example_branch_datetime_operator.py
[2025-05-06T23:37:53.717-0400] {processor.py:840} INFO - DAG(s) 'example_branch_datetime_operator_2', 'example_branch_datetime_operator', 'example_branch_datetime_operator_3' retrieved from /Users/asritabobba/Desktop/Mlops-project/MLOPs-Project/airflow310/lib/python3.10/site-packages/airflow/example_dags/example_branch_datetime_operator.py
[2025-05-06T23:37:53.750-0400] {logging_mixin.py:188} INFO - [2025-05-06T23:37:53.750-0400] {dag.py:3036} INFO - Sync 3 DAGs
[2025-05-06T23:37:53.756-0400] {logging_mixin.py:188} INFO - [2025-05-06T23:37:53.755-0400] {dag.py:3823} INFO - Setting next_dagrun for example_branch_datetime_operator to 2025-05-06 00:00:00+00:00, run_after=2025-05-07 00:00:00+00:00
[2025-05-06T23:37:53.757-0400] {logging_mixin.py:188} INFO - [2025-05-06T23:37:53.757-0400] {dag.py:3823} INFO - Setting next_dagrun for example_branch_datetime_operator_2 to 2025-05-06 00:00:00+00:00, run_after=2025-05-07 00:00:00+00:00
[2025-05-06T23:37:53.757-0400] {logging_mixin.py:188} INFO - [2025-05-06T23:37:53.757-0400] {dag.py:3823} INFO - Setting next_dagrun for example_branch_datetime_operator_3 to 2025-05-06 00:00:00+00:00, run_after=2025-05-07 00:00:00+00:00
[2025-05-06T23:37:53.763-0400] {processor.py:183} INFO - Processing /Users/asritabobba/Desktop/Mlops-project/MLOPs-Project/airflow310/lib/python3.10/site-packages/airflow/example_dags/example_branch_datetime_operator.py took 0.076 seconds
[2025-05-06T23:39:30.599-0400] {processor.py:161} INFO - Started process (PID=92050) to work on /Users/asritabobba/Desktop/Mlops-project/MLOPs-Project/airflow310/lib/python3.10/site-packages/airflow/example_dags/example_branch_datetime_operator.py
[2025-05-06T23:39:30.601-0400] {processor.py:830} INFO - Processing file /Users/asritabobba/Desktop/Mlops-project/MLOPs-Project/airflow310/lib/python3.10/site-packages/airflow/example_dags/example_branch_datetime_operator.py for tasks to queue
[2025-05-06T23:39:30.601-0400] {logging_mixin.py:188} INFO - [2025-05-06T23:39:30.601-0400] {dagbag.py:538} INFO - Filling up the DagBag from /Users/asritabobba/Desktop/Mlops-project/MLOPs-Project/airflow310/lib/python3.10/site-packages/airflow/example_dags/example_branch_datetime_operator.py
[2025-05-06T23:39:30.626-0400] {processor.py:840} INFO - DAG(s) 'example_branch_datetime_operator', 'example_branch_datetime_operator_2', 'example_branch_datetime_operator_3' retrieved from /Users/asritabobba/Desktop/Mlops-project/MLOPs-Project/airflow310/lib/python3.10/site-packages/airflow/example_dags/example_branch_datetime_operator.py
[2025-05-06T23:39:30.657-0400] {logging_mixin.py:188} INFO - [2025-05-06T23:39:30.657-0400] {dag.py:3036} INFO - Sync 3 DAGs
[2025-05-06T23:39:30.662-0400] {logging_mixin.py:188} INFO - [2025-05-06T23:39:30.662-0400] {dag.py:3823} INFO - Setting next_dagrun for example_branch_datetime_operator to 2025-05-06 00:00:00+00:00, run_after=2025-05-07 00:00:00+00:00
[2025-05-06T23:39:30.663-0400] {logging_mixin.py:188} INFO - [2025-05-06T23:39:30.663-0400] {dag.py:3823} INFO - Setting next_dagrun for example_branch_datetime_operator_2 to 2025-05-06 00:00:00+00:00, run_after=2025-05-07 00:00:00+00:00
[2025-05-06T23:39:30.664-0400] {logging_mixin.py:188} INFO - [2025-05-06T23:39:30.664-0400] {dag.py:3823} INFO - Setting next_dagrun for example_branch_datetime_operator_3 to 2025-05-06 00:00:00+00:00, run_after=2025-05-07 00:00:00+00:00
[2025-05-06T23:39:30.669-0400] {processor.py:183} INFO - Processing /Users/asritabobba/Desktop/Mlops-project/MLOPs-Project/airflow310/lib/python3.10/site-packages/airflow/example_dags/example_branch_datetime_operator.py took 0.071 seconds
[2025-05-06T23:41:04.787-0400] {processor.py:161} INFO - Started process (PID=92196) to work on /Users/asritabobba/Desktop/Mlops-project/MLOPs-Project/airflow310/lib/python3.10/site-packages/airflow/example_dags/example_branch_datetime_operator.py
[2025-05-06T23:41:04.788-0400] {processor.py:830} INFO - Processing file /Users/asritabobba/Desktop/Mlops-project/MLOPs-Project/airflow310/lib/python3.10/site-packages/airflow/example_dags/example_branch_datetime_operator.py for tasks to queue
[2025-05-06T23:41:04.788-0400] {logging_mixin.py:188} INFO - [2025-05-06T23:41:04.788-0400] {dagbag.py:538} INFO - Filling up the DagBag from /Users/asritabobba/Desktop/Mlops-project/MLOPs-Project/airflow310/lib/python3.10/site-packages/airflow/example_dags/example_branch_datetime_operator.py
[2025-05-06T23:41:04.811-0400] {processor.py:840} INFO - DAG(s) 'example_branch_datetime_operator_3', 'example_branch_datetime_operator', 'example_branch_datetime_operator_2' retrieved from /Users/asritabobba/Desktop/Mlops-project/MLOPs-Project/airflow310/lib/python3.10/site-packages/airflow/example_dags/example_branch_datetime_operator.py
[2025-05-06T23:41:04.843-0400] {logging_mixin.py:188} INFO - [2025-05-06T23:41:04.843-0400] {dag.py:3036} INFO - Sync 3 DAGs
[2025-05-06T23:41:04.849-0400] {logging_mixin.py:188} INFO - [2025-05-06T23:41:04.848-0400] {dag.py:3823} INFO - Setting next_dagrun for example_branch_datetime_operator to 2025-05-06 00:00:00+00:00, run_after=2025-05-07 00:00:00+00:00
[2025-05-06T23:41:04.850-0400] {logging_mixin.py:188} INFO - [2025-05-06T23:41:04.850-0400] {dag.py:3823} INFO - Setting next_dagrun for example_branch_datetime_operator_2 to 2025-05-06 00:00:00+00:00, run_after=2025-05-07 00:00:00+00:00
[2025-05-06T23:41:04.850-0400] {logging_mixin.py:188} INFO - [2025-05-06T23:41:04.850-0400] {dag.py:3823} INFO - Setting next_dagrun for example_branch_datetime_operator_3 to 2025-05-06 00:00:00+00:00, run_after=2025-05-07 00:00:00+00:00
[2025-05-06T23:41:04.856-0400] {processor.py:183} INFO - Processing /Users/asritabobba/Desktop/Mlops-project/MLOPs-Project/airflow310/lib/python3.10/site-packages/airflow/example_dags/example_branch_datetime_operator.py took 0.069 seconds
