[2025-05-06T23:35:11.463-0400] {processor.py:161} INFO - Started process (PID=91800) to work on /Users/asritabobba/Desktop/Mlops-project/MLOPs-Project/airflow310/lib/python3.10/site-packages/airflow/example_dags/example_xcom.py
[2025-05-06T23:35:11.463-0400] {processor.py:830} INFO - Processing file /Users/asritabobba/Desktop/Mlops-project/MLOPs-Project/airflow310/lib/python3.10/site-packages/airflow/example_dags/example_xcom.py for tasks to queue
[2025-05-06T23:35:11.463-0400] {logging_mixin.py:188} INFO - [2025-05-06T23:35:11.463-0400] {dagbag.py:538} INFO - Filling up the DagBag from /Users/asritabobba/Desktop/Mlops-project/MLOPs-Project/airflow310/lib/python3.10/site-packages/airflow/example_dags/example_xcom.py
[2025-05-06T23:35:11.507-0400] {processor.py:840} INFO - DAG(s) 'example_xcom' retrieved from /Users/asritabobba/Desktop/Mlops-project/MLOPs-Project/airflow310/lib/python3.10/site-packages/airflow/example_dags/example_xcom.py
[2025-05-06T23:35:11.574-0400] {logging_mixin.py:188} INFO - [2025-05-06T23:35:11.574-0400] {dag.py:3036} INFO - Sync 1 DAGs
[2025-05-06T23:35:11.580-0400] {logging_mixin.py:188} INFO - [2025-05-06T23:35:11.580-0400] {dag.py:3823} INFO - Setting next_dagrun for example_xcom to 2021-01-01 00:00:00+00:00, run_after=2021-01-01 00:00:00+00:00
[2025-05-06T23:35:11.587-0400] {processor.py:183} INFO - Processing /Users/asritabobba/Desktop/Mlops-project/MLOPs-Project/airflow310/lib/python3.10/site-packages/airflow/example_dags/example_xcom.py took 0.124 seconds
[2025-05-06T23:36:35.735-0400] {processor.py:161} INFO - Started process (PID=91891) to work on /Users/asritabobba/Desktop/Mlops-project/MLOPs-Project/airflow310/lib/python3.10/site-packages/airflow/example_dags/example_xcom.py
[2025-05-06T23:36:35.737-0400] {processor.py:830} INFO - Processing file /Users/asritabobba/Desktop/Mlops-project/MLOPs-Project/airflow310/lib/python3.10/site-packages/airflow/example_dags/example_xcom.py for tasks to queue
[2025-05-06T23:36:35.737-0400] {logging_mixin.py:188} INFO - [2025-05-06T23:36:35.737-0400] {dagbag.py:538} INFO - Filling up the DagBag from /Users/asritabobba/Desktop/Mlops-project/MLOPs-Project/airflow310/lib/python3.10/site-packages/airflow/example_dags/example_xcom.py
[2025-05-06T23:36:35.766-0400] {processor.py:840} INFO - DAG(s) 'example_xcom' retrieved from /Users/asritabobba/Desktop/Mlops-project/MLOPs-Project/airflow310/lib/python3.10/site-packages/airflow/example_dags/example_xcom.py
[2025-05-06T23:36:35.796-0400] {logging_mixin.py:188} INFO - [2025-05-06T23:36:35.796-0400] {dag.py:3036} INFO - Sync 1 DAGs
[2025-05-06T23:36:35.801-0400] {logging_mixin.py:188} INFO - [2025-05-06T23:36:35.801-0400] {dag.py:3823} INFO - Setting next_dagrun for example_xcom to 2021-01-01 00:00:00+00:00, run_after=2021-01-01 00:00:00+00:00
[2025-05-06T23:36:35.807-0400] {processor.py:183} INFO - Processing /Users/asritabobba/Desktop/Mlops-project/MLOPs-Project/airflow310/lib/python3.10/site-packages/airflow/example_dags/example_xcom.py took 0.072 seconds
[2025-05-06T23:37:26.463-0400] {processor.py:161} INFO - Started process (PID=91947) to work on /Users/asritabobba/Desktop/Mlops-project/MLOPs-Project/airflow310/lib/python3.10/site-packages/airflow/example_dags/example_xcom.py
[2025-05-06T23:37:26.463-0400] {processor.py:830} INFO - Processing file /Users/asritabobba/Desktop/Mlops-project/MLOPs-Project/airflow310/lib/python3.10/site-packages/airflow/example_dags/example_xcom.py for tasks to queue
[2025-05-06T23:37:26.463-0400] {logging_mixin.py:188} INFO - [2025-05-06T23:37:26.463-0400] {dagbag.py:538} INFO - Filling up the DagBag from /Users/asritabobba/Desktop/Mlops-project/MLOPs-Project/airflow310/lib/python3.10/site-packages/airflow/example_dags/example_xcom.py
[2025-05-06T23:37:26.493-0400] {processor.py:840} INFO - DAG(s) 'example_xcom' retrieved from /Users/asritabobba/Desktop/Mlops-project/MLOPs-Project/airflow310/lib/python3.10/site-packages/airflow/example_dags/example_xcom.py
[2025-05-06T23:37:26.522-0400] {logging_mixin.py:188} INFO - [2025-05-06T23:37:26.522-0400] {dag.py:3036} INFO - Sync 1 DAGs
[2025-05-06T23:37:26.527-0400] {logging_mixin.py:188} INFO - [2025-05-06T23:37:26.527-0400] {dag.py:3823} INFO - Setting next_dagrun for example_xcom to 2021-01-01 00:00:00+00:00, run_after=2021-01-01 00:00:00+00:00
[2025-05-06T23:37:26.532-0400] {processor.py:183} INFO - Processing /Users/asritabobba/Desktop/Mlops-project/MLOPs-Project/airflow310/lib/python3.10/site-packages/airflow/example_dags/example_xcom.py took 0.070 seconds
[2025-05-06T23:39:03.206-0400] {processor.py:161} INFO - Started process (PID=92029) to work on /Users/asritabobba/Desktop/Mlops-project/MLOPs-Project/airflow310/lib/python3.10/site-packages/airflow/example_dags/example_xcom.py
[2025-05-06T23:39:03.207-0400] {processor.py:830} INFO - Processing file /Users/asritabobba/Desktop/Mlops-project/MLOPs-Project/airflow310/lib/python3.10/site-packages/airflow/example_dags/example_xcom.py for tasks to queue
[2025-05-06T23:39:03.207-0400] {logging_mixin.py:188} INFO - [2025-05-06T23:39:03.207-0400] {dagbag.py:538} INFO - Filling up the DagBag from /Users/asritabobba/Desktop/Mlops-project/MLOPs-Project/airflow310/lib/python3.10/site-packages/airflow/example_dags/example_xcom.py
[2025-05-06T23:39:03.237-0400] {processor.py:840} INFO - DAG(s) 'example_xcom' retrieved from /Users/asritabobba/Desktop/Mlops-project/MLOPs-Project/airflow310/lib/python3.10/site-packages/airflow/example_dags/example_xcom.py
[2025-05-06T23:39:03.266-0400] {logging_mixin.py:188} INFO - [2025-05-06T23:39:03.266-0400] {dag.py:3036} INFO - Sync 1 DAGs
[2025-05-06T23:39:03.271-0400] {logging_mixin.py:188} INFO - [2025-05-06T23:39:03.271-0400] {dag.py:3823} INFO - Setting next_dagrun for example_xcom to 2021-01-01 00:00:00+00:00, run_after=2021-01-01 00:00:00+00:00
[2025-05-06T23:39:03.277-0400] {processor.py:183} INFO - Processing /Users/asritabobba/Desktop/Mlops-project/MLOPs-Project/airflow310/lib/python3.10/site-packages/airflow/example_dags/example_xcom.py took 0.071 seconds
[2025-05-06T23:39:50.628-0400] {processor.py:161} INFO - Started process (PID=92064) to work on /Users/asritabobba/Desktop/Mlops-project/MLOPs-Project/airflow310/lib/python3.10/site-packages/airflow/example_dags/example_xcom.py
[2025-05-06T23:39:50.630-0400] {processor.py:830} INFO - Processing file /Users/asritabobba/Desktop/Mlops-project/MLOPs-Project/airflow310/lib/python3.10/site-packages/airflow/example_dags/example_xcom.py for tasks to queue
[2025-05-06T23:39:50.630-0400] {logging_mixin.py:188} INFO - [2025-05-06T23:39:50.630-0400] {dagbag.py:538} INFO - Filling up the DagBag from /Users/asritabobba/Desktop/Mlops-project/MLOPs-Project/airflow310/lib/python3.10/site-packages/airflow/example_dags/example_xcom.py
[2025-05-06T23:39:50.662-0400] {processor.py:840} INFO - DAG(s) 'example_xcom' retrieved from /Users/asritabobba/Desktop/Mlops-project/MLOPs-Project/airflow310/lib/python3.10/site-packages/airflow/example_dags/example_xcom.py
[2025-05-06T23:39:50.693-0400] {logging_mixin.py:188} INFO - [2025-05-06T23:39:50.693-0400] {dag.py:3036} INFO - Sync 1 DAGs
[2025-05-06T23:39:50.698-0400] {logging_mixin.py:188} INFO - [2025-05-06T23:39:50.698-0400] {dag.py:3823} INFO - Setting next_dagrun for example_xcom to 2021-01-01 00:00:00+00:00, run_after=2021-01-01 00:00:00+00:00
[2025-05-06T23:39:50.704-0400] {processor.py:183} INFO - Processing /Users/asritabobba/Desktop/Mlops-project/MLOPs-Project/airflow310/lib/python3.10/site-packages/airflow/example_dags/example_xcom.py took 0.076 seconds
[2025-05-06T23:41:27.232-0400] {processor.py:161} INFO - Started process (PID=92228) to work on /Users/asritabobba/Desktop/Mlops-project/MLOPs-Project/airflow310/lib/python3.10/site-packages/airflow/example_dags/example_xcom.py
[2025-05-06T23:41:27.234-0400] {processor.py:830} INFO - Processing file /Users/asritabobba/Desktop/Mlops-project/MLOPs-Project/airflow310/lib/python3.10/site-packages/airflow/example_dags/example_xcom.py for tasks to queue
[2025-05-06T23:41:27.234-0400] {logging_mixin.py:188} INFO - [2025-05-06T23:41:27.234-0400] {dagbag.py:538} INFO - Filling up the DagBag from /Users/asritabobba/Desktop/Mlops-project/MLOPs-Project/airflow310/lib/python3.10/site-packages/airflow/example_dags/example_xcom.py
[2025-05-06T23:41:27.264-0400] {processor.py:840} INFO - DAG(s) 'example_xcom' retrieved from /Users/asritabobba/Desktop/Mlops-project/MLOPs-Project/airflow310/lib/python3.10/site-packages/airflow/example_dags/example_xcom.py
[2025-05-06T23:41:27.294-0400] {logging_mixin.py:188} INFO - [2025-05-06T23:41:27.294-0400] {dag.py:3036} INFO - Sync 1 DAGs
[2025-05-06T23:41:27.299-0400] {logging_mixin.py:188} INFO - [2025-05-06T23:41:27.299-0400] {dag.py:3823} INFO - Setting next_dagrun for example_xcom to 2021-01-01 00:00:00+00:00, run_after=2021-01-01 00:00:00+00:00
[2025-05-06T23:41:27.305-0400] {processor.py:183} INFO - Processing /Users/asritabobba/Desktop/Mlops-project/MLOPs-Project/airflow310/lib/python3.10/site-packages/airflow/example_dags/example_xcom.py took 0.073 seconds
[2025-05-06T23:42:20.229-0400] {processor.py:161} INFO - Started process (PID=92263) to work on /Users/asritabobba/Desktop/Mlops-project/MLOPs-Project/airflow310/lib/python3.10/site-packages/airflow/example_dags/example_xcom.py
[2025-05-06T23:42:20.229-0400] {processor.py:830} INFO - Processing file /Users/asritabobba/Desktop/Mlops-project/MLOPs-Project/airflow310/lib/python3.10/site-packages/airflow/example_dags/example_xcom.py for tasks to queue
[2025-05-06T23:42:20.230-0400] {logging_mixin.py:188} INFO - [2025-05-06T23:42:20.229-0400] {dagbag.py:538} INFO - Filling up the DagBag from /Users/asritabobba/Desktop/Mlops-project/MLOPs-Project/airflow310/lib/python3.10/site-packages/airflow/example_dags/example_xcom.py
[2025-05-06T23:42:20.261-0400] {processor.py:840} INFO - DAG(s) 'example_xcom' retrieved from /Users/asritabobba/Desktop/Mlops-project/MLOPs-Project/airflow310/lib/python3.10/site-packages/airflow/example_dags/example_xcom.py
[2025-05-06T23:42:20.291-0400] {logging_mixin.py:188} INFO - [2025-05-06T23:42:20.291-0400] {dag.py:3036} INFO - Sync 1 DAGs
[2025-05-06T23:42:20.296-0400] {logging_mixin.py:188} INFO - [2025-05-06T23:42:20.296-0400] {dag.py:3823} INFO - Setting next_dagrun for example_xcom to 2021-01-01 00:00:00+00:00, run_after=2021-01-01 00:00:00+00:00
[2025-05-06T23:42:20.302-0400] {processor.py:183} INFO - Processing /Users/asritabobba/Desktop/Mlops-project/MLOPs-Project/airflow310/lib/python3.10/site-packages/airflow/example_dags/example_xcom.py took 0.073 seconds
