[2025-05-06T23:35:25.322-0400] {processor.py:161} INFO - Started process (PID=91811) to work on /Users/asritabobba/Desktop/Mlops-project/MLOPs-Project/airflow310/lib/python3.10/site-packages/airflow/example_dags/example_skip_dag.py
[2025-05-06T23:35:25.322-0400] {processor.py:830} INFO - Processing file /Users/asritabobba/Desktop/Mlops-project/MLOPs-Project/airflow310/lib/python3.10/site-packages/airflow/example_dags/example_skip_dag.py for tasks to queue
[2025-05-06T23:35:25.323-0400] {logging_mixin.py:188} INFO - [2025-05-06T23:35:25.323-0400] {dagbag.py:538} INFO - Filling up the DagBag from /Users/asritabobba/Desktop/Mlops-project/MLOPs-Project/airflow310/lib/python3.10/site-packages/airflow/example_dags/example_skip_dag.py
[2025-05-06T23:35:25.344-0400] {processor.py:840} INFO - DAG(s) 'example_skip_dag' retrieved from /Users/asritabobba/Desktop/Mlops-project/MLOPs-Project/airflow310/lib/python3.10/site-packages/airflow/example_dags/example_skip_dag.py
[2025-05-06T23:35:25.398-0400] {logging_mixin.py:188} INFO - [2025-05-06T23:35:25.398-0400] {dag.py:3036} INFO - Sync 1 DAGs
[2025-05-06T23:35:25.403-0400] {logging_mixin.py:188} INFO - [2025-05-06T23:35:25.403-0400] {dag.py:3823} INFO - Setting next_dagrun for example_skip_dag to 2025-05-06 00:00:00+00:00, run_after=2025-05-07 00:00:00+00:00
[2025-05-06T23:35:25.409-0400] {processor.py:183} INFO - Processing /Users/asritabobba/Desktop/Mlops-project/MLOPs-Project/airflow310/lib/python3.10/site-packages/airflow/example_dags/example_skip_dag.py took 0.087 seconds
[2025-05-06T23:36:49.130-0400] {processor.py:161} INFO - Started process (PID=91904) to work on /Users/asritabobba/Desktop/Mlops-project/MLOPs-Project/airflow310/lib/python3.10/site-packages/airflow/example_dags/example_skip_dag.py
[2025-05-06T23:36:49.131-0400] {processor.py:830} INFO - Processing file /Users/asritabobba/Desktop/Mlops-project/MLOPs-Project/airflow310/lib/python3.10/site-packages/airflow/example_dags/example_skip_dag.py for tasks to queue
[2025-05-06T23:36:49.131-0400] {logging_mixin.py:188} INFO - [2025-05-06T23:36:49.131-0400] {dagbag.py:538} INFO - Filling up the DagBag from /Users/asritabobba/Desktop/Mlops-project/MLOPs-Project/airflow310/lib/python3.10/site-packages/airflow/example_dags/example_skip_dag.py
[2025-05-06T23:36:49.152-0400] {processor.py:840} INFO - DAG(s) 'example_skip_dag' retrieved from /Users/asritabobba/Desktop/Mlops-project/MLOPs-Project/airflow310/lib/python3.10/site-packages/airflow/example_dags/example_skip_dag.py
[2025-05-06T23:36:49.183-0400] {logging_mixin.py:188} INFO - [2025-05-06T23:36:49.182-0400] {dag.py:3036} INFO - Sync 1 DAGs
[2025-05-06T23:36:49.188-0400] {logging_mixin.py:188} INFO - [2025-05-06T23:36:49.187-0400] {dag.py:3823} INFO - Setting next_dagrun for example_skip_dag to 2025-05-06 00:00:00+00:00, run_after=2025-05-07 00:00:00+00:00
[2025-05-06T23:36:49.193-0400] {processor.py:183} INFO - Processing /Users/asritabobba/Desktop/Mlops-project/MLOPs-Project/airflow310/lib/python3.10/site-packages/airflow/example_dags/example_skip_dag.py took 0.063 seconds
[2025-05-06T23:38:24.277-0400] {processor.py:161} INFO - Started process (PID=92001) to work on /Users/asritabobba/Desktop/Mlops-project/MLOPs-Project/airflow310/lib/python3.10/site-packages/airflow/example_dags/example_skip_dag.py
[2025-05-06T23:38:24.278-0400] {processor.py:830} INFO - Processing file /Users/asritabobba/Desktop/Mlops-project/MLOPs-Project/airflow310/lib/python3.10/site-packages/airflow/example_dags/example_skip_dag.py for tasks to queue
[2025-05-06T23:38:24.278-0400] {logging_mixin.py:188} INFO - [2025-05-06T23:38:24.278-0400] {dagbag.py:538} INFO - Filling up the DagBag from /Users/asritabobba/Desktop/Mlops-project/MLOPs-Project/airflow310/lib/python3.10/site-packages/airflow/example_dags/example_skip_dag.py
[2025-05-06T23:38:24.300-0400] {processor.py:840} INFO - DAG(s) 'example_skip_dag' retrieved from /Users/asritabobba/Desktop/Mlops-project/MLOPs-Project/airflow310/lib/python3.10/site-packages/airflow/example_dags/example_skip_dag.py
[2025-05-06T23:38:24.330-0400] {logging_mixin.py:188} INFO - [2025-05-06T23:38:24.329-0400] {dag.py:3036} INFO - Sync 1 DAGs
[2025-05-06T23:38:24.334-0400] {logging_mixin.py:188} INFO - [2025-05-06T23:38:24.334-0400] {dag.py:3823} INFO - Setting next_dagrun for example_skip_dag to 2025-05-06 00:00:00+00:00, run_after=2025-05-07 00:00:00+00:00
[2025-05-06T23:38:24.340-0400] {processor.py:183} INFO - Processing /Users/asritabobba/Desktop/Mlops-project/MLOPs-Project/airflow310/lib/python3.10/site-packages/airflow/example_dags/example_skip_dag.py took 0.064 seconds
[2025-05-06T23:40:00.212-0400] {processor.py:161} INFO - Started process (PID=92081) to work on /Users/asritabobba/Desktop/Mlops-project/MLOPs-Project/airflow310/lib/python3.10/site-packages/airflow/example_dags/example_skip_dag.py
[2025-05-06T23:40:00.213-0400] {processor.py:830} INFO - Processing file /Users/asritabobba/Desktop/Mlops-project/MLOPs-Project/airflow310/lib/python3.10/site-packages/airflow/example_dags/example_skip_dag.py for tasks to queue
[2025-05-06T23:40:00.213-0400] {logging_mixin.py:188} INFO - [2025-05-06T23:40:00.213-0400] {dagbag.py:538} INFO - Filling up the DagBag from /Users/asritabobba/Desktop/Mlops-project/MLOPs-Project/airflow310/lib/python3.10/site-packages/airflow/example_dags/example_skip_dag.py
[2025-05-06T23:40:00.243-0400] {processor.py:840} INFO - DAG(s) 'example_skip_dag' retrieved from /Users/asritabobba/Desktop/Mlops-project/MLOPs-Project/airflow310/lib/python3.10/site-packages/airflow/example_dags/example_skip_dag.py
[2025-05-06T23:40:00.280-0400] {logging_mixin.py:188} INFO - [2025-05-06T23:40:00.280-0400] {dag.py:3036} INFO - Sync 1 DAGs
[2025-05-06T23:40:00.286-0400] {logging_mixin.py:188} INFO - [2025-05-06T23:40:00.286-0400] {dag.py:3823} INFO - Setting next_dagrun for example_skip_dag to 2025-05-06 00:00:00+00:00, run_after=2025-05-07 00:00:00+00:00
[2025-05-06T23:40:00.294-0400] {processor.py:183} INFO - Processing /Users/asritabobba/Desktop/Mlops-project/MLOPs-Project/airflow310/lib/python3.10/site-packages/airflow/example_dags/example_skip_dag.py took 0.082 seconds
[2025-05-06T23:41:39.144-0400] {processor.py:161} INFO - Started process (PID=92235) to work on /Users/asritabobba/Desktop/Mlops-project/MLOPs-Project/airflow310/lib/python3.10/site-packages/airflow/example_dags/example_skip_dag.py
[2025-05-06T23:41:39.145-0400] {processor.py:830} INFO - Processing file /Users/asritabobba/Desktop/Mlops-project/MLOPs-Project/airflow310/lib/python3.10/site-packages/airflow/example_dags/example_skip_dag.py for tasks to queue
[2025-05-06T23:41:39.145-0400] {logging_mixin.py:188} INFO - [2025-05-06T23:41:39.145-0400] {dagbag.py:538} INFO - Filling up the DagBag from /Users/asritabobba/Desktop/Mlops-project/MLOPs-Project/airflow310/lib/python3.10/site-packages/airflow/example_dags/example_skip_dag.py
[2025-05-06T23:41:39.168-0400] {processor.py:840} INFO - DAG(s) 'example_skip_dag' retrieved from /Users/asritabobba/Desktop/Mlops-project/MLOPs-Project/airflow310/lib/python3.10/site-packages/airflow/example_dags/example_skip_dag.py
[2025-05-06T23:41:39.197-0400] {logging_mixin.py:188} INFO - [2025-05-06T23:41:39.197-0400] {dag.py:3036} INFO - Sync 1 DAGs
[2025-05-06T23:41:39.202-0400] {logging_mixin.py:188} INFO - [2025-05-06T23:41:39.202-0400] {dag.py:3823} INFO - Setting next_dagrun for example_skip_dag to 2025-05-06 00:00:00+00:00, run_after=2025-05-07 00:00:00+00:00
[2025-05-06T23:41:39.208-0400] {processor.py:183} INFO - Processing /Users/asritabobba/Desktop/Mlops-project/MLOPs-Project/airflow310/lib/python3.10/site-packages/airflow/example_dags/example_skip_dag.py took 0.064 seconds
