[2025-05-06T23:35:27.021-0400] {processor.py:161} INFO - Started process (PID=91812) to work on /Users/asritabobba/Desktop/Mlops-project/MLOPs-Project/airflow310/lib/python3.10/site-packages/airflow/example_dags/example_short_circuit_operator.py
[2025-05-06T23:35:27.021-0400] {processor.py:830} INFO - Processing file /Users/asritabobba/Desktop/Mlops-project/MLOPs-Project/airflow310/lib/python3.10/site-packages/airflow/example_dags/example_short_circuit_operator.py for tasks to queue
[2025-05-06T23:35:27.022-0400] {logging_mixin.py:188} INFO - [2025-05-06T23:35:27.022-0400] {dagbag.py:538} INFO - Filling up the DagBag from /Users/asritabobba/Desktop/Mlops-project/MLOPs-Project/airflow310/lib/python3.10/site-packages/airflow/example_dags/example_short_circuit_operator.py
[2025-05-06T23:35:27.049-0400] {processor.py:840} INFO - DAG(s) 'example_short_circuit_operator' retrieved from /Users/asritabobba/Desktop/Mlops-project/MLOPs-Project/airflow310/lib/python3.10/site-packages/airflow/example_dags/example_short_circuit_operator.py
[2025-05-06T23:35:27.103-0400] {logging_mixin.py:188} INFO - [2025-05-06T23:35:27.103-0400] {dag.py:3036} INFO - Sync 1 DAGs
[2025-05-06T23:35:27.108-0400] {logging_mixin.py:188} INFO - [2025-05-06T23:35:27.107-0400] {dag.py:3823} INFO - Setting next_dagrun for example_short_circuit_operator to 2025-05-06 00:00:00+00:00, run_after=2025-05-07 00:00:00+00:00
[2025-05-06T23:35:27.113-0400] {processor.py:183} INFO - Processing /Users/asritabobba/Desktop/Mlops-project/MLOPs-Project/airflow310/lib/python3.10/site-packages/airflow/example_dags/example_short_circuit_operator.py took 0.093 seconds
[2025-05-06T23:36:50.033-0400] {processor.py:161} INFO - Started process (PID=91907) to work on /Users/asritabobba/Desktop/Mlops-project/MLOPs-Project/airflow310/lib/python3.10/site-packages/airflow/example_dags/example_short_circuit_operator.py
[2025-05-06T23:36:50.034-0400] {processor.py:830} INFO - Processing file /Users/asritabobba/Desktop/Mlops-project/MLOPs-Project/airflow310/lib/python3.10/site-packages/airflow/example_dags/example_short_circuit_operator.py for tasks to queue
[2025-05-06T23:36:50.035-0400] {logging_mixin.py:188} INFO - [2025-05-06T23:36:50.035-0400] {dagbag.py:538} INFO - Filling up the DagBag from /Users/asritabobba/Desktop/Mlops-project/MLOPs-Project/airflow310/lib/python3.10/site-packages/airflow/example_dags/example_short_circuit_operator.py
[2025-05-06T23:36:50.060-0400] {processor.py:840} INFO - DAG(s) 'example_short_circuit_operator' retrieved from /Users/asritabobba/Desktop/Mlops-project/MLOPs-Project/airflow310/lib/python3.10/site-packages/airflow/example_dags/example_short_circuit_operator.py
[2025-05-06T23:36:50.090-0400] {logging_mixin.py:188} INFO - [2025-05-06T23:36:50.090-0400] {dag.py:3036} INFO - Sync 1 DAGs
[2025-05-06T23:36:50.095-0400] {logging_mixin.py:188} INFO - [2025-05-06T23:36:50.095-0400] {dag.py:3823} INFO - Setting next_dagrun for example_short_circuit_operator to 2025-05-06 00:00:00+00:00, run_after=2025-05-07 00:00:00+00:00
[2025-05-06T23:36:50.101-0400] {processor.py:183} INFO - Processing /Users/asritabobba/Desktop/Mlops-project/MLOPs-Project/airflow310/lib/python3.10/site-packages/airflow/example_dags/example_short_circuit_operator.py took 0.068 seconds
[2025-05-06T23:38:25.950-0400] {processor.py:161} INFO - Started process (PID=92003) to work on /Users/asritabobba/Desktop/Mlops-project/MLOPs-Project/airflow310/lib/python3.10/site-packages/airflow/example_dags/example_short_circuit_operator.py
[2025-05-06T23:38:25.951-0400] {processor.py:830} INFO - Processing file /Users/asritabobba/Desktop/Mlops-project/MLOPs-Project/airflow310/lib/python3.10/site-packages/airflow/example_dags/example_short_circuit_operator.py for tasks to queue
[2025-05-06T23:38:25.951-0400] {logging_mixin.py:188} INFO - [2025-05-06T23:38:25.951-0400] {dagbag.py:538} INFO - Filling up the DagBag from /Users/asritabobba/Desktop/Mlops-project/MLOPs-Project/airflow310/lib/python3.10/site-packages/airflow/example_dags/example_short_circuit_operator.py
[2025-05-06T23:38:25.977-0400] {processor.py:840} INFO - DAG(s) 'example_short_circuit_operator' retrieved from /Users/asritabobba/Desktop/Mlops-project/MLOPs-Project/airflow310/lib/python3.10/site-packages/airflow/example_dags/example_short_circuit_operator.py
[2025-05-06T23:38:26.007-0400] {logging_mixin.py:188} INFO - [2025-05-06T23:38:26.007-0400] {dag.py:3036} INFO - Sync 1 DAGs
[2025-05-06T23:38:26.012-0400] {logging_mixin.py:188} INFO - [2025-05-06T23:38:26.012-0400] {dag.py:3823} INFO - Setting next_dagrun for example_short_circuit_operator to 2025-05-06 00:00:00+00:00, run_after=2025-05-07 00:00:00+00:00
[2025-05-06T23:38:26.018-0400] {processor.py:183} INFO - Processing /Users/asritabobba/Desktop/Mlops-project/MLOPs-Project/airflow310/lib/python3.10/site-packages/airflow/example_dags/example_short_circuit_operator.py took 0.068 seconds
[2025-05-06T23:40:01.564-0400] {processor.py:161} INFO - Started process (PID=92084) to work on /Users/asritabobba/Desktop/Mlops-project/MLOPs-Project/airflow310/lib/python3.10/site-packages/airflow/example_dags/example_short_circuit_operator.py
[2025-05-06T23:40:01.565-0400] {processor.py:830} INFO - Processing file /Users/asritabobba/Desktop/Mlops-project/MLOPs-Project/airflow310/lib/python3.10/site-packages/airflow/example_dags/example_short_circuit_operator.py for tasks to queue
[2025-05-06T23:40:01.565-0400] {logging_mixin.py:188} INFO - [2025-05-06T23:40:01.565-0400] {dagbag.py:538} INFO - Filling up the DagBag from /Users/asritabobba/Desktop/Mlops-project/MLOPs-Project/airflow310/lib/python3.10/site-packages/airflow/example_dags/example_short_circuit_operator.py
[2025-05-06T23:40:01.605-0400] {processor.py:840} INFO - DAG(s) 'example_short_circuit_operator' retrieved from /Users/asritabobba/Desktop/Mlops-project/MLOPs-Project/airflow310/lib/python3.10/site-packages/airflow/example_dags/example_short_circuit_operator.py
[2025-05-06T23:40:01.640-0400] {logging_mixin.py:188} INFO - [2025-05-06T23:40:01.640-0400] {dag.py:3036} INFO - Sync 1 DAGs
[2025-05-06T23:40:01.645-0400] {logging_mixin.py:188} INFO - [2025-05-06T23:40:01.645-0400] {dag.py:3823} INFO - Setting next_dagrun for example_short_circuit_operator to 2025-05-06 00:00:00+00:00, run_after=2025-05-07 00:00:00+00:00
[2025-05-06T23:40:01.651-0400] {processor.py:183} INFO - Processing /Users/asritabobba/Desktop/Mlops-project/MLOPs-Project/airflow310/lib/python3.10/site-packages/airflow/example_dags/example_short_circuit_operator.py took 0.088 seconds
[2025-05-06T23:41:40.844-0400] {processor.py:161} INFO - Started process (PID=92236) to work on /Users/asritabobba/Desktop/Mlops-project/MLOPs-Project/airflow310/lib/python3.10/site-packages/airflow/example_dags/example_short_circuit_operator.py
[2025-05-06T23:41:40.846-0400] {processor.py:830} INFO - Processing file /Users/asritabobba/Desktop/Mlops-project/MLOPs-Project/airflow310/lib/python3.10/site-packages/airflow/example_dags/example_short_circuit_operator.py for tasks to queue
[2025-05-06T23:41:40.847-0400] {logging_mixin.py:188} INFO - [2025-05-06T23:41:40.847-0400] {dagbag.py:538} INFO - Filling up the DagBag from /Users/asritabobba/Desktop/Mlops-project/MLOPs-Project/airflow310/lib/python3.10/site-packages/airflow/example_dags/example_short_circuit_operator.py
[2025-05-06T23:41:40.875-0400] {processor.py:840} INFO - DAG(s) 'example_short_circuit_operator' retrieved from /Users/asritabobba/Desktop/Mlops-project/MLOPs-Project/airflow310/lib/python3.10/site-packages/airflow/example_dags/example_short_circuit_operator.py
[2025-05-06T23:41:40.905-0400] {logging_mixin.py:188} INFO - [2025-05-06T23:41:40.905-0400] {dag.py:3036} INFO - Sync 1 DAGs
[2025-05-06T23:41:40.910-0400] {logging_mixin.py:188} INFO - [2025-05-06T23:41:40.910-0400] {dag.py:3823} INFO - Setting next_dagrun for example_short_circuit_operator to 2025-05-06 00:00:00+00:00, run_after=2025-05-07 00:00:00+00:00
[2025-05-06T23:41:40.917-0400] {processor.py:183} INFO - Processing /Users/asritabobba/Desktop/Mlops-project/MLOPs-Project/airflow310/lib/python3.10/site-packages/airflow/example_dags/example_short_circuit_operator.py took 0.073 seconds
