[2025-05-06T23:35:09.650-0400] {processor.py:161} INFO - Started process (PID=91799) to work on /Users/asritabobba/Desktop/Mlops-project/MLOPs-Project/airflow310/lib/python3.10/site-packages/airflow/example_dags/example_xcomargs.py
[2025-05-06T23:35:09.650-0400] {processor.py:830} INFO - Processing file /Users/asritabobba/Desktop/Mlops-project/MLOPs-Project/airflow310/lib/python3.10/site-packages/airflow/example_dags/example_xcomargs.py for tasks to queue
[2025-05-06T23:35:09.651-0400] {logging_mixin.py:188} INFO - [2025-05-06T23:35:09.650-0400] {dagbag.py:538} INFO - Filling up the DagBag from /Users/asritabobba/Desktop/Mlops-project/MLOPs-Project/airflow310/lib/python3.10/site-packages/airflow/example_dags/example_xcomargs.py
[2025-05-06T23:35:09.682-0400] {processor.py:840} INFO - DAG(s) 'example_xcom_args_with_operators', 'example_xcom_args' retrieved from /Users/asritabobba/Desktop/Mlops-project/MLOPs-Project/airflow310/lib/python3.10/site-packages/airflow/example_dags/example_xcomargs.py
[2025-05-06T23:35:09.739-0400] {logging_mixin.py:188} INFO - [2025-05-06T23:35:09.739-0400] {dag.py:3036} INFO - Sync 2 DAGs
[2025-05-06T23:35:09.742-0400] {logging_mixin.py:188} INFO - [2025-05-06T23:35:09.742-0400] {dag.py:3823} INFO - Setting next_dagrun for example_xcom_args to None, run_after=None
[2025-05-06T23:35:09.742-0400] {logging_mixin.py:188} INFO - [2025-05-06T23:35:09.742-0400] {dag.py:3823} INFO - Setting next_dagrun for example_xcom_args_with_operators to None, run_after=None
[2025-05-06T23:35:09.748-0400] {processor.py:183} INFO - Processing /Users/asritabobba/Desktop/Mlops-project/MLOPs-Project/airflow310/lib/python3.10/site-packages/airflow/example_dags/example_xcomargs.py took 0.099 seconds
[2025-05-06T23:36:34.051-0400] {processor.py:161} INFO - Started process (PID=91888) to work on /Users/asritabobba/Desktop/Mlops-project/MLOPs-Project/airflow310/lib/python3.10/site-packages/airflow/example_dags/example_xcomargs.py
[2025-05-06T23:36:34.052-0400] {processor.py:830} INFO - Processing file /Users/asritabobba/Desktop/Mlops-project/MLOPs-Project/airflow310/lib/python3.10/site-packages/airflow/example_dags/example_xcomargs.py for tasks to queue
[2025-05-06T23:36:34.053-0400] {logging_mixin.py:188} INFO - [2025-05-06T23:36:34.052-0400] {dagbag.py:538} INFO - Filling up the DagBag from /Users/asritabobba/Desktop/Mlops-project/MLOPs-Project/airflow310/lib/python3.10/site-packages/airflow/example_dags/example_xcomargs.py
[2025-05-06T23:36:34.081-0400] {processor.py:840} INFO - DAG(s) 'example_xcom_args_with_operators', 'example_xcom_args' retrieved from /Users/asritabobba/Desktop/Mlops-project/MLOPs-Project/airflow310/lib/python3.10/site-packages/airflow/example_dags/example_xcomargs.py
[2025-05-06T23:36:34.111-0400] {logging_mixin.py:188} INFO - [2025-05-06T23:36:34.111-0400] {dag.py:3036} INFO - Sync 2 DAGs
[2025-05-06T23:36:34.114-0400] {logging_mixin.py:188} INFO - [2025-05-06T23:36:34.114-0400] {dag.py:3823} INFO - Setting next_dagrun for example_xcom_args to None, run_after=None
[2025-05-06T23:36:34.115-0400] {logging_mixin.py:188} INFO - [2025-05-06T23:36:34.115-0400] {dag.py:3823} INFO - Setting next_dagrun for example_xcom_args_with_operators to None, run_after=None
[2025-05-06T23:36:34.120-0400] {processor.py:183} INFO - Processing /Users/asritabobba/Desktop/Mlops-project/MLOPs-Project/airflow310/lib/python3.10/site-packages/airflow/example_dags/example_xcomargs.py took 0.069 seconds
[2025-05-06T23:37:25.516-0400] {processor.py:161} INFO - Started process (PID=91946) to work on /Users/asritabobba/Desktop/Mlops-project/MLOPs-Project/airflow310/lib/python3.10/site-packages/airflow/example_dags/example_xcomargs.py
[2025-05-06T23:37:25.517-0400] {processor.py:830} INFO - Processing file /Users/asritabobba/Desktop/Mlops-project/MLOPs-Project/airflow310/lib/python3.10/site-packages/airflow/example_dags/example_xcomargs.py for tasks to queue
[2025-05-06T23:37:25.517-0400] {logging_mixin.py:188} INFO - [2025-05-06T23:37:25.517-0400] {dagbag.py:538} INFO - Filling up the DagBag from /Users/asritabobba/Desktop/Mlops-project/MLOPs-Project/airflow310/lib/python3.10/site-packages/airflow/example_dags/example_xcomargs.py
[2025-05-06T23:37:25.546-0400] {processor.py:840} INFO - DAG(s) 'example_xcom_args', 'example_xcom_args_with_operators' retrieved from /Users/asritabobba/Desktop/Mlops-project/MLOPs-Project/airflow310/lib/python3.10/site-packages/airflow/example_dags/example_xcomargs.py
[2025-05-06T23:37:25.575-0400] {logging_mixin.py:188} INFO - [2025-05-06T23:37:25.575-0400] {dag.py:3036} INFO - Sync 2 DAGs
[2025-05-06T23:37:25.578-0400] {logging_mixin.py:188} INFO - [2025-05-06T23:37:25.578-0400] {dag.py:3823} INFO - Setting next_dagrun for example_xcom_args to None, run_after=None
[2025-05-06T23:37:25.579-0400] {logging_mixin.py:188} INFO - [2025-05-06T23:37:25.579-0400] {dag.py:3823} INFO - Setting next_dagrun for example_xcom_args_with_operators to None, run_after=None
[2025-05-06T23:37:25.584-0400] {processor.py:183} INFO - Processing /Users/asritabobba/Desktop/Mlops-project/MLOPs-Project/airflow310/lib/python3.10/site-packages/airflow/example_dags/example_xcomargs.py took 0.068 seconds
[2025-05-06T23:38:13.988-0400] {processor.py:161} INFO - Started process (PID=91995) to work on /Users/asritabobba/Desktop/Mlops-project/MLOPs-Project/airflow310/lib/python3.10/site-packages/airflow/example_dags/example_xcomargs.py
[2025-05-06T23:38:13.988-0400] {processor.py:830} INFO - Processing file /Users/asritabobba/Desktop/Mlops-project/MLOPs-Project/airflow310/lib/python3.10/site-packages/airflow/example_dags/example_xcomargs.py for tasks to queue
[2025-05-06T23:38:13.989-0400] {logging_mixin.py:188} INFO - [2025-05-06T23:38:13.989-0400] {dagbag.py:538} INFO - Filling up the DagBag from /Users/asritabobba/Desktop/Mlops-project/MLOPs-Project/airflow310/lib/python3.10/site-packages/airflow/example_dags/example_xcomargs.py
[2025-05-06T23:38:14.019-0400] {processor.py:840} INFO - DAG(s) 'example_xcom_args_with_operators', 'example_xcom_args' retrieved from /Users/asritabobba/Desktop/Mlops-project/MLOPs-Project/airflow310/lib/python3.10/site-packages/airflow/example_dags/example_xcomargs.py
[2025-05-06T23:38:14.049-0400] {logging_mixin.py:188} INFO - [2025-05-06T23:38:14.049-0400] {dag.py:3036} INFO - Sync 2 DAGs
[2025-05-06T23:38:14.052-0400] {logging_mixin.py:188} INFO - [2025-05-06T23:38:14.052-0400] {dag.py:3823} INFO - Setting next_dagrun for example_xcom_args to None, run_after=None
[2025-05-06T23:38:14.052-0400] {logging_mixin.py:188} INFO - [2025-05-06T23:38:14.052-0400] {dag.py:3823} INFO - Setting next_dagrun for example_xcom_args_with_operators to None, run_after=None
[2025-05-06T23:38:14.058-0400] {processor.py:183} INFO - Processing /Users/asritabobba/Desktop/Mlops-project/MLOPs-Project/airflow310/lib/python3.10/site-packages/airflow/example_dags/example_xcomargs.py took 0.070 seconds
[2025-05-06T23:39:01.499-0400] {processor.py:161} INFO - Started process (PID=92028) to work on /Users/asritabobba/Desktop/Mlops-project/MLOPs-Project/airflow310/lib/python3.10/site-packages/airflow/example_dags/example_xcomargs.py
[2025-05-06T23:39:01.500-0400] {processor.py:830} INFO - Processing file /Users/asritabobba/Desktop/Mlops-project/MLOPs-Project/airflow310/lib/python3.10/site-packages/airflow/example_dags/example_xcomargs.py for tasks to queue
[2025-05-06T23:39:01.500-0400] {logging_mixin.py:188} INFO - [2025-05-06T23:39:01.500-0400] {dagbag.py:538} INFO - Filling up the DagBag from /Users/asritabobba/Desktop/Mlops-project/MLOPs-Project/airflow310/lib/python3.10/site-packages/airflow/example_dags/example_xcomargs.py
[2025-05-06T23:39:01.534-0400] {processor.py:840} INFO - DAG(s) 'example_xcom_args_with_operators', 'example_xcom_args' retrieved from /Users/asritabobba/Desktop/Mlops-project/MLOPs-Project/airflow310/lib/python3.10/site-packages/airflow/example_dags/example_xcomargs.py
[2025-05-06T23:39:01.566-0400] {logging_mixin.py:188} INFO - [2025-05-06T23:39:01.566-0400] {dag.py:3036} INFO - Sync 2 DAGs
[2025-05-06T23:39:01.569-0400] {logging_mixin.py:188} INFO - [2025-05-06T23:39:01.569-0400] {dag.py:3823} INFO - Setting next_dagrun for example_xcom_args to None, run_after=None
[2025-05-06T23:39:01.569-0400] {logging_mixin.py:188} INFO - [2025-05-06T23:39:01.569-0400] {dag.py:3823} INFO - Setting next_dagrun for example_xcom_args_with_operators to None, run_after=None
[2025-05-06T23:39:01.576-0400] {processor.py:183} INFO - Processing /Users/asritabobba/Desktop/Mlops-project/MLOPs-Project/airflow310/lib/python3.10/site-packages/airflow/example_dags/example_xcomargs.py took 0.077 seconds
[2025-05-06T23:39:49.453-0400] {processor.py:161} INFO - Started process (PID=92063) to work on /Users/asritabobba/Desktop/Mlops-project/MLOPs-Project/airflow310/lib/python3.10/site-packages/airflow/example_dags/example_xcomargs.py
[2025-05-06T23:39:49.454-0400] {processor.py:830} INFO - Processing file /Users/asritabobba/Desktop/Mlops-project/MLOPs-Project/airflow310/lib/python3.10/site-packages/airflow/example_dags/example_xcomargs.py for tasks to queue
[2025-05-06T23:39:49.454-0400] {logging_mixin.py:188} INFO - [2025-05-06T23:39:49.454-0400] {dagbag.py:538} INFO - Filling up the DagBag from /Users/asritabobba/Desktop/Mlops-project/MLOPs-Project/airflow310/lib/python3.10/site-packages/airflow/example_dags/example_xcomargs.py
[2025-05-06T23:39:49.485-0400] {processor.py:840} INFO - DAG(s) 'example_xcom_args_with_operators', 'example_xcom_args' retrieved from /Users/asritabobba/Desktop/Mlops-project/MLOPs-Project/airflow310/lib/python3.10/site-packages/airflow/example_dags/example_xcomargs.py
[2025-05-06T23:39:49.515-0400] {logging_mixin.py:188} INFO - [2025-05-06T23:39:49.515-0400] {dag.py:3036} INFO - Sync 2 DAGs
[2025-05-06T23:39:49.518-0400] {logging_mixin.py:188} INFO - [2025-05-06T23:39:49.518-0400] {dag.py:3823} INFO - Setting next_dagrun for example_xcom_args to None, run_after=None
[2025-05-06T23:39:49.519-0400] {logging_mixin.py:188} INFO - [2025-05-06T23:39:49.519-0400] {dag.py:3823} INFO - Setting next_dagrun for example_xcom_args_with_operators to None, run_after=None
[2025-05-06T23:39:49.524-0400] {processor.py:183} INFO - Processing /Users/asritabobba/Desktop/Mlops-project/MLOPs-Project/airflow310/lib/python3.10/site-packages/airflow/example_dags/example_xcomargs.py took 0.071 seconds
[2025-05-06T23:41:25.498-0400] {processor.py:161} INFO - Started process (PID=92226) to work on /Users/asritabobba/Desktop/Mlops-project/MLOPs-Project/airflow310/lib/python3.10/site-packages/airflow/example_dags/example_xcomargs.py
[2025-05-06T23:41:25.499-0400] {processor.py:830} INFO - Processing file /Users/asritabobba/Desktop/Mlops-project/MLOPs-Project/airflow310/lib/python3.10/site-packages/airflow/example_dags/example_xcomargs.py for tasks to queue
[2025-05-06T23:41:25.499-0400] {logging_mixin.py:188} INFO - [2025-05-06T23:41:25.499-0400] {dagbag.py:538} INFO - Filling up the DagBag from /Users/asritabobba/Desktop/Mlops-project/MLOPs-Project/airflow310/lib/python3.10/site-packages/airflow/example_dags/example_xcomargs.py
[2025-05-06T23:41:25.541-0400] {processor.py:840} INFO - DAG(s) 'example_xcom_args_with_operators', 'example_xcom_args' retrieved from /Users/asritabobba/Desktop/Mlops-project/MLOPs-Project/airflow310/lib/python3.10/site-packages/airflow/example_dags/example_xcomargs.py
[2025-05-06T23:41:25.576-0400] {logging_mixin.py:188} INFO - [2025-05-06T23:41:25.576-0400] {dag.py:3036} INFO - Sync 2 DAGs
[2025-05-06T23:41:25.580-0400] {logging_mixin.py:188} INFO - [2025-05-06T23:41:25.580-0400] {dag.py:3823} INFO - Setting next_dagrun for example_xcom_args to None, run_after=None
[2025-05-06T23:41:25.581-0400] {logging_mixin.py:188} INFO - [2025-05-06T23:41:25.581-0400] {dag.py:3823} INFO - Setting next_dagrun for example_xcom_args_with_operators to None, run_after=None
[2025-05-06T23:41:25.588-0400] {processor.py:183} INFO - Processing /Users/asritabobba/Desktop/Mlops-project/MLOPs-Project/airflow310/lib/python3.10/site-packages/airflow/example_dags/example_xcomargs.py took 0.090 seconds
[2025-05-06T23:42:18.475-0400] {processor.py:161} INFO - Started process (PID=92261) to work on /Users/asritabobba/Desktop/Mlops-project/MLOPs-Project/airflow310/lib/python3.10/site-packages/airflow/example_dags/example_xcomargs.py
[2025-05-06T23:42:18.475-0400] {processor.py:830} INFO - Processing file /Users/asritabobba/Desktop/Mlops-project/MLOPs-Project/airflow310/lib/python3.10/site-packages/airflow/example_dags/example_xcomargs.py for tasks to queue
[2025-05-06T23:42:18.476-0400] {logging_mixin.py:188} INFO - [2025-05-06T23:42:18.476-0400] {dagbag.py:538} INFO - Filling up the DagBag from /Users/asritabobba/Desktop/Mlops-project/MLOPs-Project/airflow310/lib/python3.10/site-packages/airflow/example_dags/example_xcomargs.py
[2025-05-06T23:42:18.507-0400] {processor.py:840} INFO - DAG(s) 'example_xcom_args_with_operators', 'example_xcom_args' retrieved from /Users/asritabobba/Desktop/Mlops-project/MLOPs-Project/airflow310/lib/python3.10/site-packages/airflow/example_dags/example_xcomargs.py
[2025-05-06T23:42:18.537-0400] {logging_mixin.py:188} INFO - [2025-05-06T23:42:18.537-0400] {dag.py:3036} INFO - Sync 2 DAGs
[2025-05-06T23:42:18.540-0400] {logging_mixin.py:188} INFO - [2025-05-06T23:42:18.540-0400] {dag.py:3823} INFO - Setting next_dagrun for example_xcom_args to None, run_after=None
[2025-05-06T23:42:18.541-0400] {logging_mixin.py:188} INFO - [2025-05-06T23:42:18.541-0400] {dag.py:3823} INFO - Setting next_dagrun for example_xcom_args_with_operators to None, run_after=None
[2025-05-06T23:42:18.547-0400] {processor.py:183} INFO - Processing /Users/asritabobba/Desktop/Mlops-project/MLOPs-Project/airflow310/lib/python3.10/site-packages/airflow/example_dags/example_xcomargs.py took 0.072 seconds
