[2025-05-06T23:35:38.981-0400] {processor.py:161} INFO - Started process (PID=91824) to work on /Users/asritabobba/Desktop/Mlops-project/MLOPs-Project/airflow310/lib/python3.10/site-packages/airflow/example_dags/example_python_decorator.py
[2025-05-06T23:35:38.981-0400] {processor.py:830} INFO - Processing file /Users/asritabobba/Desktop/Mlops-project/MLOPs-Project/airflow310/lib/python3.10/site-packages/airflow/example_dags/example_python_decorator.py for tasks to queue
[2025-05-06T23:35:38.981-0400] {logging_mixin.py:188} INFO - [2025-05-06T23:35:38.981-0400] {dagbag.py:538} INFO - Filling up the DagBag from /Users/asritabobba/Desktop/Mlops-project/MLOPs-Project/airflow310/lib/python3.10/site-packages/airflow/example_dags/example_python_decorator.py
[2025-05-06T23:35:39.010-0400] {logging_mixin.py:188} INFO - [2025-05-06T23:35:39.010-0400] {example_python_decorator.py:79} WARNING - The virtalenv_python example task requires virtualenv, please install it.
[2025-05-06T23:35:39.011-0400] {processor.py:840} INFO - DAG(s) 'example_python_decorator' retrieved from /Users/asritabobba/Desktop/Mlops-project/MLOPs-Project/airflow310/lib/python3.10/site-packages/airflow/example_dags/example_python_decorator.py
[2025-05-06T23:35:39.066-0400] {logging_mixin.py:188} INFO - [2025-05-06T23:35:39.065-0400] {dag.py:3036} INFO - Sync 1 DAGs
[2025-05-06T23:35:39.068-0400] {logging_mixin.py:188} INFO - [2025-05-06T23:35:39.068-0400] {dag.py:3823} INFO - Setting next_dagrun for example_python_decorator to None, run_after=None
[2025-05-06T23:35:39.074-0400] {processor.py:183} INFO - Processing /Users/asritabobba/Desktop/Mlops-project/MLOPs-Project/airflow310/lib/python3.10/site-packages/airflow/example_dags/example_python_decorator.py took 0.094 seconds
[2025-05-06T23:37:01.446-0400] {processor.py:161} INFO - Started process (PID=91919) to work on /Users/asritabobba/Desktop/Mlops-project/MLOPs-Project/airflow310/lib/python3.10/site-packages/airflow/example_dags/example_python_decorator.py
[2025-05-06T23:37:01.447-0400] {processor.py:830} INFO - Processing file /Users/asritabobba/Desktop/Mlops-project/MLOPs-Project/airflow310/lib/python3.10/site-packages/airflow/example_dags/example_python_decorator.py for tasks to queue
[2025-05-06T23:37:01.447-0400] {logging_mixin.py:188} INFO - [2025-05-06T23:37:01.447-0400] {dagbag.py:538} INFO - Filling up the DagBag from /Users/asritabobba/Desktop/Mlops-project/MLOPs-Project/airflow310/lib/python3.10/site-packages/airflow/example_dags/example_python_decorator.py
[2025-05-06T23:37:01.475-0400] {logging_mixin.py:188} INFO - [2025-05-06T23:37:01.475-0400] {example_python_decorator.py:79} WARNING - The virtalenv_python example task requires virtualenv, please install it.
[2025-05-06T23:37:01.476-0400] {processor.py:840} INFO - DAG(s) 'example_python_decorator' retrieved from /Users/asritabobba/Desktop/Mlops-project/MLOPs-Project/airflow310/lib/python3.10/site-packages/airflow/example_dags/example_python_decorator.py
[2025-05-06T23:37:01.504-0400] {logging_mixin.py:188} INFO - [2025-05-06T23:37:01.504-0400] {dag.py:3036} INFO - Sync 1 DAGs
[2025-05-06T23:37:01.507-0400] {logging_mixin.py:188} INFO - [2025-05-06T23:37:01.507-0400] {dag.py:3823} INFO - Setting next_dagrun for example_python_decorator to None, run_after=None
[2025-05-06T23:37:01.513-0400] {processor.py:183} INFO - Processing /Users/asritabobba/Desktop/Mlops-project/MLOPs-Project/airflow310/lib/python3.10/site-packages/airflow/example_dags/example_python_decorator.py took 0.068 seconds
[2025-05-06T23:38:37.693-0400] {processor.py:161} INFO - Started process (PID=92010) to work on /Users/asritabobba/Desktop/Mlops-project/MLOPs-Project/airflow310/lib/python3.10/site-packages/airflow/example_dags/example_python_decorator.py
[2025-05-06T23:38:37.693-0400] {processor.py:830} INFO - Processing file /Users/asritabobba/Desktop/Mlops-project/MLOPs-Project/airflow310/lib/python3.10/site-packages/airflow/example_dags/example_python_decorator.py for tasks to queue
[2025-05-06T23:38:37.694-0400] {logging_mixin.py:188} INFO - [2025-05-06T23:38:37.694-0400] {dagbag.py:538} INFO - Filling up the DagBag from /Users/asritabobba/Desktop/Mlops-project/MLOPs-Project/airflow310/lib/python3.10/site-packages/airflow/example_dags/example_python_decorator.py
[2025-05-06T23:38:37.722-0400] {logging_mixin.py:188} INFO - [2025-05-06T23:38:37.722-0400] {example_python_decorator.py:79} WARNING - The virtalenv_python example task requires virtualenv, please install it.
[2025-05-06T23:38:37.723-0400] {processor.py:840} INFO - DAG(s) 'example_python_decorator' retrieved from /Users/asritabobba/Desktop/Mlops-project/MLOPs-Project/airflow310/lib/python3.10/site-packages/airflow/example_dags/example_python_decorator.py
[2025-05-06T23:38:37.753-0400] {logging_mixin.py:188} INFO - [2025-05-06T23:38:37.752-0400] {dag.py:3036} INFO - Sync 1 DAGs
[2025-05-06T23:38:37.755-0400] {logging_mixin.py:188} INFO - [2025-05-06T23:38:37.755-0400] {dag.py:3823} INFO - Setting next_dagrun for example_python_decorator to None, run_after=None
[2025-05-06T23:38:37.761-0400] {processor.py:183} INFO - Processing /Users/asritabobba/Desktop/Mlops-project/MLOPs-Project/airflow310/lib/python3.10/site-packages/airflow/example_dags/example_python_decorator.py took 0.069 seconds
[2025-05-06T23:40:12.435-0400] {processor.py:161} INFO - Started process (PID=92092) to work on /Users/asritabobba/Desktop/Mlops-project/MLOPs-Project/airflow310/lib/python3.10/site-packages/airflow/example_dags/example_python_decorator.py
[2025-05-06T23:40:12.436-0400] {processor.py:830} INFO - Processing file /Users/asritabobba/Desktop/Mlops-project/MLOPs-Project/airflow310/lib/python3.10/site-packages/airflow/example_dags/example_python_decorator.py for tasks to queue
[2025-05-06T23:40:12.436-0400] {logging_mixin.py:188} INFO - [2025-05-06T23:40:12.436-0400] {dagbag.py:538} INFO - Filling up the DagBag from /Users/asritabobba/Desktop/Mlops-project/MLOPs-Project/airflow310/lib/python3.10/site-packages/airflow/example_dags/example_python_decorator.py
[2025-05-06T23:40:12.469-0400] {logging_mixin.py:188} INFO - [2025-05-06T23:40:12.469-0400] {example_python_decorator.py:79} WARNING - The virtalenv_python example task requires virtualenv, please install it.
[2025-05-06T23:40:12.470-0400] {processor.py:840} INFO - DAG(s) 'example_python_decorator' retrieved from /Users/asritabobba/Desktop/Mlops-project/MLOPs-Project/airflow310/lib/python3.10/site-packages/airflow/example_dags/example_python_decorator.py
[2025-05-06T23:40:12.500-0400] {logging_mixin.py:188} INFO - [2025-05-06T23:40:12.500-0400] {dag.py:3036} INFO - Sync 1 DAGs
[2025-05-06T23:40:12.503-0400] {logging_mixin.py:188} INFO - [2025-05-06T23:40:12.503-0400] {dag.py:3823} INFO - Setting next_dagrun for example_python_decorator to None, run_after=None
[2025-05-06T23:40:12.509-0400] {processor.py:183} INFO - Processing /Users/asritabobba/Desktop/Mlops-project/MLOPs-Project/airflow310/lib/python3.10/site-packages/airflow/example_dags/example_python_decorator.py took 0.074 seconds
[2025-05-06T23:41:52.667-0400] {processor.py:161} INFO - Started process (PID=92244) to work on /Users/asritabobba/Desktop/Mlops-project/MLOPs-Project/airflow310/lib/python3.10/site-packages/airflow/example_dags/example_python_decorator.py
[2025-05-06T23:41:52.668-0400] {processor.py:830} INFO - Processing file /Users/asritabobba/Desktop/Mlops-project/MLOPs-Project/airflow310/lib/python3.10/site-packages/airflow/example_dags/example_python_decorator.py for tasks to queue
[2025-05-06T23:41:52.668-0400] {logging_mixin.py:188} INFO - [2025-05-06T23:41:52.668-0400] {dagbag.py:538} INFO - Filling up the DagBag from /Users/asritabobba/Desktop/Mlops-project/MLOPs-Project/airflow310/lib/python3.10/site-packages/airflow/example_dags/example_python_decorator.py
[2025-05-06T23:41:52.697-0400] {logging_mixin.py:188} INFO - [2025-05-06T23:41:52.697-0400] {example_python_decorator.py:79} WARNING - The virtalenv_python example task requires virtualenv, please install it.
[2025-05-06T23:41:52.698-0400] {processor.py:840} INFO - DAG(s) 'example_python_decorator' retrieved from /Users/asritabobba/Desktop/Mlops-project/MLOPs-Project/airflow310/lib/python3.10/site-packages/airflow/example_dags/example_python_decorator.py
[2025-05-06T23:41:52.728-0400] {logging_mixin.py:188} INFO - [2025-05-06T23:41:52.727-0400] {dag.py:3036} INFO - Sync 1 DAGs
[2025-05-06T23:41:52.730-0400] {logging_mixin.py:188} INFO - [2025-05-06T23:41:52.730-0400] {dag.py:3823} INFO - Setting next_dagrun for example_python_decorator to None, run_after=None
[2025-05-06T23:41:52.736-0400] {processor.py:183} INFO - Processing /Users/asritabobba/Desktop/Mlops-project/MLOPs-Project/airflow310/lib/python3.10/site-packages/airflow/example_dags/example_python_decorator.py took 0.069 seconds
