[2025-05-06T23:36:15.318-0400] {processor.py:161} INFO - Started process (PID=91864) to work on /Users/asritabobba/Desktop/Mlops-project/MLOPs-Project/airflow310/lib/python3.10/site-packages/airflow/example_dags/example_bash_operator.py
[2025-05-06T23:36:15.318-0400] {processor.py:830} INFO - Processing file /Users/asritabobba/Desktop/Mlops-project/MLOPs-Project/airflow310/lib/python3.10/site-packages/airflow/example_dags/example_bash_operator.py for tasks to queue
[2025-05-06T23:36:15.319-0400] {logging_mixin.py:188} INFO - [2025-05-06T23:36:15.319-0400] {dagbag.py:538} INFO - Filling up the DagBag from /Users/asritabobba/Desktop/Mlops-project/MLOPs-Project/airflow310/lib/python3.10/site-packages/airflow/example_dags/example_bash_operator.py
[2025-05-06T23:36:15.344-0400] {processor.py:840} INFO - DAG(s) 'example_bash_operator' retrieved from /Users/asritabobba/Desktop/Mlops-project/MLOPs-Project/airflow310/lib/python3.10/site-packages/airflow/example_dags/example_bash_operator.py
[2025-05-06T23:36:15.404-0400] {logging_mixin.py:188} INFO - [2025-05-06T23:36:15.404-0400] {dag.py:3036} INFO - Sync 1 DAGs
[2025-05-06T23:36:15.410-0400] {logging_mixin.py:188} INFO - [2025-05-06T23:36:15.410-0400] {dag.py:3823} INFO - Setting next_dagrun for example_bash_operator to 2025-05-06 00:00:00+00:00, run_after=2025-05-07 00:00:00+00:00
[2025-05-06T23:36:15.416-0400] {processor.py:183} INFO - Processing /Users/asritabobba/Desktop/Mlops-project/MLOPs-Project/airflow310/lib/python3.10/site-packages/airflow/example_dags/example_bash_operator.py took 0.098 seconds
[2025-05-06T23:37:55.178-0400] {processor.py:161} INFO - Started process (PID=91975) to work on /Users/asritabobba/Desktop/Mlops-project/MLOPs-Project/airflow310/lib/python3.10/site-packages/airflow/example_dags/example_bash_operator.py
[2025-05-06T23:37:55.179-0400] {processor.py:830} INFO - Processing file /Users/asritabobba/Desktop/Mlops-project/MLOPs-Project/airflow310/lib/python3.10/site-packages/airflow/example_dags/example_bash_operator.py for tasks to queue
[2025-05-06T23:37:55.179-0400] {logging_mixin.py:188} INFO - [2025-05-06T23:37:55.179-0400] {dagbag.py:538} INFO - Filling up the DagBag from /Users/asritabobba/Desktop/Mlops-project/MLOPs-Project/airflow310/lib/python3.10/site-packages/airflow/example_dags/example_bash_operator.py
[2025-05-06T23:37:55.203-0400] {processor.py:840} INFO - DAG(s) 'example_bash_operator' retrieved from /Users/asritabobba/Desktop/Mlops-project/MLOPs-Project/airflow310/lib/python3.10/site-packages/airflow/example_dags/example_bash_operator.py
[2025-05-06T23:37:55.237-0400] {logging_mixin.py:188} INFO - [2025-05-06T23:37:55.237-0400] {dag.py:3036} INFO - Sync 1 DAGs
[2025-05-06T23:37:55.243-0400] {logging_mixin.py:188} INFO - [2025-05-06T23:37:55.243-0400] {dag.py:3823} INFO - Setting next_dagrun for example_bash_operator to 2025-05-06 00:00:00+00:00, run_after=2025-05-07 00:00:00+00:00
[2025-05-06T23:37:55.249-0400] {processor.py:183} INFO - Processing /Users/asritabobba/Desktop/Mlops-project/MLOPs-Project/airflow310/lib/python3.10/site-packages/airflow/example_dags/example_bash_operator.py took 0.071 seconds
[2025-05-06T23:39:32.282-0400] {processor.py:161} INFO - Started process (PID=92051) to work on /Users/asritabobba/Desktop/Mlops-project/MLOPs-Project/airflow310/lib/python3.10/site-packages/airflow/example_dags/example_bash_operator.py
[2025-05-06T23:39:32.283-0400] {processor.py:830} INFO - Processing file /Users/asritabobba/Desktop/Mlops-project/MLOPs-Project/airflow310/lib/python3.10/site-packages/airflow/example_dags/example_bash_operator.py for tasks to queue
[2025-05-06T23:39:32.283-0400] {logging_mixin.py:188} INFO - [2025-05-06T23:39:32.283-0400] {dagbag.py:538} INFO - Filling up the DagBag from /Users/asritabobba/Desktop/Mlops-project/MLOPs-Project/airflow310/lib/python3.10/site-packages/airflow/example_dags/example_bash_operator.py
[2025-05-06T23:39:32.305-0400] {processor.py:840} INFO - DAG(s) 'example_bash_operator' retrieved from /Users/asritabobba/Desktop/Mlops-project/MLOPs-Project/airflow310/lib/python3.10/site-packages/airflow/example_dags/example_bash_operator.py
[2025-05-06T23:39:32.338-0400] {logging_mixin.py:188} INFO - [2025-05-06T23:39:32.337-0400] {dag.py:3036} INFO - Sync 1 DAGs
[2025-05-06T23:39:32.343-0400] {logging_mixin.py:188} INFO - [2025-05-06T23:39:32.343-0400] {dag.py:3823} INFO - Setting next_dagrun for example_bash_operator to 2025-05-06 00:00:00+00:00, run_after=2025-05-07 00:00:00+00:00
[2025-05-06T23:39:32.348-0400] {processor.py:183} INFO - Processing /Users/asritabobba/Desktop/Mlops-project/MLOPs-Project/airflow310/lib/python3.10/site-packages/airflow/example_dags/example_bash_operator.py took 0.066 seconds
[2025-05-06T23:41:06.476-0400] {processor.py:161} INFO - Started process (PID=92197) to work on /Users/asritabobba/Desktop/Mlops-project/MLOPs-Project/airflow310/lib/python3.10/site-packages/airflow/example_dags/example_bash_operator.py
[2025-05-06T23:41:06.477-0400] {processor.py:830} INFO - Processing file /Users/asritabobba/Desktop/Mlops-project/MLOPs-Project/airflow310/lib/python3.10/site-packages/airflow/example_dags/example_bash_operator.py for tasks to queue
[2025-05-06T23:41:06.477-0400] {logging_mixin.py:188} INFO - [2025-05-06T23:41:06.477-0400] {dagbag.py:538} INFO - Filling up the DagBag from /Users/asritabobba/Desktop/Mlops-project/MLOPs-Project/airflow310/lib/python3.10/site-packages/airflow/example_dags/example_bash_operator.py
[2025-05-06T23:41:06.500-0400] {processor.py:840} INFO - DAG(s) 'example_bash_operator' retrieved from /Users/asritabobba/Desktop/Mlops-project/MLOPs-Project/airflow310/lib/python3.10/site-packages/airflow/example_dags/example_bash_operator.py
[2025-05-06T23:41:06.533-0400] {logging_mixin.py:188} INFO - [2025-05-06T23:41:06.533-0400] {dag.py:3036} INFO - Sync 1 DAGs
[2025-05-06T23:41:06.539-0400] {logging_mixin.py:188} INFO - [2025-05-06T23:41:06.539-0400] {dag.py:3823} INFO - Setting next_dagrun for example_bash_operator to 2025-05-06 00:00:00+00:00, run_after=2025-05-07 00:00:00+00:00
[2025-05-06T23:41:06.546-0400] {processor.py:183} INFO - Processing /Users/asritabobba/Desktop/Mlops-project/MLOPs-Project/airflow310/lib/python3.10/site-packages/airflow/example_dags/example_bash_operator.py took 0.070 seconds
