[2025-05-06T23:36:04.939-0400] {processor.py:161} INFO - Started process (PID=91853) to work on /Users/asritabobba/Desktop/Mlops-project/MLOPs-Project/airflow310/lib/python3.10/site-packages/airflow/example_dags/example_branch_python_dop_operator_3.py
[2025-05-06T23:36:04.939-0400] {processor.py:830} INFO - Processing file /Users/asritabobba/Desktop/Mlops-project/MLOPs-Project/airflow310/lib/python3.10/site-packages/airflow/example_dags/example_branch_python_dop_operator_3.py for tasks to queue
[2025-05-06T23:36:04.939-0400] {logging_mixin.py:188} INFO - [2025-05-06T23:36:04.939-0400] {dagbag.py:538} INFO - Filling up the DagBag from /Users/asritabobba/Desktop/Mlops-project/MLOPs-Project/airflow310/lib/python3.10/site-packages/airflow/example_dags/example_branch_python_dop_operator_3.py
[2025-05-06T23:36:04.970-0400] {processor.py:840} INFO - DAG(s) 'example_branch_dop_operator_v3' retrieved from /Users/asritabobba/Desktop/Mlops-project/MLOPs-Project/airflow310/lib/python3.10/site-packages/airflow/example_dags/example_branch_python_dop_operator_3.py
[2025-05-06T23:36:05.027-0400] {logging_mixin.py:188} INFO - [2025-05-06T23:36:05.027-0400] {dag.py:3036} INFO - Sync 1 DAGs
[2025-05-06T23:36:05.033-0400] {logging_mixin.py:188} INFO - [2025-05-06T23:36:05.033-0400] {dag.py:3823} INFO - Setting next_dagrun for example_branch_dop_operator_v3 to 2025-05-07 03:35:00+00:00, run_after=2025-05-07 03:36:00+00:00
[2025-05-06T23:36:05.038-0400] {processor.py:183} INFO - Processing /Users/asritabobba/Desktop/Mlops-project/MLOPs-Project/airflow310/lib/python3.10/site-packages/airflow/example_dags/example_branch_python_dop_operator_3.py took 0.100 seconds
[2025-05-06T23:37:46.321-0400] {processor.py:161} INFO - Started process (PID=91964) to work on /Users/asritabobba/Desktop/Mlops-project/MLOPs-Project/airflow310/lib/python3.10/site-packages/airflow/example_dags/example_branch_python_dop_operator_3.py
[2025-05-06T23:37:46.322-0400] {processor.py:830} INFO - Processing file /Users/asritabobba/Desktop/Mlops-project/MLOPs-Project/airflow310/lib/python3.10/site-packages/airflow/example_dags/example_branch_python_dop_operator_3.py for tasks to queue
[2025-05-06T23:37:46.322-0400] {logging_mixin.py:188} INFO - [2025-05-06T23:37:46.322-0400] {dagbag.py:538} INFO - Filling up the DagBag from /Users/asritabobba/Desktop/Mlops-project/MLOPs-Project/airflow310/lib/python3.10/site-packages/airflow/example_dags/example_branch_python_dop_operator_3.py
[2025-05-06T23:37:46.352-0400] {processor.py:840} INFO - DAG(s) 'example_branch_dop_operator_v3' retrieved from /Users/asritabobba/Desktop/Mlops-project/MLOPs-Project/airflow310/lib/python3.10/site-packages/airflow/example_dags/example_branch_python_dop_operator_3.py
[2025-05-06T23:37:46.380-0400] {logging_mixin.py:188} INFO - [2025-05-06T23:37:46.380-0400] {dag.py:3036} INFO - Sync 1 DAGs
[2025-05-06T23:37:46.388-0400] {logging_mixin.py:188} INFO - [2025-05-06T23:37:46.388-0400] {dag.py:3823} INFO - Setting next_dagrun for example_branch_dop_operator_v3 to 2025-05-07 03:36:00+00:00, run_after=2025-05-07 03:37:00+00:00
[2025-05-06T23:37:46.393-0400] {processor.py:183} INFO - Processing /Users/asritabobba/Desktop/Mlops-project/MLOPs-Project/airflow310/lib/python3.10/site-packages/airflow/example_dags/example_branch_python_dop_operator_3.py took 0.073 seconds
[2025-05-06T23:39:23.203-0400] {processor.py:161} INFO - Started process (PID=92044) to work on /Users/asritabobba/Desktop/Mlops-project/MLOPs-Project/airflow310/lib/python3.10/site-packages/airflow/example_dags/example_branch_python_dop_operator_3.py
[2025-05-06T23:39:23.204-0400] {processor.py:830} INFO - Processing file /Users/asritabobba/Desktop/Mlops-project/MLOPs-Project/airflow310/lib/python3.10/site-packages/airflow/example_dags/example_branch_python_dop_operator_3.py for tasks to queue
[2025-05-06T23:39:23.204-0400] {logging_mixin.py:188} INFO - [2025-05-06T23:39:23.204-0400] {dagbag.py:538} INFO - Filling up the DagBag from /Users/asritabobba/Desktop/Mlops-project/MLOPs-Project/airflow310/lib/python3.10/site-packages/airflow/example_dags/example_branch_python_dop_operator_3.py
[2025-05-06T23:39:23.240-0400] {processor.py:840} INFO - DAG(s) 'example_branch_dop_operator_v3' retrieved from /Users/asritabobba/Desktop/Mlops-project/MLOPs-Project/airflow310/lib/python3.10/site-packages/airflow/example_dags/example_branch_python_dop_operator_3.py
[2025-05-06T23:39:23.270-0400] {logging_mixin.py:188} INFO - [2025-05-06T23:39:23.270-0400] {dag.py:3036} INFO - Sync 1 DAGs
[2025-05-06T23:39:23.277-0400] {logging_mixin.py:188} INFO - [2025-05-06T23:39:23.277-0400] {dag.py:3823} INFO - Setting next_dagrun for example_branch_dop_operator_v3 to 2025-05-07 03:38:00+00:00, run_after=2025-05-07 03:39:00+00:00
[2025-05-06T23:39:23.283-0400] {processor.py:183} INFO - Processing /Users/asritabobba/Desktop/Mlops-project/MLOPs-Project/airflow310/lib/python3.10/site-packages/airflow/example_dags/example_branch_python_dop_operator_3.py took 0.079 seconds
[2025-05-06T23:40:56.338-0400] {processor.py:161} INFO - Started process (PID=92179) to work on /Users/asritabobba/Desktop/Mlops-project/MLOPs-Project/airflow310/lib/python3.10/site-packages/airflow/example_dags/example_branch_python_dop_operator_3.py
[2025-05-06T23:40:56.339-0400] {processor.py:830} INFO - Processing file /Users/asritabobba/Desktop/Mlops-project/MLOPs-Project/airflow310/lib/python3.10/site-packages/airflow/example_dags/example_branch_python_dop_operator_3.py for tasks to queue
[2025-05-06T23:40:56.339-0400] {logging_mixin.py:188} INFO - [2025-05-06T23:40:56.339-0400] {dagbag.py:538} INFO - Filling up the DagBag from /Users/asritabobba/Desktop/Mlops-project/MLOPs-Project/airflow310/lib/python3.10/site-packages/airflow/example_dags/example_branch_python_dop_operator_3.py
[2025-05-06T23:40:56.369-0400] {processor.py:840} INFO - DAG(s) 'example_branch_dop_operator_v3' retrieved from /Users/asritabobba/Desktop/Mlops-project/MLOPs-Project/airflow310/lib/python3.10/site-packages/airflow/example_dags/example_branch_python_dop_operator_3.py
[2025-05-06T23:40:56.398-0400] {logging_mixin.py:188} INFO - [2025-05-06T23:40:56.397-0400] {dag.py:3036} INFO - Sync 1 DAGs
[2025-05-06T23:40:56.404-0400] {logging_mixin.py:188} INFO - [2025-05-06T23:40:56.404-0400] {dag.py:3823} INFO - Setting next_dagrun for example_branch_dop_operator_v3 to 2025-05-07 03:39:00+00:00, run_after=2025-05-07 03:40:00+00:00
[2025-05-06T23:40:56.410-0400] {processor.py:183} INFO - Processing /Users/asritabobba/Desktop/Mlops-project/MLOPs-Project/airflow310/lib/python3.10/site-packages/airflow/example_dags/example_branch_python_dop_operator_3.py took 0.072 seconds
