[2025-05-06T23:35:16.792-0400] {processor.py:161} INFO - Started process (PID=91803) to work on /Users/asritabobba/Desktop/Mlops-project/MLOPs-Project/airflow310/lib/python3.10/site-packages/airflow/example_dags/example_time_delta_sensor_async.py
[2025-05-06T23:35:16.792-0400] {processor.py:830} INFO - Processing file /Users/asritabobba/Desktop/Mlops-project/MLOPs-Project/airflow310/lib/python3.10/site-packages/airflow/example_dags/example_time_delta_sensor_async.py for tasks to queue
[2025-05-06T23:35:16.792-0400] {logging_mixin.py:188} INFO - [2025-05-06T23:35:16.792-0400] {dagbag.py:538} INFO - Filling up the DagBag from /Users/asritabobba/Desktop/Mlops-project/MLOPs-Project/airflow310/lib/python3.10/site-packages/airflow/example_dags/example_time_delta_sensor_async.py
[2025-05-06T23:35:16.815-0400] {processor.py:840} INFO - DAG(s) 'example_time_delta_sensor_async' retrieved from /Users/asritabobba/Desktop/Mlops-project/MLOPs-Project/airflow310/lib/python3.10/site-packages/airflow/example_dags/example_time_delta_sensor_async.py
[2025-05-06T23:35:16.874-0400] {logging_mixin.py:188} INFO - [2025-05-06T23:35:16.874-0400] {dag.py:3036} INFO - Sync 1 DAGs
[2025-05-06T23:35:16.877-0400] {logging_mixin.py:188} INFO - [2025-05-06T23:35:16.877-0400] {dag.py:3823} INFO - Setting next_dagrun for example_time_delta_sensor_async to None, run_after=None
[2025-05-06T23:35:16.883-0400] {processor.py:183} INFO - Processing /Users/asritabobba/Desktop/Mlops-project/MLOPs-Project/airflow310/lib/python3.10/site-packages/airflow/example_dags/example_time_delta_sensor_async.py took 0.091 seconds
[2025-05-06T23:36:40.758-0400] {processor.py:161} INFO - Started process (PID=91897) to work on /Users/asritabobba/Desktop/Mlops-project/MLOPs-Project/airflow310/lib/python3.10/site-packages/airflow/example_dags/example_time_delta_sensor_async.py
[2025-05-06T23:36:40.758-0400] {processor.py:830} INFO - Processing file /Users/asritabobba/Desktop/Mlops-project/MLOPs-Project/airflow310/lib/python3.10/site-packages/airflow/example_dags/example_time_delta_sensor_async.py for tasks to queue
[2025-05-06T23:36:40.759-0400] {logging_mixin.py:188} INFO - [2025-05-06T23:36:40.759-0400] {dagbag.py:538} INFO - Filling up the DagBag from /Users/asritabobba/Desktop/Mlops-project/MLOPs-Project/airflow310/lib/python3.10/site-packages/airflow/example_dags/example_time_delta_sensor_async.py
[2025-05-06T23:36:40.780-0400] {processor.py:840} INFO - DAG(s) 'example_time_delta_sensor_async' retrieved from /Users/asritabobba/Desktop/Mlops-project/MLOPs-Project/airflow310/lib/python3.10/site-packages/airflow/example_dags/example_time_delta_sensor_async.py
[2025-05-06T23:36:40.812-0400] {logging_mixin.py:188} INFO - [2025-05-06T23:36:40.811-0400] {dag.py:3036} INFO - Sync 1 DAGs
[2025-05-06T23:36:40.814-0400] {logging_mixin.py:188} INFO - [2025-05-06T23:36:40.814-0400] {dag.py:3823} INFO - Setting next_dagrun for example_time_delta_sensor_async to None, run_after=None
[2025-05-06T23:36:40.820-0400] {processor.py:183} INFO - Processing /Users/asritabobba/Desktop/Mlops-project/MLOPs-Project/airflow310/lib/python3.10/site-packages/airflow/example_dags/example_time_delta_sensor_async.py took 0.062 seconds
[2025-05-06T23:38:15.706-0400] {processor.py:161} INFO - Started process (PID=91996) to work on /Users/asritabobba/Desktop/Mlops-project/MLOPs-Project/airflow310/lib/python3.10/site-packages/airflow/example_dags/example_time_delta_sensor_async.py
[2025-05-06T23:38:15.707-0400] {processor.py:830} INFO - Processing file /Users/asritabobba/Desktop/Mlops-project/MLOPs-Project/airflow310/lib/python3.10/site-packages/airflow/example_dags/example_time_delta_sensor_async.py for tasks to queue
[2025-05-06T23:38:15.707-0400] {logging_mixin.py:188} INFO - [2025-05-06T23:38:15.707-0400] {dagbag.py:538} INFO - Filling up the DagBag from /Users/asritabobba/Desktop/Mlops-project/MLOPs-Project/airflow310/lib/python3.10/site-packages/airflow/example_dags/example_time_delta_sensor_async.py
[2025-05-06T23:38:15.728-0400] {processor.py:840} INFO - DAG(s) 'example_time_delta_sensor_async' retrieved from /Users/asritabobba/Desktop/Mlops-project/MLOPs-Project/airflow310/lib/python3.10/site-packages/airflow/example_dags/example_time_delta_sensor_async.py
[2025-05-06T23:38:15.761-0400] {logging_mixin.py:188} INFO - [2025-05-06T23:38:15.761-0400] {dag.py:3036} INFO - Sync 1 DAGs
[2025-05-06T23:38:15.764-0400] {logging_mixin.py:188} INFO - [2025-05-06T23:38:15.764-0400] {dag.py:3823} INFO - Setting next_dagrun for example_time_delta_sensor_async to None, run_after=None
[2025-05-06T23:38:15.769-0400] {processor.py:183} INFO - Processing /Users/asritabobba/Desktop/Mlops-project/MLOPs-Project/airflow310/lib/python3.10/site-packages/airflow/example_dags/example_time_delta_sensor_async.py took 0.064 seconds
[2025-05-06T23:39:52.056-0400] {processor.py:161} INFO - Started process (PID=92067) to work on /Users/asritabobba/Desktop/Mlops-project/MLOPs-Project/airflow310/lib/python3.10/site-packages/airflow/example_dags/example_time_delta_sensor_async.py
[2025-05-06T23:39:52.057-0400] {processor.py:830} INFO - Processing file /Users/asritabobba/Desktop/Mlops-project/MLOPs-Project/airflow310/lib/python3.10/site-packages/airflow/example_dags/example_time_delta_sensor_async.py for tasks to queue
[2025-05-06T23:39:52.057-0400] {logging_mixin.py:188} INFO - [2025-05-06T23:39:52.057-0400] {dagbag.py:538} INFO - Filling up the DagBag from /Users/asritabobba/Desktop/Mlops-project/MLOPs-Project/airflow310/lib/python3.10/site-packages/airflow/example_dags/example_time_delta_sensor_async.py
[2025-05-06T23:39:52.079-0400] {processor.py:840} INFO - DAG(s) 'example_time_delta_sensor_async' retrieved from /Users/asritabobba/Desktop/Mlops-project/MLOPs-Project/airflow310/lib/python3.10/site-packages/airflow/example_dags/example_time_delta_sensor_async.py
[2025-05-06T23:39:52.111-0400] {logging_mixin.py:188} INFO - [2025-05-06T23:39:52.111-0400] {dag.py:3036} INFO - Sync 1 DAGs
[2025-05-06T23:39:52.113-0400] {logging_mixin.py:188} INFO - [2025-05-06T23:39:52.113-0400] {dag.py:3823} INFO - Setting next_dagrun for example_time_delta_sensor_async to None, run_after=None
[2025-05-06T23:39:52.119-0400] {processor.py:183} INFO - Processing /Users/asritabobba/Desktop/Mlops-project/MLOPs-Project/airflow310/lib/python3.10/site-packages/airflow/example_dags/example_time_delta_sensor_async.py took 0.063 seconds
[2025-05-06T23:41:30.600-0400] {processor.py:161} INFO - Started process (PID=92230) to work on /Users/asritabobba/Desktop/Mlops-project/MLOPs-Project/airflow310/lib/python3.10/site-packages/airflow/example_dags/example_time_delta_sensor_async.py
[2025-05-06T23:41:30.602-0400] {processor.py:830} INFO - Processing file /Users/asritabobba/Desktop/Mlops-project/MLOPs-Project/airflow310/lib/python3.10/site-packages/airflow/example_dags/example_time_delta_sensor_async.py for tasks to queue
[2025-05-06T23:41:30.602-0400] {logging_mixin.py:188} INFO - [2025-05-06T23:41:30.602-0400] {dagbag.py:538} INFO - Filling up the DagBag from /Users/asritabobba/Desktop/Mlops-project/MLOPs-Project/airflow310/lib/python3.10/site-packages/airflow/example_dags/example_time_delta_sensor_async.py
[2025-05-06T23:41:30.625-0400] {processor.py:840} INFO - DAG(s) 'example_time_delta_sensor_async' retrieved from /Users/asritabobba/Desktop/Mlops-project/MLOPs-Project/airflow310/lib/python3.10/site-packages/airflow/example_dags/example_time_delta_sensor_async.py
[2025-05-06T23:41:30.659-0400] {logging_mixin.py:188} INFO - [2025-05-06T23:41:30.659-0400] {dag.py:3036} INFO - Sync 1 DAGs
[2025-05-06T23:41:30.662-0400] {logging_mixin.py:188} INFO - [2025-05-06T23:41:30.662-0400] {dag.py:3823} INFO - Setting next_dagrun for example_time_delta_sensor_async to None, run_after=None
[2025-05-06T23:41:30.668-0400] {processor.py:183} INFO - Processing /Users/asritabobba/Desktop/Mlops-project/MLOPs-Project/airflow310/lib/python3.10/site-packages/airflow/example_dags/example_time_delta_sensor_async.py took 0.068 seconds
[2025-05-06T23:42:25.327-0400] {processor.py:161} INFO - Started process (PID=92266) to work on /Users/asritabobba/Desktop/Mlops-project/MLOPs-Project/airflow310/lib/python3.10/site-packages/airflow/example_dags/example_time_delta_sensor_async.py
[2025-05-06T23:42:25.328-0400] {processor.py:830} INFO - Processing file /Users/asritabobba/Desktop/Mlops-project/MLOPs-Project/airflow310/lib/python3.10/site-packages/airflow/example_dags/example_time_delta_sensor_async.py for tasks to queue
[2025-05-06T23:42:25.328-0400] {logging_mixin.py:188} INFO - [2025-05-06T23:42:25.328-0400] {dagbag.py:538} INFO - Filling up the DagBag from /Users/asritabobba/Desktop/Mlops-project/MLOPs-Project/airflow310/lib/python3.10/site-packages/airflow/example_dags/example_time_delta_sensor_async.py
[2025-05-06T23:42:25.352-0400] {processor.py:840} INFO - DAG(s) 'example_time_delta_sensor_async' retrieved from /Users/asritabobba/Desktop/Mlops-project/MLOPs-Project/airflow310/lib/python3.10/site-packages/airflow/example_dags/example_time_delta_sensor_async.py
[2025-05-06T23:42:25.387-0400] {logging_mixin.py:188} INFO - [2025-05-06T23:42:25.387-0400] {dag.py:3036} INFO - Sync 1 DAGs
[2025-05-06T23:42:25.390-0400] {logging_mixin.py:188} INFO - [2025-05-06T23:42:25.390-0400] {dag.py:3823} INFO - Setting next_dagrun for example_time_delta_sensor_async to None, run_after=None
[2025-05-06T23:42:25.396-0400] {processor.py:183} INFO - Processing /Users/asritabobba/Desktop/Mlops-project/MLOPs-Project/airflow310/lib/python3.10/site-packages/airflow/example_dags/example_time_delta_sensor_async.py took 0.069 seconds
