[2025-05-06T23:36:09.989-0400] {processor.py:161} INFO - Started process (PID=91859) to work on /Users/asritabobba/Desktop/Mlops-project/MLOPs-Project/airflow310/lib/python3.10/site-packages/airflow/example_dags/example_branch_labels.py
[2025-05-06T23:36:09.989-0400] {processor.py:830} INFO - Processing file /Users/asritabobba/Desktop/Mlops-project/MLOPs-Project/airflow310/lib/python3.10/site-packages/airflow/example_dags/example_branch_labels.py for tasks to queue
[2025-05-06T23:36:09.989-0400] {logging_mixin.py:188} INFO - [2025-05-06T23:36:09.989-0400] {dagbag.py:538} INFO - Filling up the DagBag from /Users/asritabobba/Desktop/Mlops-project/MLOPs-Project/airflow310/lib/python3.10/site-packages/airflow/example_dags/example_branch_labels.py
[2025-05-06T23:36:10.012-0400] {processor.py:840} INFO - DAG(s) 'example_branch_labels' retrieved from /Users/asritabobba/Desktop/Mlops-project/MLOPs-Project/airflow310/lib/python3.10/site-packages/airflow/example_dags/example_branch_labels.py
[2025-05-06T23:36:10.071-0400] {logging_mixin.py:188} INFO - [2025-05-06T23:36:10.071-0400] {dag.py:3036} INFO - Sync 1 DAGs
[2025-05-06T23:36:10.076-0400] {logging_mixin.py:188} INFO - [2025-05-06T23:36:10.076-0400] {dag.py:3823} INFO - Setting next_dagrun for example_branch_labels to 2025-05-06 00:00:00+00:00, run_after=2025-05-07 00:00:00+00:00
[2025-05-06T23:36:10.082-0400] {processor.py:183} INFO - Processing /Users/asritabobba/Desktop/Mlops-project/MLOPs-Project/airflow310/lib/python3.10/site-packages/airflow/example_dags/example_branch_labels.py took 0.094 seconds
[2025-05-06T23:37:50.726-0400] {processor.py:161} INFO - Started process (PID=91969) to work on /Users/asritabobba/Desktop/Mlops-project/MLOPs-Project/airflow310/lib/python3.10/site-packages/airflow/example_dags/example_branch_labels.py
[2025-05-06T23:37:50.726-0400] {processor.py:830} INFO - Processing file /Users/asritabobba/Desktop/Mlops-project/MLOPs-Project/airflow310/lib/python3.10/site-packages/airflow/example_dags/example_branch_labels.py for tasks to queue
[2025-05-06T23:37:50.726-0400] {logging_mixin.py:188} INFO - [2025-05-06T23:37:50.726-0400] {dagbag.py:538} INFO - Filling up the DagBag from /Users/asritabobba/Desktop/Mlops-project/MLOPs-Project/airflow310/lib/python3.10/site-packages/airflow/example_dags/example_branch_labels.py
[2025-05-06T23:37:50.748-0400] {processor.py:840} INFO - DAG(s) 'example_branch_labels' retrieved from /Users/asritabobba/Desktop/Mlops-project/MLOPs-Project/airflow310/lib/python3.10/site-packages/airflow/example_dags/example_branch_labels.py
[2025-05-06T23:37:50.779-0400] {logging_mixin.py:188} INFO - [2025-05-06T23:37:50.779-0400] {dag.py:3036} INFO - Sync 1 DAGs
[2025-05-06T23:37:50.784-0400] {logging_mixin.py:188} INFO - [2025-05-06T23:37:50.784-0400] {dag.py:3823} INFO - Setting next_dagrun for example_branch_labels to 2025-05-06 00:00:00+00:00, run_after=2025-05-07 00:00:00+00:00
[2025-05-06T23:37:50.789-0400] {processor.py:183} INFO - Processing /Users/asritabobba/Desktop/Mlops-project/MLOPs-Project/airflow310/lib/python3.10/site-packages/airflow/example_dags/example_branch_labels.py took 0.064 seconds
[2025-05-06T23:39:27.928-0400] {processor.py:161} INFO - Started process (PID=92048) to work on /Users/asritabobba/Desktop/Mlops-project/MLOPs-Project/airflow310/lib/python3.10/site-packages/airflow/example_dags/example_branch_labels.py
[2025-05-06T23:39:27.929-0400] {processor.py:830} INFO - Processing file /Users/asritabobba/Desktop/Mlops-project/MLOPs-Project/airflow310/lib/python3.10/site-packages/airflow/example_dags/example_branch_labels.py for tasks to queue
[2025-05-06T23:39:27.929-0400] {logging_mixin.py:188} INFO - [2025-05-06T23:39:27.929-0400] {dagbag.py:538} INFO - Filling up the DagBag from /Users/asritabobba/Desktop/Mlops-project/MLOPs-Project/airflow310/lib/python3.10/site-packages/airflow/example_dags/example_branch_labels.py
[2025-05-06T23:39:27.950-0400] {processor.py:840} INFO - DAG(s) 'example_branch_labels' retrieved from /Users/asritabobba/Desktop/Mlops-project/MLOPs-Project/airflow310/lib/python3.10/site-packages/airflow/example_dags/example_branch_labels.py
[2025-05-06T23:39:27.980-0400] {logging_mixin.py:188} INFO - [2025-05-06T23:39:27.980-0400] {dag.py:3036} INFO - Sync 1 DAGs
[2025-05-06T23:39:27.985-0400] {logging_mixin.py:188} INFO - [2025-05-06T23:39:27.985-0400] {dag.py:3823} INFO - Setting next_dagrun for example_branch_labels to 2025-05-06 00:00:00+00:00, run_after=2025-05-07 00:00:00+00:00
[2025-05-06T23:39:27.990-0400] {processor.py:183} INFO - Processing /Users/asritabobba/Desktop/Mlops-project/MLOPs-Project/airflow310/lib/python3.10/site-packages/airflow/example_dags/example_branch_labels.py took 0.063 seconds
[2025-05-06T23:41:01.350-0400] {processor.py:161} INFO - Started process (PID=92192) to work on /Users/asritabobba/Desktop/Mlops-project/MLOPs-Project/airflow310/lib/python3.10/site-packages/airflow/example_dags/example_branch_labels.py
[2025-05-06T23:41:01.351-0400] {processor.py:830} INFO - Processing file /Users/asritabobba/Desktop/Mlops-project/MLOPs-Project/airflow310/lib/python3.10/site-packages/airflow/example_dags/example_branch_labels.py for tasks to queue
[2025-05-06T23:41:01.351-0400] {logging_mixin.py:188} INFO - [2025-05-06T23:41:01.351-0400] {dagbag.py:538} INFO - Filling up the DagBag from /Users/asritabobba/Desktop/Mlops-project/MLOPs-Project/airflow310/lib/python3.10/site-packages/airflow/example_dags/example_branch_labels.py
[2025-05-06T23:41:01.377-0400] {processor.py:840} INFO - DAG(s) 'example_branch_labels' retrieved from /Users/asritabobba/Desktop/Mlops-project/MLOPs-Project/airflow310/lib/python3.10/site-packages/airflow/example_dags/example_branch_labels.py
[2025-05-06T23:41:01.409-0400] {logging_mixin.py:188} INFO - [2025-05-06T23:41:01.409-0400] {dag.py:3036} INFO - Sync 1 DAGs
[2025-05-06T23:41:01.415-0400] {logging_mixin.py:188} INFO - [2025-05-06T23:41:01.415-0400] {dag.py:3823} INFO - Setting next_dagrun for example_branch_labels to 2025-05-06 00:00:00+00:00, run_after=2025-05-07 00:00:00+00:00
[2025-05-06T23:41:01.421-0400] {processor.py:183} INFO - Processing /Users/asritabobba/Desktop/Mlops-project/MLOPs-Project/airflow310/lib/python3.10/site-packages/airflow/example_dags/example_branch_labels.py took 0.071 seconds
