[2025-05-06T23:35:04.328-0400] {processor.py:161} INFO - Started process (PID=91795) to work on /Users/asritabobba/Desktop/Mlops-project/MLOPs-Project/airflow310/lib/python3.10/site-packages/airflow/example_dags/tutorial_objectstorage.py
[2025-05-06T23:35:04.328-0400] {processor.py:830} INFO - Processing file /Users/asritabobba/Desktop/Mlops-project/MLOPs-Project/airflow310/lib/python3.10/site-packages/airflow/example_dags/tutorial_objectstorage.py for tasks to queue
[2025-05-06T23:35:04.328-0400] {logging_mixin.py:188} INFO - [2025-05-06T23:35:04.328-0400] {dagbag.py:538} INFO - Filling up the DagBag from /Users/asritabobba/Desktop/Mlops-project/MLOPs-Project/airflow310/lib/python3.10/site-packages/airflow/example_dags/tutorial_objectstorage.py
[2025-05-06T23:35:04.368-0400] {processor.py:840} INFO - DAG(s) 'tutorial_objectstorage' retrieved from /Users/asritabobba/Desktop/Mlops-project/MLOPs-Project/airflow310/lib/python3.10/site-packages/airflow/example_dags/tutorial_objectstorage.py
[2025-05-06T23:35:04.422-0400] {logging_mixin.py:188} INFO - [2025-05-06T23:35:04.421-0400] {dag.py:3036} INFO - Sync 1 DAGs
[2025-05-06T23:35:04.425-0400] {logging_mixin.py:188} INFO - [2025-05-06T23:35:04.425-0400] {dag.py:3823} INFO - Setting next_dagrun for tutorial_objectstorage to None, run_after=None
[2025-05-06T23:35:04.430-0400] {processor.py:183} INFO - Processing /Users/asritabobba/Desktop/Mlops-project/MLOPs-Project/airflow310/lib/python3.10/site-packages/airflow/example_dags/tutorial_objectstorage.py took 0.103 seconds
[2025-05-06T23:36:29.009-0400] {processor.py:161} INFO - Started process (PID=91883) to work on /Users/asritabobba/Desktop/Mlops-project/MLOPs-Project/airflow310/lib/python3.10/site-packages/airflow/example_dags/tutorial_objectstorage.py
[2025-05-06T23:36:29.010-0400] {processor.py:830} INFO - Processing file /Users/asritabobba/Desktop/Mlops-project/MLOPs-Project/airflow310/lib/python3.10/site-packages/airflow/example_dags/tutorial_objectstorage.py for tasks to queue
[2025-05-06T23:36:29.010-0400] {logging_mixin.py:188} INFO - [2025-05-06T23:36:29.010-0400] {dagbag.py:538} INFO - Filling up the DagBag from /Users/asritabobba/Desktop/Mlops-project/MLOPs-Project/airflow310/lib/python3.10/site-packages/airflow/example_dags/tutorial_objectstorage.py
[2025-05-06T23:36:29.050-0400] {processor.py:840} INFO - DAG(s) 'tutorial_objectstorage' retrieved from /Users/asritabobba/Desktop/Mlops-project/MLOPs-Project/airflow310/lib/python3.10/site-packages/airflow/example_dags/tutorial_objectstorage.py
[2025-05-06T23:36:29.078-0400] {logging_mixin.py:188} INFO - [2025-05-06T23:36:29.078-0400] {dag.py:3036} INFO - Sync 1 DAGs
[2025-05-06T23:36:29.081-0400] {logging_mixin.py:188} INFO - [2025-05-06T23:36:29.081-0400] {dag.py:3823} INFO - Setting next_dagrun for tutorial_objectstorage to None, run_after=None
[2025-05-06T23:36:29.086-0400] {processor.py:183} INFO - Processing /Users/asritabobba/Desktop/Mlops-project/MLOPs-Project/airflow310/lib/python3.10/site-packages/airflow/example_dags/tutorial_objectstorage.py took 0.078 seconds
[2025-05-06T23:37:20.769-0400] {processor.py:161} INFO - Started process (PID=91940) to work on /Users/asritabobba/Desktop/Mlops-project/MLOPs-Project/airflow310/lib/python3.10/site-packages/airflow/example_dags/tutorial_objectstorage.py
[2025-05-06T23:37:20.769-0400] {processor.py:830} INFO - Processing file /Users/asritabobba/Desktop/Mlops-project/MLOPs-Project/airflow310/lib/python3.10/site-packages/airflow/example_dags/tutorial_objectstorage.py for tasks to queue
[2025-05-06T23:37:20.770-0400] {logging_mixin.py:188} INFO - [2025-05-06T23:37:20.770-0400] {dagbag.py:538} INFO - Filling up the DagBag from /Users/asritabobba/Desktop/Mlops-project/MLOPs-Project/airflow310/lib/python3.10/site-packages/airflow/example_dags/tutorial_objectstorage.py
[2025-05-06T23:37:20.810-0400] {processor.py:840} INFO - DAG(s) 'tutorial_objectstorage' retrieved from /Users/asritabobba/Desktop/Mlops-project/MLOPs-Project/airflow310/lib/python3.10/site-packages/airflow/example_dags/tutorial_objectstorage.py
[2025-05-06T23:37:20.839-0400] {logging_mixin.py:188} INFO - [2025-05-06T23:37:20.839-0400] {dag.py:3036} INFO - Sync 1 DAGs
[2025-05-06T23:37:20.842-0400] {logging_mixin.py:188} INFO - [2025-05-06T23:37:20.842-0400] {dag.py:3823} INFO - Setting next_dagrun for tutorial_objectstorage to None, run_after=None
[2025-05-06T23:37:20.848-0400] {processor.py:183} INFO - Processing /Users/asritabobba/Desktop/Mlops-project/MLOPs-Project/airflow310/lib/python3.10/site-packages/airflow/example_dags/tutorial_objectstorage.py took 0.079 seconds
[2025-05-06T23:38:08.958-0400] {processor.py:161} INFO - Started process (PID=91989) to work on /Users/asritabobba/Desktop/Mlops-project/MLOPs-Project/airflow310/lib/python3.10/site-packages/airflow/example_dags/tutorial_objectstorage.py
[2025-05-06T23:38:08.959-0400] {processor.py:830} INFO - Processing file /Users/asritabobba/Desktop/Mlops-project/MLOPs-Project/airflow310/lib/python3.10/site-packages/airflow/example_dags/tutorial_objectstorage.py for tasks to queue
[2025-05-06T23:38:08.959-0400] {logging_mixin.py:188} INFO - [2025-05-06T23:38:08.959-0400] {dagbag.py:538} INFO - Filling up the DagBag from /Users/asritabobba/Desktop/Mlops-project/MLOPs-Project/airflow310/lib/python3.10/site-packages/airflow/example_dags/tutorial_objectstorage.py
[2025-05-06T23:38:09.002-0400] {processor.py:840} INFO - DAG(s) 'tutorial_objectstorage' retrieved from /Users/asritabobba/Desktop/Mlops-project/MLOPs-Project/airflow310/lib/python3.10/site-packages/airflow/example_dags/tutorial_objectstorage.py
[2025-05-06T23:38:09.030-0400] {logging_mixin.py:188} INFO - [2025-05-06T23:38:09.030-0400] {dag.py:3036} INFO - Sync 1 DAGs
[2025-05-06T23:38:09.033-0400] {logging_mixin.py:188} INFO - [2025-05-06T23:38:09.033-0400] {dag.py:3823} INFO - Setting next_dagrun for tutorial_objectstorage to None, run_after=None
[2025-05-06T23:38:09.038-0400] {processor.py:183} INFO - Processing /Users/asritabobba/Desktop/Mlops-project/MLOPs-Project/airflow310/lib/python3.10/site-packages/airflow/example_dags/tutorial_objectstorage.py took 0.081 seconds
[2025-05-06T23:38:56.811-0400] {processor.py:161} INFO - Started process (PID=92024) to work on /Users/asritabobba/Desktop/Mlops-project/MLOPs-Project/airflow310/lib/python3.10/site-packages/airflow/example_dags/tutorial_objectstorage.py
[2025-05-06T23:38:56.813-0400] {processor.py:830} INFO - Processing file /Users/asritabobba/Desktop/Mlops-project/MLOPs-Project/airflow310/lib/python3.10/site-packages/airflow/example_dags/tutorial_objectstorage.py for tasks to queue
[2025-05-06T23:38:56.813-0400] {logging_mixin.py:188} INFO - [2025-05-06T23:38:56.813-0400] {dagbag.py:538} INFO - Filling up the DagBag from /Users/asritabobba/Desktop/Mlops-project/MLOPs-Project/airflow310/lib/python3.10/site-packages/airflow/example_dags/tutorial_objectstorage.py
[2025-05-06T23:38:56.861-0400] {processor.py:840} INFO - DAG(s) 'tutorial_objectstorage' retrieved from /Users/asritabobba/Desktop/Mlops-project/MLOPs-Project/airflow310/lib/python3.10/site-packages/airflow/example_dags/tutorial_objectstorage.py
[2025-05-06T23:38:56.892-0400] {logging_mixin.py:188} INFO - [2025-05-06T23:38:56.892-0400] {dag.py:3036} INFO - Sync 1 DAGs
[2025-05-06T23:38:56.895-0400] {logging_mixin.py:188} INFO - [2025-05-06T23:38:56.895-0400] {dag.py:3823} INFO - Setting next_dagrun for tutorial_objectstorage to None, run_after=None
[2025-05-06T23:38:56.901-0400] {processor.py:183} INFO - Processing /Users/asritabobba/Desktop/Mlops-project/MLOPs-Project/airflow310/lib/python3.10/site-packages/airflow/example_dags/tutorial_objectstorage.py took 0.090 seconds
[2025-05-06T23:39:44.906-0400] {processor.py:161} INFO - Started process (PID=92060) to work on /Users/asritabobba/Desktop/Mlops-project/MLOPs-Project/airflow310/lib/python3.10/site-packages/airflow/example_dags/tutorial_objectstorage.py
[2025-05-06T23:39:44.907-0400] {processor.py:830} INFO - Processing file /Users/asritabobba/Desktop/Mlops-project/MLOPs-Project/airflow310/lib/python3.10/site-packages/airflow/example_dags/tutorial_objectstorage.py for tasks to queue
[2025-05-06T23:39:44.907-0400] {logging_mixin.py:188} INFO - [2025-05-06T23:39:44.907-0400] {dagbag.py:538} INFO - Filling up the DagBag from /Users/asritabobba/Desktop/Mlops-project/MLOPs-Project/airflow310/lib/python3.10/site-packages/airflow/example_dags/tutorial_objectstorage.py
[2025-05-06T23:39:44.952-0400] {processor.py:840} INFO - DAG(s) 'tutorial_objectstorage' retrieved from /Users/asritabobba/Desktop/Mlops-project/MLOPs-Project/airflow310/lib/python3.10/site-packages/airflow/example_dags/tutorial_objectstorage.py
[2025-05-06T23:39:44.982-0400] {logging_mixin.py:188} INFO - [2025-05-06T23:39:44.982-0400] {dag.py:3036} INFO - Sync 1 DAGs
[2025-05-06T23:39:44.985-0400] {logging_mixin.py:188} INFO - [2025-05-06T23:39:44.985-0400] {dag.py:3823} INFO - Setting next_dagrun for tutorial_objectstorage to None, run_after=None
[2025-05-06T23:39:44.990-0400] {processor.py:183} INFO - Processing /Users/asritabobba/Desktop/Mlops-project/MLOPs-Project/airflow310/lib/python3.10/site-packages/airflow/example_dags/tutorial_objectstorage.py took 0.084 seconds
[2025-05-06T23:40:31.875-0400] {processor.py:161} INFO - Started process (PID=92122) to work on /Users/asritabobba/Desktop/Mlops-project/MLOPs-Project/airflow310/lib/python3.10/site-packages/airflow/example_dags/tutorial_objectstorage.py
[2025-05-06T23:40:31.876-0400] {processor.py:830} INFO - Processing file /Users/asritabobba/Desktop/Mlops-project/MLOPs-Project/airflow310/lib/python3.10/site-packages/airflow/example_dags/tutorial_objectstorage.py for tasks to queue
[2025-05-06T23:40:31.876-0400] {logging_mixin.py:188} INFO - [2025-05-06T23:40:31.876-0400] {dagbag.py:538} INFO - Filling up the DagBag from /Users/asritabobba/Desktop/Mlops-project/MLOPs-Project/airflow310/lib/python3.10/site-packages/airflow/example_dags/tutorial_objectstorage.py
[2025-05-06T23:40:31.917-0400] {processor.py:840} INFO - DAG(s) 'tutorial_objectstorage' retrieved from /Users/asritabobba/Desktop/Mlops-project/MLOPs-Project/airflow310/lib/python3.10/site-packages/airflow/example_dags/tutorial_objectstorage.py
[2025-05-06T23:40:31.945-0400] {logging_mixin.py:188} INFO - [2025-05-06T23:40:31.945-0400] {dag.py:3036} INFO - Sync 1 DAGs
[2025-05-06T23:40:31.948-0400] {logging_mixin.py:188} INFO - [2025-05-06T23:40:31.948-0400] {dag.py:3823} INFO - Setting next_dagrun for tutorial_objectstorage to None, run_after=None
[2025-05-06T23:40:31.953-0400] {processor.py:183} INFO - Processing /Users/asritabobba/Desktop/Mlops-project/MLOPs-Project/airflow310/lib/python3.10/site-packages/airflow/example_dags/tutorial_objectstorage.py took 0.079 seconds
[2025-05-06T23:41:20.412-0400] {processor.py:161} INFO - Started process (PID=92221) to work on /Users/asritabobba/Desktop/Mlops-project/MLOPs-Project/airflow310/lib/python3.10/site-packages/airflow/example_dags/tutorial_objectstorage.py
[2025-05-06T23:41:20.413-0400] {processor.py:830} INFO - Processing file /Users/asritabobba/Desktop/Mlops-project/MLOPs-Project/airflow310/lib/python3.10/site-packages/airflow/example_dags/tutorial_objectstorage.py for tasks to queue
[2025-05-06T23:41:20.413-0400] {logging_mixin.py:188} INFO - [2025-05-06T23:41:20.413-0400] {dagbag.py:538} INFO - Filling up the DagBag from /Users/asritabobba/Desktop/Mlops-project/MLOPs-Project/airflow310/lib/python3.10/site-packages/airflow/example_dags/tutorial_objectstorage.py
[2025-05-06T23:41:20.456-0400] {processor.py:840} INFO - DAG(s) 'tutorial_objectstorage' retrieved from /Users/asritabobba/Desktop/Mlops-project/MLOPs-Project/airflow310/lib/python3.10/site-packages/airflow/example_dags/tutorial_objectstorage.py
[2025-05-06T23:41:20.486-0400] {logging_mixin.py:188} INFO - [2025-05-06T23:41:20.485-0400] {dag.py:3036} INFO - Sync 1 DAGs
[2025-05-06T23:41:20.488-0400] {logging_mixin.py:188} INFO - [2025-05-06T23:41:20.488-0400] {dag.py:3823} INFO - Setting next_dagrun for tutorial_objectstorage to None, run_after=None
[2025-05-06T23:41:20.494-0400] {processor.py:183} INFO - Processing /Users/asritabobba/Desktop/Mlops-project/MLOPs-Project/airflow310/lib/python3.10/site-packages/airflow/example_dags/tutorial_objectstorage.py took 0.082 seconds
[2025-05-06T23:42:13.420-0400] {processor.py:161} INFO - Started process (PID=92258) to work on /Users/asritabobba/Desktop/Mlops-project/MLOPs-Project/airflow310/lib/python3.10/site-packages/airflow/example_dags/tutorial_objectstorage.py
[2025-05-06T23:42:13.420-0400] {processor.py:830} INFO - Processing file /Users/asritabobba/Desktop/Mlops-project/MLOPs-Project/airflow310/lib/python3.10/site-packages/airflow/example_dags/tutorial_objectstorage.py for tasks to queue
[2025-05-06T23:42:13.421-0400] {logging_mixin.py:188} INFO - [2025-05-06T23:42:13.421-0400] {dagbag.py:538} INFO - Filling up the DagBag from /Users/asritabobba/Desktop/Mlops-project/MLOPs-Project/airflow310/lib/python3.10/site-packages/airflow/example_dags/tutorial_objectstorage.py
[2025-05-06T23:42:13.461-0400] {processor.py:840} INFO - DAG(s) 'tutorial_objectstorage' retrieved from /Users/asritabobba/Desktop/Mlops-project/MLOPs-Project/airflow310/lib/python3.10/site-packages/airflow/example_dags/tutorial_objectstorage.py
[2025-05-06T23:42:13.489-0400] {logging_mixin.py:188} INFO - [2025-05-06T23:42:13.489-0400] {dag.py:3036} INFO - Sync 1 DAGs
[2025-05-06T23:42:13.492-0400] {logging_mixin.py:188} INFO - [2025-05-06T23:42:13.492-0400] {dag.py:3823} INFO - Setting next_dagrun for tutorial_objectstorage to None, run_after=None
[2025-05-06T23:42:13.497-0400] {processor.py:183} INFO - Processing /Users/asritabobba/Desktop/Mlops-project/MLOPs-Project/airflow310/lib/python3.10/site-packages/airflow/example_dags/tutorial_objectstorage.py took 0.078 seconds
