[2025-05-06T23:35:02.584-0400] {processor.py:161} INFO - Started process (PID=91794) to work on /Users/asritabobba/Desktop/Mlops-project/MLOPs-Project/airflow310/lib/python3.10/site-packages/airflow/example_dags/tutorial_taskflow_api.py
[2025-05-06T23:35:02.584-0400] {processor.py:830} INFO - Processing file /Users/asritabobba/Desktop/Mlops-project/MLOPs-Project/airflow310/lib/python3.10/site-packages/airflow/example_dags/tutorial_taskflow_api.py for tasks to queue
[2025-05-06T23:35:02.585-0400] {logging_mixin.py:188} INFO - [2025-05-06T23:35:02.585-0400] {dagbag.py:538} INFO - Filling up the DagBag from /Users/asritabobba/Desktop/Mlops-project/MLOPs-Project/airflow310/lib/python3.10/site-packages/airflow/example_dags/tutorial_taskflow_api.py
[2025-05-06T23:35:02.624-0400] {processor.py:840} INFO - DAG(s) 'tutorial_taskflow_api' retrieved from /Users/asritabobba/Desktop/Mlops-project/MLOPs-Project/airflow310/lib/python3.10/site-packages/airflow/example_dags/tutorial_taskflow_api.py
[2025-05-06T23:35:02.682-0400] {logging_mixin.py:188} INFO - [2025-05-06T23:35:02.682-0400] {dag.py:3036} INFO - Sync 1 DAGs
[2025-05-06T23:35:02.684-0400] {logging_mixin.py:188} INFO - [2025-05-06T23:35:02.684-0400] {dag.py:3823} INFO - Setting next_dagrun for tutorial_taskflow_api to None, run_after=None
[2025-05-06T23:35:02.690-0400] {processor.py:183} INFO - Processing /Users/asritabobba/Desktop/Mlops-project/MLOPs-Project/airflow310/lib/python3.10/site-packages/airflow/example_dags/tutorial_taskflow_api.py took 0.106 seconds
[2025-05-06T23:36:27.315-0400] {processor.py:161} INFO - Started process (PID=91882) to work on /Users/asritabobba/Desktop/Mlops-project/MLOPs-Project/airflow310/lib/python3.10/site-packages/airflow/example_dags/tutorial_taskflow_api.py
[2025-05-06T23:36:27.316-0400] {processor.py:830} INFO - Processing file /Users/asritabobba/Desktop/Mlops-project/MLOPs-Project/airflow310/lib/python3.10/site-packages/airflow/example_dags/tutorial_taskflow_api.py for tasks to queue
[2025-05-06T23:36:27.317-0400] {logging_mixin.py:188} INFO - [2025-05-06T23:36:27.316-0400] {dagbag.py:538} INFO - Filling up the DagBag from /Users/asritabobba/Desktop/Mlops-project/MLOPs-Project/airflow310/lib/python3.10/site-packages/airflow/example_dags/tutorial_taskflow_api.py
[2025-05-06T23:36:27.345-0400] {processor.py:840} INFO - DAG(s) 'tutorial_taskflow_api' retrieved from /Users/asritabobba/Desktop/Mlops-project/MLOPs-Project/airflow310/lib/python3.10/site-packages/airflow/example_dags/tutorial_taskflow_api.py
[2025-05-06T23:36:27.374-0400] {logging_mixin.py:188} INFO - [2025-05-06T23:36:27.374-0400] {dag.py:3036} INFO - Sync 1 DAGs
[2025-05-06T23:36:27.377-0400] {logging_mixin.py:188} INFO - [2025-05-06T23:36:27.377-0400] {dag.py:3823} INFO - Setting next_dagrun for tutorial_taskflow_api to None, run_after=None
[2025-05-06T23:36:27.383-0400] {processor.py:183} INFO - Processing /Users/asritabobba/Desktop/Mlops-project/MLOPs-Project/airflow310/lib/python3.10/site-packages/airflow/example_dags/tutorial_taskflow_api.py took 0.068 seconds
[2025-05-06T23:37:20.118-0400] {processor.py:161} INFO - Started process (PID=91939) to work on /Users/asritabobba/Desktop/Mlops-project/MLOPs-Project/airflow310/lib/python3.10/site-packages/airflow/example_dags/tutorial_taskflow_api.py
[2025-05-06T23:37:20.119-0400] {processor.py:830} INFO - Processing file /Users/asritabobba/Desktop/Mlops-project/MLOPs-Project/airflow310/lib/python3.10/site-packages/airflow/example_dags/tutorial_taskflow_api.py for tasks to queue
[2025-05-06T23:37:20.119-0400] {logging_mixin.py:188} INFO - [2025-05-06T23:37:20.119-0400] {dagbag.py:538} INFO - Filling up the DagBag from /Users/asritabobba/Desktop/Mlops-project/MLOPs-Project/airflow310/lib/python3.10/site-packages/airflow/example_dags/tutorial_taskflow_api.py
[2025-05-06T23:37:20.147-0400] {processor.py:840} INFO - DAG(s) 'tutorial_taskflow_api' retrieved from /Users/asritabobba/Desktop/Mlops-project/MLOPs-Project/airflow310/lib/python3.10/site-packages/airflow/example_dags/tutorial_taskflow_api.py
[2025-05-06T23:37:20.177-0400] {logging_mixin.py:188} INFO - [2025-05-06T23:37:20.177-0400] {dag.py:3036} INFO - Sync 1 DAGs
[2025-05-06T23:37:20.180-0400] {logging_mixin.py:188} INFO - [2025-05-06T23:37:20.180-0400] {dag.py:3823} INFO - Setting next_dagrun for tutorial_taskflow_api to None, run_after=None
[2025-05-06T23:37:20.186-0400] {processor.py:183} INFO - Processing /Users/asritabobba/Desktop/Mlops-project/MLOPs-Project/airflow310/lib/python3.10/site-packages/airflow/example_dags/tutorial_taskflow_api.py took 0.068 seconds
[2025-05-06T23:38:07.273-0400] {processor.py:161} INFO - Started process (PID=91986) to work on /Users/asritabobba/Desktop/Mlops-project/MLOPs-Project/airflow310/lib/python3.10/site-packages/airflow/example_dags/tutorial_taskflow_api.py
[2025-05-06T23:38:07.275-0400] {processor.py:830} INFO - Processing file /Users/asritabobba/Desktop/Mlops-project/MLOPs-Project/airflow310/lib/python3.10/site-packages/airflow/example_dags/tutorial_taskflow_api.py for tasks to queue
[2025-05-06T23:38:07.275-0400] {logging_mixin.py:188} INFO - [2025-05-06T23:38:07.275-0400] {dagbag.py:538} INFO - Filling up the DagBag from /Users/asritabobba/Desktop/Mlops-project/MLOPs-Project/airflow310/lib/python3.10/site-packages/airflow/example_dags/tutorial_taskflow_api.py
[2025-05-06T23:38:07.304-0400] {processor.py:840} INFO - DAG(s) 'tutorial_taskflow_api' retrieved from /Users/asritabobba/Desktop/Mlops-project/MLOPs-Project/airflow310/lib/python3.10/site-packages/airflow/example_dags/tutorial_taskflow_api.py
[2025-05-06T23:38:07.333-0400] {logging_mixin.py:188} INFO - [2025-05-06T23:38:07.333-0400] {dag.py:3036} INFO - Sync 1 DAGs
[2025-05-06T23:38:07.336-0400] {logging_mixin.py:188} INFO - [2025-05-06T23:38:07.336-0400] {dag.py:3823} INFO - Setting next_dagrun for tutorial_taskflow_api to None, run_after=None
[2025-05-06T23:38:07.341-0400] {processor.py:183} INFO - Processing /Users/asritabobba/Desktop/Mlops-project/MLOPs-Project/airflow310/lib/python3.10/site-packages/airflow/example_dags/tutorial_taskflow_api.py took 0.068 seconds
[2025-05-06T23:38:55.752-0400] {processor.py:161} INFO - Started process (PID=92023) to work on /Users/asritabobba/Desktop/Mlops-project/MLOPs-Project/airflow310/lib/python3.10/site-packages/airflow/example_dags/tutorial_taskflow_api.py
[2025-05-06T23:38:55.753-0400] {processor.py:830} INFO - Processing file /Users/asritabobba/Desktop/Mlops-project/MLOPs-Project/airflow310/lib/python3.10/site-packages/airflow/example_dags/tutorial_taskflow_api.py for tasks to queue
[2025-05-06T23:38:55.754-0400] {logging_mixin.py:188} INFO - [2025-05-06T23:38:55.754-0400] {dagbag.py:538} INFO - Filling up the DagBag from /Users/asritabobba/Desktop/Mlops-project/MLOPs-Project/airflow310/lib/python3.10/site-packages/airflow/example_dags/tutorial_taskflow_api.py
[2025-05-06T23:38:55.795-0400] {processor.py:840} INFO - DAG(s) 'tutorial_taskflow_api' retrieved from /Users/asritabobba/Desktop/Mlops-project/MLOPs-Project/airflow310/lib/python3.10/site-packages/airflow/example_dags/tutorial_taskflow_api.py
[2025-05-06T23:38:55.829-0400] {logging_mixin.py:188} INFO - [2025-05-06T23:38:55.829-0400] {dag.py:3036} INFO - Sync 1 DAGs
[2025-05-06T23:38:55.832-0400] {logging_mixin.py:188} INFO - [2025-05-06T23:38:55.832-0400] {dag.py:3823} INFO - Setting next_dagrun for tutorial_taskflow_api to None, run_after=None
[2025-05-06T23:38:55.839-0400] {processor.py:183} INFO - Processing /Users/asritabobba/Desktop/Mlops-project/MLOPs-Project/airflow310/lib/python3.10/site-packages/airflow/example_dags/tutorial_taskflow_api.py took 0.087 seconds
[2025-05-06T23:39:43.604-0400] {processor.py:161} INFO - Started process (PID=92059) to work on /Users/asritabobba/Desktop/Mlops-project/MLOPs-Project/airflow310/lib/python3.10/site-packages/airflow/example_dags/tutorial_taskflow_api.py
[2025-05-06T23:39:43.605-0400] {processor.py:830} INFO - Processing file /Users/asritabobba/Desktop/Mlops-project/MLOPs-Project/airflow310/lib/python3.10/site-packages/airflow/example_dags/tutorial_taskflow_api.py for tasks to queue
[2025-05-06T23:39:43.606-0400] {logging_mixin.py:188} INFO - [2025-05-06T23:39:43.606-0400] {dagbag.py:538} INFO - Filling up the DagBag from /Users/asritabobba/Desktop/Mlops-project/MLOPs-Project/airflow310/lib/python3.10/site-packages/airflow/example_dags/tutorial_taskflow_api.py
[2025-05-06T23:39:43.634-0400] {processor.py:840} INFO - DAG(s) 'tutorial_taskflow_api' retrieved from /Users/asritabobba/Desktop/Mlops-project/MLOPs-Project/airflow310/lib/python3.10/site-packages/airflow/example_dags/tutorial_taskflow_api.py
[2025-05-06T23:39:43.663-0400] {logging_mixin.py:188} INFO - [2025-05-06T23:39:43.663-0400] {dag.py:3036} INFO - Sync 1 DAGs
[2025-05-06T23:39:43.666-0400] {logging_mixin.py:188} INFO - [2025-05-06T23:39:43.666-0400] {dag.py:3823} INFO - Setting next_dagrun for tutorial_taskflow_api to None, run_after=None
[2025-05-06T23:39:43.672-0400] {processor.py:183} INFO - Processing /Users/asritabobba/Desktop/Mlops-project/MLOPs-Project/airflow310/lib/python3.10/site-packages/airflow/example_dags/tutorial_taskflow_api.py took 0.068 seconds
[2025-05-06T23:40:30.200-0400] {processor.py:161} INFO - Started process (PID=92121) to work on /Users/asritabobba/Desktop/Mlops-project/MLOPs-Project/airflow310/lib/python3.10/site-packages/airflow/example_dags/tutorial_taskflow_api.py
[2025-05-06T23:40:30.201-0400] {processor.py:830} INFO - Processing file /Users/asritabobba/Desktop/Mlops-project/MLOPs-Project/airflow310/lib/python3.10/site-packages/airflow/example_dags/tutorial_taskflow_api.py for tasks to queue
[2025-05-06T23:40:30.201-0400] {logging_mixin.py:188} INFO - [2025-05-06T23:40:30.201-0400] {dagbag.py:538} INFO - Filling up the DagBag from /Users/asritabobba/Desktop/Mlops-project/MLOPs-Project/airflow310/lib/python3.10/site-packages/airflow/example_dags/tutorial_taskflow_api.py
[2025-05-06T23:40:30.233-0400] {processor.py:840} INFO - DAG(s) 'tutorial_taskflow_api' retrieved from /Users/asritabobba/Desktop/Mlops-project/MLOPs-Project/airflow310/lib/python3.10/site-packages/airflow/example_dags/tutorial_taskflow_api.py
[2025-05-06T23:40:30.262-0400] {logging_mixin.py:188} INFO - [2025-05-06T23:40:30.261-0400] {dag.py:3036} INFO - Sync 1 DAGs
[2025-05-06T23:40:30.264-0400] {logging_mixin.py:188} INFO - [2025-05-06T23:40:30.264-0400] {dag.py:3823} INFO - Setting next_dagrun for tutorial_taskflow_api to None, run_after=None
[2025-05-06T23:40:30.270-0400] {processor.py:183} INFO - Processing /Users/asritabobba/Desktop/Mlops-project/MLOPs-Project/airflow310/lib/python3.10/site-packages/airflow/example_dags/tutorial_taskflow_api.py took 0.070 seconds
[2025-05-06T23:41:18.613-0400] {processor.py:161} INFO - Started process (PID=92216) to work on /Users/asritabobba/Desktop/Mlops-project/MLOPs-Project/airflow310/lib/python3.10/site-packages/airflow/example_dags/tutorial_taskflow_api.py
[2025-05-06T23:41:18.614-0400] {processor.py:830} INFO - Processing file /Users/asritabobba/Desktop/Mlops-project/MLOPs-Project/airflow310/lib/python3.10/site-packages/airflow/example_dags/tutorial_taskflow_api.py for tasks to queue
[2025-05-06T23:41:18.615-0400] {logging_mixin.py:188} INFO - [2025-05-06T23:41:18.614-0400] {dagbag.py:538} INFO - Filling up the DagBag from /Users/asritabobba/Desktop/Mlops-project/MLOPs-Project/airflow310/lib/python3.10/site-packages/airflow/example_dags/tutorial_taskflow_api.py
[2025-05-06T23:41:18.644-0400] {processor.py:840} INFO - DAG(s) 'tutorial_taskflow_api' retrieved from /Users/asritabobba/Desktop/Mlops-project/MLOPs-Project/airflow310/lib/python3.10/site-packages/airflow/example_dags/tutorial_taskflow_api.py
[2025-05-06T23:41:18.675-0400] {logging_mixin.py:188} INFO - [2025-05-06T23:41:18.675-0400] {dag.py:3036} INFO - Sync 1 DAGs
[2025-05-06T23:41:18.678-0400] {logging_mixin.py:188} INFO - [2025-05-06T23:41:18.678-0400] {dag.py:3823} INFO - Setting next_dagrun for tutorial_taskflow_api to None, run_after=None
[2025-05-06T23:41:18.684-0400] {processor.py:183} INFO - Processing /Users/asritabobba/Desktop/Mlops-project/MLOPs-Project/airflow310/lib/python3.10/site-packages/airflow/example_dags/tutorial_taskflow_api.py took 0.071 seconds
[2025-05-06T23:42:11.745-0400] {processor.py:161} INFO - Started process (PID=92257) to work on /Users/asritabobba/Desktop/Mlops-project/MLOPs-Project/airflow310/lib/python3.10/site-packages/airflow/example_dags/tutorial_taskflow_api.py
[2025-05-06T23:42:11.745-0400] {processor.py:830} INFO - Processing file /Users/asritabobba/Desktop/Mlops-project/MLOPs-Project/airflow310/lib/python3.10/site-packages/airflow/example_dags/tutorial_taskflow_api.py for tasks to queue
[2025-05-06T23:42:11.745-0400] {logging_mixin.py:188} INFO - [2025-05-06T23:42:11.745-0400] {dagbag.py:538} INFO - Filling up the DagBag from /Users/asritabobba/Desktop/Mlops-project/MLOPs-Project/airflow310/lib/python3.10/site-packages/airflow/example_dags/tutorial_taskflow_api.py
[2025-05-06T23:42:11.775-0400] {processor.py:840} INFO - DAG(s) 'tutorial_taskflow_api' retrieved from /Users/asritabobba/Desktop/Mlops-project/MLOPs-Project/airflow310/lib/python3.10/site-packages/airflow/example_dags/tutorial_taskflow_api.py
[2025-05-06T23:42:11.805-0400] {logging_mixin.py:188} INFO - [2025-05-06T23:42:11.804-0400] {dag.py:3036} INFO - Sync 1 DAGs
[2025-05-06T23:42:11.807-0400] {logging_mixin.py:188} INFO - [2025-05-06T23:42:11.807-0400] {dag.py:3823} INFO - Setting next_dagrun for tutorial_taskflow_api to None, run_after=None
[2025-05-06T23:42:11.813-0400] {processor.py:183} INFO - Processing /Users/asritabobba/Desktop/Mlops-project/MLOPs-Project/airflow310/lib/python3.10/site-packages/airflow/example_dags/tutorial_taskflow_api.py took 0.069 seconds
