[2025-05-06T23:35:06.078-0400] {processor.py:161} INFO - Started process (PID=91796) to work on /Users/asritabobba/Desktop/Mlops-project/MLOPs-Project/airflow310/lib/python3.10/site-packages/airflow/example_dags/tutorial_dag.py
[2025-05-06T23:35:06.078-0400] {processor.py:830} INFO - Processing file /Users/asritabobba/Desktop/Mlops-project/MLOPs-Project/airflow310/lib/python3.10/site-packages/airflow/example_dags/tutorial_dag.py for tasks to queue
[2025-05-06T23:35:06.078-0400] {logging_mixin.py:188} INFO - [2025-05-06T23:35:06.078-0400] {dagbag.py:538} INFO - Filling up the DagBag from /Users/asritabobba/Desktop/Mlops-project/MLOPs-Project/airflow310/lib/python3.10/site-packages/airflow/example_dags/tutorial_dag.py
[2025-05-06T23:35:06.115-0400] {processor.py:840} INFO - DAG(s) 'tutorial_dag' retrieved from /Users/asritabobba/Desktop/Mlops-project/MLOPs-Project/airflow310/lib/python3.10/site-packages/airflow/example_dags/tutorial_dag.py
[2025-05-06T23:35:06.180-0400] {logging_mixin.py:188} INFO - [2025-05-06T23:35:06.179-0400] {dag.py:3036} INFO - Sync 1 DAGs
[2025-05-06T23:35:06.182-0400] {logging_mixin.py:188} INFO - [2025-05-06T23:35:06.182-0400] {dag.py:3823} INFO - Setting next_dagrun for tutorial_dag to None, run_after=None
[2025-05-06T23:35:06.189-0400] {processor.py:183} INFO - Processing /Users/asritabobba/Desktop/Mlops-project/MLOPs-Project/airflow310/lib/python3.10/site-packages/airflow/example_dags/tutorial_dag.py took 0.112 seconds
[2025-05-06T23:36:30.699-0400] {processor.py:161} INFO - Started process (PID=91886) to work on /Users/asritabobba/Desktop/Mlops-project/MLOPs-Project/airflow310/lib/python3.10/site-packages/airflow/example_dags/tutorial_dag.py
[2025-05-06T23:36:30.700-0400] {processor.py:830} INFO - Processing file /Users/asritabobba/Desktop/Mlops-project/MLOPs-Project/airflow310/lib/python3.10/site-packages/airflow/example_dags/tutorial_dag.py for tasks to queue
[2025-05-06T23:36:30.701-0400] {logging_mixin.py:188} INFO - [2025-05-06T23:36:30.700-0400] {dagbag.py:538} INFO - Filling up the DagBag from /Users/asritabobba/Desktop/Mlops-project/MLOPs-Project/airflow310/lib/python3.10/site-packages/airflow/example_dags/tutorial_dag.py
[2025-05-06T23:36:30.726-0400] {processor.py:840} INFO - DAG(s) 'tutorial_dag' retrieved from /Users/asritabobba/Desktop/Mlops-project/MLOPs-Project/airflow310/lib/python3.10/site-packages/airflow/example_dags/tutorial_dag.py
[2025-05-06T23:36:30.754-0400] {logging_mixin.py:188} INFO - [2025-05-06T23:36:30.754-0400] {dag.py:3036} INFO - Sync 1 DAGs
[2025-05-06T23:36:30.757-0400] {logging_mixin.py:188} INFO - [2025-05-06T23:36:30.757-0400] {dag.py:3823} INFO - Setting next_dagrun for tutorial_dag to None, run_after=None
[2025-05-06T23:36:30.763-0400] {processor.py:183} INFO - Processing /Users/asritabobba/Desktop/Mlops-project/MLOPs-Project/airflow310/lib/python3.10/site-packages/airflow/example_dags/tutorial_dag.py took 0.064 seconds
[2025-05-06T23:37:22.517-0400] {processor.py:161} INFO - Started process (PID=91941) to work on /Users/asritabobba/Desktop/Mlops-project/MLOPs-Project/airflow310/lib/python3.10/site-packages/airflow/example_dags/tutorial_dag.py
[2025-05-06T23:37:22.517-0400] {processor.py:830} INFO - Processing file /Users/asritabobba/Desktop/Mlops-project/MLOPs-Project/airflow310/lib/python3.10/site-packages/airflow/example_dags/tutorial_dag.py for tasks to queue
[2025-05-06T23:37:22.517-0400] {logging_mixin.py:188} INFO - [2025-05-06T23:37:22.517-0400] {dagbag.py:538} INFO - Filling up the DagBag from /Users/asritabobba/Desktop/Mlops-project/MLOPs-Project/airflow310/lib/python3.10/site-packages/airflow/example_dags/tutorial_dag.py
[2025-05-06T23:37:22.543-0400] {processor.py:840} INFO - DAG(s) 'tutorial_dag' retrieved from /Users/asritabobba/Desktop/Mlops-project/MLOPs-Project/airflow310/lib/python3.10/site-packages/airflow/example_dags/tutorial_dag.py
[2025-05-06T23:37:22.571-0400] {logging_mixin.py:188} INFO - [2025-05-06T23:37:22.571-0400] {dag.py:3036} INFO - Sync 1 DAGs
[2025-05-06T23:37:22.574-0400] {logging_mixin.py:188} INFO - [2025-05-06T23:37:22.574-0400] {dag.py:3823} INFO - Setting next_dagrun for tutorial_dag to None, run_after=None
[2025-05-06T23:37:22.580-0400] {processor.py:183} INFO - Processing /Users/asritabobba/Desktop/Mlops-project/MLOPs-Project/airflow310/lib/python3.10/site-packages/airflow/example_dags/tutorial_dag.py took 0.063 seconds
[2025-05-06T23:38:10.637-0400] {processor.py:161} INFO - Started process (PID=91991) to work on /Users/asritabobba/Desktop/Mlops-project/MLOPs-Project/airflow310/lib/python3.10/site-packages/airflow/example_dags/tutorial_dag.py
[2025-05-06T23:38:10.638-0400] {processor.py:830} INFO - Processing file /Users/asritabobba/Desktop/Mlops-project/MLOPs-Project/airflow310/lib/python3.10/site-packages/airflow/example_dags/tutorial_dag.py for tasks to queue
[2025-05-06T23:38:10.639-0400] {logging_mixin.py:188} INFO - [2025-05-06T23:38:10.639-0400] {dagbag.py:538} INFO - Filling up the DagBag from /Users/asritabobba/Desktop/Mlops-project/MLOPs-Project/airflow310/lib/python3.10/site-packages/airflow/example_dags/tutorial_dag.py
[2025-05-06T23:38:10.664-0400] {processor.py:840} INFO - DAG(s) 'tutorial_dag' retrieved from /Users/asritabobba/Desktop/Mlops-project/MLOPs-Project/airflow310/lib/python3.10/site-packages/airflow/example_dags/tutorial_dag.py
[2025-05-06T23:38:10.693-0400] {logging_mixin.py:188} INFO - [2025-05-06T23:38:10.693-0400] {dag.py:3036} INFO - Sync 1 DAGs
[2025-05-06T23:38:10.696-0400] {logging_mixin.py:188} INFO - [2025-05-06T23:38:10.696-0400] {dag.py:3823} INFO - Setting next_dagrun for tutorial_dag to None, run_after=None
[2025-05-06T23:38:10.701-0400] {processor.py:183} INFO - Processing /Users/asritabobba/Desktop/Mlops-project/MLOPs-Project/airflow310/lib/python3.10/site-packages/airflow/example_dags/tutorial_dag.py took 0.064 seconds
[2025-05-06T23:38:58.561-0400] {processor.py:161} INFO - Started process (PID=92025) to work on /Users/asritabobba/Desktop/Mlops-project/MLOPs-Project/airflow310/lib/python3.10/site-packages/airflow/example_dags/tutorial_dag.py
[2025-05-06T23:38:58.562-0400] {processor.py:830} INFO - Processing file /Users/asritabobba/Desktop/Mlops-project/MLOPs-Project/airflow310/lib/python3.10/site-packages/airflow/example_dags/tutorial_dag.py for tasks to queue
[2025-05-06T23:38:58.562-0400] {logging_mixin.py:188} INFO - [2025-05-06T23:38:58.562-0400] {dagbag.py:538} INFO - Filling up the DagBag from /Users/asritabobba/Desktop/Mlops-project/MLOPs-Project/airflow310/lib/python3.10/site-packages/airflow/example_dags/tutorial_dag.py
[2025-05-06T23:38:58.588-0400] {processor.py:840} INFO - DAG(s) 'tutorial_dag' retrieved from /Users/asritabobba/Desktop/Mlops-project/MLOPs-Project/airflow310/lib/python3.10/site-packages/airflow/example_dags/tutorial_dag.py
[2025-05-06T23:38:58.617-0400] {logging_mixin.py:188} INFO - [2025-05-06T23:38:58.617-0400] {dag.py:3036} INFO - Sync 1 DAGs
[2025-05-06T23:38:58.620-0400] {logging_mixin.py:188} INFO - [2025-05-06T23:38:58.619-0400] {dag.py:3823} INFO - Setting next_dagrun for tutorial_dag to None, run_after=None
[2025-05-06T23:38:58.625-0400] {processor.py:183} INFO - Processing /Users/asritabobba/Desktop/Mlops-project/MLOPs-Project/airflow310/lib/python3.10/site-packages/airflow/example_dags/tutorial_dag.py took 0.065 seconds
[2025-05-06T23:39:46.586-0400] {processor.py:161} INFO - Started process (PID=92061) to work on /Users/asritabobba/Desktop/Mlops-project/MLOPs-Project/airflow310/lib/python3.10/site-packages/airflow/example_dags/tutorial_dag.py
[2025-05-06T23:39:46.587-0400] {processor.py:830} INFO - Processing file /Users/asritabobba/Desktop/Mlops-project/MLOPs-Project/airflow310/lib/python3.10/site-packages/airflow/example_dags/tutorial_dag.py for tasks to queue
[2025-05-06T23:39:46.587-0400] {logging_mixin.py:188} INFO - [2025-05-06T23:39:46.587-0400] {dagbag.py:538} INFO - Filling up the DagBag from /Users/asritabobba/Desktop/Mlops-project/MLOPs-Project/airflow310/lib/python3.10/site-packages/airflow/example_dags/tutorial_dag.py
[2025-05-06T23:39:46.614-0400] {processor.py:840} INFO - DAG(s) 'tutorial_dag' retrieved from /Users/asritabobba/Desktop/Mlops-project/MLOPs-Project/airflow310/lib/python3.10/site-packages/airflow/example_dags/tutorial_dag.py
[2025-05-06T23:39:46.644-0400] {logging_mixin.py:188} INFO - [2025-05-06T23:39:46.644-0400] {dag.py:3036} INFO - Sync 1 DAGs
[2025-05-06T23:39:46.647-0400] {logging_mixin.py:188} INFO - [2025-05-06T23:39:46.647-0400] {dag.py:3823} INFO - Setting next_dagrun for tutorial_dag to None, run_after=None
[2025-05-06T23:39:46.653-0400] {processor.py:183} INFO - Processing /Users/asritabobba/Desktop/Mlops-project/MLOPs-Project/airflow310/lib/python3.10/site-packages/airflow/example_dags/tutorial_dag.py took 0.067 seconds
[2025-05-06T23:40:33.566-0400] {processor.py:161} INFO - Started process (PID=92123) to work on /Users/asritabobba/Desktop/Mlops-project/MLOPs-Project/airflow310/lib/python3.10/site-packages/airflow/example_dags/tutorial_dag.py
[2025-05-06T23:40:33.566-0400] {processor.py:830} INFO - Processing file /Users/asritabobba/Desktop/Mlops-project/MLOPs-Project/airflow310/lib/python3.10/site-packages/airflow/example_dags/tutorial_dag.py for tasks to queue
[2025-05-06T23:40:33.566-0400] {logging_mixin.py:188} INFO - [2025-05-06T23:40:33.566-0400] {dagbag.py:538} INFO - Filling up the DagBag from /Users/asritabobba/Desktop/Mlops-project/MLOPs-Project/airflow310/lib/python3.10/site-packages/airflow/example_dags/tutorial_dag.py
[2025-05-06T23:40:33.592-0400] {processor.py:840} INFO - DAG(s) 'tutorial_dag' retrieved from /Users/asritabobba/Desktop/Mlops-project/MLOPs-Project/airflow310/lib/python3.10/site-packages/airflow/example_dags/tutorial_dag.py
[2025-05-06T23:40:33.621-0400] {logging_mixin.py:188} INFO - [2025-05-06T23:40:33.621-0400] {dag.py:3036} INFO - Sync 1 DAGs
[2025-05-06T23:40:33.624-0400] {logging_mixin.py:188} INFO - [2025-05-06T23:40:33.624-0400] {dag.py:3823} INFO - Setting next_dagrun for tutorial_dag to None, run_after=None
[2025-05-06T23:40:33.629-0400] {processor.py:183} INFO - Processing /Users/asritabobba/Desktop/Mlops-project/MLOPs-Project/airflow310/lib/python3.10/site-packages/airflow/example_dags/tutorial_dag.py took 0.064 seconds
[2025-05-06T23:41:22.121-0400] {processor.py:161} INFO - Started process (PID=92222) to work on /Users/asritabobba/Desktop/Mlops-project/MLOPs-Project/airflow310/lib/python3.10/site-packages/airflow/example_dags/tutorial_dag.py
[2025-05-06T23:41:22.122-0400] {processor.py:830} INFO - Processing file /Users/asritabobba/Desktop/Mlops-project/MLOPs-Project/airflow310/lib/python3.10/site-packages/airflow/example_dags/tutorial_dag.py for tasks to queue
[2025-05-06T23:41:22.122-0400] {logging_mixin.py:188} INFO - [2025-05-06T23:41:22.122-0400] {dagbag.py:538} INFO - Filling up the DagBag from /Users/asritabobba/Desktop/Mlops-project/MLOPs-Project/airflow310/lib/python3.10/site-packages/airflow/example_dags/tutorial_dag.py
[2025-05-06T23:41:22.151-0400] {processor.py:840} INFO - DAG(s) 'tutorial_dag' retrieved from /Users/asritabobba/Desktop/Mlops-project/MLOPs-Project/airflow310/lib/python3.10/site-packages/airflow/example_dags/tutorial_dag.py
[2025-05-06T23:41:22.180-0400] {logging_mixin.py:188} INFO - [2025-05-06T23:41:22.180-0400] {dag.py:3036} INFO - Sync 1 DAGs
[2025-05-06T23:41:22.183-0400] {logging_mixin.py:188} INFO - [2025-05-06T23:41:22.183-0400] {dag.py:3823} INFO - Setting next_dagrun for tutorial_dag to None, run_after=None
[2025-05-06T23:41:22.188-0400] {processor.py:183} INFO - Processing /Users/asritabobba/Desktop/Mlops-project/MLOPs-Project/airflow310/lib/python3.10/site-packages/airflow/example_dags/tutorial_dag.py took 0.068 seconds
[2025-05-06T23:42:15.129-0400] {processor.py:161} INFO - Started process (PID=92259) to work on /Users/asritabobba/Desktop/Mlops-project/MLOPs-Project/airflow310/lib/python3.10/site-packages/airflow/example_dags/tutorial_dag.py
[2025-05-06T23:42:15.129-0400] {processor.py:830} INFO - Processing file /Users/asritabobba/Desktop/Mlops-project/MLOPs-Project/airflow310/lib/python3.10/site-packages/airflow/example_dags/tutorial_dag.py for tasks to queue
[2025-05-06T23:42:15.130-0400] {logging_mixin.py:188} INFO - [2025-05-06T23:42:15.130-0400] {dagbag.py:538} INFO - Filling up the DagBag from /Users/asritabobba/Desktop/Mlops-project/MLOPs-Project/airflow310/lib/python3.10/site-packages/airflow/example_dags/tutorial_dag.py
[2025-05-06T23:42:15.157-0400] {processor.py:840} INFO - DAG(s) 'tutorial_dag' retrieved from /Users/asritabobba/Desktop/Mlops-project/MLOPs-Project/airflow310/lib/python3.10/site-packages/airflow/example_dags/tutorial_dag.py
[2025-05-06T23:42:15.185-0400] {logging_mixin.py:188} INFO - [2025-05-06T23:42:15.185-0400] {dag.py:3036} INFO - Sync 1 DAGs
[2025-05-06T23:42:15.188-0400] {logging_mixin.py:188} INFO - [2025-05-06T23:42:15.188-0400] {dag.py:3823} INFO - Setting next_dagrun for tutorial_dag to None, run_after=None
[2025-05-06T23:42:15.194-0400] {processor.py:183} INFO - Processing /Users/asritabobba/Desktop/Mlops-project/MLOPs-Project/airflow310/lib/python3.10/site-packages/airflow/example_dags/tutorial_dag.py took 0.065 seconds
