[2025-05-06T23:35:07.941-0400] {processor.py:161} INFO - Started process (PID=91798) to work on /Users/asritabobba/Desktop/Mlops-project/MLOPs-Project/airflow310/lib/python3.10/site-packages/airflow/example_dags/tutorial.py
[2025-05-06T23:35:07.942-0400] {processor.py:830} INFO - Processing file /Users/asritabobba/Desktop/Mlops-project/MLOPs-Project/airflow310/lib/python3.10/site-packages/airflow/example_dags/tutorial.py for tasks to queue
[2025-05-06T23:35:07.942-0400] {logging_mixin.py:188} INFO - [2025-05-06T23:35:07.942-0400] {dagbag.py:538} INFO - Filling up the DagBag from /Users/asritabobba/Desktop/Mlops-project/MLOPs-Project/airflow310/lib/python3.10/site-packages/airflow/example_dags/tutorial.py
[2025-05-06T23:35:07.964-0400] {processor.py:840} INFO - DAG(s) 'tutorial' retrieved from /Users/asritabobba/Desktop/Mlops-project/MLOPs-Project/airflow310/lib/python3.10/site-packages/airflow/example_dags/tutorial.py
[2025-05-06T23:35:08.021-0400] {logging_mixin.py:188} INFO - [2025-05-06T23:35:08.021-0400] {dag.py:3036} INFO - Sync 1 DAGs
[2025-05-06T23:35:08.027-0400] {logging_mixin.py:188} INFO - [2025-05-06T23:35:08.027-0400] {dag.py:3823} INFO - Setting next_dagrun for tutorial to 2025-05-06 00:00:00+00:00, run_after=2025-05-07 00:00:00+00:00
[2025-05-06T23:35:08.033-0400] {processor.py:183} INFO - Processing /Users/asritabobba/Desktop/Mlops-project/MLOPs-Project/airflow310/lib/python3.10/site-packages/airflow/example_dags/tutorial.py took 0.092 seconds
[2025-05-06T23:36:32.379-0400] {processor.py:161} INFO - Started process (PID=91887) to work on /Users/asritabobba/Desktop/Mlops-project/MLOPs-Project/airflow310/lib/python3.10/site-packages/airflow/example_dags/tutorial.py
[2025-05-06T23:36:32.380-0400] {processor.py:830} INFO - Processing file /Users/asritabobba/Desktop/Mlops-project/MLOPs-Project/airflow310/lib/python3.10/site-packages/airflow/example_dags/tutorial.py for tasks to queue
[2025-05-06T23:36:32.380-0400] {logging_mixin.py:188} INFO - [2025-05-06T23:36:32.380-0400] {dagbag.py:538} INFO - Filling up the DagBag from /Users/asritabobba/Desktop/Mlops-project/MLOPs-Project/airflow310/lib/python3.10/site-packages/airflow/example_dags/tutorial.py
[2025-05-06T23:36:32.401-0400] {processor.py:840} INFO - DAG(s) 'tutorial' retrieved from /Users/asritabobba/Desktop/Mlops-project/MLOPs-Project/airflow310/lib/python3.10/site-packages/airflow/example_dags/tutorial.py
[2025-05-06T23:36:32.431-0400] {logging_mixin.py:188} INFO - [2025-05-06T23:36:32.431-0400] {dag.py:3036} INFO - Sync 1 DAGs
[2025-05-06T23:36:32.436-0400] {logging_mixin.py:188} INFO - [2025-05-06T23:36:32.436-0400] {dag.py:3823} INFO - Setting next_dagrun for tutorial to 2025-05-06 00:00:00+00:00, run_after=2025-05-07 00:00:00+00:00
[2025-05-06T23:36:32.442-0400] {processor.py:183} INFO - Processing /Users/asritabobba/Desktop/Mlops-project/MLOPs-Project/airflow310/lib/python3.10/site-packages/airflow/example_dags/tutorial.py took 0.063 seconds
[2025-05-06T23:37:23.855-0400] {processor.py:161} INFO - Started process (PID=91942) to work on /Users/asritabobba/Desktop/Mlops-project/MLOPs-Project/airflow310/lib/python3.10/site-packages/airflow/example_dags/tutorial.py
[2025-05-06T23:37:23.855-0400] {processor.py:830} INFO - Processing file /Users/asritabobba/Desktop/Mlops-project/MLOPs-Project/airflow310/lib/python3.10/site-packages/airflow/example_dags/tutorial.py for tasks to queue
[2025-05-06T23:37:23.855-0400] {logging_mixin.py:188} INFO - [2025-05-06T23:37:23.855-0400] {dagbag.py:538} INFO - Filling up the DagBag from /Users/asritabobba/Desktop/Mlops-project/MLOPs-Project/airflow310/lib/python3.10/site-packages/airflow/example_dags/tutorial.py
[2025-05-06T23:37:23.876-0400] {processor.py:840} INFO - DAG(s) 'tutorial' retrieved from /Users/asritabobba/Desktop/Mlops-project/MLOPs-Project/airflow310/lib/python3.10/site-packages/airflow/example_dags/tutorial.py
[2025-05-06T23:37:23.905-0400] {logging_mixin.py:188} INFO - [2025-05-06T23:37:23.905-0400] {dag.py:3036} INFO - Sync 1 DAGs
[2025-05-06T23:37:23.910-0400] {logging_mixin.py:188} INFO - [2025-05-06T23:37:23.910-0400] {dag.py:3823} INFO - Setting next_dagrun for tutorial to 2025-05-06 00:00:00+00:00, run_after=2025-05-07 00:00:00+00:00
[2025-05-06T23:37:23.916-0400] {processor.py:183} INFO - Processing /Users/asritabobba/Desktop/Mlops-project/MLOPs-Project/airflow310/lib/python3.10/site-packages/airflow/example_dags/tutorial.py took 0.061 seconds
[2025-05-06T23:38:12.300-0400] {processor.py:161} INFO - Started process (PID=91992) to work on /Users/asritabobba/Desktop/Mlops-project/MLOPs-Project/airflow310/lib/python3.10/site-packages/airflow/example_dags/tutorial.py
[2025-05-06T23:38:12.301-0400] {processor.py:830} INFO - Processing file /Users/asritabobba/Desktop/Mlops-project/MLOPs-Project/airflow310/lib/python3.10/site-packages/airflow/example_dags/tutorial.py for tasks to queue
[2025-05-06T23:38:12.302-0400] {logging_mixin.py:188} INFO - [2025-05-06T23:38:12.302-0400] {dagbag.py:538} INFO - Filling up the DagBag from /Users/asritabobba/Desktop/Mlops-project/MLOPs-Project/airflow310/lib/python3.10/site-packages/airflow/example_dags/tutorial.py
[2025-05-06T23:38:12.322-0400] {processor.py:840} INFO - DAG(s) 'tutorial' retrieved from /Users/asritabobba/Desktop/Mlops-project/MLOPs-Project/airflow310/lib/python3.10/site-packages/airflow/example_dags/tutorial.py
[2025-05-06T23:38:12.352-0400] {logging_mixin.py:188} INFO - [2025-05-06T23:38:12.352-0400] {dag.py:3036} INFO - Sync 1 DAGs
[2025-05-06T23:38:12.357-0400] {logging_mixin.py:188} INFO - [2025-05-06T23:38:12.357-0400] {dag.py:3823} INFO - Setting next_dagrun for tutorial to 2025-05-06 00:00:00+00:00, run_after=2025-05-07 00:00:00+00:00
[2025-05-06T23:38:12.363-0400] {processor.py:183} INFO - Processing /Users/asritabobba/Desktop/Mlops-project/MLOPs-Project/airflow310/lib/python3.10/site-packages/airflow/example_dags/tutorial.py took 0.063 seconds
[2025-05-06T23:39:00.257-0400] {processor.py:161} INFO - Started process (PID=92027) to work on /Users/asritabobba/Desktop/Mlops-project/MLOPs-Project/airflow310/lib/python3.10/site-packages/airflow/example_dags/tutorial.py
[2025-05-06T23:39:00.258-0400] {processor.py:830} INFO - Processing file /Users/asritabobba/Desktop/Mlops-project/MLOPs-Project/airflow310/lib/python3.10/site-packages/airflow/example_dags/tutorial.py for tasks to queue
[2025-05-06T23:39:00.258-0400] {logging_mixin.py:188} INFO - [2025-05-06T23:39:00.258-0400] {dagbag.py:538} INFO - Filling up the DagBag from /Users/asritabobba/Desktop/Mlops-project/MLOPs-Project/airflow310/lib/python3.10/site-packages/airflow/example_dags/tutorial.py
[2025-05-06T23:39:00.282-0400] {processor.py:840} INFO - DAG(s) 'tutorial' retrieved from /Users/asritabobba/Desktop/Mlops-project/MLOPs-Project/airflow310/lib/python3.10/site-packages/airflow/example_dags/tutorial.py
[2025-05-06T23:39:00.313-0400] {logging_mixin.py:188} INFO - [2025-05-06T23:39:00.312-0400] {dag.py:3036} INFO - Sync 1 DAGs
[2025-05-06T23:39:00.318-0400] {logging_mixin.py:188} INFO - [2025-05-06T23:39:00.318-0400] {dag.py:3823} INFO - Setting next_dagrun for tutorial to 2025-05-06 00:00:00+00:00, run_after=2025-05-07 00:00:00+00:00
[2025-05-06T23:39:00.324-0400] {processor.py:183} INFO - Processing /Users/asritabobba/Desktop/Mlops-project/MLOPs-Project/airflow310/lib/python3.10/site-packages/airflow/example_dags/tutorial.py took 0.068 seconds
[2025-05-06T23:39:48.276-0400] {processor.py:161} INFO - Started process (PID=92062) to work on /Users/asritabobba/Desktop/Mlops-project/MLOPs-Project/airflow310/lib/python3.10/site-packages/airflow/example_dags/tutorial.py
[2025-05-06T23:39:48.277-0400] {processor.py:830} INFO - Processing file /Users/asritabobba/Desktop/Mlops-project/MLOPs-Project/airflow310/lib/python3.10/site-packages/airflow/example_dags/tutorial.py for tasks to queue
[2025-05-06T23:39:48.277-0400] {logging_mixin.py:188} INFO - [2025-05-06T23:39:48.277-0400] {dagbag.py:538} INFO - Filling up the DagBag from /Users/asritabobba/Desktop/Mlops-project/MLOPs-Project/airflow310/lib/python3.10/site-packages/airflow/example_dags/tutorial.py
[2025-05-06T23:39:48.302-0400] {processor.py:840} INFO - DAG(s) 'tutorial' retrieved from /Users/asritabobba/Desktop/Mlops-project/MLOPs-Project/airflow310/lib/python3.10/site-packages/airflow/example_dags/tutorial.py
[2025-05-06T23:39:48.334-0400] {logging_mixin.py:188} INFO - [2025-05-06T23:39:48.334-0400] {dag.py:3036} INFO - Sync 1 DAGs
[2025-05-06T23:39:48.340-0400] {logging_mixin.py:188} INFO - [2025-05-06T23:39:48.340-0400] {dag.py:3823} INFO - Setting next_dagrun for tutorial to 2025-05-06 00:00:00+00:00, run_after=2025-05-07 00:00:00+00:00
[2025-05-06T23:39:48.346-0400] {processor.py:183} INFO - Processing /Users/asritabobba/Desktop/Mlops-project/MLOPs-Project/airflow310/lib/python3.10/site-packages/airflow/example_dags/tutorial.py took 0.070 seconds
[2025-05-06T23:40:35.246-0400] {processor.py:161} INFO - Started process (PID=92124) to work on /Users/asritabobba/Desktop/Mlops-project/MLOPs-Project/airflow310/lib/python3.10/site-packages/airflow/example_dags/tutorial.py
[2025-05-06T23:40:35.246-0400] {processor.py:830} INFO - Processing file /Users/asritabobba/Desktop/Mlops-project/MLOPs-Project/airflow310/lib/python3.10/site-packages/airflow/example_dags/tutorial.py for tasks to queue
[2025-05-06T23:40:35.246-0400] {logging_mixin.py:188} INFO - [2025-05-06T23:40:35.246-0400] {dagbag.py:538} INFO - Filling up the DagBag from /Users/asritabobba/Desktop/Mlops-project/MLOPs-Project/airflow310/lib/python3.10/site-packages/airflow/example_dags/tutorial.py
[2025-05-06T23:40:35.267-0400] {processor.py:840} INFO - DAG(s) 'tutorial' retrieved from /Users/asritabobba/Desktop/Mlops-project/MLOPs-Project/airflow310/lib/python3.10/site-packages/airflow/example_dags/tutorial.py
[2025-05-06T23:40:35.297-0400] {logging_mixin.py:188} INFO - [2025-05-06T23:40:35.297-0400] {dag.py:3036} INFO - Sync 1 DAGs
[2025-05-06T23:40:35.302-0400] {logging_mixin.py:188} INFO - [2025-05-06T23:40:35.301-0400] {dag.py:3823} INFO - Setting next_dagrun for tutorial to 2025-05-06 00:00:00+00:00, run_after=2025-05-07 00:00:00+00:00
[2025-05-06T23:40:35.307-0400] {processor.py:183} INFO - Processing /Users/asritabobba/Desktop/Mlops-project/MLOPs-Project/airflow310/lib/python3.10/site-packages/airflow/example_dags/tutorial.py took 0.061 seconds
[2025-05-06T23:41:23.819-0400] {processor.py:161} INFO - Started process (PID=92223) to work on /Users/asritabobba/Desktop/Mlops-project/MLOPs-Project/airflow310/lib/python3.10/site-packages/airflow/example_dags/tutorial.py
[2025-05-06T23:41:23.820-0400] {processor.py:830} INFO - Processing file /Users/asritabobba/Desktop/Mlops-project/MLOPs-Project/airflow310/lib/python3.10/site-packages/airflow/example_dags/tutorial.py for tasks to queue
[2025-05-06T23:41:23.820-0400] {logging_mixin.py:188} INFO - [2025-05-06T23:41:23.820-0400] {dagbag.py:538} INFO - Filling up the DagBag from /Users/asritabobba/Desktop/Mlops-project/MLOPs-Project/airflow310/lib/python3.10/site-packages/airflow/example_dags/tutorial.py
[2025-05-06T23:41:23.842-0400] {processor.py:840} INFO - DAG(s) 'tutorial' retrieved from /Users/asritabobba/Desktop/Mlops-project/MLOPs-Project/airflow310/lib/python3.10/site-packages/airflow/example_dags/tutorial.py
[2025-05-06T23:41:23.873-0400] {logging_mixin.py:188} INFO - [2025-05-06T23:41:23.873-0400] {dag.py:3036} INFO - Sync 1 DAGs
[2025-05-06T23:41:23.878-0400] {logging_mixin.py:188} INFO - [2025-05-06T23:41:23.878-0400] {dag.py:3823} INFO - Setting next_dagrun for tutorial to 2025-05-06 00:00:00+00:00, run_after=2025-05-07 00:00:00+00:00
[2025-05-06T23:41:23.883-0400] {processor.py:183} INFO - Processing /Users/asritabobba/Desktop/Mlops-project/MLOPs-Project/airflow310/lib/python3.10/site-packages/airflow/example_dags/tutorial.py took 0.064 seconds
[2025-05-06T23:42:16.791-0400] {processor.py:161} INFO - Started process (PID=92260) to work on /Users/asritabobba/Desktop/Mlops-project/MLOPs-Project/airflow310/lib/python3.10/site-packages/airflow/example_dags/tutorial.py
[2025-05-06T23:42:16.791-0400] {processor.py:830} INFO - Processing file /Users/asritabobba/Desktop/Mlops-project/MLOPs-Project/airflow310/lib/python3.10/site-packages/airflow/example_dags/tutorial.py for tasks to queue
[2025-05-06T23:42:16.791-0400] {logging_mixin.py:188} INFO - [2025-05-06T23:42:16.791-0400] {dagbag.py:538} INFO - Filling up the DagBag from /Users/asritabobba/Desktop/Mlops-project/MLOPs-Project/airflow310/lib/python3.10/site-packages/airflow/example_dags/tutorial.py
[2025-05-06T23:42:16.814-0400] {processor.py:840} INFO - DAG(s) 'tutorial' retrieved from /Users/asritabobba/Desktop/Mlops-project/MLOPs-Project/airflow310/lib/python3.10/site-packages/airflow/example_dags/tutorial.py
[2025-05-06T23:42:16.843-0400] {logging_mixin.py:188} INFO - [2025-05-06T23:42:16.843-0400] {dag.py:3036} INFO - Sync 1 DAGs
[2025-05-06T23:42:16.848-0400] {logging_mixin.py:188} INFO - [2025-05-06T23:42:16.848-0400] {dag.py:3823} INFO - Setting next_dagrun for tutorial to 2025-05-06 00:00:00+00:00, run_after=2025-05-07 00:00:00+00:00
[2025-05-06T23:42:16.854-0400] {processor.py:183} INFO - Processing /Users/asritabobba/Desktop/Mlops-project/MLOPs-Project/airflow310/lib/python3.10/site-packages/airflow/example_dags/tutorial.py took 0.063 seconds
