[2025-05-06T23:34:54.032-0400] {processor.py:161} INFO - Started process (PID=91787) to work on /Users/asritabobba/Desktop/Mlops-project/MLOPs-Project/airflow310/lib/python3.10/site-packages/airflow/example_dags/subdags/subdag.py
[2025-05-06T23:34:54.032-0400] {processor.py:830} INFO - Processing file /Users/asritabobba/Desktop/Mlops-project/MLOPs-Project/airflow310/lib/python3.10/site-packages/airflow/example_dags/subdags/subdag.py for tasks to queue
[2025-05-06T23:34:54.032-0400] {logging_mixin.py:188} INFO - [2025-05-06T23:34:54.032-0400] {dagbag.py:538} INFO - Filling up the DagBag from /Users/asritabobba/Desktop/Mlops-project/MLOPs-Project/airflow310/lib/python3.10/site-packages/airflow/example_dags/subdags/subdag.py
[2025-05-06T23:34:54.033-0400] {processor.py:842} WARNING - No viable dags retrieved from /Users/asritabobba/Desktop/Mlops-project/MLOPs-Project/airflow310/lib/python3.10/site-packages/airflow/example_dags/subdags/subdag.py
[2025-05-06T23:34:54.078-0400] {processor.py:183} INFO - Processing /Users/asritabobba/Desktop/Mlops-project/MLOPs-Project/airflow310/lib/python3.10/site-packages/airflow/example_dags/subdags/subdag.py took 0.047 seconds
[2025-05-06T23:36:19.130-0400] {processor.py:161} INFO - Started process (PID=91872) to work on /Users/asritabobba/Desktop/Mlops-project/MLOPs-Project/airflow310/lib/python3.10/site-packages/airflow/example_dags/subdags/subdag.py
[2025-05-06T23:36:19.131-0400] {processor.py:830} INFO - Processing file /Users/asritabobba/Desktop/Mlops-project/MLOPs-Project/airflow310/lib/python3.10/site-packages/airflow/example_dags/subdags/subdag.py for tasks to queue
[2025-05-06T23:36:19.131-0400] {logging_mixin.py:188} INFO - [2025-05-06T23:36:19.131-0400] {dagbag.py:538} INFO - Filling up the DagBag from /Users/asritabobba/Desktop/Mlops-project/MLOPs-Project/airflow310/lib/python3.10/site-packages/airflow/example_dags/subdags/subdag.py
[2025-05-06T23:36:19.132-0400] {processor.py:842} WARNING - No viable dags retrieved from /Users/asritabobba/Desktop/Mlops-project/MLOPs-Project/airflow310/lib/python3.10/site-packages/airflow/example_dags/subdags/subdag.py
[2025-05-06T23:36:19.179-0400] {processor.py:183} INFO - Processing /Users/asritabobba/Desktop/Mlops-project/MLOPs-Project/airflow310/lib/python3.10/site-packages/airflow/example_dags/subdags/subdag.py took 0.049 seconds
[2025-05-06T23:37:11.744-0400] {processor.py:161} INFO - Started process (PID=91930) to work on /Users/asritabobba/Desktop/Mlops-project/MLOPs-Project/airflow310/lib/python3.10/site-packages/airflow/example_dags/subdags/subdag.py
[2025-05-06T23:37:11.744-0400] {processor.py:830} INFO - Processing file /Users/asritabobba/Desktop/Mlops-project/MLOPs-Project/airflow310/lib/python3.10/site-packages/airflow/example_dags/subdags/subdag.py for tasks to queue
[2025-05-06T23:37:11.744-0400] {logging_mixin.py:188} INFO - [2025-05-06T23:37:11.744-0400] {dagbag.py:538} INFO - Filling up the DagBag from /Users/asritabobba/Desktop/Mlops-project/MLOPs-Project/airflow310/lib/python3.10/site-packages/airflow/example_dags/subdags/subdag.py
[2025-05-06T23:37:11.745-0400] {processor.py:842} WARNING - No viable dags retrieved from /Users/asritabobba/Desktop/Mlops-project/MLOPs-Project/airflow310/lib/python3.10/site-packages/airflow/example_dags/subdags/subdag.py
[2025-05-06T23:37:11.788-0400] {processor.py:183} INFO - Processing /Users/asritabobba/Desktop/Mlops-project/MLOPs-Project/airflow310/lib/python3.10/site-packages/airflow/example_dags/subdags/subdag.py took 0.045 seconds
[2025-05-06T23:37:58.830-0400] {processor.py:161} INFO - Started process (PID=91979) to work on /Users/asritabobba/Desktop/Mlops-project/MLOPs-Project/airflow310/lib/python3.10/site-packages/airflow/example_dags/subdags/subdag.py
[2025-05-06T23:37:58.830-0400] {processor.py:830} INFO - Processing file /Users/asritabobba/Desktop/Mlops-project/MLOPs-Project/airflow310/lib/python3.10/site-packages/airflow/example_dags/subdags/subdag.py for tasks to queue
[2025-05-06T23:37:58.831-0400] {logging_mixin.py:188} INFO - [2025-05-06T23:37:58.831-0400] {dagbag.py:538} INFO - Filling up the DagBag from /Users/asritabobba/Desktop/Mlops-project/MLOPs-Project/airflow310/lib/python3.10/site-packages/airflow/example_dags/subdags/subdag.py
[2025-05-06T23:37:58.832-0400] {processor.py:842} WARNING - No viable dags retrieved from /Users/asritabobba/Desktop/Mlops-project/MLOPs-Project/airflow310/lib/python3.10/site-packages/airflow/example_dags/subdags/subdag.py
[2025-05-06T23:37:58.875-0400] {processor.py:183} INFO - Processing /Users/asritabobba/Desktop/Mlops-project/MLOPs-Project/airflow310/lib/python3.10/site-packages/airflow/example_dags/subdags/subdag.py took 0.045 seconds
[2025-05-06T23:38:48.119-0400] {processor.py:161} INFO - Started process (PID=92017) to work on /Users/asritabobba/Desktop/Mlops-project/MLOPs-Project/airflow310/lib/python3.10/site-packages/airflow/example_dags/subdags/subdag.py
[2025-05-06T23:38:48.120-0400] {processor.py:830} INFO - Processing file /Users/asritabobba/Desktop/Mlops-project/MLOPs-Project/airflow310/lib/python3.10/site-packages/airflow/example_dags/subdags/subdag.py for tasks to queue
[2025-05-06T23:38:48.121-0400] {logging_mixin.py:188} INFO - [2025-05-06T23:38:48.121-0400] {dagbag.py:538} INFO - Filling up the DagBag from /Users/asritabobba/Desktop/Mlops-project/MLOPs-Project/airflow310/lib/python3.10/site-packages/airflow/example_dags/subdags/subdag.py
[2025-05-06T23:38:48.122-0400] {processor.py:842} WARNING - No viable dags retrieved from /Users/asritabobba/Desktop/Mlops-project/MLOPs-Project/airflow310/lib/python3.10/site-packages/airflow/example_dags/subdags/subdag.py
[2025-05-06T23:38:48.168-0400] {processor.py:183} INFO - Processing /Users/asritabobba/Desktop/Mlops-project/MLOPs-Project/airflow310/lib/python3.10/site-packages/airflow/example_dags/subdags/subdag.py took 0.049 seconds
[2025-05-06T23:39:35.858-0400] {processor.py:161} INFO - Started process (PID=92053) to work on /Users/asritabobba/Desktop/Mlops-project/MLOPs-Project/airflow310/lib/python3.10/site-packages/airflow/example_dags/subdags/subdag.py
[2025-05-06T23:39:35.860-0400] {processor.py:830} INFO - Processing file /Users/asritabobba/Desktop/Mlops-project/MLOPs-Project/airflow310/lib/python3.10/site-packages/airflow/example_dags/subdags/subdag.py for tasks to queue
[2025-05-06T23:39:35.861-0400] {logging_mixin.py:188} INFO - [2025-05-06T23:39:35.861-0400] {dagbag.py:538} INFO - Filling up the DagBag from /Users/asritabobba/Desktop/Mlops-project/MLOPs-Project/airflow310/lib/python3.10/site-packages/airflow/example_dags/subdags/subdag.py
[2025-05-06T23:39:35.862-0400] {processor.py:842} WARNING - No viable dags retrieved from /Users/asritabobba/Desktop/Mlops-project/MLOPs-Project/airflow310/lib/python3.10/site-packages/airflow/example_dags/subdags/subdag.py
[2025-05-06T23:39:35.905-0400] {processor.py:183} INFO - Processing /Users/asritabobba/Desktop/Mlops-project/MLOPs-Project/airflow310/lib/python3.10/site-packages/airflow/example_dags/subdags/subdag.py took 0.046 seconds
[2025-05-06T23:40:21.688-0400] {processor.py:161} INFO - Started process (PID=92098) to work on /Users/asritabobba/Desktop/Mlops-project/MLOPs-Project/airflow310/lib/python3.10/site-packages/airflow/example_dags/subdags/subdag.py
[2025-05-06T23:40:21.688-0400] {processor.py:830} INFO - Processing file /Users/asritabobba/Desktop/Mlops-project/MLOPs-Project/airflow310/lib/python3.10/site-packages/airflow/example_dags/subdags/subdag.py for tasks to queue
[2025-05-06T23:40:21.688-0400] {logging_mixin.py:188} INFO - [2025-05-06T23:40:21.688-0400] {dagbag.py:538} INFO - Filling up the DagBag from /Users/asritabobba/Desktop/Mlops-project/MLOPs-Project/airflow310/lib/python3.10/site-packages/airflow/example_dags/subdags/subdag.py
[2025-05-06T23:40:21.689-0400] {processor.py:842} WARNING - No viable dags retrieved from /Users/asritabobba/Desktop/Mlops-project/MLOPs-Project/airflow310/lib/python3.10/site-packages/airflow/example_dags/subdags/subdag.py
[2025-05-06T23:40:21.734-0400] {processor.py:183} INFO - Processing /Users/asritabobba/Desktop/Mlops-project/MLOPs-Project/airflow310/lib/python3.10/site-packages/airflow/example_dags/subdags/subdag.py took 0.046 seconds
[2025-05-06T23:41:10.129-0400] {processor.py:161} INFO - Started process (PID=92207) to work on /Users/asritabobba/Desktop/Mlops-project/MLOPs-Project/airflow310/lib/python3.10/site-packages/airflow/example_dags/subdags/subdag.py
[2025-05-06T23:41:10.130-0400] {processor.py:830} INFO - Processing file /Users/asritabobba/Desktop/Mlops-project/MLOPs-Project/airflow310/lib/python3.10/site-packages/airflow/example_dags/subdags/subdag.py for tasks to queue
[2025-05-06T23:41:10.130-0400] {logging_mixin.py:188} INFO - [2025-05-06T23:41:10.130-0400] {dagbag.py:538} INFO - Filling up the DagBag from /Users/asritabobba/Desktop/Mlops-project/MLOPs-Project/airflow310/lib/python3.10/site-packages/airflow/example_dags/subdags/subdag.py
[2025-05-06T23:41:10.132-0400] {processor.py:842} WARNING - No viable dags retrieved from /Users/asritabobba/Desktop/Mlops-project/MLOPs-Project/airflow310/lib/python3.10/site-packages/airflow/example_dags/subdags/subdag.py
[2025-05-06T23:41:10.179-0400] {processor.py:183} INFO - Processing /Users/asritabobba/Desktop/Mlops-project/MLOPs-Project/airflow310/lib/python3.10/site-packages/airflow/example_dags/subdags/subdag.py took 0.050 seconds
[2025-05-06T23:42:03.238-0400] {processor.py:161} INFO - Started process (PID=92251) to work on /Users/asritabobba/Desktop/Mlops-project/MLOPs-Project/airflow310/lib/python3.10/site-packages/airflow/example_dags/subdags/subdag.py
[2025-05-06T23:42:03.238-0400] {processor.py:830} INFO - Processing file /Users/asritabobba/Desktop/Mlops-project/MLOPs-Project/airflow310/lib/python3.10/site-packages/airflow/example_dags/subdags/subdag.py for tasks to queue
[2025-05-06T23:42:03.238-0400] {logging_mixin.py:188} INFO - [2025-05-06T23:42:03.238-0400] {dagbag.py:538} INFO - Filling up the DagBag from /Users/asritabobba/Desktop/Mlops-project/MLOPs-Project/airflow310/lib/python3.10/site-packages/airflow/example_dags/subdags/subdag.py
[2025-05-06T23:42:03.240-0400] {processor.py:842} WARNING - No viable dags retrieved from /Users/asritabobba/Desktop/Mlops-project/MLOPs-Project/airflow310/lib/python3.10/site-packages/airflow/example_dags/subdags/subdag.py
[2025-05-06T23:42:03.285-0400] {processor.py:183} INFO - Processing /Users/asritabobba/Desktop/Mlops-project/MLOPs-Project/airflow310/lib/python3.10/site-packages/airflow/example_dags/subdags/subdag.py took 0.048 seconds
